[0.013s] Invoking command in '/home/user/exchange/omnibase_ws/cbf_stl_ws/build/tts_msgs': CMAKE_PREFIX_PATH=${CMAKE_PREFIX_PATH}:/home/user/exchange/unimore_ws/install/check_obstacles_pkg:/home/user/exchange/ros_proxy_ws/install/ros_proxy:/home/user/exchange/omnibase_ws/cbf_stl_ws/install/check_obstacles_pkg:/opt/pal/alum:/opt/ros/humble /usr/bin/cmake --build /home/user/exchange/omnibase_ws/cbf_stl_ws/build/tts_msgs -- -j22 -l22
[0.054s] [35m[1mConsolidate compiler generated dependencies of target tts_msgs__rosidl_generator_c[0m
[0.066s] [  9%] Built target tts_msgs__rosidl_generator_c
[0.066s] [ 12%] Built target tts_msgs__cpp
[0.075s] [35m[1mConsolidate compiler generated dependencies of target tts_msgs__rosidl_typesupport_fastrtps_cpp[0m
[0.078s] [ 12%] Built target ament_cmake_python_symlink_tts_msgs
[0.078s] [35m[1mConsolidate compiler generated dependencies of target tts_msgs__rosidl_typesupport_cpp[0m
[0.079s] [35m[1mConsolidate compiler generated dependencies of target tts_msgs__rosidl_typesupport_introspection_cpp[0m
[0.088s] [35m[1mConsolidate compiler generated dependencies of target tts_msgs__rosidl_typesupport_c[0m
[0.088s] [ 22%] Built target tts_msgs__rosidl_typesupport_fastrtps_cpp
[0.089s] [ 32%] Built target tts_msgs__rosidl_typesupport_cpp
[0.090s] [35m[1mConsolidate compiler generated dependencies of target tts_msgs__rosidl_typesupport_fastrtps_c[0m
[0.090s] [35m[1mConsolidate compiler generated dependencies of target tts_msgs__rosidl_typesupport_introspection_c[0m
[0.092s] [ 41%] Built target tts_msgs__rosidl_typesupport_introspection_cpp
[0.097s] [ 51%] Built target tts_msgs__rosidl_typesupport_c
[0.099s] [ 61%] Built target tts_msgs__rosidl_typesupport_introspection_c
[0.103s] [ 70%] Built target tts_msgs__rosidl_typesupport_fastrtps_c
[0.124s] [ 70%] Built target tts_msgs
[0.149s] [ 74%] Built target tts_msgs__py
[0.162s] [35m[1mConsolidate compiler generated dependencies of target tts_msgs__rosidl_generator_py[0m
[0.175s] [ 80%] Built target tts_msgs__rosidl_generator_py
[0.185s] [35m[1mConsolidate compiler generated dependencies of target tts_msgs__rosidl_typesupport_introspection_c__pyext[0m
[0.185s] [35m[1mConsolidate compiler generated dependencies of target tts_msgs__rosidl_typesupport_c__pyext[0m
[0.185s] [35m[1mConsolidate compiler generated dependencies of target tts_msgs__rosidl_typesupport_fastrtps_c__pyext[0m
[0.195s] [ 87%] Built target tts_msgs__rosidl_typesupport_c__pyext
[0.195s] [ 93%] Built target tts_msgs__rosidl_typesupport_fastrtps_c__pyext
[0.195s] [100%] Built target tts_msgs__rosidl_typesupport_introspection_c__pyext
[0.282s] running egg_info
[0.282s] writing tts_msgs.egg-info/PKG-INFO
[0.283s] writing dependency_links to tts_msgs.egg-info/dependency_links.txt
[0.283s] writing top-level names to tts_msgs.egg-info/top_level.txt
[0.284s] reading manifest file 'tts_msgs.egg-info/SOURCES.txt'
[0.284s] writing manifest file 'tts_msgs.egg-info/SOURCES.txt'
[0.308s] [100%] Built target ament_cmake_python_build_tts_msgs_egg
[0.322s] Invoked command in '/home/user/exchange/omnibase_ws/cbf_stl_ws/build/tts_msgs' returned '0': CMAKE_PREFIX_PATH=${CMAKE_PREFIX_PATH}:/home/user/exchange/unimore_ws/install/check_obstacles_pkg:/home/user/exchange/ros_proxy_ws/install/ros_proxy:/home/user/exchange/omnibase_ws/cbf_stl_ws/install/check_obstacles_pkg:/opt/pal/alum:/opt/ros/humble /usr/bin/cmake --build /home/user/exchange/omnibase_ws/cbf_stl_ws/build/tts_msgs -- -j22 -l22
[0.330s] Invoking command in '/home/user/exchange/omnibase_ws/cbf_stl_ws/build/tts_msgs': CMAKE_PREFIX_PATH=${CMAKE_PREFIX_PATH}:/home/user/exchange/unimore_ws/install/check_obstacles_pkg:/home/user/exchange/ros_proxy_ws/install/ros_proxy:/home/user/exchange/omnibase_ws/cbf_stl_ws/install/check_obstacles_pkg:/opt/pal/alum:/opt/ros/humble /usr/bin/cmake --install /home/user/exchange/omnibase_ws/cbf_stl_ws/build/tts_msgs
[0.334s] -- Install configuration: ""
[0.335s] -- Execute custom install script
[0.335s] -- Up-to-date symlink: /home/user/exchange/omnibase_ws/cbf_stl_ws/install/tts_msgs/share/ament_index/resource_index/rosidl_interfaces/tts_msgs
[0.335s] -- Up-to-date symlink: /home/user/exchange/omnibase_ws/cbf_stl_ws/install/tts_msgs/include/tts_msgs/tts_msgs/action/detail/tts__functions.h
[0.335s] -- Up-to-date symlink: /home/user/exchange/omnibase_ws/cbf_stl_ws/install/tts_msgs/include/tts_msgs/tts_msgs/action/detail/tts__struct.h
[0.335s] -- Up-to-date symlink: /home/user/exchange/omnibase_ws/cbf_stl_ws/install/tts_msgs/include/tts_msgs/tts_msgs/action/detail/tts__type_support.h
[0.335s] -- Up-to-date symlink: /home/user/exchange/omnibase_ws/cbf_stl_ws/install/tts_msgs/include/tts_msgs/tts_msgs/action/tts.h
[0.335s] -- Up-to-date symlink: /home/user/exchange/omnibase_ws/cbf_stl_ws/install/tts_msgs/include/tts_msgs/tts_msgs/msg/rosidl_generator_c__visibility_control.h
[0.335s] -- Up-to-date symlink: /home/user/exchange/omnibase_ws/cbf_stl_ws/install/tts_msgs/share/tts_msgs/environment/library_path.sh
[0.335s] -- Up-to-date symlink: /home/user/exchange/omnibase_ws/cbf_stl_ws/install/tts_msgs/share/tts_msgs/environment/library_path.dsv
[0.335s] -- Up-to-date symlink: /home/user/exchange/omnibase_ws/cbf_stl_ws/install/tts_msgs/include/tts_msgs/tts_msgs/action/detail/tts__rosidl_typesupport_fastrtps_c.h
[0.336s] -- Up-to-date symlink: /home/user/exchange/omnibase_ws/cbf_stl_ws/install/tts_msgs/include/tts_msgs/tts_msgs/msg/rosidl_typesupport_fastrtps_c__visibility_control.h
[0.336s] -- Up-to-date symlink: /home/user/exchange/omnibase_ws/cbf_stl_ws/install/tts_msgs/include/tts_msgs/tts_msgs/action/detail/tts__rosidl_typesupport_introspection_c.h
[0.336s] -- Up-to-date symlink: /home/user/exchange/omnibase_ws/cbf_stl_ws/install/tts_msgs/include/tts_msgs/tts_msgs/msg/rosidl_typesupport_introspection_c__visibility_control.h
[0.336s] -- Up-to-date symlink: /home/user/exchange/omnibase_ws/cbf_stl_ws/install/tts_msgs/include/tts_msgs/tts_msgs/action/detail/tts__builder.hpp
[0.336s] -- Up-to-date symlink: /home/user/exchange/omnibase_ws/cbf_stl_ws/install/tts_msgs/include/tts_msgs/tts_msgs/action/detail/tts__struct.hpp
[0.336s] -- Up-to-date symlink: /home/user/exchange/omnibase_ws/cbf_stl_ws/install/tts_msgs/include/tts_msgs/tts_msgs/action/detail/tts__traits.hpp
[0.336s] -- Up-to-date symlink: /home/user/exchange/omnibase_ws/cbf_stl_ws/install/tts_msgs/include/tts_msgs/tts_msgs/action/detail/tts__type_support.hpp
[0.336s] -- Up-to-date symlink: /home/user/exchange/omnibase_ws/cbf_stl_ws/install/tts_msgs/include/tts_msgs/tts_msgs/action/tts.hpp
[0.336s] -- Up-to-date symlink: /home/user/exchange/omnibase_ws/cbf_stl_ws/install/tts_msgs/include/tts_msgs/tts_msgs/msg/rosidl_generator_cpp__visibility_control.hpp
[0.336s] -- Up-to-date symlink: /home/user/exchange/omnibase_ws/cbf_stl_ws/install/tts_msgs/include/tts_msgs/tts_msgs/action/detail/tts__rosidl_typesupport_fastrtps_cpp.hpp
[0.336s] -- Up-to-date symlink: /home/user/exchange/omnibase_ws/cbf_stl_ws/install/tts_msgs/include/tts_msgs/tts_msgs/msg/rosidl_typesupport_fastrtps_cpp__visibility_control.h
[0.337s] -- Up-to-date symlink: /home/user/exchange/omnibase_ws/cbf_stl_ws/install/tts_msgs/include/tts_msgs/tts_msgs/action/detail/tts__rosidl_typesupport_introspection_cpp.hpp
[0.337s] -- Up-to-date symlink: /home/user/exchange/omnibase_ws/cbf_stl_ws/install/tts_msgs/share/tts_msgs/environment/pythonpath.sh
[0.337s] -- Up-to-date symlink: /home/user/exchange/omnibase_ws/cbf_stl_ws/install/tts_msgs/share/tts_msgs/environment/pythonpath.dsv
[0.337s] -- Up-to-date symlink: /home/user/exchange/omnibase_ws/cbf_stl_ws/install/tts_msgs/local/lib/python3.10/dist-packages/tts_msgs-1.1.0-py3.10.egg-info/PKG-INFO
[0.337s] -- Up-to-date symlink: /home/user/exchange/omnibase_ws/cbf_stl_ws/install/tts_msgs/local/lib/python3.10/dist-packages/tts_msgs-1.1.0-py3.10.egg-info/SOURCES.txt
[0.337s] -- Up-to-date symlink: /home/user/exchange/omnibase_ws/cbf_stl_ws/install/tts_msgs/local/lib/python3.10/dist-packages/tts_msgs-1.1.0-py3.10.egg-info/dependency_links.txt
[0.337s] -- Up-to-date symlink: /home/user/exchange/omnibase_ws/cbf_stl_ws/install/tts_msgs/local/lib/python3.10/dist-packages/tts_msgs-1.1.0-py3.10.egg-info/top_level.txt
[0.337s] -- Up-to-date symlink: /home/user/exchange/omnibase_ws/cbf_stl_ws/install/tts_msgs/local/lib/python3.10/dist-packages/tts_msgs/__init__.py
[0.337s] -- Up-to-date symlink: /home/user/exchange/omnibase_ws/cbf_stl_ws/install/tts_msgs/local/lib/python3.10/dist-packages/tts_msgs/_tts_msgs_s.ep.rosidl_typesupport_c.c
[0.337s] -- Up-to-date symlink: /home/user/exchange/omnibase_ws/cbf_stl_ws/install/tts_msgs/local/lib/python3.10/dist-packages/tts_msgs/_tts_msgs_s.ep.rosidl_typesupport_fastrtps_c.c
[0.337s] -- Up-to-date symlink: /home/user/exchange/omnibase_ws/cbf_stl_ws/install/tts_msgs/local/lib/python3.10/dist-packages/tts_msgs/_tts_msgs_s.ep.rosidl_typesupport_introspection_c.c
[0.337s] -- Up-to-date symlink: /home/user/exchange/omnibase_ws/cbf_stl_ws/install/tts_msgs/local/lib/python3.10/dist-packages/tts_msgs/action/__init__.py
[0.338s] -- Up-to-date symlink: /home/user/exchange/omnibase_ws/cbf_stl_ws/install/tts_msgs/local/lib/python3.10/dist-packages/tts_msgs/action/_tts.py
[0.338s] -- Up-to-date symlink: /home/user/exchange/omnibase_ws/cbf_stl_ws/install/tts_msgs/local/lib/python3.10/dist-packages/tts_msgs/action/_tts_s.c
[0.338s] -- Up-to-date symlink: /home/user/exchange/omnibase_ws/cbf_stl_ws/install/tts_msgs/local/lib/python3.10/dist-packages/tts_msgs/libtts_msgs__rosidl_generator_py.so
[0.338s] -- Up-to-date symlink: /home/user/exchange/omnibase_ws/cbf_stl_ws/install/tts_msgs/local/lib/python3.10/dist-packages/tts_msgs/tts_msgs_s__rosidl_typesupport_c.cpython-310-x86_64-linux-gnu.so
[0.338s] -- Up-to-date symlink: /home/user/exchange/omnibase_ws/cbf_stl_ws/install/tts_msgs/local/lib/python3.10/dist-packages/tts_msgs/tts_msgs_s__rosidl_typesupport_fastrtps_c.cpython-310-x86_64-linux-gnu.so
[0.338s] -- Up-to-date symlink: /home/user/exchange/omnibase_ws/cbf_stl_ws/install/tts_msgs/local/lib/python3.10/dist-packages/tts_msgs/tts_msgs_s__rosidl_typesupport_introspection_c.cpython-310-x86_64-linux-gnu.so
[0.338s] -- Up-to-date symlink: /home/user/exchange/omnibase_ws/cbf_stl_ws/install/tts_msgs/local/lib/python3.10/dist-packages/tts_msgs/tts_msgs_s__rosidl_typesupport_fastrtps_c.cpython-310-x86_64-linux-gnu.so
[0.338s] -- Up-to-date symlink: /home/user/exchange/omnibase_ws/cbf_stl_ws/install/tts_msgs/local/lib/python3.10/dist-packages/tts_msgs/tts_msgs_s__rosidl_typesupport_introspection_c.cpython-310-x86_64-linux-gnu.so
[0.338s] -- Up-to-date symlink: /home/user/exchange/omnibase_ws/cbf_stl_ws/install/tts_msgs/local/lib/python3.10/dist-packages/tts_msgs/tts_msgs_s__rosidl_typesupport_c.cpython-310-x86_64-linux-gnu.so
[0.338s] -- Up-to-date symlink: /home/user/exchange/omnibase_ws/cbf_stl_ws/install/tts_msgs/share/tts_msgs/action/TTS.idl
[0.338s] -- Up-to-date symlink: /home/user/exchange/omnibase_ws/cbf_stl_ws/install/tts_msgs/share/tts_msgs/action/TTS.action
[0.338s] -- Up-to-date symlink: /home/user/exchange/omnibase_ws/cbf_stl_ws/install/tts_msgs/share/ament_index/resource_index/package_run_dependencies/tts_msgs
[0.338s] -- Up-to-date symlink: /home/user/exchange/omnibase_ws/cbf_stl_ws/install/tts_msgs/share/ament_index/resource_index/parent_prefix_path/tts_msgs
[0.339s] -- Up-to-date symlink: /home/user/exchange/omnibase_ws/cbf_stl_ws/install/tts_msgs/share/tts_msgs/environment/ament_prefix_path.sh
[0.339s] -- Up-to-date symlink: /home/user/exchange/omnibase_ws/cbf_stl_ws/install/tts_msgs/share/tts_msgs/environment/ament_prefix_path.dsv
[0.339s] -- Up-to-date symlink: /home/user/exchange/omnibase_ws/cbf_stl_ws/install/tts_msgs/share/tts_msgs/environment/path.sh
[0.339s] -- Up-to-date symlink: /home/user/exchange/omnibase_ws/cbf_stl_ws/install/tts_msgs/share/tts_msgs/environment/path.dsv
[0.339s] -- Up-to-date symlink: /home/user/exchange/omnibase_ws/cbf_stl_ws/install/tts_msgs/share/tts_msgs/local_setup.bash
[0.339s] -- Up-to-date symlink: /home/user/exchange/omnibase_ws/cbf_stl_ws/install/tts_msgs/share/tts_msgs/local_setup.sh
[0.339s] -- Up-to-date symlink: /home/user/exchange/omnibase_ws/cbf_stl_ws/install/tts_msgs/share/tts_msgs/local_setup.zsh
[0.339s] -- Up-to-date symlink: /home/user/exchange/omnibase_ws/cbf_stl_ws/install/tts_msgs/share/tts_msgs/local_setup.dsv
[0.339s] -- Symlinking: /home/user/exchange/omnibase_ws/cbf_stl_ws/install/tts_msgs/share/tts_msgs/package.dsv
[0.345s] -- Up-to-date symlink: /home/user/exchange/omnibase_ws/cbf_stl_ws/install/tts_msgs/share/ament_index/resource_index/packages/tts_msgs
[0.345s] -- Up-to-date symlink: /home/user/exchange/omnibase_ws/cbf_stl_ws/install/tts_msgs/share/tts_msgs/cmake/rosidl_cmake-extras.cmake
[0.346s] -- Up-to-date symlink: /home/user/exchange/omnibase_ws/cbf_stl_ws/install/tts_msgs/share/tts_msgs/cmake/ament_cmake_export_dependencies-extras.cmake
[0.346s] -- Up-to-date symlink: /home/user/exchange/omnibase_ws/cbf_stl_ws/install/tts_msgs/share/tts_msgs/cmake/ament_cmake_export_include_directories-extras.cmake
[0.346s] -- Up-to-date symlink: /home/user/exchange/omnibase_ws/cbf_stl_ws/install/tts_msgs/share/tts_msgs/cmake/ament_cmake_export_libraries-extras.cmake
[0.346s] -- Up-to-date symlink: /home/user/exchange/omnibase_ws/cbf_stl_ws/install/tts_msgs/share/tts_msgs/cmake/ament_cmake_export_targets-extras.cmake
[0.346s] -- Up-to-date symlink: /home/user/exchange/omnibase_ws/cbf_stl_ws/install/tts_msgs/share/tts_msgs/cmake/rosidl_cmake_export_typesupport_targets-extras.cmake
[0.346s] -- Up-to-date symlink: /home/user/exchange/omnibase_ws/cbf_stl_ws/install/tts_msgs/share/tts_msgs/cmake/rosidl_cmake_export_typesupport_libraries-extras.cmake
[0.346s] -- Up-to-date symlink: /home/user/exchange/omnibase_ws/cbf_stl_ws/install/tts_msgs/share/tts_msgs/cmake/tts_msgsConfig.cmake
[0.346s] -- Up-to-date symlink: /home/user/exchange/omnibase_ws/cbf_stl_ws/install/tts_msgs/share/tts_msgs/cmake/tts_msgsConfig-version.cmake
[0.346s] -- Up-to-date symlink: /home/user/exchange/omnibase_ws/cbf_stl_ws/install/tts_msgs/share/tts_msgs/package.xml
[0.346s] -- Up-to-date: /home/user/exchange/omnibase_ws/cbf_stl_ws/install/tts_msgs/lib/libtts_msgs__rosidl_generator_c.so
[0.346s] -- Up-to-date: /home/user/exchange/omnibase_ws/cbf_stl_ws/install/tts_msgs/lib/libtts_msgs__rosidl_typesupport_fastrtps_c.so
[0.346s] -- Up-to-date: /home/user/exchange/omnibase_ws/cbf_stl_ws/install/tts_msgs/lib/libtts_msgs__rosidl_typesupport_introspection_c.so
[0.347s] -- Up-to-date: /home/user/exchange/omnibase_ws/cbf_stl_ws/install/tts_msgs/lib/libtts_msgs__rosidl_typesupport_c.so
[0.347s] -- Up-to-date: /home/user/exchange/omnibase_ws/cbf_stl_ws/install/tts_msgs/lib/libtts_msgs__rosidl_typesupport_fastrtps_cpp.so
[0.347s] -- Up-to-date: /home/user/exchange/omnibase_ws/cbf_stl_ws/install/tts_msgs/lib/libtts_msgs__rosidl_typesupport_introspection_cpp.so
[0.347s] -- Up-to-date: /home/user/exchange/omnibase_ws/cbf_stl_ws/install/tts_msgs/lib/libtts_msgs__rosidl_typesupport_cpp.so
[0.375s] Listing '/home/user/exchange/omnibase_ws/cbf_stl_ws/install/tts_msgs/local/lib/python3.10/dist-packages/tts_msgs'...
[0.375s] Listing '/home/user/exchange/omnibase_ws/cbf_stl_ws/install/tts_msgs/local/lib/python3.10/dist-packages/tts_msgs/action'...
[0.378s] -- Up-to-date: /home/user/exchange/omnibase_ws/cbf_stl_ws/install/tts_msgs/lib/libtts_msgs__rosidl_generator_py.so
[0.378s] -- Up-to-date: /home/user/exchange/omnibase_ws/cbf_stl_ws/install/tts_msgs/share/tts_msgs/cmake/export_tts_msgs__rosidl_generator_cExport.cmake
[0.378s] -- Up-to-date: /home/user/exchange/omnibase_ws/cbf_stl_ws/install/tts_msgs/share/tts_msgs/cmake/export_tts_msgs__rosidl_generator_cExport-noconfig.cmake
[0.378s] -- Up-to-date: /home/user/exchange/omnibase_ws/cbf_stl_ws/install/tts_msgs/share/tts_msgs/cmake/export_tts_msgs__rosidl_typesupport_fastrtps_cExport.cmake
[0.378s] -- Up-to-date: /home/user/exchange/omnibase_ws/cbf_stl_ws/install/tts_msgs/share/tts_msgs/cmake/export_tts_msgs__rosidl_typesupport_fastrtps_cExport-noconfig.cmake
[0.379s] -- Up-to-date: /home/user/exchange/omnibase_ws/cbf_stl_ws/install/tts_msgs/share/tts_msgs/cmake/tts_msgs__rosidl_typesupport_introspection_cExport.cmake
[0.379s] -- Up-to-date: /home/user/exchange/omnibase_ws/cbf_stl_ws/install/tts_msgs/share/tts_msgs/cmake/tts_msgs__rosidl_typesupport_introspection_cExport-noconfig.cmake
[0.379s] -- Up-to-date: /home/user/exchange/omnibase_ws/cbf_stl_ws/install/tts_msgs/share/tts_msgs/cmake/tts_msgs__rosidl_typesupport_cExport.cmake
[0.379s] -- Up-to-date: /home/user/exchange/omnibase_ws/cbf_stl_ws/install/tts_msgs/share/tts_msgs/cmake/tts_msgs__rosidl_typesupport_cExport-noconfig.cmake
[0.379s] -- Up-to-date: /home/user/exchange/omnibase_ws/cbf_stl_ws/install/tts_msgs/share/tts_msgs/cmake/export_tts_msgs__rosidl_generator_cppExport.cmake
[0.379s] -- Up-to-date: /home/user/exchange/omnibase_ws/cbf_stl_ws/install/tts_msgs/share/tts_msgs/cmake/export_tts_msgs__rosidl_typesupport_fastrtps_cppExport.cmake
[0.379s] -- Up-to-date: /home/user/exchange/omnibase_ws/cbf_stl_ws/install/tts_msgs/share/tts_msgs/cmake/export_tts_msgs__rosidl_typesupport_fastrtps_cppExport-noconfig.cmake
[0.379s] -- Up-to-date: /home/user/exchange/omnibase_ws/cbf_stl_ws/install/tts_msgs/share/tts_msgs/cmake/tts_msgs__rosidl_typesupport_introspection_cppExport.cmake
[0.379s] -- Up-to-date: /home/user/exchange/omnibase_ws/cbf_stl_ws/install/tts_msgs/share/tts_msgs/cmake/tts_msgs__rosidl_typesupport_introspection_cppExport-noconfig.cmake
[0.379s] -- Up-to-date: /home/user/exchange/omnibase_ws/cbf_stl_ws/install/tts_msgs/share/tts_msgs/cmake/tts_msgs__rosidl_typesupport_cppExport.cmake
[0.379s] -- Up-to-date: /home/user/exchange/omnibase_ws/cbf_stl_ws/install/tts_msgs/share/tts_msgs/cmake/tts_msgs__rosidl_typesupport_cppExport-noconfig.cmake
[0.379s] -- Up-to-date: /home/user/exchange/omnibase_ws/cbf_stl_ws/install/tts_msgs/share/tts_msgs/cmake/export_tts_msgs__rosidl_generator_pyExport.cmake
[0.379s] -- Up-to-date: /home/user/exchange/omnibase_ws/cbf_stl_ws/install/tts_msgs/share/tts_msgs/cmake/export_tts_msgs__rosidl_generator_pyExport-noconfig.cmake
[0.381s] Invoked command in '/home/user/exchange/omnibase_ws/cbf_stl_ws/build/tts_msgs' returned '0': CMAKE_PREFIX_PATH=${CMAKE_PREFIX_PATH}:/home/user/exchange/unimore_ws/install/check_obstacles_pkg:/home/user/exchange/ros_proxy_ws/install/ros_proxy:/home/user/exchange/omnibase_ws/cbf_stl_ws/install/check_obstacles_pkg:/opt/pal/alum:/opt/ros/humble /usr/bin/cmake --install /home/user/exchange/omnibase_ws/cbf_stl_ws/build/tts_msgs
