[0.011s] Invoking command in '/home/user/exchange/omnibase_ws/zed2_camera_ws/build/zed_components': AMENT_PREFIX_PATH=/home/user/exchange/omnibase_ws/zed2_camera_ws/install/zed_msgs:${AMENT_PREFIX_PATH} CMAKE_PREFIX_PATH=/home/user/exchange/omnibase_ws/zed2_camera_ws/install/zed_msgs:/home/user/exchange/unimore_ws/install/sermas_test_pkg:/home/user/exchange/unimore_ws/install/goal_action_pkg:/home/user/exchange/unimore_ws/install/tts_msgs:/home/user/exchange/unimore_ws/install/cbf-stl-no-noise_pkg:/home/user/exchange/unimore_ws/install/my_interfaces_cbf_stl:/home/user/exchange/unimore_ws/install/move_arms_pkg:/home/user/exchange/zed2_camera_ws/install/zed_ros2:/home/user/exchange/zed2_camera_ws/install/zed_robot_integration:/home/user/exchange/zed2_camera_ws/install/zed_ipc:/home/user/exchange/zed2_camera_ws/install/zed_multi_camera:/home/user/exchange/zed2_camera_ws/install/zed_display_rviz2:/home/user/exchange/zed2_camera_ws/install/zed_depth_to_laserscan:/home/user/exchange/zed2_camera_ws/install/zed_wrapper:/home/user/exchange/zed2_camera_ws/install/zed_tutorial_video:/home/user/exchange/zed2_camera_ws/install/zed_tutorial_pos_tracking:/home/user/exchange/zed2_camera_ws/install/zed_tutorial_depth:/home/user/exchange/zed2_camera_ws/install/zed_topic_benchmark:/home/user/exchange/zed2_camera_ws/install/zed_topic_benchmark_component:/home/user/exchange/zed2_camera_ws/install/zed_topic_benchmark_interfaces:/home/user/exchange/zed2_camera_ws/install/zed_rgb_convert:/home/user/exchange/zed2_camera_ws/install/zed_aruco_localization:/home/user/exchange/zed2_camera_ws/install/zed_components:/home/user/exchange/zed2_camera_ws/install/zed-ros2-distance_pkg:/home/user/exchange/zed2_camera_ws/install/rviz_plugin_zed_od:/home/user/exchange/zed2_camera_ws/install/zed_msgs:/home/user/exchange/ros_proxy_ws/install/users_landmarks_msgs:/home/user/exchange/ros_proxy_ws/install/session_event_msgs:/opt/pal/alum/opt/rbdl_vendor:/home/user/exchange/unimore_ws/install/check_obstacles_pkg:/home/user/exchange/ros_proxy_ws/install/ros_proxy:/opt/pal/alum:/opt/ros/humble LD_LIBRARY_PATH=/home/user/exchange/omnibase_ws/zed2_camera_ws/install/zed_msgs/lib:${LD_LIBRARY_PATH} PYTHONPATH=/home/user/exchange/omnibase_ws/zed2_camera_ws/install/zed_msgs/local/lib/python3.10/dist-packages:${PYTHONPATH} /usr/bin/cmake /home/user/exchange/omnibase_ws/zed2_camera_ws/src/zed-ros2-wrapper/zed_components -DAMENT_CMAKE_SYMLINK_INSTALL=1 -DCMAKE_INSTALL_PREFIX=/home/user/exchange/omnibase_ws/zed2_camera_ws/install/zed_components
[0.050s] -- The C compiler identification is GNU 11.4.0
[0.086s] -- The CXX compiler identification is GNU 11.4.0
[0.091s] -- Detecting C compiler ABI info
[0.140s] -- Detecting C compiler ABI info - done
[0.145s] -- Check for working C compiler: /usr/bin/cc - skipped
[0.145s] -- Detecting C compile features
[0.145s] -- Detecting C compile features - done
[0.147s] -- Detecting CXX compiler ABI info
[0.201s] -- Detecting CXX compiler ABI info - done
[0.205s] -- Check for working CXX compiler: /usr/bin/c++ - skipped
[0.205s] -- Detecting CXX compile features
[0.206s] -- Detecting CXX compile features - done
[0.211s] -- Looking for sgemm_
[0.261s] -- Looking for sgemm_ - not found
[0.262s] -- Looking for pthread.h
[0.313s] -- Looking for pthread.h - found
[0.313s] -- Performing Test CMAKE_HAVE_LIBC_PTHREAD
[0.366s] -- Performing Test CMAKE_HAVE_LIBC_PTHREAD - Success
[0.367s] -- Found Threads: TRUE  
[0.393s] -- Looking for sgemm_
[0.460s] -- Looking for sgemm_ - found
[0.460s] -- Found BLAS: /usr/lib/x86_64-linux-gnu/libopenblas.so  
[0.485s] -- Found CUDA: /usr/local/cuda-12.1 (found suitable version "12.1", minimum required is "12") 
[0.521s] -- Found CUDA: /usr/local/cuda-12.1 (found version "12.1") 
[0.525s] -- Found ament_cmake_auto: 1.3.11 (/opt/ros/humble/share/ament_cmake_auto/cmake)
[0.640s] -- Found Python3: /usr/bin/python3 (found version "3.10.12") found components: Interpreter 
[0.684s] -- Override CMake install command with custom implementation using symlinks instead of copying resources
[0.820s] -- Found rosidl_generator_c: 3.1.6 (/opt/ros/humble/share/rosidl_generator_c/cmake)
[0.828s] -- Found rosidl_adapter: 3.1.6 (/opt/ros/humble/share/rosidl_adapter/cmake)
[0.839s] -- Found rosidl_generator_cpp: 3.1.6 (/opt/ros/humble/share/rosidl_generator_cpp/cmake)
[0.853s] -- Using all available rosidl_typesupport_c: rosidl_typesupport_fastrtps_c;rosidl_typesupport_introspection_c
[0.871s] -- Using all available rosidl_typesupport_cpp: rosidl_typesupport_fastrtps_cpp;rosidl_typesupport_introspection_cpp
[0.986s] -- Found rmw_implementation_cmake: 6.1.2 (/opt/ros/humble/share/rmw_implementation_cmake/cmake)
[0.991s] -- Found rmw_cyclonedds_cpp: 1.3.4 (/opt/ros/humble/share/rmw_cyclonedds_cpp/cmake)
[1.018s] -- Using RMW implementation 'rmw_cyclonedds_cpp' as default
[1.262s] -- Found eigen3_cmake_module: 0.1.1 (/opt/ros/humble/share/eigen3_cmake_module/cmake)
[1.263s] -- Found Eigen3: TRUE (found version "3.4.0") 
[1.263s] -- Ensuring Eigen3 include directory is part of orocos-kdl CMake target
[1.375s] -- Found ament_lint_auto: 0.12.11 (/opt/ros/humble/share/ament_lint_auto/cmake)
[1.431s] -- Added test 'copyright' to check source files copyright and LICENSE
[1.432s] -- Added test 'cppcheck' to perform static code analysis on C / C++ code
[1.432s] -- Configured cppcheck include dirs: /home/user/exchange/omnibase_ws/zed2_camera_ws/src/zed-ros2-wrapper/zed_components/src/include;/home/user/exchange/omnibase_ws/zed2_camera_ws/src/zed-ros2-wrapper/zed_components/src/zed_camera/include;/home/user/exchange/omnibase_ws/zed2_camera_ws/src/zed-ros2-wrapper/zed_components/src/tools/include
[1.432s] -- Configured cppcheck exclude dirs and/or files: 
[1.433s] -- Added test 'lint_cmake' to check CMake code style
[1.434s] -- Added test 'uncrustify' to check C / C++ code style
[1.434s] -- Configured uncrustify additional arguments: 
[1.435s] -- Added test 'xmllint' to check XML markup files
[1.437s] -- Configuring done
[1.454s] -- Generating done
[1.460s] -- Build files have been written to: /home/user/exchange/omnibase_ws/zed2_camera_ws/build/zed_components
[1.468s] Invoked command in '/home/user/exchange/omnibase_ws/zed2_camera_ws/build/zed_components' returned '0': AMENT_PREFIX_PATH=/home/user/exchange/omnibase_ws/zed2_camera_ws/install/zed_msgs:${AMENT_PREFIX_PATH} CMAKE_PREFIX_PATH=/home/user/exchange/omnibase_ws/zed2_camera_ws/install/zed_msgs:/home/user/exchange/unimore_ws/install/sermas_test_pkg:/home/user/exchange/unimore_ws/install/goal_action_pkg:/home/user/exchange/unimore_ws/install/tts_msgs:/home/user/exchange/unimore_ws/install/cbf-stl-no-noise_pkg:/home/user/exchange/unimore_ws/install/my_interfaces_cbf_stl:/home/user/exchange/unimore_ws/install/move_arms_pkg:/home/user/exchange/zed2_camera_ws/install/zed_ros2:/home/user/exchange/zed2_camera_ws/install/zed_robot_integration:/home/user/exchange/zed2_camera_ws/install/zed_ipc:/home/user/exchange/zed2_camera_ws/install/zed_multi_camera:/home/user/exchange/zed2_camera_ws/install/zed_display_rviz2:/home/user/exchange/zed2_camera_ws/install/zed_depth_to_laserscan:/home/user/exchange/zed2_camera_ws/install/zed_wrapper:/home/user/exchange/zed2_camera_ws/install/zed_tutorial_video:/home/user/exchange/zed2_camera_ws/install/zed_tutorial_pos_tracking:/home/user/exchange/zed2_camera_ws/install/zed_tutorial_depth:/home/user/exchange/zed2_camera_ws/install/zed_topic_benchmark:/home/user/exchange/zed2_camera_ws/install/zed_topic_benchmark_component:/home/user/exchange/zed2_camera_ws/install/zed_topic_benchmark_interfaces:/home/user/exchange/zed2_camera_ws/install/zed_rgb_convert:/home/user/exchange/zed2_camera_ws/install/zed_aruco_localization:/home/user/exchange/zed2_camera_ws/install/zed_components:/home/user/exchange/zed2_camera_ws/install/zed-ros2-distance_pkg:/home/user/exchange/zed2_camera_ws/install/rviz_plugin_zed_od:/home/user/exchange/zed2_camera_ws/install/zed_msgs:/home/user/exchange/ros_proxy_ws/install/users_landmarks_msgs:/home/user/exchange/ros_proxy_ws/install/session_event_msgs:/opt/pal/alum/opt/rbdl_vendor:/home/user/exchange/unimore_ws/install/check_obstacles_pkg:/home/user/exchange/ros_proxy_ws/install/ros_proxy:/opt/pal/alum:/opt/ros/humble LD_LIBRARY_PATH=/home/user/exchange/omnibase_ws/zed2_camera_ws/install/zed_msgs/lib:${LD_LIBRARY_PATH} PYTHONPATH=/home/user/exchange/omnibase_ws/zed2_camera_ws/install/zed_msgs/local/lib/python3.10/dist-packages:${PYTHONPATH} /usr/bin/cmake /home/user/exchange/omnibase_ws/zed2_camera_ws/src/zed-ros2-wrapper/zed_components -DAMENT_CMAKE_SYMLINK_INSTALL=1 -DCMAKE_INSTALL_PREFIX=/home/user/exchange/omnibase_ws/zed2_camera_ws/install/zed_components
[1.469s] Invoking command in '/home/user/exchange/omnibase_ws/zed2_camera_ws/build/zed_components': AMENT_PREFIX_PATH=/home/user/exchange/omnibase_ws/zed2_camera_ws/install/zed_msgs:${AMENT_PREFIX_PATH} CMAKE_PREFIX_PATH=/home/user/exchange/omnibase_ws/zed2_camera_ws/install/zed_msgs:/home/user/exchange/unimore_ws/install/sermas_test_pkg:/home/user/exchange/unimore_ws/install/goal_action_pkg:/home/user/exchange/unimore_ws/install/tts_msgs:/home/user/exchange/unimore_ws/install/cbf-stl-no-noise_pkg:/home/user/exchange/unimore_ws/install/my_interfaces_cbf_stl:/home/user/exchange/unimore_ws/install/move_arms_pkg:/home/user/exchange/zed2_camera_ws/install/zed_ros2:/home/user/exchange/zed2_camera_ws/install/zed_robot_integration:/home/user/exchange/zed2_camera_ws/install/zed_ipc:/home/user/exchange/zed2_camera_ws/install/zed_multi_camera:/home/user/exchange/zed2_camera_ws/install/zed_display_rviz2:/home/user/exchange/zed2_camera_ws/install/zed_depth_to_laserscan:/home/user/exchange/zed2_camera_ws/install/zed_wrapper:/home/user/exchange/zed2_camera_ws/install/zed_tutorial_video:/home/user/exchange/zed2_camera_ws/install/zed_tutorial_pos_tracking:/home/user/exchange/zed2_camera_ws/install/zed_tutorial_depth:/home/user/exchange/zed2_camera_ws/install/zed_topic_benchmark:/home/user/exchange/zed2_camera_ws/install/zed_topic_benchmark_component:/home/user/exchange/zed2_camera_ws/install/zed_topic_benchmark_interfaces:/home/user/exchange/zed2_camera_ws/install/zed_rgb_convert:/home/user/exchange/zed2_camera_ws/install/zed_aruco_localization:/home/user/exchange/zed2_camera_ws/install/zed_components:/home/user/exchange/zed2_camera_ws/install/zed-ros2-distance_pkg:/home/user/exchange/zed2_camera_ws/install/rviz_plugin_zed_od:/home/user/exchange/zed2_camera_ws/install/zed_msgs:/home/user/exchange/ros_proxy_ws/install/users_landmarks_msgs:/home/user/exchange/ros_proxy_ws/install/session_event_msgs:/opt/pal/alum/opt/rbdl_vendor:/home/user/exchange/unimore_ws/install/check_obstacles_pkg:/home/user/exchange/ros_proxy_ws/install/ros_proxy:/opt/pal/alum:/opt/ros/humble LD_LIBRARY_PATH=/home/user/exchange/omnibase_ws/zed2_camera_ws/install/zed_msgs/lib:${LD_LIBRARY_PATH} PYTHONPATH=/home/user/exchange/omnibase_ws/zed2_camera_ws/install/zed_msgs/local/lib/python3.10/dist-packages:${PYTHONPATH} /usr/bin/cmake --build /home/user/exchange/omnibase_ws/zed2_camera_ws/build/zed_components -- -j22 -l22
[1.513s] [ 14%] [32mBuilding CXX object CMakeFiles/zed_camera_component.dir/src/zed_camera/src/zed_camera_component_objdet.cpp.o[0m
[1.513s] [ 14%] [32mBuilding CXX object CMakeFiles/zed_camera_component.dir/src/tools/src/gnss_replay.cpp.o[0m
[1.513s] [ 21%] [32mBuilding CXX object CMakeFiles/zed_camera_component.dir/src/zed_camera/src/zed_camera_component_bodytrk.cpp.o[0m
[1.513s] [ 28%] [32mBuilding CXX object CMakeFiles/zed_camera_one_component.dir/src/tools/src/sl_tools.cpp.o[0m
[1.514s] [ 35%] [32mBuilding CXX object CMakeFiles/zed_camera_component.dir/src/tools/src/sl_types.cpp.o[0m
[1.514s] [ 42%] [32mBuilding CXX object CMakeFiles/zed_camera_one_component.dir/src/zed_camera/src/zed_camera_one_component.cpp.o[0m
[1.514s] [ 50%] [32mBuilding CXX object CMakeFiles/zed_camera_component.dir/src/zed_camera/src/zed_camera_component_main.cpp.o[0m
[1.515s] [ 57%] [32mBuilding CXX object CMakeFiles/zed_camera_component.dir/src/tools/src/sl_tools.cpp.o[0m
[1.515s] [ 64%] [32mBuilding CXX object CMakeFiles/zed_camera_component.dir/src/tools/src/sl_win_avg.cpp.o[0m
[1.517s] [ 78%] [32mBuilding CXX object CMakeFiles/zed_camera_one_component.dir/src/tools/src/sl_types.cpp.o[0m
[1.517s] [ 78%] [32mBuilding CXX object CMakeFiles/zed_camera_one_component.dir/src/tools/src/sl_win_avg.cpp.o[0m
[1.517s] [ 85%] [32mBuilding CXX object CMakeFiles/zed_camera_one_component.dir/src/tools/src/gnss_replay.cpp.o[0m
[17.877s] [ 92%] [32m[1mLinking CXX shared library libzed_camera_one_component.so[0m
[18.164s] [ 92%] Built target zed_camera_one_component
[46.924s] [100%] [32m[1mLinking CXX shared library libzed_camera_component.so[0m
[47.319s] [100%] Built target zed_camera_component
[47.328s] Invoked command in '/home/user/exchange/omnibase_ws/zed2_camera_ws/build/zed_components' returned '0': AMENT_PREFIX_PATH=/home/user/exchange/omnibase_ws/zed2_camera_ws/install/zed_msgs:${AMENT_PREFIX_PATH} CMAKE_PREFIX_PATH=/home/user/exchange/omnibase_ws/zed2_camera_ws/install/zed_msgs:/home/user/exchange/unimore_ws/install/sermas_test_pkg:/home/user/exchange/unimore_ws/install/goal_action_pkg:/home/user/exchange/unimore_ws/install/tts_msgs:/home/user/exchange/unimore_ws/install/cbf-stl-no-noise_pkg:/home/user/exchange/unimore_ws/install/my_interfaces_cbf_stl:/home/user/exchange/unimore_ws/install/move_arms_pkg:/home/user/exchange/zed2_camera_ws/install/zed_ros2:/home/user/exchange/zed2_camera_ws/install/zed_robot_integration:/home/user/exchange/zed2_camera_ws/install/zed_ipc:/home/user/exchange/zed2_camera_ws/install/zed_multi_camera:/home/user/exchange/zed2_camera_ws/install/zed_display_rviz2:/home/user/exchange/zed2_camera_ws/install/zed_depth_to_laserscan:/home/user/exchange/zed2_camera_ws/install/zed_wrapper:/home/user/exchange/zed2_camera_ws/install/zed_tutorial_video:/home/user/exchange/zed2_camera_ws/install/zed_tutorial_pos_tracking:/home/user/exchange/zed2_camera_ws/install/zed_tutorial_depth:/home/user/exchange/zed2_camera_ws/install/zed_topic_benchmark:/home/user/exchange/zed2_camera_ws/install/zed_topic_benchmark_component:/home/user/exchange/zed2_camera_ws/install/zed_topic_benchmark_interfaces:/home/user/exchange/zed2_camera_ws/install/zed_rgb_convert:/home/user/exchange/zed2_camera_ws/install/zed_aruco_localization:/home/user/exchange/zed2_camera_ws/install/zed_components:/home/user/exchange/zed2_camera_ws/install/zed-ros2-distance_pkg:/home/user/exchange/zed2_camera_ws/install/rviz_plugin_zed_od:/home/user/exchange/zed2_camera_ws/install/zed_msgs:/home/user/exchange/ros_proxy_ws/install/users_landmarks_msgs:/home/user/exchange/ros_proxy_ws/install/session_event_msgs:/opt/pal/alum/opt/rbdl_vendor:/home/user/exchange/unimore_ws/install/check_obstacles_pkg:/home/user/exchange/ros_proxy_ws/install/ros_proxy:/opt/pal/alum:/opt/ros/humble LD_LIBRARY_PATH=/home/user/exchange/omnibase_ws/zed2_camera_ws/install/zed_msgs/lib:${LD_LIBRARY_PATH} PYTHONPATH=/home/user/exchange/omnibase_ws/zed2_camera_ws/install/zed_msgs/local/lib/python3.10/dist-packages:${PYTHONPATH} /usr/bin/cmake --build /home/user/exchange/omnibase_ws/zed2_camera_ws/build/zed_components -- -j22 -l22
[47.330s] Invoking command in '/home/user/exchange/omnibase_ws/zed2_camera_ws/build/zed_components': AMENT_PREFIX_PATH=/home/user/exchange/omnibase_ws/zed2_camera_ws/install/zed_msgs:${AMENT_PREFIX_PATH} CMAKE_PREFIX_PATH=/home/user/exchange/omnibase_ws/zed2_camera_ws/install/zed_msgs:/home/user/exchange/unimore_ws/install/sermas_test_pkg:/home/user/exchange/unimore_ws/install/goal_action_pkg:/home/user/exchange/unimore_ws/install/tts_msgs:/home/user/exchange/unimore_ws/install/cbf-stl-no-noise_pkg:/home/user/exchange/unimore_ws/install/my_interfaces_cbf_stl:/home/user/exchange/unimore_ws/install/move_arms_pkg:/home/user/exchange/zed2_camera_ws/install/zed_ros2:/home/user/exchange/zed2_camera_ws/install/zed_robot_integration:/home/user/exchange/zed2_camera_ws/install/zed_ipc:/home/user/exchange/zed2_camera_ws/install/zed_multi_camera:/home/user/exchange/zed2_camera_ws/install/zed_display_rviz2:/home/user/exchange/zed2_camera_ws/install/zed_depth_to_laserscan:/home/user/exchange/zed2_camera_ws/install/zed_wrapper:/home/user/exchange/zed2_camera_ws/install/zed_tutorial_video:/home/user/exchange/zed2_camera_ws/install/zed_tutorial_pos_tracking:/home/user/exchange/zed2_camera_ws/install/zed_tutorial_depth:/home/user/exchange/zed2_camera_ws/install/zed_topic_benchmark:/home/user/exchange/zed2_camera_ws/install/zed_topic_benchmark_component:/home/user/exchange/zed2_camera_ws/install/zed_topic_benchmark_interfaces:/home/user/exchange/zed2_camera_ws/install/zed_rgb_convert:/home/user/exchange/zed2_camera_ws/install/zed_aruco_localization:/home/user/exchange/zed2_camera_ws/install/zed_components:/home/user/exchange/zed2_camera_ws/install/zed-ros2-distance_pkg:/home/user/exchange/zed2_camera_ws/install/rviz_plugin_zed_od:/home/user/exchange/zed2_camera_ws/install/zed_msgs:/home/user/exchange/ros_proxy_ws/install/users_landmarks_msgs:/home/user/exchange/ros_proxy_ws/install/session_event_msgs:/opt/pal/alum/opt/rbdl_vendor:/home/user/exchange/unimore_ws/install/check_obstacles_pkg:/home/user/exchange/ros_proxy_ws/install/ros_proxy:/opt/pal/alum:/opt/ros/humble LD_LIBRARY_PATH=/home/user/exchange/omnibase_ws/zed2_camera_ws/install/zed_msgs/lib:${LD_LIBRARY_PATH} PYTHONPATH=/home/user/exchange/omnibase_ws/zed2_camera_ws/install/zed_msgs/local/lib/python3.10/dist-packages:${PYTHONPATH} /usr/bin/cmake --install /home/user/exchange/omnibase_ws/zed2_camera_ws/build/zed_components
[47.335s] -- Install configuration: "Release"
[47.336s] -- Execute custom install script
[47.336s] -- Symlinking: /home/user/exchange/omnibase_ws/zed2_camera_ws/install/zed_components/lib/libzed_camera_component.so
[47.342s] -- Symlinking: /home/user/exchange/omnibase_ws/zed2_camera_ws/install/zed_components/lib/libzed_camera_one_component.so
[47.348s] -- Symlinking: /home/user/exchange/omnibase_ws/zed2_camera_ws/install/zed_components/include/zed_components//cost_traversability.hpp
[47.353s] -- Symlinking: /home/user/exchange/omnibase_ws/zed2_camera_ws/install/zed_components/include/zed_components//zed_camera_component.hpp
[47.359s] -- Symlinking: /home/user/exchange/omnibase_ws/zed2_camera_ws/install/zed_components/include/zed_components//zed_camera_one_component.hpp
[47.364s] -- Symlinking: /home/user/exchange/omnibase_ws/zed2_camera_ws/install/zed_components/include/zed_components//gnss_replay.hpp
[47.369s] -- Symlinking: /home/user/exchange/omnibase_ws/zed2_camera_ws/install/zed_components/include/zed_components//json.hpp
[47.374s] -- Symlinking: /home/user/exchange/omnibase_ws/zed2_camera_ws/install/zed_components/include/zed_components//sl_logging.hpp
[47.381s] -- Symlinking: /home/user/exchange/omnibase_ws/zed2_camera_ws/install/zed_components/include/zed_components//sl_tools.hpp
[47.386s] -- Symlinking: /home/user/exchange/omnibase_ws/zed2_camera_ws/install/zed_components/include/zed_components//sl_types.hpp
[47.391s] -- Symlinking: /home/user/exchange/omnibase_ws/zed2_camera_ws/install/zed_components/include/zed_components//sl_win_avg.hpp
[47.398s] -- Symlinking: /home/user/exchange/omnibase_ws/zed2_camera_ws/install/zed_components/include/zed_components//visibility_control.hpp
[47.405s] -- Symlinking: /home/user/exchange/omnibase_ws/zed2_camera_ws/install/zed_components/share/zed_components/environment/library_path.sh
[47.410s] -- Symlinking: /home/user/exchange/omnibase_ws/zed2_camera_ws/install/zed_components/share/zed_components/environment/library_path.dsv
[47.417s] -- Symlinking: /home/user/exchange/omnibase_ws/zed2_camera_ws/install/zed_components/share/ament_index/resource_index/package_run_dependencies/zed_components
[47.423s] -- Symlinking: /home/user/exchange/omnibase_ws/zed2_camera_ws/install/zed_components/share/ament_index/resource_index/parent_prefix_path/zed_components
[47.428s] -- Symlinking: /home/user/exchange/omnibase_ws/zed2_camera_ws/install/zed_components/share/zed_components/environment/ament_prefix_path.sh
[47.434s] -- Symlinking: /home/user/exchange/omnibase_ws/zed2_camera_ws/install/zed_components/share/zed_components/environment/ament_prefix_path.dsv
[47.441s] -- Symlinking: /home/user/exchange/omnibase_ws/zed2_camera_ws/install/zed_components/share/zed_components/environment/path.sh
[47.446s] -- Symlinking: /home/user/exchange/omnibase_ws/zed2_camera_ws/install/zed_components/share/zed_components/environment/path.dsv
[47.451s] -- Symlinking: /home/user/exchange/omnibase_ws/zed2_camera_ws/install/zed_components/share/zed_components/local_setup.bash
[47.458s] -- Symlinking: /home/user/exchange/omnibase_ws/zed2_camera_ws/install/zed_components/share/zed_components/local_setup.sh
[47.464s] -- Symlinking: /home/user/exchange/omnibase_ws/zed2_camera_ws/install/zed_components/share/zed_components/local_setup.zsh
[47.469s] -- Symlinking: /home/user/exchange/omnibase_ws/zed2_camera_ws/install/zed_components/share/zed_components/local_setup.dsv
[47.475s] -- Symlinking: /home/user/exchange/omnibase_ws/zed2_camera_ws/install/zed_components/share/zed_components/package.dsv
[47.482s] -- Symlinking: /home/user/exchange/omnibase_ws/zed2_camera_ws/install/zed_components/share/ament_index/resource_index/packages/zed_components
[47.488s] -- Symlinking: /home/user/exchange/omnibase_ws/zed2_camera_ws/install/zed_components/share/ament_index/resource_index/rclcpp_components/zed_components
[47.495s] -- Symlinking: /home/user/exchange/omnibase_ws/zed2_camera_ws/install/zed_components/share/zed_components/cmake/ament_cmake_export_include_directories-extras.cmake
[47.501s] -- Symlinking: /home/user/exchange/omnibase_ws/zed2_camera_ws/install/zed_components/share/zed_components/cmake/ament_cmake_export_libraries-extras.cmake
[47.509s] -- Symlinking: /home/user/exchange/omnibase_ws/zed2_camera_ws/install/zed_components/share/zed_components/cmake/ament_cmake_export_dependencies-extras.cmake
[47.515s] -- Symlinking: /home/user/exchange/omnibase_ws/zed2_camera_ws/install/zed_components/share/zed_components/cmake/zed_componentsConfig.cmake
[47.522s] -- Symlinking: /home/user/exchange/omnibase_ws/zed2_camera_ws/install/zed_components/share/zed_components/cmake/zed_componentsConfig-version.cmake
[47.530s] -- Symlinking: /home/user/exchange/omnibase_ws/zed2_camera_ws/install/zed_components/share/zed_components/package.xml
[47.537s] Invoked command in '/home/user/exchange/omnibase_ws/zed2_camera_ws/build/zed_components' returned '0': AMENT_PREFIX_PATH=/home/user/exchange/omnibase_ws/zed2_camera_ws/install/zed_msgs:${AMENT_PREFIX_PATH} CMAKE_PREFIX_PATH=/home/user/exchange/omnibase_ws/zed2_camera_ws/install/zed_msgs:/home/user/exchange/unimore_ws/install/sermas_test_pkg:/home/user/exchange/unimore_ws/install/goal_action_pkg:/home/user/exchange/unimore_ws/install/tts_msgs:/home/user/exchange/unimore_ws/install/cbf-stl-no-noise_pkg:/home/user/exchange/unimore_ws/install/my_interfaces_cbf_stl:/home/user/exchange/unimore_ws/install/move_arms_pkg:/home/user/exchange/zed2_camera_ws/install/zed_ros2:/home/user/exchange/zed2_camera_ws/install/zed_robot_integration:/home/user/exchange/zed2_camera_ws/install/zed_ipc:/home/user/exchange/zed2_camera_ws/install/zed_multi_camera:/home/user/exchange/zed2_camera_ws/install/zed_display_rviz2:/home/user/exchange/zed2_camera_ws/install/zed_depth_to_laserscan:/home/user/exchange/zed2_camera_ws/install/zed_wrapper:/home/user/exchange/zed2_camera_ws/install/zed_tutorial_video:/home/user/exchange/zed2_camera_ws/install/zed_tutorial_pos_tracking:/home/user/exchange/zed2_camera_ws/install/zed_tutorial_depth:/home/user/exchange/zed2_camera_ws/install/zed_topic_benchmark:/home/user/exchange/zed2_camera_ws/install/zed_topic_benchmark_component:/home/user/exchange/zed2_camera_ws/install/zed_topic_benchmark_interfaces:/home/user/exchange/zed2_camera_ws/install/zed_rgb_convert:/home/user/exchange/zed2_camera_ws/install/zed_aruco_localization:/home/user/exchange/zed2_camera_ws/install/zed_components:/home/user/exchange/zed2_camera_ws/install/zed-ros2-distance_pkg:/home/user/exchange/zed2_camera_ws/install/rviz_plugin_zed_od:/home/user/exchange/zed2_camera_ws/install/zed_msgs:/home/user/exchange/ros_proxy_ws/install/users_landmarks_msgs:/home/user/exchange/ros_proxy_ws/install/session_event_msgs:/opt/pal/alum/opt/rbdl_vendor:/home/user/exchange/unimore_ws/install/check_obstacles_pkg:/home/user/exchange/ros_proxy_ws/install/ros_proxy:/opt/pal/alum:/opt/ros/humble LD_LIBRARY_PATH=/home/user/exchange/omnibase_ws/zed2_camera_ws/install/zed_msgs/lib:${LD_LIBRARY_PATH} PYTHONPATH=/home/user/exchange/omnibase_ws/zed2_camera_ws/install/zed_msgs/local/lib/python3.10/dist-packages:${PYTHONPATH} /usr/bin/cmake --install /home/user/exchange/omnibase_ws/zed2_camera_ws/build/zed_components
