[0.015s] Invoking command in '/home/user/exchange/omnibase_ws/zed2_camera_ws/build/zed_tutorial_video': CMAKE_PREFIX_PATH=${CMAKE_PREFIX_PATH}:/home/user/exchange/unimore_ws/install/check_obstacles_pkg:/home/user/exchange/ros_proxy_ws/install/ros_proxy:/opt/pal/alum:/opt/ros/humble /usr/bin/cmake /home/user/exchange/omnibase_ws/zed2_camera_ws/src/zed-ros2-examples/tutorials/zed_video_tutorial -DAMENT_CMAKE_SYMLINK_INSTALL=1 -DCMAKE_INSTALL_PREFIX=/home/user/exchange/omnibase_ws/zed2_camera_ws/install/zed_tutorial_video
[0.070s] -- The C compiler identification is GNU 11.4.0
[0.108s] -- The CXX compiler identification is GNU 11.4.0
[0.114s] -- Detecting C compiler ABI info
[0.172s] -- Detecting C compiler ABI info - done
[0.180s] -- Check for working C compiler: /usr/bin/cc - skipped
[0.180s] -- Detecting C compile features
[0.180s] -- Detecting C compile features - done
[0.184s] -- Detecting CXX compiler ABI info
[0.248s] -- Detecting CXX compiler ABI info - done
[0.253s] -- Check for working CXX compiler: /usr/bin/c++ - skipped
[0.253s] -- Detecting CXX compile features
[0.254s] -- Detecting CXX compile features - done
[0.257s] -- Found ament_cmake_auto: 1.3.11 (/opt/ros/humble/share/ament_cmake_auto/cmake)
[0.395s] -- Found Python3: /usr/bin/python3 (found version "3.10.12") found components: Interpreter 
[0.465s] -- Override CMake install command with custom implementation using symlinks instead of copying resources
[0.630s] -- Found rosidl_generator_c: 3.1.6 (/opt/ros/humble/share/rosidl_generator_c/cmake)
[0.644s] -- Found rosidl_adapter: 3.1.6 (/opt/ros/humble/share/rosidl_adapter/cmake)
[0.664s] -- Found rosidl_generator_cpp: 3.1.6 (/opt/ros/humble/share/rosidl_generator_cpp/cmake)
[0.690s] -- Using all available rosidl_typesupport_c: rosidl_typesupport_fastrtps_c;rosidl_typesupport_introspection_c
[0.726s] -- Using all available rosidl_typesupport_cpp: rosidl_typesupport_fastrtps_cpp;rosidl_typesupport_introspection_cpp
[0.792s] -- Found rmw_implementation_cmake: 6.1.2 (/opt/ros/humble/share/rmw_implementation_cmake/cmake)
[0.803s] -- Found rmw_cyclonedds_cpp: 1.3.4 (/opt/ros/humble/share/rmw_cyclonedds_cpp/cmake)
[0.849s] -- Using RMW implementation 'rmw_cyclonedds_cpp' as default
[0.873s] -- Looking for pthread.h
[0.939s] -- Looking for pthread.h - found
[0.939s] -- Performing Test CMAKE_HAVE_LIBC_PTHREAD
[1.026s] -- Performing Test CMAKE_HAVE_LIBC_PTHREAD - Success
[1.027s] -- Found Threads: TRUE  
[1.147s] -- Found ament_lint_auto: 0.12.11 (/opt/ros/humble/share/ament_lint_auto/cmake)
[1.155s] -- Configuring done
[1.166s] -- Generating done
[1.171s] -- Build files have been written to: /home/user/exchange/omnibase_ws/zed2_camera_ws/build/zed_tutorial_video
[1.180s] Invoked command in '/home/user/exchange/omnibase_ws/zed2_camera_ws/build/zed_tutorial_video' returned '0': CMAKE_PREFIX_PATH=${CMAKE_PREFIX_PATH}:/home/user/exchange/unimore_ws/install/check_obstacles_pkg:/home/user/exchange/ros_proxy_ws/install/ros_proxy:/opt/pal/alum:/opt/ros/humble /usr/bin/cmake /home/user/exchange/omnibase_ws/zed2_camera_ws/src/zed-ros2-examples/tutorials/zed_video_tutorial -DAMENT_CMAKE_SYMLINK_INSTALL=1 -DCMAKE_INSTALL_PREFIX=/home/user/exchange/omnibase_ws/zed2_camera_ws/install/zed_tutorial_video
[1.183s] Invoking command in '/home/user/exchange/omnibase_ws/zed2_camera_ws/build/zed_tutorial_video': CMAKE_PREFIX_PATH=${CMAKE_PREFIX_PATH}:/home/user/exchange/unimore_ws/install/check_obstacles_pkg:/home/user/exchange/ros_proxy_ws/install/ros_proxy:/opt/pal/alum:/opt/ros/humble /usr/bin/cmake --build /home/user/exchange/omnibase_ws/zed2_camera_ws/build/zed_tutorial_video -- -j22 -l22
[1.236s] [ 50%] [32mBuilding CXX object CMakeFiles/zed_tutorial_video.dir/src/zed_video_sub_tutorial.cpp.o[0m
[10.156s] [100%] [32m[1mLinking CXX executable zed_tutorial_video[0m
[10.274s] [100%] Built target zed_tutorial_video
[10.288s] Invoked command in '/home/user/exchange/omnibase_ws/zed2_camera_ws/build/zed_tutorial_video' returned '0': CMAKE_PREFIX_PATH=${CMAKE_PREFIX_PATH}:/home/user/exchange/unimore_ws/install/check_obstacles_pkg:/home/user/exchange/ros_proxy_ws/install/ros_proxy:/opt/pal/alum:/opt/ros/humble /usr/bin/cmake --build /home/user/exchange/omnibase_ws/zed2_camera_ws/build/zed_tutorial_video -- -j22 -l22
[10.290s] Invoking command in '/home/user/exchange/omnibase_ws/zed2_camera_ws/build/zed_tutorial_video': CMAKE_PREFIX_PATH=${CMAKE_PREFIX_PATH}:/home/user/exchange/unimore_ws/install/check_obstacles_pkg:/home/user/exchange/ros_proxy_ws/install/ros_proxy:/opt/pal/alum:/opt/ros/humble /usr/bin/cmake --install /home/user/exchange/omnibase_ws/zed2_camera_ws/build/zed_tutorial_video
[10.300s] -- Install configuration: "Release"
[10.300s] -- Execute custom install script
[10.300s] -- Symlinking: /home/user/exchange/omnibase_ws/zed2_camera_ws/install/zed_tutorial_video/lib/zed_tutorial_video/zed_tutorial_video
[10.314s] -- Symlinking: /home/user/exchange/omnibase_ws/zed2_camera_ws/install/zed_tutorial_video/share/ament_index/resource_index/package_run_dependencies/zed_tutorial_video
[10.328s] -- Symlinking: /home/user/exchange/omnibase_ws/zed2_camera_ws/install/zed_tutorial_video/share/ament_index/resource_index/parent_prefix_path/zed_tutorial_video
[10.341s] -- Symlinking: /home/user/exchange/omnibase_ws/zed2_camera_ws/install/zed_tutorial_video/share/zed_tutorial_video/environment/ament_prefix_path.sh
[10.354s] -- Symlinking: /home/user/exchange/omnibase_ws/zed2_camera_ws/install/zed_tutorial_video/share/zed_tutorial_video/environment/ament_prefix_path.dsv
[10.367s] -- Symlinking: /home/user/exchange/omnibase_ws/zed2_camera_ws/install/zed_tutorial_video/share/zed_tutorial_video/environment/path.sh
[10.380s] -- Symlinking: /home/user/exchange/omnibase_ws/zed2_camera_ws/install/zed_tutorial_video/share/zed_tutorial_video/environment/path.dsv
[10.393s] -- Symlinking: /home/user/exchange/omnibase_ws/zed2_camera_ws/install/zed_tutorial_video/share/zed_tutorial_video/local_setup.bash
[10.406s] -- Symlinking: /home/user/exchange/omnibase_ws/zed2_camera_ws/install/zed_tutorial_video/share/zed_tutorial_video/local_setup.sh
[10.420s] -- Symlinking: /home/user/exchange/omnibase_ws/zed2_camera_ws/install/zed_tutorial_video/share/zed_tutorial_video/local_setup.zsh
[10.433s] -- Symlinking: /home/user/exchange/omnibase_ws/zed2_camera_ws/install/zed_tutorial_video/share/zed_tutorial_video/local_setup.dsv
[10.444s] -- Symlinking: /home/user/exchange/omnibase_ws/zed2_camera_ws/install/zed_tutorial_video/share/zed_tutorial_video/package.dsv
[10.454s] -- Symlinking: /home/user/exchange/omnibase_ws/zed2_camera_ws/install/zed_tutorial_video/share/ament_index/resource_index/packages/zed_tutorial_video
[10.464s] -- Symlinking: /home/user/exchange/omnibase_ws/zed2_camera_ws/install/zed_tutorial_video/share/zed_tutorial_video/cmake/zed_tutorial_videoConfig.cmake
[10.473s] -- Symlinking: /home/user/exchange/omnibase_ws/zed2_camera_ws/install/zed_tutorial_video/share/zed_tutorial_video/cmake/zed_tutorial_videoConfig-version.cmake
[10.482s] -- Symlinking: /home/user/exchange/omnibase_ws/zed2_camera_ws/install/zed_tutorial_video/share/zed_tutorial_video/package.xml
[10.494s] Invoked command in '/home/user/exchange/omnibase_ws/zed2_camera_ws/build/zed_tutorial_video' returned '0': CMAKE_PREFIX_PATH=${CMAKE_PREFIX_PATH}:/home/user/exchange/unimore_ws/install/check_obstacles_pkg:/home/user/exchange/ros_proxy_ws/install/ros_proxy:/opt/pal/alum:/opt/ros/humble /usr/bin/cmake --install /home/user/exchange/omnibase_ws/zed2_camera_ws/build/zed_tutorial_video
