-- Install configuration: ""
-- Execute custom install script
-- Up-to-date symlink: /home/user/exchange/omnibase_ws/zed2_camera_ws/install/zed_display_rviz2/share/zed_display_rviz2/launch/display_zed_cam.launch.py
-- Up-to-date symlink: /home/user/exchange/omnibase_ws/zed2_camera_ws/install/zed_display_rviz2/share/zed_display_rviz2/rviz2/zed_mono.rviz
-- Up-to-date symlink: /home/user/exchange/omnibase_ws/zed2_camera_ws/install/zed_display_rviz2/share/zed_display_rviz2/rviz2/zed_stereo.rviz
-- Up-to-date symlink: /home/user/exchange/omnibase_ws/zed2_camera_ws/install/zed_display_rviz2/share/ament_index/resource_index/package_run_dependencies/zed_display_rviz2
-- Up-to-date symlink: /home/user/exchange/omnibase_ws/zed2_camera_ws/install/zed_display_rviz2/share/ament_index/resource_index/parent_prefix_path/zed_display_rviz2
-- Up-to-date symlink: /home/user/exchange/omnibase_ws/zed2_camera_ws/install/zed_display_rviz2/share/zed_display_rviz2/environment/ament_prefix_path.sh
-- Up-to-date symlink: /home/user/exchange/omnibase_ws/zed2_camera_ws/install/zed_display_rviz2/share/zed_display_rviz2/environment/ament_prefix_path.dsv
-- Up-to-date symlink: /home/user/exchange/omnibase_ws/zed2_camera_ws/install/zed_display_rviz2/share/zed_display_rviz2/environment/path.sh
-- Up-to-date symlink: /home/user/exchange/omnibase_ws/zed2_camera_ws/install/zed_display_rviz2/share/zed_display_rviz2/environment/path.dsv
-- Up-to-date symlink: /home/user/exchange/omnibase_ws/zed2_camera_ws/install/zed_display_rviz2/share/zed_display_rviz2/local_setup.bash
-- Up-to-date symlink: /home/user/exchange/omnibase_ws/zed2_camera_ws/install/zed_display_rviz2/share/zed_display_rviz2/local_setup.sh
-- Up-to-date symlink: /home/user/exchange/omnibase_ws/zed2_camera_ws/install/zed_display_rviz2/share/zed_display_rviz2/local_setup.zsh
-- Up-to-date symlink: /home/user/exchange/omnibase_ws/zed2_camera_ws/install/zed_display_rviz2/share/zed_display_rviz2/local_setup.dsv
-- Symlinking: /home/user/exchange/omnibase_ws/zed2_camera_ws/install/zed_display_rviz2/share/zed_display_rviz2/package.dsv
-- Up-to-date symlink: /home/user/exchange/omnibase_ws/zed2_camera_ws/install/zed_display_rviz2/share/ament_index/resource_index/packages/zed_display_rviz2
-- Up-to-date symlink: /home/user/exchange/omnibase_ws/zed2_camera_ws/install/zed_display_rviz2/share/zed_display_rviz2/cmake/zed_display_rviz2Config.cmake
-- Up-to-date symlink: /home/user/exchange/omnibase_ws/zed2_camera_ws/install/zed_display_rviz2/share/zed_display_rviz2/cmake/zed_display_rviz2Config-version.cmake
-- Up-to-date symlink: /home/user/exchange/omnibase_ws/zed2_camera_ws/install/zed_display_rviz2/share/zed_display_rviz2/package.xml
