[0.015s] Invoking command in '/home/user/exchange/omnibase_ws/cbf_stl_ws/build/tts_msgs': CMAKE_PREFIX_PATH=${CMAKE_PREFIX_PATH}:/home/user/exchange/unimore_ws/install/check_obstacles_pkg:/home/user/exchange/ros_proxy_ws/install/ros_proxy:/home/user/exchange/omnibase_ws/cbf_stl_ws/install/check_obstacle_pkg:/opt/pal/alum:/opt/ros/humble /usr/bin/cmake --build /home/user/exchange/omnibase_ws/cbf_stl_ws/build/tts_msgs -- -j22 -l22
[0.107s] [  3%] Built target tts_msgs__cpp
[0.109s] [  3%] Built target ament_cmake_python_symlink_tts_msgs
[0.111s] [ 12%] Built target tts_msgs__rosidl_generator_c
[0.135s] [ 22%] Built target tts_msgs__rosidl_typesupport_introspection_cpp
[0.136s] [ 32%] Built target tts_msgs__rosidl_typesupport_introspection_c
[0.137s] [ 41%] Built target tts_msgs__rosidl_typesupport_cpp
[0.139s] [ 51%] Built target tts_msgs__rosidl_typesupport_fastrtps_c
[0.139s] [ 61%] Built target tts_msgs__rosidl_typesupport_c
[0.140s] [ 70%] Built target tts_msgs__rosidl_typesupport_fastrtps_cpp
[0.160s] [ 70%] Built target tts_msgs
[0.185s] [ 74%] Built target tts_msgs__py
[0.213s] [ 80%] Built target tts_msgs__rosidl_generator_py
[0.236s] [ 93%] Built target tts_msgs__rosidl_typesupport_c__pyext
[0.236s] [ 93%] Built target tts_msgs__rosidl_typesupport_fastrtps_c__pyext
[0.236s] [100%] Built target tts_msgs__rosidl_typesupport_introspection_c__pyext
[0.296s] running egg_info
[0.296s] writing tts_msgs.egg-info/PKG-INFO
[0.296s] writing dependency_links to tts_msgs.egg-info/dependency_links.txt
[0.296s] writing top-level names to tts_msgs.egg-info/top_level.txt
[0.298s] reading manifest file 'tts_msgs.egg-info/SOURCES.txt'
[0.298s] writing manifest file 'tts_msgs.egg-info/SOURCES.txt'
[0.321s] [100%] Built target ament_cmake_python_build_tts_msgs_egg
[0.344s] Invoked command in '/home/user/exchange/omnibase_ws/cbf_stl_ws/build/tts_msgs' returned '0': CMAKE_PREFIX_PATH=${CMAKE_PREFIX_PATH}:/home/user/exchange/unimore_ws/install/check_obstacles_pkg:/home/user/exchange/ros_proxy_ws/install/ros_proxy:/home/user/exchange/omnibase_ws/cbf_stl_ws/install/check_obstacle_pkg:/opt/pal/alum:/opt/ros/humble /usr/bin/cmake --build /home/user/exchange/omnibase_ws/cbf_stl_ws/build/tts_msgs -- -j22 -l22
[0.345s] Invoking command in '/home/user/exchange/omnibase_ws/cbf_stl_ws/build/tts_msgs': CMAKE_PREFIX_PATH=${CMAKE_PREFIX_PATH}:/home/user/exchange/unimore_ws/install/check_obstacles_pkg:/home/user/exchange/ros_proxy_ws/install/ros_proxy:/home/user/exchange/omnibase_ws/cbf_stl_ws/install/check_obstacle_pkg:/opt/pal/alum:/opt/ros/humble /usr/bin/cmake --install /home/user/exchange/omnibase_ws/cbf_stl_ws/build/tts_msgs
[0.352s] -- Install configuration: ""
[0.353s] -- Execute custom install script
[0.353s] -- Up-to-date symlink: /home/user/exchange/omnibase_ws/cbf_stl_ws/install/tts_msgs/share/ament_index/resource_index/rosidl_interfaces/tts_msgs
[0.354s] -- Up-to-date symlink: /home/user/exchange/omnibase_ws/cbf_stl_ws/install/tts_msgs/include/tts_msgs/tts_msgs/action/detail/tts__functions.h
[0.354s] -- Up-to-date symlink: /home/user/exchange/omnibase_ws/cbf_stl_ws/install/tts_msgs/include/tts_msgs/tts_msgs/action/detail/tts__struct.h
[0.354s] -- Up-to-date symlink: /home/user/exchange/omnibase_ws/cbf_stl_ws/install/tts_msgs/include/tts_msgs/tts_msgs/action/detail/tts__type_support.h
[0.354s] -- Up-to-date symlink: /home/user/exchange/omnibase_ws/cbf_stl_ws/install/tts_msgs/include/tts_msgs/tts_msgs/action/tts.h
[0.354s] -- Up-to-date symlink: /home/user/exchange/omnibase_ws/cbf_stl_ws/install/tts_msgs/include/tts_msgs/tts_msgs/msg/rosidl_generator_c__visibility_control.h
[0.355s] -- Up-to-date symlink: /home/user/exchange/omnibase_ws/cbf_stl_ws/install/tts_msgs/share/tts_msgs/environment/library_path.sh
[0.355s] -- Up-to-date symlink: /home/user/exchange/omnibase_ws/cbf_stl_ws/install/tts_msgs/share/tts_msgs/environment/library_path.dsv
[0.355s] -- Up-to-date symlink: /home/user/exchange/omnibase_ws/cbf_stl_ws/install/tts_msgs/include/tts_msgs/tts_msgs/action/detail/tts__rosidl_typesupport_fastrtps_c.h
[0.355s] -- Up-to-date symlink: /home/user/exchange/omnibase_ws/cbf_stl_ws/install/tts_msgs/include/tts_msgs/tts_msgs/msg/rosidl_typesupport_fastrtps_c__visibility_control.h
[0.355s] -- Up-to-date symlink: /home/user/exchange/omnibase_ws/cbf_stl_ws/install/tts_msgs/include/tts_msgs/tts_msgs/action/detail/tts__rosidl_typesupport_introspection_c.h
[0.355s] -- Up-to-date symlink: /home/user/exchange/omnibase_ws/cbf_stl_ws/install/tts_msgs/include/tts_msgs/tts_msgs/msg/rosidl_typesupport_introspection_c__visibility_control.h
[0.356s] -- Up-to-date symlink: /home/user/exchange/omnibase_ws/cbf_stl_ws/install/tts_msgs/include/tts_msgs/tts_msgs/action/detail/tts__builder.hpp
[0.356s] -- Up-to-date symlink: /home/user/exchange/omnibase_ws/cbf_stl_ws/install/tts_msgs/include/tts_msgs/tts_msgs/action/detail/tts__struct.hpp
[0.356s] -- Up-to-date symlink: /home/user/exchange/omnibase_ws/cbf_stl_ws/install/tts_msgs/include/tts_msgs/tts_msgs/action/detail/tts__traits.hpp
[0.356s] -- Up-to-date symlink: /home/user/exchange/omnibase_ws/cbf_stl_ws/install/tts_msgs/include/tts_msgs/tts_msgs/action/detail/tts__type_support.hpp
[0.356s] -- Up-to-date symlink: /home/user/exchange/omnibase_ws/cbf_stl_ws/install/tts_msgs/include/tts_msgs/tts_msgs/action/tts.hpp
[0.356s] -- Up-to-date symlink: /home/user/exchange/omnibase_ws/cbf_stl_ws/install/tts_msgs/include/tts_msgs/tts_msgs/msg/rosidl_generator_cpp__visibility_control.hpp
[0.356s] -- Up-to-date symlink: /home/user/exchange/omnibase_ws/cbf_stl_ws/install/tts_msgs/include/tts_msgs/tts_msgs/action/detail/tts__rosidl_typesupport_fastrtps_cpp.hpp
[0.357s] -- Up-to-date symlink: /home/user/exchange/omnibase_ws/cbf_stl_ws/install/tts_msgs/include/tts_msgs/tts_msgs/msg/rosidl_typesupport_fastrtps_cpp__visibility_control.h
[0.357s] -- Up-to-date symlink: /home/user/exchange/omnibase_ws/cbf_stl_ws/install/tts_msgs/include/tts_msgs/tts_msgs/action/detail/tts__rosidl_typesupport_introspection_cpp.hpp
[0.357s] -- Up-to-date symlink: /home/user/exchange/omnibase_ws/cbf_stl_ws/install/tts_msgs/share/tts_msgs/environment/pythonpath.sh
[0.357s] -- Up-to-date symlink: /home/user/exchange/omnibase_ws/cbf_stl_ws/install/tts_msgs/share/tts_msgs/environment/pythonpath.dsv
[0.357s] -- Up-to-date symlink: /home/user/exchange/omnibase_ws/cbf_stl_ws/install/tts_msgs/local/lib/python3.10/dist-packages/tts_msgs-1.1.0-py3.10.egg-info/PKG-INFO
[0.357s] -- Up-to-date symlink: /home/user/exchange/omnibase_ws/cbf_stl_ws/install/tts_msgs/local/lib/python3.10/dist-packages/tts_msgs-1.1.0-py3.10.egg-info/SOURCES.txt
[0.357s] -- Up-to-date symlink: /home/user/exchange/omnibase_ws/cbf_stl_ws/install/tts_msgs/local/lib/python3.10/dist-packages/tts_msgs-1.1.0-py3.10.egg-info/dependency_links.txt
[0.357s] -- Up-to-date symlink: /home/user/exchange/omnibase_ws/cbf_stl_ws/install/tts_msgs/local/lib/python3.10/dist-packages/tts_msgs-1.1.0-py3.10.egg-info/top_level.txt
[0.358s] -- Up-to-date symlink: /home/user/exchange/omnibase_ws/cbf_stl_ws/install/tts_msgs/local/lib/python3.10/dist-packages/tts_msgs/__init__.py
[0.358s] -- Up-to-date symlink: /home/user/exchange/omnibase_ws/cbf_stl_ws/install/tts_msgs/local/lib/python3.10/dist-packages/tts_msgs/_tts_msgs_s.ep.rosidl_typesupport_c.c
[0.358s] -- Up-to-date symlink: /home/user/exchange/omnibase_ws/cbf_stl_ws/install/tts_msgs/local/lib/python3.10/dist-packages/tts_msgs/_tts_msgs_s.ep.rosidl_typesupport_fastrtps_c.c
[0.358s] -- Up-to-date symlink: /home/user/exchange/omnibase_ws/cbf_stl_ws/install/tts_msgs/local/lib/python3.10/dist-packages/tts_msgs/_tts_msgs_s.ep.rosidl_typesupport_introspection_c.c
[0.358s] -- Up-to-date symlink: /home/user/exchange/omnibase_ws/cbf_stl_ws/install/tts_msgs/local/lib/python3.10/dist-packages/tts_msgs/action/__init__.py
[0.358s] -- Up-to-date symlink: /home/user/exchange/omnibase_ws/cbf_stl_ws/install/tts_msgs/local/lib/python3.10/dist-packages/tts_msgs/action/_tts.py
[0.359s] -- Up-to-date symlink: /home/user/exchange/omnibase_ws/cbf_stl_ws/install/tts_msgs/local/lib/python3.10/dist-packages/tts_msgs/action/_tts_s.c
[0.359s] -- Up-to-date symlink: /home/user/exchange/omnibase_ws/cbf_stl_ws/install/tts_msgs/local/lib/python3.10/dist-packages/tts_msgs/libtts_msgs__rosidl_generator_py.so
[0.359s] -- Up-to-date symlink: /home/user/exchange/omnibase_ws/cbf_stl_ws/install/tts_msgs/local/lib/python3.10/dist-packages/tts_msgs/tts_msgs_s__rosidl_typesupport_c.cpython-310-x86_64-linux-gnu.so
[0.359s] -- Up-to-date symlink: /home/user/exchange/omnibase_ws/cbf_stl_ws/install/tts_msgs/local/lib/python3.10/dist-packages/tts_msgs/tts_msgs_s__rosidl_typesupport_fastrtps_c.cpython-310-x86_64-linux-gnu.so
[0.359s] -- Up-to-date symlink: /home/user/exchange/omnibase_ws/cbf_stl_ws/install/tts_msgs/local/lib/python3.10/dist-packages/tts_msgs/tts_msgs_s__rosidl_typesupport_introspection_c.cpython-310-x86_64-linux-gnu.so
[0.359s] -- Up-to-date symlink: /home/user/exchange/omnibase_ws/cbf_stl_ws/install/tts_msgs/local/lib/python3.10/dist-packages/tts_msgs/tts_msgs_s__rosidl_typesupport_fastrtps_c.cpython-310-x86_64-linux-gnu.so
[0.360s] -- Up-to-date symlink: /home/user/exchange/omnibase_ws/cbf_stl_ws/install/tts_msgs/local/lib/python3.10/dist-packages/tts_msgs/tts_msgs_s__rosidl_typesupport_introspection_c.cpython-310-x86_64-linux-gnu.so
[0.360s] -- Up-to-date symlink: /home/user/exchange/omnibase_ws/cbf_stl_ws/install/tts_msgs/local/lib/python3.10/dist-packages/tts_msgs/tts_msgs_s__rosidl_typesupport_c.cpython-310-x86_64-linux-gnu.so
[0.360s] -- Up-to-date symlink: /home/user/exchange/omnibase_ws/cbf_stl_ws/install/tts_msgs/share/tts_msgs/action/TTS.idl
[0.360s] -- Up-to-date symlink: /home/user/exchange/omnibase_ws/cbf_stl_ws/install/tts_msgs/share/tts_msgs/action/TTS.action
[0.360s] -- Up-to-date symlink: /home/user/exchange/omnibase_ws/cbf_stl_ws/install/tts_msgs/share/ament_index/resource_index/package_run_dependencies/tts_msgs
[0.360s] -- Up-to-date symlink: /home/user/exchange/omnibase_ws/cbf_stl_ws/install/tts_msgs/share/ament_index/resource_index/parent_prefix_path/tts_msgs
[0.361s] -- Up-to-date symlink: /home/user/exchange/omnibase_ws/cbf_stl_ws/install/tts_msgs/share/tts_msgs/environment/ament_prefix_path.sh
[0.361s] -- Up-to-date symlink: /home/user/exchange/omnibase_ws/cbf_stl_ws/install/tts_msgs/share/tts_msgs/environment/ament_prefix_path.dsv
[0.361s] -- Up-to-date symlink: /home/user/exchange/omnibase_ws/cbf_stl_ws/install/tts_msgs/share/tts_msgs/environment/path.sh
[0.361s] -- Up-to-date symlink: /home/user/exchange/omnibase_ws/cbf_stl_ws/install/tts_msgs/share/tts_msgs/environment/path.dsv
[0.361s] -- Up-to-date symlink: /home/user/exchange/omnibase_ws/cbf_stl_ws/install/tts_msgs/share/tts_msgs/local_setup.bash
[0.361s] -- Up-to-date symlink: /home/user/exchange/omnibase_ws/cbf_stl_ws/install/tts_msgs/share/tts_msgs/local_setup.sh
[0.361s] -- Up-to-date symlink: /home/user/exchange/omnibase_ws/cbf_stl_ws/install/tts_msgs/share/tts_msgs/local_setup.zsh
[0.361s] -- Up-to-date symlink: /home/user/exchange/omnibase_ws/cbf_stl_ws/install/tts_msgs/share/tts_msgs/local_setup.dsv
[0.361s] -- Symlinking: /home/user/exchange/omnibase_ws/cbf_stl_ws/install/tts_msgs/share/tts_msgs/package.dsv
[0.370s] -- Up-to-date symlink: /home/user/exchange/omnibase_ws/cbf_stl_ws/install/tts_msgs/share/ament_index/resource_index/packages/tts_msgs
[0.370s] -- Up-to-date symlink: /home/user/exchange/omnibase_ws/cbf_stl_ws/install/tts_msgs/share/tts_msgs/cmake/rosidl_cmake-extras.cmake
[0.370s] -- Up-to-date symlink: /home/user/exchange/omnibase_ws/cbf_stl_ws/install/tts_msgs/share/tts_msgs/cmake/ament_cmake_export_dependencies-extras.cmake
[0.371s] -- Up-to-date symlink: /home/user/exchange/omnibase_ws/cbf_stl_ws/install/tts_msgs/share/tts_msgs/cmake/ament_cmake_export_include_directories-extras.cmake
[0.371s] -- Up-to-date symlink: /home/user/exchange/omnibase_ws/cbf_stl_ws/install/tts_msgs/share/tts_msgs/cmake/ament_cmake_export_libraries-extras.cmake
[0.371s] -- Up-to-date symlink: /home/user/exchange/omnibase_ws/cbf_stl_ws/install/tts_msgs/share/tts_msgs/cmake/ament_cmake_export_targets-extras.cmake
[0.371s] -- Up-to-date symlink: /home/user/exchange/omnibase_ws/cbf_stl_ws/install/tts_msgs/share/tts_msgs/cmake/rosidl_cmake_export_typesupport_targets-extras.cmake
[0.371s] -- Up-to-date symlink: /home/user/exchange/omnibase_ws/cbf_stl_ws/install/tts_msgs/share/tts_msgs/cmake/rosidl_cmake_export_typesupport_libraries-extras.cmake
[0.371s] -- Up-to-date symlink: /home/user/exchange/omnibase_ws/cbf_stl_ws/install/tts_msgs/share/tts_msgs/cmake/tts_msgsConfig.cmake
[0.371s] -- Up-to-date symlink: /home/user/exchange/omnibase_ws/cbf_stl_ws/install/tts_msgs/share/tts_msgs/cmake/tts_msgsConfig-version.cmake
[0.372s] -- Up-to-date symlink: /home/user/exchange/omnibase_ws/cbf_stl_ws/install/tts_msgs/share/tts_msgs/package.xml
[0.372s] -- Up-to-date: /home/user/exchange/omnibase_ws/cbf_stl_ws/install/tts_msgs/lib/libtts_msgs__rosidl_generator_c.so
[0.373s] -- Up-to-date: /home/user/exchange/omnibase_ws/cbf_stl_ws/install/tts_msgs/lib/libtts_msgs__rosidl_typesupport_fastrtps_c.so
[0.373s] -- Up-to-date: /home/user/exchange/omnibase_ws/cbf_stl_ws/install/tts_msgs/lib/libtts_msgs__rosidl_typesupport_introspection_c.so
[0.374s] -- Up-to-date: /home/user/exchange/omnibase_ws/cbf_stl_ws/install/tts_msgs/lib/libtts_msgs__rosidl_typesupport_c.so
[0.374s] -- Up-to-date: /home/user/exchange/omnibase_ws/cbf_stl_ws/install/tts_msgs/lib/libtts_msgs__rosidl_typesupport_fastrtps_cpp.so
[0.375s] -- Up-to-date: /home/user/exchange/omnibase_ws/cbf_stl_ws/install/tts_msgs/lib/libtts_msgs__rosidl_typesupport_introspection_cpp.so
[0.375s] -- Up-to-date: /home/user/exchange/omnibase_ws/cbf_stl_ws/install/tts_msgs/lib/libtts_msgs__rosidl_typesupport_cpp.so
[0.404s] Listing '/home/user/exchange/omnibase_ws/cbf_stl_ws/install/tts_msgs/local/lib/python3.10/dist-packages/tts_msgs'...
[0.404s] Listing '/home/user/exchange/omnibase_ws/cbf_stl_ws/install/tts_msgs/local/lib/python3.10/dist-packages/tts_msgs/action'...
[0.407s] -- Up-to-date: /home/user/exchange/omnibase_ws/cbf_stl_ws/install/tts_msgs/lib/libtts_msgs__rosidl_generator_py.so
[0.407s] -- Up-to-date: /home/user/exchange/omnibase_ws/cbf_stl_ws/install/tts_msgs/share/tts_msgs/cmake/export_tts_msgs__rosidl_generator_cExport.cmake
[0.408s] -- Up-to-date: /home/user/exchange/omnibase_ws/cbf_stl_ws/install/tts_msgs/share/tts_msgs/cmake/export_tts_msgs__rosidl_generator_cExport-noconfig.cmake
[0.408s] -- Up-to-date: /home/user/exchange/omnibase_ws/cbf_stl_ws/install/tts_msgs/share/tts_msgs/cmake/export_tts_msgs__rosidl_typesupport_fastrtps_cExport.cmake
[0.408s] -- Up-to-date: /home/user/exchange/omnibase_ws/cbf_stl_ws/install/tts_msgs/share/tts_msgs/cmake/export_tts_msgs__rosidl_typesupport_fastrtps_cExport-noconfig.cmake
[0.408s] -- Up-to-date: /home/user/exchange/omnibase_ws/cbf_stl_ws/install/tts_msgs/share/tts_msgs/cmake/tts_msgs__rosidl_typesupport_introspection_cExport.cmake
[0.408s] -- Up-to-date: /home/user/exchange/omnibase_ws/cbf_stl_ws/install/tts_msgs/share/tts_msgs/cmake/tts_msgs__rosidl_typesupport_introspection_cExport-noconfig.cmake
[0.408s] -- Up-to-date: /home/user/exchange/omnibase_ws/cbf_stl_ws/install/tts_msgs/share/tts_msgs/cmake/tts_msgs__rosidl_typesupport_cExport.cmake
[0.408s] -- Up-to-date: /home/user/exchange/omnibase_ws/cbf_stl_ws/install/tts_msgs/share/tts_msgs/cmake/tts_msgs__rosidl_typesupport_cExport-noconfig.cmake
[0.408s] -- Up-to-date: /home/user/exchange/omnibase_ws/cbf_stl_ws/install/tts_msgs/share/tts_msgs/cmake/export_tts_msgs__rosidl_generator_cppExport.cmake
[0.408s] -- Up-to-date: /home/user/exchange/omnibase_ws/cbf_stl_ws/install/tts_msgs/share/tts_msgs/cmake/export_tts_msgs__rosidl_typesupport_fastrtps_cppExport.cmake
[0.408s] -- Up-to-date: /home/user/exchange/omnibase_ws/cbf_stl_ws/install/tts_msgs/share/tts_msgs/cmake/export_tts_msgs__rosidl_typesupport_fastrtps_cppExport-noconfig.cmake
[0.409s] -- Up-to-date: /home/user/exchange/omnibase_ws/cbf_stl_ws/install/tts_msgs/share/tts_msgs/cmake/tts_msgs__rosidl_typesupport_introspection_cppExport.cmake
[0.409s] -- Up-to-date: /home/user/exchange/omnibase_ws/cbf_stl_ws/install/tts_msgs/share/tts_msgs/cmake/tts_msgs__rosidl_typesupport_introspection_cppExport-noconfig.cmake
[0.409s] -- Up-to-date: /home/user/exchange/omnibase_ws/cbf_stl_ws/install/tts_msgs/share/tts_msgs/cmake/tts_msgs__rosidl_typesupport_cppExport.cmake
[0.409s] -- Up-to-date: /home/user/exchange/omnibase_ws/cbf_stl_ws/install/tts_msgs/share/tts_msgs/cmake/tts_msgs__rosidl_typesupport_cppExport-noconfig.cmake
[0.409s] -- Up-to-date: /home/user/exchange/omnibase_ws/cbf_stl_ws/install/tts_msgs/share/tts_msgs/cmake/export_tts_msgs__rosidl_generator_pyExport.cmake
[0.409s] -- Up-to-date: /home/user/exchange/omnibase_ws/cbf_stl_ws/install/tts_msgs/share/tts_msgs/cmake/export_tts_msgs__rosidl_generator_pyExport-noconfig.cmake
[0.411s] Invoked command in '/home/user/exchange/omnibase_ws/cbf_stl_ws/build/tts_msgs' returned '0': CMAKE_PREFIX_PATH=${CMAKE_PREFIX_PATH}:/home/user/exchange/unimore_ws/install/check_obstacles_pkg:/home/user/exchange/ros_proxy_ws/install/ros_proxy:/home/user/exchange/omnibase_ws/cbf_stl_ws/install/check_obstacle_pkg:/opt/pal/alum:/opt/ros/humble /usr/bin/cmake --install /home/user/exchange/omnibase_ws/cbf_stl_ws/build/tts_msgs
