[0.100s] DEBUG:colcon:Command line arguments: ['/usr/bin/colcon', 'build', '--symlink-install']
[0.100s] DEBUG:colcon:Parsed command line arguments: Namespace(log_base=None, log_level=None, verb_name='build', build_base='build', install_base='install', merge_install=False, symlink_install=True, test_result_base=None, continue_on_error=False, executor='parallel', parallel_workers=22, event_handlers=None, ignore_user_meta=False, metas=['./colcon.meta'], base_paths=['.'], packages_ignore=None, packages_ignore_regex=None, paths=None, packages_up_to=None, packages_up_to_regex=None, packages_above=None, packages_above_and_dependencies=None, packages_above_depth=None, packages_select_by_dep=None, packages_skip_by_dep=None, packages_skip_up_to=None, packages_select_build_failed=False, packages_skip_build_finished=False, packages_select_test_failures=False, packages_skip_test_passed=False, packages_select=None, packages_skip=None, packages_select_regex=None, packages_skip_regex=None, packages_start=None, packages_end=None, cmake_args=None, cmake_target=None, cmake_target_skip_unavailable=False, cmake_clean_cache=False, cmake_clean_first=False, cmake_force_configure=False, ament_cmake_args=None, catkin_cmake_args=None, catkin_skip_building_tests=False, verb_parser=<colcon_defaults.argument_parser.defaults.DefaultArgumentsDecorator object at 0x71d98c532050>, verb_extension=<colcon_core.verb.build.BuildVerb object at 0x71d98c531b40>, main=<bound method BuildVerb.main of <colcon_core.verb.build.BuildVerb object at 0x71d98c531b40>>)
[0.222s] Level 1:colcon.colcon_core.package_discovery:discover_packages(colcon_meta) check parameters
[0.222s] Level 1:colcon.colcon_core.package_discovery:discover_packages(recursive) check parameters
[0.222s] Level 1:colcon.colcon_core.package_discovery:discover_packages(ignore) check parameters
[0.222s] Level 1:colcon.colcon_core.package_discovery:discover_packages(path) check parameters
[0.222s] Level 1:colcon.colcon_core.package_discovery:discover_packages(colcon_meta) discover
[0.222s] Level 1:colcon.colcon_core.package_discovery:discover_packages(recursive) discover
[0.222s] INFO:colcon.colcon_core.package_discovery:Crawling recursively for packages in '/home/user/exchange/omnibase_ws/zed2_camera_ws'
[0.222s] Level 1:colcon.colcon_core.package_identification:_identify(.) by extensions ['ignore', 'ignore_ament_install']
[0.222s] Level 1:colcon.colcon_core.package_identification:_identify(.) by extension 'ignore'
[0.222s] Level 1:colcon.colcon_core.package_identification:_identify(.) by extension 'ignore_ament_install'
[0.222s] Level 1:colcon.colcon_core.package_identification:_identify(.) by extensions ['colcon_pkg']
[0.222s] Level 1:colcon.colcon_core.package_identification:_identify(.) by extension 'colcon_pkg'
[0.222s] Level 1:colcon.colcon_core.package_identification:_identify(.) by extensions ['colcon_meta']
[0.222s] Level 1:colcon.colcon_core.package_identification:_identify(.) by extension 'colcon_meta'
[0.222s] Level 1:colcon.colcon_core.package_identification:_identify(.) by extensions ['ros']
[0.222s] Level 1:colcon.colcon_core.package_identification:_identify(.) by extension 'ros'
[0.229s] Level 1:colcon.colcon_core.package_identification:_identify(.) by extensions ['cmake', 'python']
[0.229s] Level 1:colcon.colcon_core.package_identification:_identify(.) by extension 'cmake'
[0.229s] Level 1:colcon.colcon_core.package_identification:_identify(.) by extension 'python'
[0.229s] Level 1:colcon.colcon_core.package_identification:_identify(.) by extensions ['python_setup_py']
[0.229s] Level 1:colcon.colcon_core.package_identification:_identify(.) by extension 'python_setup_py'
[0.229s] Level 1:colcon.colcon_core.package_identification:_identify(build) by extensions ['ignore', 'ignore_ament_install']
[0.229s] Level 1:colcon.colcon_core.package_identification:_identify(build) by extension 'ignore'
[0.229s] Level 1:colcon.colcon_core.package_identification:_identify(build) ignored
[0.229s] Level 1:colcon.colcon_core.package_identification:_identify(install) by extensions ['ignore', 'ignore_ament_install']
[0.229s] Level 1:colcon.colcon_core.package_identification:_identify(install) by extension 'ignore'
[0.229s] Level 1:colcon.colcon_core.package_identification:_identify(install) ignored
[0.230s] Level 1:colcon.colcon_core.package_identification:_identify(log) by extensions ['ignore', 'ignore_ament_install']
[0.230s] Level 1:colcon.colcon_core.package_identification:_identify(log) by extension 'ignore'
[0.230s] Level 1:colcon.colcon_core.package_identification:_identify(log) ignored
[0.230s] Level 1:colcon.colcon_core.package_identification:_identify(src) by extensions ['ignore', 'ignore_ament_install']
[0.230s] Level 1:colcon.colcon_core.package_identification:_identify(src) by extension 'ignore'
[0.230s] Level 1:colcon.colcon_core.package_identification:_identify(src) by extension 'ignore_ament_install'
[0.230s] Level 1:colcon.colcon_core.package_identification:_identify(src) by extensions ['colcon_pkg']
[0.230s] Level 1:colcon.colcon_core.package_identification:_identify(src) by extension 'colcon_pkg'
[0.230s] Level 1:colcon.colcon_core.package_identification:_identify(src) by extensions ['colcon_meta']
[0.230s] Level 1:colcon.colcon_core.package_identification:_identify(src) by extension 'colcon_meta'
[0.230s] Level 1:colcon.colcon_core.package_identification:_identify(src) by extensions ['ros']
[0.230s] Level 1:colcon.colcon_core.package_identification:_identify(src) by extension 'ros'
[0.230s] Level 1:colcon.colcon_core.package_identification:_identify(src) by extensions ['cmake', 'python']
[0.230s] Level 1:colcon.colcon_core.package_identification:_identify(src) by extension 'cmake'
[0.230s] Level 1:colcon.colcon_core.package_identification:_identify(src) by extension 'python'
[0.230s] Level 1:colcon.colcon_core.package_identification:_identify(src) by extensions ['python_setup_py']
[0.230s] Level 1:colcon.colcon_core.package_identification:_identify(src) by extension 'python_setup_py'
[0.230s] Level 1:colcon.colcon_core.package_identification:_identify(src/zed-ros2-examples) by extensions ['ignore', 'ignore_ament_install']
[0.230s] Level 1:colcon.colcon_core.package_identification:_identify(src/zed-ros2-examples) by extension 'ignore'
[0.230s] Level 1:colcon.colcon_core.package_identification:_identify(src/zed-ros2-examples) ignored
[0.230s] Level 1:colcon.colcon_core.package_identification:_identify(src/zed-ros2-interfaces) by extensions ['ignore', 'ignore_ament_install']
[0.230s] Level 1:colcon.colcon_core.package_identification:_identify(src/zed-ros2-interfaces) by extension 'ignore'
[0.230s] Level 1:colcon.colcon_core.package_identification:_identify(src/zed-ros2-interfaces) by extension 'ignore_ament_install'
[0.230s] Level 1:colcon.colcon_core.package_identification:_identify(src/zed-ros2-interfaces) by extensions ['colcon_pkg']
[0.230s] Level 1:colcon.colcon_core.package_identification:_identify(src/zed-ros2-interfaces) by extension 'colcon_pkg'
[0.230s] Level 1:colcon.colcon_core.package_identification:_identify(src/zed-ros2-interfaces) by extensions ['colcon_meta']
[0.230s] Level 1:colcon.colcon_core.package_identification:_identify(src/zed-ros2-interfaces) by extension 'colcon_meta'
[0.230s] Level 1:colcon.colcon_core.package_identification:_identify(src/zed-ros2-interfaces) by extensions ['ros']
[0.230s] Level 1:colcon.colcon_core.package_identification:_identify(src/zed-ros2-interfaces) by extension 'ros'
[0.232s] DEBUG:colcon.colcon_core.package_identification:Package 'src/zed-ros2-interfaces' with type 'ros.ament_cmake' and name 'zed_msgs'
[0.232s] Level 1:colcon.colcon_core.package_identification:_identify(src/zed-ros2-wrapper) by extensions ['ignore', 'ignore_ament_install']
[0.232s] Level 1:colcon.colcon_core.package_identification:_identify(src/zed-ros2-wrapper) by extension 'ignore'
[0.232s] Level 1:colcon.colcon_core.package_identification:_identify(src/zed-ros2-wrapper) ignored
[0.232s] Level 1:colcon.colcon_core.package_identification:_identify(src/zed2_camera_pkg) by extensions ['ignore', 'ignore_ament_install']
[0.232s] Level 1:colcon.colcon_core.package_identification:_identify(src/zed2_camera_pkg) by extension 'ignore'
[0.232s] Level 1:colcon.colcon_core.package_identification:_identify(src/zed2_camera_pkg) ignored
[0.232s] Level 1:colcon.colcon_core.package_discovery:discover_packages(recursive) using defaults
[0.232s] Level 1:colcon.colcon_core.package_discovery:discover_packages(ignore) discover
[0.232s] Level 1:colcon.colcon_core.package_discovery:discover_packages(ignore) using defaults
[0.232s] Level 1:colcon.colcon_core.package_discovery:discover_packages(path) discover
[0.232s] Level 1:colcon.colcon_core.package_discovery:discover_packages(path) using defaults
[0.254s] Level 5:colcon.colcon_core.verb:set package 'zed_msgs' build argument 'cmake_args' from command line to 'None'
[0.254s] Level 5:colcon.colcon_core.verb:set package 'zed_msgs' build argument 'cmake_target' from command line to 'None'
[0.254s] Level 5:colcon.colcon_core.verb:set package 'zed_msgs' build argument 'cmake_target_skip_unavailable' from command line to 'False'
[0.254s] Level 5:colcon.colcon_core.verb:set package 'zed_msgs' build argument 'cmake_clean_cache' from command line to 'False'
[0.254s] Level 5:colcon.colcon_core.verb:set package 'zed_msgs' build argument 'cmake_clean_first' from command line to 'False'
[0.254s] Level 5:colcon.colcon_core.verb:set package 'zed_msgs' build argument 'cmake_force_configure' from command line to 'False'
[0.254s] Level 5:colcon.colcon_core.verb:set package 'zed_msgs' build argument 'ament_cmake_args' from command line to 'None'
[0.254s] Level 5:colcon.colcon_core.verb:set package 'zed_msgs' build argument 'catkin_cmake_args' from command line to 'None'
[0.254s] Level 5:colcon.colcon_core.verb:set package 'zed_msgs' build argument 'catkin_skip_building_tests' from command line to 'False'
[0.254s] DEBUG:colcon.colcon_core.verb:Building package 'zed_msgs' with the following arguments: {'ament_cmake_args': None, 'build_base': '/home/user/exchange/omnibase_ws/zed2_camera_ws/build/zed_msgs', 'catkin_cmake_args': None, 'catkin_skip_building_tests': False, 'cmake_args': None, 'cmake_clean_cache': False, 'cmake_clean_first': False, 'cmake_force_configure': False, 'cmake_target': None, 'cmake_target_skip_unavailable': False, 'install_base': '/home/user/exchange/omnibase_ws/zed2_camera_ws/install/zed_msgs', 'merge_install': False, 'path': '/home/user/exchange/omnibase_ws/zed2_camera_ws/src/zed-ros2-interfaces', 'symlink_install': True, 'test_result_base': None}
[0.255s] INFO:colcon.colcon_core.executor:Executing jobs using 'parallel' executor
[0.255s] DEBUG:colcon.colcon_parallel_executor.executor.parallel:run_until_complete
[0.255s] INFO:colcon.colcon_ros.task.ament_cmake.build:Building ROS package in '/home/user/exchange/omnibase_ws/zed2_camera_ws/src/zed-ros2-interfaces' with build type 'ament_cmake'
[0.255s] INFO:colcon.colcon_cmake.task.cmake.build:Building CMake package in '/home/user/exchange/omnibase_ws/zed2_camera_ws/src/zed-ros2-interfaces'
[0.258s] INFO:colcon.colcon_core.plugin_system:Skipping extension 'colcon_core.shell.bat': Not used on non-Windows systems
[0.258s] INFO:colcon.colcon_core.shell:Skip shell extension 'powershell' for command environment: Not usable outside of PowerShell
[0.258s] DEBUG:colcon.colcon_core.shell:Skip shell extension 'dsv' for command environment
[0.267s] DEBUG:colcon.colcon_core.event_handler.log_command:Invoking command in '/home/user/exchange/omnibase_ws/zed2_camera_ws/build/zed_msgs': CMAKE_PREFIX_PATH=${CMAKE_PREFIX_PATH}:/home/user/exchange/unimore_ws/install/check_obstacles_pkg:/home/user/exchange/ros_proxy_ws/install/ros_proxy:/opt/pal/alum:/opt/ros/humble /usr/bin/cmake /home/user/exchange/omnibase_ws/zed2_camera_ws/src/zed-ros2-interfaces -DAMENT_CMAKE_SYMLINK_INSTALL=1 -DCMAKE_INSTALL_PREFIX=/home/user/exchange/omnibase_ws/zed2_camera_ws/install/zed_msgs
[1.755s] DEBUG:colcon.colcon_core.event_handler.log_command:Invoked command in '/home/user/exchange/omnibase_ws/zed2_camera_ws/build/zed_msgs' returned '0': CMAKE_PREFIX_PATH=${CMAKE_PREFIX_PATH}:/home/user/exchange/unimore_ws/install/check_obstacles_pkg:/home/user/exchange/ros_proxy_ws/install/ros_proxy:/opt/pal/alum:/opt/ros/humble /usr/bin/cmake /home/user/exchange/omnibase_ws/zed2_camera_ws/src/zed-ros2-interfaces -DAMENT_CMAKE_SYMLINK_INSTALL=1 -DCMAKE_INSTALL_PREFIX=/home/user/exchange/omnibase_ws/zed2_camera_ws/install/zed_msgs
[1.758s] DEBUG:colcon.colcon_core.event_handler.log_command:Invoking command in '/home/user/exchange/omnibase_ws/zed2_camera_ws/build/zed_msgs': CMAKE_PREFIX_PATH=${CMAKE_PREFIX_PATH}:/home/user/exchange/unimore_ws/install/check_obstacles_pkg:/home/user/exchange/ros_proxy_ws/install/ros_proxy:/opt/pal/alum:/opt/ros/humble /usr/bin/cmake --build /home/user/exchange/omnibase_ws/zed2_camera_ws/build/zed_msgs -- -j22 -l22
[10.097s] DEBUG:colcon.colcon_core.event_handler.log_command:Invoked command in '/home/user/exchange/omnibase_ws/zed2_camera_ws/build/zed_msgs' returned '0': CMAKE_PREFIX_PATH=${CMAKE_PREFIX_PATH}:/home/user/exchange/unimore_ws/install/check_obstacles_pkg:/home/user/exchange/ros_proxy_ws/install/ros_proxy:/opt/pal/alum:/opt/ros/humble /usr/bin/cmake --build /home/user/exchange/omnibase_ws/zed2_camera_ws/build/zed_msgs -- -j22 -l22
[10.106s] DEBUG:colcon.colcon_core.event_handler.log_command:Invoking command in '/home/user/exchange/omnibase_ws/zed2_camera_ws/build/zed_msgs': CMAKE_PREFIX_PATH=${CMAKE_PREFIX_PATH}:/home/user/exchange/unimore_ws/install/check_obstacles_pkg:/home/user/exchange/ros_proxy_ws/install/ros_proxy:/opt/pal/alum:/opt/ros/humble /usr/bin/cmake --install /home/user/exchange/omnibase_ws/zed2_camera_ws/build/zed_msgs
[12.593s] Level 1:colcon.colcon_core.environment:create_environment_scripts_only(zed_msgs)
[12.593s] DEBUG:colcon.colcon_core.event_handler.log_command:Invoked command in '/home/user/exchange/omnibase_ws/zed2_camera_ws/build/zed_msgs' returned '0': CMAKE_PREFIX_PATH=${CMAKE_PREFIX_PATH}:/home/user/exchange/unimore_ws/install/check_obstacles_pkg:/home/user/exchange/ros_proxy_ws/install/ros_proxy:/opt/pal/alum:/opt/ros/humble /usr/bin/cmake --install /home/user/exchange/omnibase_ws/zed2_camera_ws/build/zed_msgs
[12.601s] Level 1:colcon.colcon_core.environment:checking '/home/user/exchange/omnibase_ws/zed2_camera_ws/install/zed_msgs' for CMake module files
[12.602s] Level 1:colcon.colcon_core.environment:checking '/home/user/exchange/omnibase_ws/zed2_camera_ws/install/zed_msgs' for CMake config files
[12.602s] Level 1:colcon.colcon_core.shell:create_environment_hook('zed_msgs', 'cmake_prefix_path')
[12.602s] INFO:colcon.colcon_core.shell:Creating environment hook '/home/user/exchange/omnibase_ws/zed2_camera_ws/install/zed_msgs/share/zed_msgs/hook/cmake_prefix_path.ps1'
[12.603s] INFO:colcon.colcon_core.shell:Creating environment descriptor '/home/user/exchange/omnibase_ws/zed2_camera_ws/install/zed_msgs/share/zed_msgs/hook/cmake_prefix_path.dsv'
[12.603s] INFO:colcon.colcon_core.shell:Creating environment hook '/home/user/exchange/omnibase_ws/zed2_camera_ws/install/zed_msgs/share/zed_msgs/hook/cmake_prefix_path.sh'
[12.603s] Level 1:colcon.colcon_core.environment:checking '/home/user/exchange/omnibase_ws/zed2_camera_ws/install/zed_msgs/lib'
[12.603s] Level 1:colcon.colcon_core.shell:create_environment_hook('zed_msgs', 'ld_library_path_lib')
[12.604s] INFO:colcon.colcon_core.shell:Creating environment hook '/home/user/exchange/omnibase_ws/zed2_camera_ws/install/zed_msgs/share/zed_msgs/hook/ld_library_path_lib.ps1'
[12.604s] INFO:colcon.colcon_core.shell:Creating environment descriptor '/home/user/exchange/omnibase_ws/zed2_camera_ws/install/zed_msgs/share/zed_msgs/hook/ld_library_path_lib.dsv'
[12.604s] INFO:colcon.colcon_core.shell:Creating environment hook '/home/user/exchange/omnibase_ws/zed2_camera_ws/install/zed_msgs/share/zed_msgs/hook/ld_library_path_lib.sh'
[12.604s] Level 1:colcon.colcon_core.environment:checking '/home/user/exchange/omnibase_ws/zed2_camera_ws/install/zed_msgs/bin'
[12.604s] Level 1:colcon.colcon_core.environment:checking '/home/user/exchange/omnibase_ws/zed2_camera_ws/install/zed_msgs/lib/pkgconfig/zed_msgs.pc'
[12.605s] Level 1:colcon.colcon_core.environment:checking '/home/user/exchange/omnibase_ws/zed2_camera_ws/install/zed_msgs/lib/python3.10/site-packages'
[12.606s] Level 1:colcon.colcon_core.environment:checking '/home/user/exchange/omnibase_ws/zed2_camera_ws/install/zed_msgs/bin'
[12.606s] INFO:colcon.colcon_core.shell:Creating package script '/home/user/exchange/omnibase_ws/zed2_camera_ws/install/zed_msgs/share/zed_msgs/package.ps1'
[12.606s] INFO:colcon.colcon_core.shell:Creating package descriptor '/home/user/exchange/omnibase_ws/zed2_camera_ws/install/zed_msgs/share/zed_msgs/package.dsv'
[12.607s] INFO:colcon.colcon_core.shell:Creating package script '/home/user/exchange/omnibase_ws/zed2_camera_ws/install/zed_msgs/share/zed_msgs/package.sh'
[12.607s] INFO:colcon.colcon_core.shell:Creating package script '/home/user/exchange/omnibase_ws/zed2_camera_ws/install/zed_msgs/share/zed_msgs/package.bash'
[12.607s] INFO:colcon.colcon_core.shell:Creating package script '/home/user/exchange/omnibase_ws/zed2_camera_ws/install/zed_msgs/share/zed_msgs/package.zsh'
[12.608s] Level 1:colcon.colcon_core.environment:create_file_with_runtime_dependencies(/home/user/exchange/omnibase_ws/zed2_camera_ws/install/zed_msgs/share/colcon-core/packages/zed_msgs)
[12.608s] Level 1:colcon.colcon_core.environment:create_environment_scripts_only(zed_msgs)
[12.608s] Level 1:colcon.colcon_core.environment:checking '/home/user/exchange/omnibase_ws/zed2_camera_ws/install/zed_msgs' for CMake module files
[12.608s] Level 1:colcon.colcon_core.environment:checking '/home/user/exchange/omnibase_ws/zed2_camera_ws/install/zed_msgs' for CMake config files
[12.609s] Level 1:colcon.colcon_core.shell:create_environment_hook('zed_msgs', 'cmake_prefix_path')
[12.609s] INFO:colcon.colcon_core.shell:Creating environment hook '/home/user/exchange/omnibase_ws/zed2_camera_ws/install/zed_msgs/share/zed_msgs/hook/cmake_prefix_path.ps1'
[12.609s] INFO:colcon.colcon_core.shell:Creating environment descriptor '/home/user/exchange/omnibase_ws/zed2_camera_ws/install/zed_msgs/share/zed_msgs/hook/cmake_prefix_path.dsv'
[12.609s] INFO:colcon.colcon_core.shell:Creating environment hook '/home/user/exchange/omnibase_ws/zed2_camera_ws/install/zed_msgs/share/zed_msgs/hook/cmake_prefix_path.sh'
[12.610s] Level 1:colcon.colcon_core.environment:checking '/home/user/exchange/omnibase_ws/zed2_camera_ws/install/zed_msgs/lib'
[12.610s] Level 1:colcon.colcon_core.shell:create_environment_hook('zed_msgs', 'ld_library_path_lib')
[12.610s] INFO:colcon.colcon_core.shell:Creating environment hook '/home/user/exchange/omnibase_ws/zed2_camera_ws/install/zed_msgs/share/zed_msgs/hook/ld_library_path_lib.ps1'
[12.610s] INFO:colcon.colcon_core.shell:Creating environment descriptor '/home/user/exchange/omnibase_ws/zed2_camera_ws/install/zed_msgs/share/zed_msgs/hook/ld_library_path_lib.dsv'
[12.610s] INFO:colcon.colcon_core.shell:Creating environment hook '/home/user/exchange/omnibase_ws/zed2_camera_ws/install/zed_msgs/share/zed_msgs/hook/ld_library_path_lib.sh'
[12.610s] Level 1:colcon.colcon_core.environment:checking '/home/user/exchange/omnibase_ws/zed2_camera_ws/install/zed_msgs/bin'
[12.610s] Level 1:colcon.colcon_core.environment:checking '/home/user/exchange/omnibase_ws/zed2_camera_ws/install/zed_msgs/lib/pkgconfig/zed_msgs.pc'
[12.611s] Level 1:colcon.colcon_core.environment:checking '/home/user/exchange/omnibase_ws/zed2_camera_ws/install/zed_msgs/lib/python3.10/site-packages'
[12.611s] Level 1:colcon.colcon_core.environment:checking '/home/user/exchange/omnibase_ws/zed2_camera_ws/install/zed_msgs/bin'
[12.611s] INFO:colcon.colcon_core.shell:Creating package script '/home/user/exchange/omnibase_ws/zed2_camera_ws/install/zed_msgs/share/zed_msgs/package.ps1'
[12.611s] INFO:colcon.colcon_core.shell:Creating package descriptor '/home/user/exchange/omnibase_ws/zed2_camera_ws/install/zed_msgs/share/zed_msgs/package.dsv'
[12.611s] INFO:colcon.colcon_core.shell:Creating package script '/home/user/exchange/omnibase_ws/zed2_camera_ws/install/zed_msgs/share/zed_msgs/package.sh'
[12.612s] INFO:colcon.colcon_core.shell:Creating package script '/home/user/exchange/omnibase_ws/zed2_camera_ws/install/zed_msgs/share/zed_msgs/package.bash'
[12.612s] INFO:colcon.colcon_core.shell:Creating package script '/home/user/exchange/omnibase_ws/zed2_camera_ws/install/zed_msgs/share/zed_msgs/package.zsh'
[12.612s] Level 1:colcon.colcon_core.environment:create_file_with_runtime_dependencies(/home/user/exchange/omnibase_ws/zed2_camera_ws/install/zed_msgs/share/colcon-core/packages/zed_msgs)
[12.612s] DEBUG:colcon.colcon_parallel_executor.executor.parallel:closing loop
[12.612s] DEBUG:colcon.colcon_parallel_executor.executor.parallel:loop closed
[12.612s] DEBUG:colcon.colcon_parallel_executor.executor.parallel:run_until_complete finished with '0'
[12.612s] DEBUG:colcon.colcon_core.event_reactor:joining thread
[12.617s] INFO:colcon.colcon_core.plugin_system:Skipping extension 'colcon_notification.desktop_notification.notify_send': Could not find 'notify-send'
[12.617s] INFO:colcon.colcon_core.plugin_system:Skipping extension 'colcon_notification.desktop_notification.terminal_notifier': Not used on non-Darwin systems
[12.617s] INFO:colcon.colcon_core.plugin_system:Skipping extension 'colcon_notification.desktop_notification.win32': Not used on non-Windows systems
[12.617s] INFO:colcon.colcon_notification.desktop_notification:Sending desktop notification using 'notify2'
[12.619s] DEBUG:colcon.colcon_notification.desktop_notification.notify2:Failed to initialize notify2: org.freedesktop.DBus.Error.Spawn.ExecFailed: /usr/bin/dbus-launch terminated abnormally without any error message
[12.619s] DEBUG:colcon.colcon_core.event_reactor:joined thread
[12.619s] INFO:colcon.colcon_core.shell:Creating prefix script '/home/user/exchange/omnibase_ws/zed2_camera_ws/install/local_setup.ps1'
[12.620s] INFO:colcon.colcon_core.shell:Creating prefix util module '/home/user/exchange/omnibase_ws/zed2_camera_ws/install/_local_setup_util_ps1.py'
[12.621s] INFO:colcon.colcon_core.shell:Creating prefix chain script '/home/user/exchange/omnibase_ws/zed2_camera_ws/install/setup.ps1'
[12.622s] INFO:colcon.colcon_core.shell:Creating prefix script '/home/user/exchange/omnibase_ws/zed2_camera_ws/install/local_setup.sh'
[12.622s] INFO:colcon.colcon_core.shell:Creating prefix util module '/home/user/exchange/omnibase_ws/zed2_camera_ws/install/_local_setup_util_sh.py'
[12.622s] INFO:colcon.colcon_core.shell:Creating prefix chain script '/home/user/exchange/omnibase_ws/zed2_camera_ws/install/setup.sh'
[12.623s] INFO:colcon.colcon_core.shell:Creating prefix script '/home/user/exchange/omnibase_ws/zed2_camera_ws/install/local_setup.bash'
[12.624s] INFO:colcon.colcon_core.shell:Creating prefix chain script '/home/user/exchange/omnibase_ws/zed2_camera_ws/install/setup.bash'
[12.624s] INFO:colcon.colcon_core.shell:Creating prefix script '/home/user/exchange/omnibase_ws/zed2_camera_ws/install/local_setup.zsh'
[12.625s] INFO:colcon.colcon_core.shell:Creating prefix chain script '/home/user/exchange/omnibase_ws/zed2_camera_ws/install/setup.zsh'
