[0.013s] Invoking command in '/home/user/exchange/omnibase_ws/zed2_camera_ws/build/zed2_camera_pkg': AMENT_PREFIX_PATH=/home/user/exchange/omnibase_ws/zed2_camera_ws/install/zed_msgs:${AMENT_PREFIX_PATH} CMAKE_PREFIX_PATH=/home/user/exchange/omnibase_ws/zed2_camera_ws/install/zed_msgs:/home/user/exchange/unimore_ws/install/sermas_test_pkg:/home/user/exchange/unimore_ws/install/goal_action_pkg:/home/user/exchange/unimore_ws/install/tts_msgs:/home/user/exchange/unimore_ws/install/cbf-stl-no-noise_pkg:/home/user/exchange/unimore_ws/install/my_interfaces_cbf_stl:/home/user/exchange/unimore_ws/install/move_arms_pkg:/home/user/exchange/zed2_camera_ws/install/zed_ros2:/home/user/exchange/zed2_camera_ws/install/zed_robot_integration:/home/user/exchange/zed2_camera_ws/install/zed_ipc:/home/user/exchange/zed2_camera_ws/install/zed_multi_camera:/home/user/exchange/zed2_camera_ws/install/zed_display_rviz2:/home/user/exchange/zed2_camera_ws/install/zed_depth_to_laserscan:/home/user/exchange/zed2_camera_ws/install/zed_wrapper:/home/user/exchange/zed2_camera_ws/install/zed_tutorial_video:/home/user/exchange/zed2_camera_ws/install/zed_tutorial_pos_tracking:/home/user/exchange/zed2_camera_ws/install/zed_tutorial_depth:/home/user/exchange/zed2_camera_ws/install/zed_topic_benchmark:/home/user/exchange/zed2_camera_ws/install/zed_topic_benchmark_component:/home/user/exchange/zed2_camera_ws/install/zed_topic_benchmark_interfaces:/home/user/exchange/zed2_camera_ws/install/zed_rgb_convert:/home/user/exchange/zed2_camera_ws/install/zed_aruco_localization:/home/user/exchange/zed2_camera_ws/install/zed_components:/home/user/exchange/zed2_camera_ws/install/zed-ros2-distance_pkg:/home/user/exchange/zed2_camera_ws/install/rviz_plugin_zed_od:/home/user/exchange/zed2_camera_ws/install/zed_msgs:/home/user/exchange/ros_proxy_ws/install/users_landmarks_msgs:/home/user/exchange/ros_proxy_ws/install/session_event_msgs:/opt/pal/alum/opt/rbdl_vendor:/home/user/exchange/unimore_ws/install/check_obstacles_pkg:/home/user/exchange/ros_proxy_ws/install/ros_proxy:/opt/pal/alum:/opt/ros/humble LD_LIBRARY_PATH=/home/user/exchange/omnibase_ws/zed2_camera_ws/install/zed_msgs/lib:${LD_LIBRARY_PATH} PYTHONPATH=/home/user/exchange/omnibase_ws/zed2_camera_ws/install/zed_msgs/local/lib/python3.10/dist-packages:${PYTHONPATH} /usr/bin/cmake /home/user/exchange/omnibase_ws/zed2_camera_ws/src/zed2_camera_pkg -DAMENT_CMAKE_SYMLINK_INSTALL=1 -DCMAKE_INSTALL_PREFIX=/home/user/exchange/omnibase_ws/zed2_camera_ws/install/zed2_camera_pkg
[0.059s] -- The C compiler identification is GNU 11.4.0
[0.099s] -- The CXX compiler identification is GNU 11.4.0
[0.104s] -- Detecting C compiler ABI info
[0.166s] -- Detecting C compiler ABI info - done
[0.170s] -- Check for working C compiler: /usr/bin/cc - skipped
[0.170s] -- Detecting C compile features
[0.170s] -- Detecting C compile features - done
[0.172s] -- Detecting CXX compiler ABI info
[0.240s] -- Detecting CXX compiler ABI info - done
[0.244s] -- Check for working CXX compiler: /usr/bin/c++ - skipped
[0.244s] -- Detecting CXX compile features
[0.244s] -- Detecting CXX compile features - done
[0.249s] -- Found ament_cmake: 1.3.11 (/opt/ros/humble/share/ament_cmake/cmake)
[0.384s] -- Found Python3: /usr/bin/python3 (found version "3.10.12") found components: Interpreter 
[0.430s] -- Override CMake install command with custom implementation using symlinks instead of copying resources
[0.491s] -- Found rclcpp: 16.0.11 (/opt/ros/humble/share/rclcpp/cmake)
[0.550s] -- Found rosidl_generator_c: 3.1.6 (/opt/ros/humble/share/rosidl_generator_c/cmake)
[0.560s] -- Found rosidl_adapter: 3.1.6 (/opt/ros/humble/share/rosidl_adapter/cmake)
[0.572s] -- Found rosidl_generator_cpp: 3.1.6 (/opt/ros/humble/share/rosidl_generator_cpp/cmake)
[0.587s] -- Using all available rosidl_typesupport_c: rosidl_typesupport_fastrtps_c;rosidl_typesupport_introspection_c
[0.608s] -- Using all available rosidl_typesupport_cpp: rosidl_typesupport_fastrtps_cpp;rosidl_typesupport_introspection_cpp
[0.668s] -- Found rmw_implementation_cmake: 6.1.2 (/opt/ros/humble/share/rmw_implementation_cmake/cmake)
[0.674s] -- Found rmw_cyclonedds_cpp: 1.3.4 (/opt/ros/humble/share/rmw_cyclonedds_cpp/cmake)
[0.704s] -- Using RMW implementation 'rmw_cyclonedds_cpp' as default
[0.718s] -- Looking for pthread.h
[0.773s] -- Looking for pthread.h - found
[0.773s] -- Performing Test CMAKE_HAVE_LIBC_PTHREAD
[0.828s] -- Performing Test CMAKE_HAVE_LIBC_PTHREAD - Success
[0.828s] -- Found Threads: TRUE  
[0.877s] -- Found sensor_msgs: 4.2.4 (/opt/ros/humble/share/sensor_msgs/cmake)
[0.912s] -- Found cv_bridge: 3.2.1 (/opt/ros/humble/share/cv_bridge/cmake)
[0.927s] -- Found image_transport: 3.1.10 (/opt/ros/humble/share/image_transport/cmake)
[0.980s] -- Found OpenCV: /usr (found version "4.5.4") 
[0.981s] -- Found zed_msgs: 5.0.0 (/home/user/exchange/omnibase_ws/zed2_camera_ws/install/zed_msgs/share/zed_msgs/cmake)
[1.007s] [31mCMake Error at CMakeLists.txt:22 (target_include_directories):
[1.007s]   target_include_directories called with invalid arguments
[1.007s] 
[1.007s] [0m
[1.007s] [31mCMake Error at CMakeLists.txt:25 (target_compile_features):
[1.008s]   target_compile_features called with invalid arguments
[1.008s] 
[1.008s] [0m
[1.008s] [31mCMake Error at /opt/ros/humble/share/ament_cmake_target_dependencies/cmake/ament_target_dependencies.cmake:77 (message):
[1.008s]   ament_target_dependencies() the passed package name 'camera' was not found
[1.008s]   before
[1.008s] Call Stack (most recent call first):
[1.008s]   CMakeLists.txt:27 (ament_target_dependencies)
[1.008s] 
[1.008s] [0m
[1.008s] -- Configuring incomplete, errors occurred!
[1.008s] See also "/home/user/exchange/omnibase_ws/zed2_camera_ws/build/zed2_camera_pkg/CMakeFiles/CMakeOutput.log".
[1.015s] Invoked command in '/home/user/exchange/omnibase_ws/zed2_camera_ws/build/zed2_camera_pkg' returned '1': AMENT_PREFIX_PATH=/home/user/exchange/omnibase_ws/zed2_camera_ws/install/zed_msgs:${AMENT_PREFIX_PATH} CMAKE_PREFIX_PATH=/home/user/exchange/omnibase_ws/zed2_camera_ws/install/zed_msgs:/home/user/exchange/unimore_ws/install/sermas_test_pkg:/home/user/exchange/unimore_ws/install/goal_action_pkg:/home/user/exchange/unimore_ws/install/tts_msgs:/home/user/exchange/unimore_ws/install/cbf-stl-no-noise_pkg:/home/user/exchange/unimore_ws/install/my_interfaces_cbf_stl:/home/user/exchange/unimore_ws/install/move_arms_pkg:/home/user/exchange/zed2_camera_ws/install/zed_ros2:/home/user/exchange/zed2_camera_ws/install/zed_robot_integration:/home/user/exchange/zed2_camera_ws/install/zed_ipc:/home/user/exchange/zed2_camera_ws/install/zed_multi_camera:/home/user/exchange/zed2_camera_ws/install/zed_display_rviz2:/home/user/exchange/zed2_camera_ws/install/zed_depth_to_laserscan:/home/user/exchange/zed2_camera_ws/install/zed_wrapper:/home/user/exchange/zed2_camera_ws/install/zed_tutorial_video:/home/user/exchange/zed2_camera_ws/install/zed_tutorial_pos_tracking:/home/user/exchange/zed2_camera_ws/install/zed_tutorial_depth:/home/user/exchange/zed2_camera_ws/install/zed_topic_benchmark:/home/user/exchange/zed2_camera_ws/install/zed_topic_benchmark_component:/home/user/exchange/zed2_camera_ws/install/zed_topic_benchmark_interfaces:/home/user/exchange/zed2_camera_ws/install/zed_rgb_convert:/home/user/exchange/zed2_camera_ws/install/zed_aruco_localization:/home/user/exchange/zed2_camera_ws/install/zed_components:/home/user/exchange/zed2_camera_ws/install/zed-ros2-distance_pkg:/home/user/exchange/zed2_camera_ws/install/rviz_plugin_zed_od:/home/user/exchange/zed2_camera_ws/install/zed_msgs:/home/user/exchange/ros_proxy_ws/install/users_landmarks_msgs:/home/user/exchange/ros_proxy_ws/install/session_event_msgs:/opt/pal/alum/opt/rbdl_vendor:/home/user/exchange/unimore_ws/install/check_obstacles_pkg:/home/user/exchange/ros_proxy_ws/install/ros_proxy:/opt/pal/alum:/opt/ros/humble LD_LIBRARY_PATH=/home/user/exchange/omnibase_ws/zed2_camera_ws/install/zed_msgs/lib:${LD_LIBRARY_PATH} PYTHONPATH=/home/user/exchange/omnibase_ws/zed2_camera_ws/install/zed_msgs/local/lib/python3.10/dist-packages:${PYTHONPATH} /usr/bin/cmake /home/user/exchange/omnibase_ws/zed2_camera_ws/src/zed2_camera_pkg -DAMENT_CMAKE_SYMLINK_INSTALL=1 -DCMAKE_INSTALL_PREFIX=/home/user/exchange/omnibase_ws/zed2_camera_ws/install/zed2_camera_pkg
