[ 50%] [32mBuilding CXX object CMakeFiles/manager_cbf_stl_node.dir/src/manager_cbf_stl_node.cpp.o[0m
[100%] [32m[1mLinking CXX executable manager_cbf_stl_node[0m
[100%] Built target manager_cbf_stl_node
-- Install configuration: ""
-- Execute custom install script
-- Up-to-date symlink: /home/user/exchange/omnibase_ws/cbf_stl_ws/install/manager_cbf_stl_pkg/lib/manager_cbf_stl_pkg/manager_cbf_stl_node
-- Up-to-date symlink: /home/user/exchange/omnibase_ws/cbf_stl_ws/install/manager_cbf_stl_pkg/share/ament_index/resource_index/package_run_dependencies/manager_cbf_stl_pkg
-- Up-to-date symlink: /home/user/exchange/omnibase_ws/cbf_stl_ws/install/manager_cbf_stl_pkg/share/ament_index/resource_index/parent_prefix_path/manager_cbf_stl_pkg
-- Up-to-date symlink: /home/user/exchange/omnibase_ws/cbf_stl_ws/install/manager_cbf_stl_pkg/share/manager_cbf_stl_pkg/environment/ament_prefix_path.sh
-- Up-to-date symlink: /home/user/exchange/omnibase_ws/cbf_stl_ws/install/manager_cbf_stl_pkg/share/manager_cbf_stl_pkg/environment/ament_prefix_path.dsv
-- Up-to-date symlink: /home/user/exchange/omnibase_ws/cbf_stl_ws/install/manager_cbf_stl_pkg/share/manager_cbf_stl_pkg/environment/path.sh
-- Up-to-date symlink: /home/user/exchange/omnibase_ws/cbf_stl_ws/install/manager_cbf_stl_pkg/share/manager_cbf_stl_pkg/environment/path.dsv
-- Up-to-date symlink: /home/user/exchange/omnibase_ws/cbf_stl_ws/install/manager_cbf_stl_pkg/share/manager_cbf_stl_pkg/local_setup.bash
-- Up-to-date symlink: /home/user/exchange/omnibase_ws/cbf_stl_ws/install/manager_cbf_stl_pkg/share/manager_cbf_stl_pkg/local_setup.sh
-- Up-to-date symlink: /home/user/exchange/omnibase_ws/cbf_stl_ws/install/manager_cbf_stl_pkg/share/manager_cbf_stl_pkg/local_setup.zsh
-- Up-to-date symlink: /home/user/exchange/omnibase_ws/cbf_stl_ws/install/manager_cbf_stl_pkg/share/manager_cbf_stl_pkg/local_setup.dsv
-- Symlinking: /home/user/exchange/omnibase_ws/cbf_stl_ws/install/manager_cbf_stl_pkg/share/manager_cbf_stl_pkg/package.dsv
-- Up-to-date symlink: /home/user/exchange/omnibase_ws/cbf_stl_ws/install/manager_cbf_stl_pkg/share/ament_index/resource_index/packages/manager_cbf_stl_pkg
-- Up-to-date symlink: /home/user/exchange/omnibase_ws/cbf_stl_ws/install/manager_cbf_stl_pkg/share/manager_cbf_stl_pkg/cmake/manager_cbf_stl_pkgConfig.cmake
-- Up-to-date symlink: /home/user/exchange/omnibase_ws/cbf_stl_ws/install/manager_cbf_stl_pkg/share/manager_cbf_stl_pkg/cmake/manager_cbf_stl_pkgConfig-version.cmake
-- Up-to-date symlink: /home/user/exchange/omnibase_ws/cbf_stl_ws/install/manager_cbf_stl_pkg/share/manager_cbf_stl_pkg/package.xml
