running develop
running egg_info
creating check_obstacle_pkg.egg-info
writing check_obstacle_pkg.egg-info/PKG-INFO
writing dependency_links to check_obstacle_pkg.egg-info/dependency_links.txt
writing entry points to check_obstacle_pkg.egg-info/entry_points.txt
writing requirements to check_obstacle_pkg.egg-info/requires.txt
writing top-level names to check_obstacle_pkg.egg-info/top_level.txt
writing manifest file 'check_obstacle_pkg.egg-info/SOURCES.txt'
reading manifest file 'check_obstacle_pkg.egg-info/SOURCES.txt'
writing manifest file 'check_obstacle_pkg.egg-info/SOURCES.txt'
running build_ext
Creating /home/user/exchange/omnibase_ws/cbf_stl_ws/install/check_obstacle_pkg/lib/python3.10/site-packages/check-obstacle-pkg.egg-link (link to .)
Installing check_obstacle_node script to /home/user/exchange/omnibase_ws/cbf_stl_ws/install/check_obstacle_pkg/lib/check_obstacle_pkg

Installed /home/user/exchange/omnibase_ws/cbf_stl_ws/build/check_obstacle_pkg
running symlink_data
creating /home/user/exchange/omnibase_ws/cbf_stl_ws/install/check_obstacle_pkg/share/ament_index
creating /home/user/exchange/omnibase_ws/cbf_stl_ws/install/check_obstacle_pkg/share/ament_index/resource_index
creating /home/user/exchange/omnibase_ws/cbf_stl_ws/install/check_obstacle_pkg/share/ament_index/resource_index/packages
symbolically linking /home/user/exchange/omnibase_ws/cbf_stl_ws/build/check_obstacle_pkg/resource/check_obstacle_pkg -> /home/user/exchange/omnibase_ws/cbf_stl_ws/install/check_obstacle_pkg/share/ament_index/resource_index/packages
symbolically linking /home/user/exchange/omnibase_ws/cbf_stl_ws/build/check_obstacle_pkg/package.xml -> /home/user/exchange/omnibase_ws/cbf_stl_ws/install/check_obstacle_pkg/share/check_obstacle_pkg
