-- Found ament_cmake: 1.3.11 (/opt/ros/humble/share/ament_cmake/cmake)
-- Override CMake install command with custom implementation using symlinks instead of copying resources
-- Found rclcpp: 16.0.11 (/opt/ros/humble/share/rclcpp/cmake)
-- Found rosidl_generator_c: 3.1.6 (/opt/ros/humble/share/rosidl_generator_c/cmake)
-- Found rosidl_adapter: 3.1.6 (/opt/ros/humble/share/rosidl_adapter/cmake)
-- Found rosidl_generator_cpp: 3.1.6 (/opt/ros/humble/share/rosidl_generator_cpp/cmake)
-- Using all available rosidl_typesupport_c: rosidl_typesupport_fastrtps_c;rosidl_typesupport_introspection_c
-- Using all available rosidl_typesupport_cpp: rosidl_typesupport_fastrtps_cpp;rosidl_typesupport_introspection_cpp
-- Found rmw_implementation_cmake: 6.1.2 (/opt/ros/humble/share/rmw_implementation_cmake/cmake)
-- Found rmw_cyclonedds_cpp: 1.3.4 (/opt/ros/humble/share/rmw_cyclonedds_cpp/cmake)
-- Using RMW implementation 'rmw_cyclonedds_cpp' as default
-- Found sensor_msgs: 4.2.4 (/opt/ros/humble/share/sensor_msgs/cmake)
-- Found cv_bridge: 3.2.1 (/opt/ros/humble/share/cv_bridge/cmake)
-- Found image_transport: 3.1.10 (/opt/ros/humble/share/image_transport/cmake)
-- Found zed_msgs: 5.0.0 (/home/user/exchange/omnibase_ws/zed2_camera_ws/install/zed_msgs/share/zed_msgs/cmake)
-- Found ament_lint_auto: 0.12.11 (/opt/ros/humble/share/ament_lint_auto/cmake)
-- Added test 'cppcheck' to perform static code analysis on C / C++ code
-- Configured cppcheck include dirs: $<BUILD_INTERFACE:/home/user/exchange/omnibase_ws/zed2_camera_ws/src/zed2_camera_pkg/include>
-- Configured cppcheck exclude dirs and/or files: 
-- Added test 'flake8' to check Python code syntax and style conventions
-- Added test 'lint_cmake' to check CMake code style
-- Added test 'pep257' to check Python code against some of the docstring style conventions in PEP 257
-- Added test 'uncrustify' to check C / C++ code style
-- Configured uncrustify additional arguments: 
-- Added test 'xmllint' to check XML markup files
-- Configuring done
-- Generating done
-- Build files have been written to: /home/user/exchange/omnibase_ws/zed2_camera_ws/build/zed2_camera_pkg
[35m[1mConsolidate compiler generated dependencies of target zed2_camera_node[0m
[ 50%] [32mBuilding CXX object CMakeFiles/zed2_camera_node.dir/src/zed2_camera_node.cpp.o[0m
[100%] [32m[1mLinking CXX executable zed2_camera_node[0m
[100%] Built target zed2_camera_node
-- Install configuration: ""
-- Execute custom install script
-- Up-to-date symlink: /home/user/exchange/omnibase_ws/zed2_camera_ws/install/zed2_camera_pkg/lib/zed2_camera_pkg/zed2_camera_node
-- Up-to-date symlink: /home/user/exchange/omnibase_ws/zed2_camera_ws/install/zed2_camera_pkg/share/zed2_camera_pkg/launch/zed2_camera.launch.py
-- Up-to-date symlink: /home/user/exchange/omnibase_ws/zed2_camera_ws/install/zed2_camera_pkg/share/ament_index/resource_index/package_run_dependencies/zed2_camera_pkg
-- Up-to-date symlink: /home/user/exchange/omnibase_ws/zed2_camera_ws/install/zed2_camera_pkg/share/ament_index/resource_index/parent_prefix_path/zed2_camera_pkg
-- Up-to-date symlink: /home/user/exchange/omnibase_ws/zed2_camera_ws/install/zed2_camera_pkg/share/zed2_camera_pkg/environment/ament_prefix_path.sh
-- Up-to-date symlink: /home/user/exchange/omnibase_ws/zed2_camera_ws/install/zed2_camera_pkg/share/zed2_camera_pkg/environment/ament_prefix_path.dsv
-- Up-to-date symlink: /home/user/exchange/omnibase_ws/zed2_camera_ws/install/zed2_camera_pkg/share/zed2_camera_pkg/environment/path.sh
-- Up-to-date symlink: /home/user/exchange/omnibase_ws/zed2_camera_ws/install/zed2_camera_pkg/share/zed2_camera_pkg/environment/path.dsv
-- Up-to-date symlink: /home/user/exchange/omnibase_ws/zed2_camera_ws/install/zed2_camera_pkg/share/zed2_camera_pkg/local_setup.bash
-- Up-to-date symlink: /home/user/exchange/omnibase_ws/zed2_camera_ws/install/zed2_camera_pkg/share/zed2_camera_pkg/local_setup.sh
-- Up-to-date symlink: /home/user/exchange/omnibase_ws/zed2_camera_ws/install/zed2_camera_pkg/share/zed2_camera_pkg/local_setup.zsh
-- Up-to-date symlink: /home/user/exchange/omnibase_ws/zed2_camera_ws/install/zed2_camera_pkg/share/zed2_camera_pkg/local_setup.dsv
-- Symlinking: /home/user/exchange/omnibase_ws/zed2_camera_ws/install/zed2_camera_pkg/share/zed2_camera_pkg/package.dsv
-- Up-to-date symlink: /home/user/exchange/omnibase_ws/zed2_camera_ws/install/zed2_camera_pkg/share/ament_index/resource_index/packages/zed2_camera_pkg
-- Up-to-date symlink: /home/user/exchange/omnibase_ws/zed2_camera_ws/install/zed2_camera_pkg/share/zed2_camera_pkg/cmake/zed2_camera_pkgConfig.cmake
-- Up-to-date symlink: /home/user/exchange/omnibase_ws/zed2_camera_ws/install/zed2_camera_pkg/share/zed2_camera_pkg/cmake/zed2_camera_pkgConfig-version.cmake
-- Up-to-date symlink: /home/user/exchange/omnibase_ws/zed2_camera_ws/install/zed2_camera_pkg/share/zed2_camera_pkg/package.xml
