[0.013s] Invoking command in '/home/user/exchange/omnibase_ws/zed2_camera_ws/build/zed_wrapper': AMENT_PREFIX_PATH=/home/user/exchange/omnibase_ws/zed2_camera_ws/install/zed_components:/home/user/exchange/omnibase_ws/zed2_camera_ws/install/zed_msgs:${AMENT_PREFIX_PATH} CMAKE_PREFIX_PATH=/home/user/exchange/omnibase_ws/zed2_camera_ws/install/zed_components:/home/user/exchange/omnibase_ws/zed2_camera_ws/install/zed_msgs:/home/user/exchange/unimore_ws/install/sermas_test_pkg:/home/user/exchange/unimore_ws/install/goal_action_pkg:/home/user/exchange/unimore_ws/install/tts_msgs:/home/user/exchange/unimore_ws/install/cbf-stl-no-noise_pkg:/home/user/exchange/unimore_ws/install/my_interfaces_cbf_stl:/home/user/exchange/unimore_ws/install/move_arms_pkg:/home/user/exchange/zed2_camera_ws/install/zed_ros2:/home/user/exchange/zed2_camera_ws/install/zed_robot_integration:/home/user/exchange/zed2_camera_ws/install/zed_ipc:/home/user/exchange/zed2_camera_ws/install/zed_multi_camera:/home/user/exchange/zed2_camera_ws/install/zed_display_rviz2:/home/user/exchange/zed2_camera_ws/install/zed_depth_to_laserscan:/home/user/exchange/zed2_camera_ws/install/zed_wrapper:/home/user/exchange/zed2_camera_ws/install/zed_tutorial_video:/home/user/exchange/zed2_camera_ws/install/zed_tutorial_pos_tracking:/home/user/exchange/zed2_camera_ws/install/zed_tutorial_depth:/home/user/exchange/zed2_camera_ws/install/zed_topic_benchmark:/home/user/exchange/zed2_camera_ws/install/zed_topic_benchmark_component:/home/user/exchange/zed2_camera_ws/install/zed_topic_benchmark_interfaces:/home/user/exchange/zed2_camera_ws/install/zed_rgb_convert:/home/user/exchange/zed2_camera_ws/install/zed_aruco_localization:/home/user/exchange/zed2_camera_ws/install/zed_components:/home/user/exchange/zed2_camera_ws/install/zed-ros2-distance_pkg:/home/user/exchange/zed2_camera_ws/install/rviz_plugin_zed_od:/home/user/exchange/zed2_camera_ws/install/zed_msgs:/home/user/exchange/ros_proxy_ws/install/users_landmarks_msgs:/home/user/exchange/ros_proxy_ws/install/session_event_msgs:/opt/pal/alum/opt/rbdl_vendor:/home/user/exchange/unimore_ws/install/check_obstacles_pkg:/home/user/exchange/ros_proxy_ws/install/ros_proxy:/opt/pal/alum:/opt/ros/humble LD_LIBRARY_PATH=/home/user/exchange/omnibase_ws/zed2_camera_ws/install/zed_components/lib:/home/user/exchange/omnibase_ws/zed2_camera_ws/install/zed_msgs/lib:${LD_LIBRARY_PATH} PYTHONPATH=/home/user/exchange/omnibase_ws/zed2_camera_ws/install/zed_msgs/local/lib/python3.10/dist-packages:${PYTHONPATH} /usr/bin/cmake /home/user/exchange/omnibase_ws/zed2_camera_ws/src/zed-ros2-wrapper/zed_wrapper -DAMENT_CMAKE_SYMLINK_INSTALL=1 -DCMAKE_INSTALL_PREFIX=/home/user/exchange/omnibase_ws/zed2_camera_ws/install/zed_wrapper
[0.056s] -- The C compiler identification is GNU 11.4.0
[0.095s] -- The CXX compiler identification is GNU 11.4.0
[0.100s] -- Detecting C compiler ABI info
[0.162s] -- Detecting C compiler ABI info - done
[0.167s] -- Check for working C compiler: /usr/bin/cc - skipped
[0.167s] -- Detecting C compile features
[0.167s] -- Detecting C compile features - done
[0.169s] -- Detecting CXX compiler ABI info
[0.230s] -- Detecting CXX compiler ABI info - done
[0.235s] -- Check for working CXX compiler: /usr/bin/c++ - skipped
[0.235s] -- Detecting CXX compile features
[0.236s] -- Detecting CXX compile features - done
[0.240s] -- Found ament_cmake_auto: 1.3.11 (/opt/ros/humble/share/ament_cmake_auto/cmake)
[0.366s] -- Found Python3: /usr/bin/python3 (found version "3.10.12") found components: Interpreter 
[0.415s] -- Override CMake install command with custom implementation using symlinks instead of copying resources
[0.588s] -- Found rosidl_generator_c: 3.1.6 (/opt/ros/humble/share/rosidl_generator_c/cmake)
[0.598s] -- Found rosidl_adapter: 3.1.6 (/opt/ros/humble/share/rosidl_adapter/cmake)
[0.609s] -- Found rosidl_generator_cpp: 3.1.6 (/opt/ros/humble/share/rosidl_generator_cpp/cmake)
[0.624s] -- Using all available rosidl_typesupport_c: rosidl_typesupport_fastrtps_c;rosidl_typesupport_introspection_c
[0.645s] -- Using all available rosidl_typesupport_cpp: rosidl_typesupport_fastrtps_cpp;rosidl_typesupport_introspection_cpp
[0.704s] -- Found rmw_implementation_cmake: 6.1.2 (/opt/ros/humble/share/rmw_implementation_cmake/cmake)
[0.710s] -- Found rmw_cyclonedds_cpp: 1.3.4 (/opt/ros/humble/share/rmw_cyclonedds_cpp/cmake)
[0.738s] -- Using RMW implementation 'rmw_cyclonedds_cpp' as default
[0.752s] -- Looking for pthread.h
[0.813s] -- Looking for pthread.h - found
[0.813s] -- Performing Test CMAKE_HAVE_LIBC_PTHREAD
[0.870s] -- Performing Test CMAKE_HAVE_LIBC_PTHREAD - Success
[0.871s] -- Found Threads: TRUE  
[1.114s] -- Found eigen3_cmake_module: 0.1.1 (/opt/ros/humble/share/eigen3_cmake_module/cmake)
[1.114s] -- Found Eigen3: TRUE (found version "3.4.0") 
[1.114s] -- Ensuring Eigen3 include directory is part of orocos-kdl CMake target
[1.291s] -- Configuring done
[1.294s] -- Generating done
[1.296s] -- Build files have been written to: /home/user/exchange/omnibase_ws/zed2_camera_ws/build/zed_wrapper
[1.302s] Invoked command in '/home/user/exchange/omnibase_ws/zed2_camera_ws/build/zed_wrapper' returned '0': AMENT_PREFIX_PATH=/home/user/exchange/omnibase_ws/zed2_camera_ws/install/zed_components:/home/user/exchange/omnibase_ws/zed2_camera_ws/install/zed_msgs:${AMENT_PREFIX_PATH} CMAKE_PREFIX_PATH=/home/user/exchange/omnibase_ws/zed2_camera_ws/install/zed_components:/home/user/exchange/omnibase_ws/zed2_camera_ws/install/zed_msgs:/home/user/exchange/unimore_ws/install/sermas_test_pkg:/home/user/exchange/unimore_ws/install/goal_action_pkg:/home/user/exchange/unimore_ws/install/tts_msgs:/home/user/exchange/unimore_ws/install/cbf-stl-no-noise_pkg:/home/user/exchange/unimore_ws/install/my_interfaces_cbf_stl:/home/user/exchange/unimore_ws/install/move_arms_pkg:/home/user/exchange/zed2_camera_ws/install/zed_ros2:/home/user/exchange/zed2_camera_ws/install/zed_robot_integration:/home/user/exchange/zed2_camera_ws/install/zed_ipc:/home/user/exchange/zed2_camera_ws/install/zed_multi_camera:/home/user/exchange/zed2_camera_ws/install/zed_display_rviz2:/home/user/exchange/zed2_camera_ws/install/zed_depth_to_laserscan:/home/user/exchange/zed2_camera_ws/install/zed_wrapper:/home/user/exchange/zed2_camera_ws/install/zed_tutorial_video:/home/user/exchange/zed2_camera_ws/install/zed_tutorial_pos_tracking:/home/user/exchange/zed2_camera_ws/install/zed_tutorial_depth:/home/user/exchange/zed2_camera_ws/install/zed_topic_benchmark:/home/user/exchange/zed2_camera_ws/install/zed_topic_benchmark_component:/home/user/exchange/zed2_camera_ws/install/zed_topic_benchmark_interfaces:/home/user/exchange/zed2_camera_ws/install/zed_rgb_convert:/home/user/exchange/zed2_camera_ws/install/zed_aruco_localization:/home/user/exchange/zed2_camera_ws/install/zed_components:/home/user/exchange/zed2_camera_ws/install/zed-ros2-distance_pkg:/home/user/exchange/zed2_camera_ws/install/rviz_plugin_zed_od:/home/user/exchange/zed2_camera_ws/install/zed_msgs:/home/user/exchange/ros_proxy_ws/install/users_landmarks_msgs:/home/user/exchange/ros_proxy_ws/install/session_event_msgs:/opt/pal/alum/opt/rbdl_vendor:/home/user/exchange/unimore_ws/install/check_obstacles_pkg:/home/user/exchange/ros_proxy_ws/install/ros_proxy:/opt/pal/alum:/opt/ros/humble LD_LIBRARY_PATH=/home/user/exchange/omnibase_ws/zed2_camera_ws/install/zed_components/lib:/home/user/exchange/omnibase_ws/zed2_camera_ws/install/zed_msgs/lib:${LD_LIBRARY_PATH} PYTHONPATH=/home/user/exchange/omnibase_ws/zed2_camera_ws/install/zed_msgs/local/lib/python3.10/dist-packages:${PYTHONPATH} /usr/bin/cmake /home/user/exchange/omnibase_ws/zed2_camera_ws/src/zed-ros2-wrapper/zed_wrapper -DAMENT_CMAKE_SYMLINK_INSTALL=1 -DCMAKE_INSTALL_PREFIX=/home/user/exchange/omnibase_ws/zed2_camera_ws/install/zed_wrapper
[1.303s] Invoking command in '/home/user/exchange/omnibase_ws/zed2_camera_ws/build/zed_wrapper': AMENT_PREFIX_PATH=/home/user/exchange/omnibase_ws/zed2_camera_ws/install/zed_components:/home/user/exchange/omnibase_ws/zed2_camera_ws/install/zed_msgs:${AMENT_PREFIX_PATH} CMAKE_PREFIX_PATH=/home/user/exchange/omnibase_ws/zed2_camera_ws/install/zed_components:/home/user/exchange/omnibase_ws/zed2_camera_ws/install/zed_msgs:/home/user/exchange/unimore_ws/install/sermas_test_pkg:/home/user/exchange/unimore_ws/install/goal_action_pkg:/home/user/exchange/unimore_ws/install/tts_msgs:/home/user/exchange/unimore_ws/install/cbf-stl-no-noise_pkg:/home/user/exchange/unimore_ws/install/my_interfaces_cbf_stl:/home/user/exchange/unimore_ws/install/move_arms_pkg:/home/user/exchange/zed2_camera_ws/install/zed_ros2:/home/user/exchange/zed2_camera_ws/install/zed_robot_integration:/home/user/exchange/zed2_camera_ws/install/zed_ipc:/home/user/exchange/zed2_camera_ws/install/zed_multi_camera:/home/user/exchange/zed2_camera_ws/install/zed_display_rviz2:/home/user/exchange/zed2_camera_ws/install/zed_depth_to_laserscan:/home/user/exchange/zed2_camera_ws/install/zed_wrapper:/home/user/exchange/zed2_camera_ws/install/zed_tutorial_video:/home/user/exchange/zed2_camera_ws/install/zed_tutorial_pos_tracking:/home/user/exchange/zed2_camera_ws/install/zed_tutorial_depth:/home/user/exchange/zed2_camera_ws/install/zed_topic_benchmark:/home/user/exchange/zed2_camera_ws/install/zed_topic_benchmark_component:/home/user/exchange/zed2_camera_ws/install/zed_topic_benchmark_interfaces:/home/user/exchange/zed2_camera_ws/install/zed_rgb_convert:/home/user/exchange/zed2_camera_ws/install/zed_aruco_localization:/home/user/exchange/zed2_camera_ws/install/zed_components:/home/user/exchange/zed2_camera_ws/install/zed-ros2-distance_pkg:/home/user/exchange/zed2_camera_ws/install/rviz_plugin_zed_od:/home/user/exchange/zed2_camera_ws/install/zed_msgs:/home/user/exchange/ros_proxy_ws/install/users_landmarks_msgs:/home/user/exchange/ros_proxy_ws/install/session_event_msgs:/opt/pal/alum/opt/rbdl_vendor:/home/user/exchange/unimore_ws/install/check_obstacles_pkg:/home/user/exchange/ros_proxy_ws/install/ros_proxy:/opt/pal/alum:/opt/ros/humble LD_LIBRARY_PATH=/home/user/exchange/omnibase_ws/zed2_camera_ws/install/zed_components/lib:/home/user/exchange/omnibase_ws/zed2_camera_ws/install/zed_msgs/lib:${LD_LIBRARY_PATH} PYTHONPATH=/home/user/exchange/omnibase_ws/zed2_camera_ws/install/zed_msgs/local/lib/python3.10/dist-packages:${PYTHONPATH} /usr/bin/cmake --build /home/user/exchange/omnibase_ws/zed2_camera_ws/build/zed_wrapper -- -j22 -l22
[1.338s] Invoked command in '/home/user/exchange/omnibase_ws/zed2_camera_ws/build/zed_wrapper' returned '0': AMENT_PREFIX_PATH=/home/user/exchange/omnibase_ws/zed2_camera_ws/install/zed_components:/home/user/exchange/omnibase_ws/zed2_camera_ws/install/zed_msgs:${AMENT_PREFIX_PATH} CMAKE_PREFIX_PATH=/home/user/exchange/omnibase_ws/zed2_camera_ws/install/zed_components:/home/user/exchange/omnibase_ws/zed2_camera_ws/install/zed_msgs:/home/user/exchange/unimore_ws/install/sermas_test_pkg:/home/user/exchange/unimore_ws/install/goal_action_pkg:/home/user/exchange/unimore_ws/install/tts_msgs:/home/user/exchange/unimore_ws/install/cbf-stl-no-noise_pkg:/home/user/exchange/unimore_ws/install/my_interfaces_cbf_stl:/home/user/exchange/unimore_ws/install/move_arms_pkg:/home/user/exchange/zed2_camera_ws/install/zed_ros2:/home/user/exchange/zed2_camera_ws/install/zed_robot_integration:/home/user/exchange/zed2_camera_ws/install/zed_ipc:/home/user/exchange/zed2_camera_ws/install/zed_multi_camera:/home/user/exchange/zed2_camera_ws/install/zed_display_rviz2:/home/user/exchange/zed2_camera_ws/install/zed_depth_to_laserscan:/home/user/exchange/zed2_camera_ws/install/zed_wrapper:/home/user/exchange/zed2_camera_ws/install/zed_tutorial_video:/home/user/exchange/zed2_camera_ws/install/zed_tutorial_pos_tracking:/home/user/exchange/zed2_camera_ws/install/zed_tutorial_depth:/home/user/exchange/zed2_camera_ws/install/zed_topic_benchmark:/home/user/exchange/zed2_camera_ws/install/zed_topic_benchmark_component:/home/user/exchange/zed2_camera_ws/install/zed_topic_benchmark_interfaces:/home/user/exchange/zed2_camera_ws/install/zed_rgb_convert:/home/user/exchange/zed2_camera_ws/install/zed_aruco_localization:/home/user/exchange/zed2_camera_ws/install/zed_components:/home/user/exchange/zed2_camera_ws/install/zed-ros2-distance_pkg:/home/user/exchange/zed2_camera_ws/install/rviz_plugin_zed_od:/home/user/exchange/zed2_camera_ws/install/zed_msgs:/home/user/exchange/ros_proxy_ws/install/users_landmarks_msgs:/home/user/exchange/ros_proxy_ws/install/session_event_msgs:/opt/pal/alum/opt/rbdl_vendor:/home/user/exchange/unimore_ws/install/check_obstacles_pkg:/home/user/exchange/ros_proxy_ws/install/ros_proxy:/opt/pal/alum:/opt/ros/humble LD_LIBRARY_PATH=/home/user/exchange/omnibase_ws/zed2_camera_ws/install/zed_components/lib:/home/user/exchange/omnibase_ws/zed2_camera_ws/install/zed_msgs/lib:${LD_LIBRARY_PATH} PYTHONPATH=/home/user/exchange/omnibase_ws/zed2_camera_ws/install/zed_msgs/local/lib/python3.10/dist-packages:${PYTHONPATH} /usr/bin/cmake --build /home/user/exchange/omnibase_ws/zed2_camera_ws/build/zed_wrapper -- -j22 -l22
[1.339s] Invoking command in '/home/user/exchange/omnibase_ws/zed2_camera_ws/build/zed_wrapper': AMENT_PREFIX_PATH=/home/user/exchange/omnibase_ws/zed2_camera_ws/install/zed_components:/home/user/exchange/omnibase_ws/zed2_camera_ws/install/zed_msgs:${AMENT_PREFIX_PATH} CMAKE_PREFIX_PATH=/home/user/exchange/omnibase_ws/zed2_camera_ws/install/zed_components:/home/user/exchange/omnibase_ws/zed2_camera_ws/install/zed_msgs:/home/user/exchange/unimore_ws/install/sermas_test_pkg:/home/user/exchange/unimore_ws/install/goal_action_pkg:/home/user/exchange/unimore_ws/install/tts_msgs:/home/user/exchange/unimore_ws/install/cbf-stl-no-noise_pkg:/home/user/exchange/unimore_ws/install/my_interfaces_cbf_stl:/home/user/exchange/unimore_ws/install/move_arms_pkg:/home/user/exchange/zed2_camera_ws/install/zed_ros2:/home/user/exchange/zed2_camera_ws/install/zed_robot_integration:/home/user/exchange/zed2_camera_ws/install/zed_ipc:/home/user/exchange/zed2_camera_ws/install/zed_multi_camera:/home/user/exchange/zed2_camera_ws/install/zed_display_rviz2:/home/user/exchange/zed2_camera_ws/install/zed_depth_to_laserscan:/home/user/exchange/zed2_camera_ws/install/zed_wrapper:/home/user/exchange/zed2_camera_ws/install/zed_tutorial_video:/home/user/exchange/zed2_camera_ws/install/zed_tutorial_pos_tracking:/home/user/exchange/zed2_camera_ws/install/zed_tutorial_depth:/home/user/exchange/zed2_camera_ws/install/zed_topic_benchmark:/home/user/exchange/zed2_camera_ws/install/zed_topic_benchmark_component:/home/user/exchange/zed2_camera_ws/install/zed_topic_benchmark_interfaces:/home/user/exchange/zed2_camera_ws/install/zed_rgb_convert:/home/user/exchange/zed2_camera_ws/install/zed_aruco_localization:/home/user/exchange/zed2_camera_ws/install/zed_components:/home/user/exchange/zed2_camera_ws/install/zed-ros2-distance_pkg:/home/user/exchange/zed2_camera_ws/install/rviz_plugin_zed_od:/home/user/exchange/zed2_camera_ws/install/zed_msgs:/home/user/exchange/ros_proxy_ws/install/users_landmarks_msgs:/home/user/exchange/ros_proxy_ws/install/session_event_msgs:/opt/pal/alum/opt/rbdl_vendor:/home/user/exchange/unimore_ws/install/check_obstacles_pkg:/home/user/exchange/ros_proxy_ws/install/ros_proxy:/opt/pal/alum:/opt/ros/humble LD_LIBRARY_PATH=/home/user/exchange/omnibase_ws/zed2_camera_ws/install/zed_components/lib:/home/user/exchange/omnibase_ws/zed2_camera_ws/install/zed_msgs/lib:${LD_LIBRARY_PATH} PYTHONPATH=/home/user/exchange/omnibase_ws/zed2_camera_ws/install/zed_msgs/local/lib/python3.10/dist-packages:${PYTHONPATH} /usr/bin/cmake --install /home/user/exchange/omnibase_ws/zed2_camera_ws/build/zed_wrapper
[1.343s] -- Install configuration: ""
[1.344s] -- Execute custom install script
[1.344s] -- Symlinking: /home/user/exchange/omnibase_ws/zed2_camera_ws/install/zed_wrapper/share/zed_wrapper/config/common_mono.yaml
[1.350s] -- Symlinking: /home/user/exchange/omnibase_ws/zed2_camera_ws/install/zed_wrapper/share/zed_wrapper/config/common_stereo.yaml
[1.356s] -- Symlinking: /home/user/exchange/omnibase_ws/zed2_camera_ws/install/zed_wrapper/share/zed_wrapper/config/custom_object_detection.yaml
[1.362s] -- Symlinking: /home/user/exchange/omnibase_ws/zed2_camera_ws/install/zed_wrapper/share/zed_wrapper/config/ffmpeg.yaml
[1.369s] -- Symlinking: /home/user/exchange/omnibase_ws/zed2_camera_ws/install/zed_wrapper/share/zed_wrapper/config/object_detection.yaml
[1.375s] -- Symlinking: /home/user/exchange/omnibase_ws/zed2_camera_ws/install/zed_wrapper/share/zed_wrapper/config/virtual.yaml
[1.380s] -- Symlinking: /home/user/exchange/omnibase_ws/zed2_camera_ws/install/zed_wrapper/share/zed_wrapper/config/zed.yaml
[1.387s] -- Symlinking: /home/user/exchange/omnibase_ws/zed2_camera_ws/install/zed_wrapper/share/zed_wrapper/config/zed2.yaml
[1.394s] -- Symlinking: /home/user/exchange/omnibase_ws/zed2_camera_ws/install/zed_wrapper/share/zed_wrapper/config/zed2i.yaml
[1.398s] -- Symlinking: /home/user/exchange/omnibase_ws/zed2_camera_ws/install/zed_wrapper/share/zed_wrapper/config/zedm.yaml
[1.404s] -- Symlinking: /home/user/exchange/omnibase_ws/zed2_camera_ws/install/zed_wrapper/share/zed_wrapper/config/zedx.yaml
[1.408s] -- Symlinking: /home/user/exchange/omnibase_ws/zed2_camera_ws/install/zed_wrapper/share/zed_wrapper/config/zedxm.yaml
[1.414s] -- Symlinking: /home/user/exchange/omnibase_ws/zed2_camera_ws/install/zed_wrapper/share/zed_wrapper/config/zedxone4k.yaml
[1.419s] -- Symlinking: /home/user/exchange/omnibase_ws/zed2_camera_ws/install/zed_wrapper/share/zed_wrapper/config/zedxonegs.yaml
[1.424s] -- Symlinking: /home/user/exchange/omnibase_ws/zed2_camera_ws/install/zed_wrapper/share/zed_wrapper/urdf/include/materials.urdf.xacro
[1.428s] -- Symlinking: /home/user/exchange/omnibase_ws/zed2_camera_ws/install/zed_wrapper/share/zed_wrapper/urdf/zed_descr.urdf.xacro
[1.434s] -- Symlinking: /home/user/exchange/omnibase_ws/zed2_camera_ws/install/zed_wrapper/share/zed_wrapper/urdf/zed_macro.urdf.xacro
[1.438s] -- Symlinking: /home/user/exchange/omnibase_ws/zed2_camera_ws/install/zed_wrapper/share/zed_wrapper/launch/yolov8n.onnx
[1.444s] -- Symlinking: /home/user/exchange/omnibase_ws/zed2_camera_ws/install/zed_wrapper/share/zed_wrapper/launch/yolov8n.pt
[1.449s] -- Symlinking: /home/user/exchange/omnibase_ws/zed2_camera_ws/install/zed_wrapper/share/zed_wrapper/launch/zed_camera.launch.py
[1.454s] -- Symlinking: /home/user/exchange/omnibase_ws/zed2_camera_ws/install/zed_wrapper/share/ament_index/resource_index/package_run_dependencies/zed_wrapper
[1.459s] -- Symlinking: /home/user/exchange/omnibase_ws/zed2_camera_ws/install/zed_wrapper/share/ament_index/resource_index/parent_prefix_path/zed_wrapper
[1.466s] -- Symlinking: /home/user/exchange/omnibase_ws/zed2_camera_ws/install/zed_wrapper/share/zed_wrapper/environment/ament_prefix_path.sh
[1.473s] -- Symlinking: /home/user/exchange/omnibase_ws/zed2_camera_ws/install/zed_wrapper/share/zed_wrapper/environment/ament_prefix_path.dsv
[1.478s] -- Symlinking: /home/user/exchange/omnibase_ws/zed2_camera_ws/install/zed_wrapper/share/zed_wrapper/environment/path.sh
[1.485s] -- Symlinking: /home/user/exchange/omnibase_ws/zed2_camera_ws/install/zed_wrapper/share/zed_wrapper/environment/path.dsv
[1.490s] -- Symlinking: /home/user/exchange/omnibase_ws/zed2_camera_ws/install/zed_wrapper/share/zed_wrapper/local_setup.bash
[1.497s] -- Symlinking: /home/user/exchange/omnibase_ws/zed2_camera_ws/install/zed_wrapper/share/zed_wrapper/local_setup.sh
[1.502s] -- Symlinking: /home/user/exchange/omnibase_ws/zed2_camera_ws/install/zed_wrapper/share/zed_wrapper/local_setup.zsh
[1.508s] -- Symlinking: /home/user/exchange/omnibase_ws/zed2_camera_ws/install/zed_wrapper/share/zed_wrapper/local_setup.dsv
[1.515s] -- Symlinking: /home/user/exchange/omnibase_ws/zed2_camera_ws/install/zed_wrapper/share/zed_wrapper/package.dsv
[1.520s] -- Symlinking: /home/user/exchange/omnibase_ws/zed2_camera_ws/install/zed_wrapper/share/ament_index/resource_index/packages/zed_wrapper
[1.526s] -- Symlinking: /home/user/exchange/omnibase_ws/zed2_camera_ws/install/zed_wrapper/share/zed_wrapper/cmake/zed_wrapperConfig.cmake
[1.534s] -- Symlinking: /home/user/exchange/omnibase_ws/zed2_camera_ws/install/zed_wrapper/share/zed_wrapper/cmake/zed_wrapperConfig-version.cmake
[1.539s] -- Symlinking: /home/user/exchange/omnibase_ws/zed2_camera_ws/install/zed_wrapper/share/zed_wrapper/package.xml
[1.547s] Invoked command in '/home/user/exchange/omnibase_ws/zed2_camera_ws/build/zed_wrapper' returned '0': AMENT_PREFIX_PATH=/home/user/exchange/omnibase_ws/zed2_camera_ws/install/zed_components:/home/user/exchange/omnibase_ws/zed2_camera_ws/install/zed_msgs:${AMENT_PREFIX_PATH} CMAKE_PREFIX_PATH=/home/user/exchange/omnibase_ws/zed2_camera_ws/install/zed_components:/home/user/exchange/omnibase_ws/zed2_camera_ws/install/zed_msgs:/home/user/exchange/unimore_ws/install/sermas_test_pkg:/home/user/exchange/unimore_ws/install/goal_action_pkg:/home/user/exchange/unimore_ws/install/tts_msgs:/home/user/exchange/unimore_ws/install/cbf-stl-no-noise_pkg:/home/user/exchange/unimore_ws/install/my_interfaces_cbf_stl:/home/user/exchange/unimore_ws/install/move_arms_pkg:/home/user/exchange/zed2_camera_ws/install/zed_ros2:/home/user/exchange/zed2_camera_ws/install/zed_robot_integration:/home/user/exchange/zed2_camera_ws/install/zed_ipc:/home/user/exchange/zed2_camera_ws/install/zed_multi_camera:/home/user/exchange/zed2_camera_ws/install/zed_display_rviz2:/home/user/exchange/zed2_camera_ws/install/zed_depth_to_laserscan:/home/user/exchange/zed2_camera_ws/install/zed_wrapper:/home/user/exchange/zed2_camera_ws/install/zed_tutorial_video:/home/user/exchange/zed2_camera_ws/install/zed_tutorial_pos_tracking:/home/user/exchange/zed2_camera_ws/install/zed_tutorial_depth:/home/user/exchange/zed2_camera_ws/install/zed_topic_benchmark:/home/user/exchange/zed2_camera_ws/install/zed_topic_benchmark_component:/home/user/exchange/zed2_camera_ws/install/zed_topic_benchmark_interfaces:/home/user/exchange/zed2_camera_ws/install/zed_rgb_convert:/home/user/exchange/zed2_camera_ws/install/zed_aruco_localization:/home/user/exchange/zed2_camera_ws/install/zed_components:/home/user/exchange/zed2_camera_ws/install/zed-ros2-distance_pkg:/home/user/exchange/zed2_camera_ws/install/rviz_plugin_zed_od:/home/user/exchange/zed2_camera_ws/install/zed_msgs:/home/user/exchange/ros_proxy_ws/install/users_landmarks_msgs:/home/user/exchange/ros_proxy_ws/install/session_event_msgs:/opt/pal/alum/opt/rbdl_vendor:/home/user/exchange/unimore_ws/install/check_obstacles_pkg:/home/user/exchange/ros_proxy_ws/install/ros_proxy:/opt/pal/alum:/opt/ros/humble LD_LIBRARY_PATH=/home/user/exchange/omnibase_ws/zed2_camera_ws/install/zed_components/lib:/home/user/exchange/omnibase_ws/zed2_camera_ws/install/zed_msgs/lib:${LD_LIBRARY_PATH} PYTHONPATH=/home/user/exchange/omnibase_ws/zed2_camera_ws/install/zed_msgs/local/lib/python3.10/dist-packages:${PYTHONPATH} /usr/bin/cmake --install /home/user/exchange/omnibase_ws/zed2_camera_ws/build/zed_wrapper
