[0.012s] Invoking command in '/home/user/exchange/omnibase_ws/zed2_camera_ws/build/rviz_plugin_zed_od': AMENT_PREFIX_PATH=/home/user/exchange/omnibase_ws/zed2_camera_ws/install/zed_msgs:${AMENT_PREFIX_PATH} CMAKE_PREFIX_PATH=/home/user/exchange/omnibase_ws/zed2_camera_ws/install/zed_msgs:/home/user/exchange/unimore_ws/install/sermas_test_pkg:/home/user/exchange/unimore_ws/install/goal_action_pkg:/home/user/exchange/unimore_ws/install/tts_msgs:/home/user/exchange/unimore_ws/install/cbf-stl-no-noise_pkg:/home/user/exchange/unimore_ws/install/my_interfaces_cbf_stl:/home/user/exchange/unimore_ws/install/move_arms_pkg:/home/user/exchange/zed2_camera_ws/install/zed_ros2:/home/user/exchange/zed2_camera_ws/install/zed_robot_integration:/home/user/exchange/zed2_camera_ws/install/zed_ipc:/home/user/exchange/zed2_camera_ws/install/zed_multi_camera:/home/user/exchange/zed2_camera_ws/install/zed_display_rviz2:/home/user/exchange/zed2_camera_ws/install/zed_depth_to_laserscan:/home/user/exchange/zed2_camera_ws/install/zed_wrapper:/home/user/exchange/zed2_camera_ws/install/zed_tutorial_video:/home/user/exchange/zed2_camera_ws/install/zed_tutorial_pos_tracking:/home/user/exchange/zed2_camera_ws/install/zed_tutorial_depth:/home/user/exchange/zed2_camera_ws/install/zed_topic_benchmark:/home/user/exchange/zed2_camera_ws/install/zed_topic_benchmark_component:/home/user/exchange/zed2_camera_ws/install/zed_topic_benchmark_interfaces:/home/user/exchange/zed2_camera_ws/install/zed_rgb_convert:/home/user/exchange/zed2_camera_ws/install/zed_aruco_localization:/home/user/exchange/zed2_camera_ws/install/zed_components:/home/user/exchange/zed2_camera_ws/install/zed-ros2-distance_pkg:/home/user/exchange/zed2_camera_ws/install/rviz_plugin_zed_od:/home/user/exchange/zed2_camera_ws/install/zed_msgs:/home/user/exchange/ros_proxy_ws/install/users_landmarks_msgs:/home/user/exchange/ros_proxy_ws/install/session_event_msgs:/opt/pal/alum/opt/rbdl_vendor:/home/user/exchange/unimore_ws/install/check_obstacles_pkg:/home/user/exchange/ros_proxy_ws/install/ros_proxy:/opt/pal/alum:/opt/ros/humble LD_LIBRARY_PATH=/home/user/exchange/omnibase_ws/zed2_camera_ws/install/zed_msgs/lib:${LD_LIBRARY_PATH} PYTHONPATH=/home/user/exchange/omnibase_ws/zed2_camera_ws/install/zed_msgs/local/lib/python3.10/dist-packages:${PYTHONPATH} /usr/bin/cmake /home/user/exchange/omnibase_ws/zed2_camera_ws/src/zed-ros2-examples/rviz-plugin-zed-od -DAMENT_CMAKE_SYMLINK_INSTALL=1 -DCMAKE_INSTALL_PREFIX=/home/user/exchange/omnibase_ws/zed2_camera_ws/install/rviz_plugin_zed_od
[0.062s] -- The C compiler identification is GNU 11.4.0
[0.108s] -- The CXX compiler identification is GNU 11.4.0
[0.112s] -- Detecting C compiler ABI info
[0.170s] -- Detecting C compiler ABI info - done
[0.175s] -- Check for working C compiler: /usr/bin/cc - skipped
[0.176s] -- Detecting C compile features
[0.176s] -- Detecting C compile features - done
[0.181s] -- Detecting CXX compiler ABI info
[0.244s] -- Detecting CXX compiler ABI info - done
[0.249s] -- Check for working CXX compiler: /usr/bin/c++ - skipped
[0.250s] -- Detecting CXX compile features
[0.250s] -- Detecting CXX compile features - done
[0.250s] -- Enabling tests requiring a display
[0.257s] -- Found ament_cmake_auto: 1.3.11 (/opt/ros/humble/share/ament_cmake_auto/cmake)
[0.405s] -- Found Python3: /usr/bin/python3 (found version "3.10.12") found components: Interpreter 
[0.461s] -- Override CMake install command with custom implementation using symlinks instead of copying resources
[0.617s] -- Setting OGRE_DIR to: '/opt/ros/humble/share/rviz_ogre_vendor/cmake/../../../opt/rviz_ogre_vendor/lib/OGRE/cmake'
[0.618s] -- Found OGRE
[0.619s] --   static     : OFF
[0.619s] --   components : HLMS;MeshLodGenerator;Overlay;Paging;Property;RTShaderSystem;Terrain;Volume
[0.619s] --   plugins    : Plugin_BSPSceneManager;Plugin_OctreeSceneManager;Plugin_PCZSceneManager;Plugin_ParticleFX;RenderSystem_GL;RenderSystem_GL3Plus;Codec_STBI
[0.619s] --   media      : /opt/ros/humble/opt/rviz_ogre_vendor/share/OGRE/Media
[0.619s] -- OGRE_LIBRARIES: OgreHLMS;OgreMeshLodGenerator;OgreOverlay;OgrePaging;OgreProperty;OgreRTShaderSystem;OgreTerrain;OgreVolume;OgreMain
[0.619s] -- OGRE_LIBRARY_DIRS: /opt/ros/humble/opt/rviz_ogre_vendor/lib
[0.619s] -- OGRE_PLUGINS: Plugin_BSPSceneManager;Plugin_OctreeSceneManager;Plugin_PCZSceneManager;Plugin_ParticleFX;RenderSystem_GL;RenderSystem_GL3Plus;Codec_STBI
[0.619s] -- OGRE_PLUGIN_DIR: /opt/ros/humble/opt/rviz_ogre_vendor/lib/OGRE
[0.619s] -- rviz_ogre_vendor::OgreOverlay for IMPORTED_LOCATION_RELEASE: /opt/ros/humble/opt/rviz_ogre_vendor/lib/libOgreOverlay.so
[0.619s] -- rviz_ogre_vendor::OgreOverlay for IMPORTED_LOCATION_DEBUG: /opt/ros/humble/opt/rviz_ogre_vendor/lib/libOgreOverlay.so
[0.619s] -- rviz_ogre_vendor::OgreMain for IMPORTED_LOCATION_RELEASE: /opt/ros/humble/opt/rviz_ogre_vendor/lib/libOgreMain.so
[0.619s] -- rviz_ogre_vendor::OgreMain for IMPORTED_LOCATION_DEBUG: /opt/ros/humble/opt/rviz_ogre_vendor/lib/libOgreMain.so
[0.663s] -- Found ZLIB: /usr/lib/x86_64-linux-gnu/libz.so (found version "1.2.11") 
[0.671s] -- Found OpenGL: /usr/lib/x86_64-linux-gnu/libOpenGL.so   
[0.786s] -- Found X11: /usr/include   
[0.786s] -- Looking for XOpenDisplay in /usr/lib/x86_64-linux-gnu/libX11.so;/usr/lib/x86_64-linux-gnu/libXext.so
[0.846s] -- Looking for XOpenDisplay in /usr/lib/x86_64-linux-gnu/libX11.so;/usr/lib/x86_64-linux-gnu/libXext.so - found
[0.846s] -- Looking for gethostbyname
[0.922s] -- Looking for gethostbyname - found
[0.922s] -- Looking for connect
[0.987s] -- Looking for connect - found
[0.987s] -- Looking for remove
[1.045s] -- Looking for remove - found
[1.045s] -- Looking for shmat
[1.107s] -- Looking for shmat - found
[1.107s] -- Looking for IceConnectionNumber in ICE
[1.188s] -- Looking for IceConnectionNumber in ICE - found
[1.261s] -- Found rosidl_generator_c: 3.1.6 (/opt/ros/humble/share/rosidl_generator_c/cmake)
[1.277s] -- Found rosidl_adapter: 3.1.6 (/opt/ros/humble/share/rosidl_adapter/cmake)
[1.290s] -- Found rosidl_generator_cpp: 3.1.6 (/opt/ros/humble/share/rosidl_generator_cpp/cmake)
[1.304s] -- Using all available rosidl_typesupport_c: rosidl_typesupport_fastrtps_c;rosidl_typesupport_introspection_c
[1.325s] -- Using all available rosidl_typesupport_cpp: rosidl_typesupport_fastrtps_cpp;rosidl_typesupport_introspection_cpp
[1.406s] -- Found rviz_common: 11.2.16 (/opt/ros/humble/share/rviz_common/cmake)
[1.431s] -- Setting assimp_DIR to: '/opt/ros/humble/share/rviz_assimp_vendor/cmake/../../../opt/rviz_assimp_vendor/lib/cmake/assimp-4.1'
[1.584s] -- library: /usr/lib/x86_64-linux-gnu/libcurl.so
[1.713s] -- Found rmw_implementation_cmake: 6.1.2 (/opt/ros/humble/share/rmw_implementation_cmake/cmake)
[1.722s] -- Found rmw_cyclonedds_cpp: 1.3.4 (/opt/ros/humble/share/rmw_cyclonedds_cpp/cmake)
[1.782s] -- Using RMW implementation 'rmw_cyclonedds_cpp' as default
[1.807s] -- Looking for pthread.h
[1.895s] -- Looking for pthread.h - found
[1.895s] -- Performing Test CMAKE_HAVE_LIBC_PTHREAD
[1.974s] -- Performing Test CMAKE_HAVE_LIBC_PTHREAD - Success
[1.975s] -- Found Threads: TRUE  
[2.094s] -- Found Eigen3: TRUE (found version "3.4.0") 
[2.094s] -- Ensuring Eigen3 include directory is part of orocos-kdl CMake target
[2.322s] -- Found ament_lint_auto: 0.12.11 (/opt/ros/humble/share/ament_lint_auto/cmake)
[2.413s] -- Added test 'copyright' to check source files copyright and LICENSE
[2.415s] -- Added test 'cppcheck' to perform static code analysis on C / C++ code
[2.416s] -- Configured cppcheck include dirs: /home/user/exchange/omnibase_ws/zed2_camera_ws/src/zed-ros2-examples/rviz-plugin-zed-od/src/include;/home/user/exchange/omnibase_ws/zed2_camera_ws/src/zed-ros2-examples/rviz-plugin-zed-od/src/plugin/include;$<BUILD_INTERFACE:/home/user/exchange/omnibase_ws/zed2_camera_ws/src/zed-ros2-examples/rviz-plugin-zed-od/include>
[2.416s] -- Configured cppcheck exclude dirs and/or files: 
[2.418s] -- Added test 'cpplint' to check C / C++ code against the Google style
[2.418s] -- Configured cpplint exclude dirs and/or files: 
[2.419s] -- Added test 'lint_cmake' to check CMake code style
[2.421s] -- Added test 'uncrustify' to check C / C++ code style
[2.421s] -- Configured uncrustify additional arguments: 
[2.422s] -- Added test 'xmllint' to check XML markup files
[2.425s] -- Added test 'clang_format' to check C / C++ code style
[2.428s] -- Configuring done
[2.487s] -- Generating done
[2.495s] -- Build files have been written to: /home/user/exchange/omnibase_ws/zed2_camera_ws/build/rviz_plugin_zed_od
[2.519s] Invoked command in '/home/user/exchange/omnibase_ws/zed2_camera_ws/build/rviz_plugin_zed_od' returned '0': AMENT_PREFIX_PATH=/home/user/exchange/omnibase_ws/zed2_camera_ws/install/zed_msgs:${AMENT_PREFIX_PATH} CMAKE_PREFIX_PATH=/home/user/exchange/omnibase_ws/zed2_camera_ws/install/zed_msgs:/home/user/exchange/unimore_ws/install/sermas_test_pkg:/home/user/exchange/unimore_ws/install/goal_action_pkg:/home/user/exchange/unimore_ws/install/tts_msgs:/home/user/exchange/unimore_ws/install/cbf-stl-no-noise_pkg:/home/user/exchange/unimore_ws/install/my_interfaces_cbf_stl:/home/user/exchange/unimore_ws/install/move_arms_pkg:/home/user/exchange/zed2_camera_ws/install/zed_ros2:/home/user/exchange/zed2_camera_ws/install/zed_robot_integration:/home/user/exchange/zed2_camera_ws/install/zed_ipc:/home/user/exchange/zed2_camera_ws/install/zed_multi_camera:/home/user/exchange/zed2_camera_ws/install/zed_display_rviz2:/home/user/exchange/zed2_camera_ws/install/zed_depth_to_laserscan:/home/user/exchange/zed2_camera_ws/install/zed_wrapper:/home/user/exchange/zed2_camera_ws/install/zed_tutorial_video:/home/user/exchange/zed2_camera_ws/install/zed_tutorial_pos_tracking:/home/user/exchange/zed2_camera_ws/install/zed_tutorial_depth:/home/user/exchange/zed2_camera_ws/install/zed_topic_benchmark:/home/user/exchange/zed2_camera_ws/install/zed_topic_benchmark_component:/home/user/exchange/zed2_camera_ws/install/zed_topic_benchmark_interfaces:/home/user/exchange/zed2_camera_ws/install/zed_rgb_convert:/home/user/exchange/zed2_camera_ws/install/zed_aruco_localization:/home/user/exchange/zed2_camera_ws/install/zed_components:/home/user/exchange/zed2_camera_ws/install/zed-ros2-distance_pkg:/home/user/exchange/zed2_camera_ws/install/rviz_plugin_zed_od:/home/user/exchange/zed2_camera_ws/install/zed_msgs:/home/user/exchange/ros_proxy_ws/install/users_landmarks_msgs:/home/user/exchange/ros_proxy_ws/install/session_event_msgs:/opt/pal/alum/opt/rbdl_vendor:/home/user/exchange/unimore_ws/install/check_obstacles_pkg:/home/user/exchange/ros_proxy_ws/install/ros_proxy:/opt/pal/alum:/opt/ros/humble LD_LIBRARY_PATH=/home/user/exchange/omnibase_ws/zed2_camera_ws/install/zed_msgs/lib:${LD_LIBRARY_PATH} PYTHONPATH=/home/user/exchange/omnibase_ws/zed2_camera_ws/install/zed_msgs/local/lib/python3.10/dist-packages:${PYTHONPATH} /usr/bin/cmake /home/user/exchange/omnibase_ws/zed2_camera_ws/src/zed-ros2-examples/rviz-plugin-zed-od -DAMENT_CMAKE_SYMLINK_INSTALL=1 -DCMAKE_INSTALL_PREFIX=/home/user/exchange/omnibase_ws/zed2_camera_ws/install/rviz_plugin_zed_od
[2.521s] Invoking command in '/home/user/exchange/omnibase_ws/zed2_camera_ws/build/rviz_plugin_zed_od': AMENT_PREFIX_PATH=/home/user/exchange/omnibase_ws/zed2_camera_ws/install/zed_msgs:${AMENT_PREFIX_PATH} CMAKE_PREFIX_PATH=/home/user/exchange/omnibase_ws/zed2_camera_ws/install/zed_msgs:/home/user/exchange/unimore_ws/install/sermas_test_pkg:/home/user/exchange/unimore_ws/install/goal_action_pkg:/home/user/exchange/unimore_ws/install/tts_msgs:/home/user/exchange/unimore_ws/install/cbf-stl-no-noise_pkg:/home/user/exchange/unimore_ws/install/my_interfaces_cbf_stl:/home/user/exchange/unimore_ws/install/move_arms_pkg:/home/user/exchange/zed2_camera_ws/install/zed_ros2:/home/user/exchange/zed2_camera_ws/install/zed_robot_integration:/home/user/exchange/zed2_camera_ws/install/zed_ipc:/home/user/exchange/zed2_camera_ws/install/zed_multi_camera:/home/user/exchange/zed2_camera_ws/install/zed_display_rviz2:/home/user/exchange/zed2_camera_ws/install/zed_depth_to_laserscan:/home/user/exchange/zed2_camera_ws/install/zed_wrapper:/home/user/exchange/zed2_camera_ws/install/zed_tutorial_video:/home/user/exchange/zed2_camera_ws/install/zed_tutorial_pos_tracking:/home/user/exchange/zed2_camera_ws/install/zed_tutorial_depth:/home/user/exchange/zed2_camera_ws/install/zed_topic_benchmark:/home/user/exchange/zed2_camera_ws/install/zed_topic_benchmark_component:/home/user/exchange/zed2_camera_ws/install/zed_topic_benchmark_interfaces:/home/user/exchange/zed2_camera_ws/install/zed_rgb_convert:/home/user/exchange/zed2_camera_ws/install/zed_aruco_localization:/home/user/exchange/zed2_camera_ws/install/zed_components:/home/user/exchange/zed2_camera_ws/install/zed-ros2-distance_pkg:/home/user/exchange/zed2_camera_ws/install/rviz_plugin_zed_od:/home/user/exchange/zed2_camera_ws/install/zed_msgs:/home/user/exchange/ros_proxy_ws/install/users_landmarks_msgs:/home/user/exchange/ros_proxy_ws/install/session_event_msgs:/opt/pal/alum/opt/rbdl_vendor:/home/user/exchange/unimore_ws/install/check_obstacles_pkg:/home/user/exchange/ros_proxy_ws/install/ros_proxy:/opt/pal/alum:/opt/ros/humble LD_LIBRARY_PATH=/home/user/exchange/omnibase_ws/zed2_camera_ws/install/zed_msgs/lib:${LD_LIBRARY_PATH} PYTHONPATH=/home/user/exchange/omnibase_ws/zed2_camera_ws/install/zed_msgs/local/lib/python3.10/dist-packages:${PYTHONPATH} /usr/bin/cmake --build /home/user/exchange/omnibase_ws/zed2_camera_ws/build/rviz_plugin_zed_od -- -j22 -l22
[2.600s] [ 20%] [34m[1mAutomatic MOC and UIC for target rviz_plugin_zed_od[0m
[3.147s] [ 20%] Built target rviz_plugin_zed_od_autogen
[3.170s] [ 40%] [32mBuilding CXX object CMakeFiles/rviz_plugin_zed_od.dir/rviz_plugin_zed_od_autogen/mocs_compilation.cpp.o[0m
[3.175s] [ 80%] [32mBuilding CXX object CMakeFiles/rviz_plugin_zed_od.dir/src/plugin/src/zed_od_display.cpp.o[0m
[3.175s] [ 80%] [32mBuilding CXX object CMakeFiles/rviz_plugin_zed_od.dir/src/plugin/src/zed_od_info.cpp.o[0m
[15.513s] [100%] [32m[1mLinking CXX shared library librviz_plugin_zed_od.so[0m
[16.407s] [100%] Built target rviz_plugin_zed_od
[16.417s] Invoked command in '/home/user/exchange/omnibase_ws/zed2_camera_ws/build/rviz_plugin_zed_od' returned '0': AMENT_PREFIX_PATH=/home/user/exchange/omnibase_ws/zed2_camera_ws/install/zed_msgs:${AMENT_PREFIX_PATH} CMAKE_PREFIX_PATH=/home/user/exchange/omnibase_ws/zed2_camera_ws/install/zed_msgs:/home/user/exchange/unimore_ws/install/sermas_test_pkg:/home/user/exchange/unimore_ws/install/goal_action_pkg:/home/user/exchange/unimore_ws/install/tts_msgs:/home/user/exchange/unimore_ws/install/cbf-stl-no-noise_pkg:/home/user/exchange/unimore_ws/install/my_interfaces_cbf_stl:/home/user/exchange/unimore_ws/install/move_arms_pkg:/home/user/exchange/zed2_camera_ws/install/zed_ros2:/home/user/exchange/zed2_camera_ws/install/zed_robot_integration:/home/user/exchange/zed2_camera_ws/install/zed_ipc:/home/user/exchange/zed2_camera_ws/install/zed_multi_camera:/home/user/exchange/zed2_camera_ws/install/zed_display_rviz2:/home/user/exchange/zed2_camera_ws/install/zed_depth_to_laserscan:/home/user/exchange/zed2_camera_ws/install/zed_wrapper:/home/user/exchange/zed2_camera_ws/install/zed_tutorial_video:/home/user/exchange/zed2_camera_ws/install/zed_tutorial_pos_tracking:/home/user/exchange/zed2_camera_ws/install/zed_tutorial_depth:/home/user/exchange/zed2_camera_ws/install/zed_topic_benchmark:/home/user/exchange/zed2_camera_ws/install/zed_topic_benchmark_component:/home/user/exchange/zed2_camera_ws/install/zed_topic_benchmark_interfaces:/home/user/exchange/zed2_camera_ws/install/zed_rgb_convert:/home/user/exchange/zed2_camera_ws/install/zed_aruco_localization:/home/user/exchange/zed2_camera_ws/install/zed_components:/home/user/exchange/zed2_camera_ws/install/zed-ros2-distance_pkg:/home/user/exchange/zed2_camera_ws/install/rviz_plugin_zed_od:/home/user/exchange/zed2_camera_ws/install/zed_msgs:/home/user/exchange/ros_proxy_ws/install/users_landmarks_msgs:/home/user/exchange/ros_proxy_ws/install/session_event_msgs:/opt/pal/alum/opt/rbdl_vendor:/home/user/exchange/unimore_ws/install/check_obstacles_pkg:/home/user/exchange/ros_proxy_ws/install/ros_proxy:/opt/pal/alum:/opt/ros/humble LD_LIBRARY_PATH=/home/user/exchange/omnibase_ws/zed2_camera_ws/install/zed_msgs/lib:${LD_LIBRARY_PATH} PYTHONPATH=/home/user/exchange/omnibase_ws/zed2_camera_ws/install/zed_msgs/local/lib/python3.10/dist-packages:${PYTHONPATH} /usr/bin/cmake --build /home/user/exchange/omnibase_ws/zed2_camera_ws/build/rviz_plugin_zed_od -- -j22 -l22
[16.418s] Invoking command in '/home/user/exchange/omnibase_ws/zed2_camera_ws/build/rviz_plugin_zed_od': AMENT_PREFIX_PATH=/home/user/exchange/omnibase_ws/zed2_camera_ws/install/zed_msgs:${AMENT_PREFIX_PATH} CMAKE_PREFIX_PATH=/home/user/exchange/omnibase_ws/zed2_camera_ws/install/zed_msgs:/home/user/exchange/unimore_ws/install/sermas_test_pkg:/home/user/exchange/unimore_ws/install/goal_action_pkg:/home/user/exchange/unimore_ws/install/tts_msgs:/home/user/exchange/unimore_ws/install/cbf-stl-no-noise_pkg:/home/user/exchange/unimore_ws/install/my_interfaces_cbf_stl:/home/user/exchange/unimore_ws/install/move_arms_pkg:/home/user/exchange/zed2_camera_ws/install/zed_ros2:/home/user/exchange/zed2_camera_ws/install/zed_robot_integration:/home/user/exchange/zed2_camera_ws/install/zed_ipc:/home/user/exchange/zed2_camera_ws/install/zed_multi_camera:/home/user/exchange/zed2_camera_ws/install/zed_display_rviz2:/home/user/exchange/zed2_camera_ws/install/zed_depth_to_laserscan:/home/user/exchange/zed2_camera_ws/install/zed_wrapper:/home/user/exchange/zed2_camera_ws/install/zed_tutorial_video:/home/user/exchange/zed2_camera_ws/install/zed_tutorial_pos_tracking:/home/user/exchange/zed2_camera_ws/install/zed_tutorial_depth:/home/user/exchange/zed2_camera_ws/install/zed_topic_benchmark:/home/user/exchange/zed2_camera_ws/install/zed_topic_benchmark_component:/home/user/exchange/zed2_camera_ws/install/zed_topic_benchmark_interfaces:/home/user/exchange/zed2_camera_ws/install/zed_rgb_convert:/home/user/exchange/zed2_camera_ws/install/zed_aruco_localization:/home/user/exchange/zed2_camera_ws/install/zed_components:/home/user/exchange/zed2_camera_ws/install/zed-ros2-distance_pkg:/home/user/exchange/zed2_camera_ws/install/rviz_plugin_zed_od:/home/user/exchange/zed2_camera_ws/install/zed_msgs:/home/user/exchange/ros_proxy_ws/install/users_landmarks_msgs:/home/user/exchange/ros_proxy_ws/install/session_event_msgs:/opt/pal/alum/opt/rbdl_vendor:/home/user/exchange/unimore_ws/install/check_obstacles_pkg:/home/user/exchange/ros_proxy_ws/install/ros_proxy:/opt/pal/alum:/opt/ros/humble LD_LIBRARY_PATH=/home/user/exchange/omnibase_ws/zed2_camera_ws/install/zed_msgs/lib:${LD_LIBRARY_PATH} PYTHONPATH=/home/user/exchange/omnibase_ws/zed2_camera_ws/install/zed_msgs/local/lib/python3.10/dist-packages:${PYTHONPATH} /usr/bin/cmake --install /home/user/exchange/omnibase_ws/zed2_camera_ws/build/rviz_plugin_zed_od
[16.423s] -- Install configuration: ""
[16.424s] -- Execute custom install script
[16.424s] -- Symlinking: /home/user/exchange/omnibase_ws/zed2_camera_ws/install/rviz_plugin_zed_od/share/rviz_plugin_zed_od//plugins_description.xml
[16.429s] -- Symlinking: /home/user/exchange/omnibase_ws/zed2_camera_ws/install/rviz_plugin_zed_od/share/rviz_plugin_zed_od/environment/library_path.sh
[16.434s] -- Symlinking: /home/user/exchange/omnibase_ws/zed2_camera_ws/install/rviz_plugin_zed_od/share/rviz_plugin_zed_od/environment/library_path.dsv
[16.440s] -- Symlinking: /home/user/exchange/omnibase_ws/zed2_camera_ws/install/rviz_plugin_zed_od/include/rviz_plugin_zed_od//visibility_control.hpp
[16.447s] -- Symlinking: /home/user/exchange/omnibase_ws/zed2_camera_ws/install/rviz_plugin_zed_od/include/rviz_plugin_zed_od//zed_body_parts.hpp
[16.453s] -- Symlinking: /home/user/exchange/omnibase_ws/zed2_camera_ws/install/rviz_plugin_zed_od/include/rviz_plugin_zed_od//zed_od_display.hpp
[16.459s] -- Symlinking: /home/user/exchange/omnibase_ws/zed2_camera_ws/install/rviz_plugin_zed_od/include/rviz_plugin_zed_od//zed_od_info.hpp
[16.464s] -- Symlinking: /home/user/exchange/omnibase_ws/zed2_camera_ws/install/rviz_plugin_zed_od/share/rviz_plugin_zed_od/icons/ZedObjDet.png
[16.470s] -- Symlinking: /home/user/exchange/omnibase_ws/zed2_camera_ws/install/rviz_plugin_zed_od/share/ament_index/resource_index/package_run_dependencies/rviz_plugin_zed_od
[16.475s] -- Symlinking: /home/user/exchange/omnibase_ws/zed2_camera_ws/install/rviz_plugin_zed_od/share/ament_index/resource_index/parent_prefix_path/rviz_plugin_zed_od
[16.480s] -- Symlinking: /home/user/exchange/omnibase_ws/zed2_camera_ws/install/rviz_plugin_zed_od/share/rviz_plugin_zed_od/environment/ament_prefix_path.sh
[16.487s] -- Symlinking: /home/user/exchange/omnibase_ws/zed2_camera_ws/install/rviz_plugin_zed_od/share/rviz_plugin_zed_od/environment/ament_prefix_path.dsv
[16.492s] -- Symlinking: /home/user/exchange/omnibase_ws/zed2_camera_ws/install/rviz_plugin_zed_od/share/rviz_plugin_zed_od/environment/path.sh
[16.498s] -- Symlinking: /home/user/exchange/omnibase_ws/zed2_camera_ws/install/rviz_plugin_zed_od/share/rviz_plugin_zed_od/environment/path.dsv
[16.505s] -- Symlinking: /home/user/exchange/omnibase_ws/zed2_camera_ws/install/rviz_plugin_zed_od/share/rviz_plugin_zed_od/local_setup.bash
[16.510s] -- Symlinking: /home/user/exchange/omnibase_ws/zed2_camera_ws/install/rviz_plugin_zed_od/share/rviz_plugin_zed_od/local_setup.sh
[16.517s] -- Symlinking: /home/user/exchange/omnibase_ws/zed2_camera_ws/install/rviz_plugin_zed_od/share/rviz_plugin_zed_od/local_setup.zsh
[16.522s] -- Symlinking: /home/user/exchange/omnibase_ws/zed2_camera_ws/install/rviz_plugin_zed_od/share/rviz_plugin_zed_od/local_setup.dsv
[16.528s] -- Symlinking: /home/user/exchange/omnibase_ws/zed2_camera_ws/install/rviz_plugin_zed_od/share/rviz_plugin_zed_od/package.dsv
[16.534s] -- Symlinking: /home/user/exchange/omnibase_ws/zed2_camera_ws/install/rviz_plugin_zed_od/share/ament_index/resource_index/packages/rviz_plugin_zed_od
[16.540s] -- Symlinking: /home/user/exchange/omnibase_ws/zed2_camera_ws/install/rviz_plugin_zed_od/share/ament_index/resource_index/rviz_common__pluginlib__plugin/rviz_plugin_zed_od
[16.547s] -- Symlinking: /home/user/exchange/omnibase_ws/zed2_camera_ws/install/rviz_plugin_zed_od/share/rviz_plugin_zed_od/cmake/ament_cmake_export_include_directories-extras.cmake
[16.553s] -- Symlinking: /home/user/exchange/omnibase_ws/zed2_camera_ws/install/rviz_plugin_zed_od/share/rviz_plugin_zed_od/cmake/ament_cmake_export_targets-extras.cmake
[16.560s] -- Symlinking: /home/user/exchange/omnibase_ws/zed2_camera_ws/install/rviz_plugin_zed_od/share/rviz_plugin_zed_od/cmake/ament_cmake_export_dependencies-extras.cmake
[16.567s] -- Symlinking: /home/user/exchange/omnibase_ws/zed2_camera_ws/install/rviz_plugin_zed_od/share/rviz_plugin_zed_od/cmake/rviz_plugin_zed_odConfig.cmake
[16.572s] -- Symlinking: /home/user/exchange/omnibase_ws/zed2_camera_ws/install/rviz_plugin_zed_od/share/rviz_plugin_zed_od/cmake/rviz_plugin_zed_odConfig-version.cmake
[16.579s] -- Symlinking: /home/user/exchange/omnibase_ws/zed2_camera_ws/install/rviz_plugin_zed_od/share/rviz_plugin_zed_od/package.xml
[16.585s] -- Installing: /home/user/exchange/omnibase_ws/zed2_camera_ws/install/rviz_plugin_zed_od/lib/librviz_plugin_zed_od.so
[16.589s] -- Set runtime path of "/home/user/exchange/omnibase_ws/zed2_camera_ws/install/rviz_plugin_zed_od/lib/librviz_plugin_zed_od.so" to ""
[16.589s] -- Installing: /home/user/exchange/omnibase_ws/zed2_camera_ws/install/rviz_plugin_zed_od/share/rviz_plugin_zed_od/cmake/rviz_plugin_zed_odExport.cmake
[16.589s] -- Installing: /home/user/exchange/omnibase_ws/zed2_camera_ws/install/rviz_plugin_zed_od/share/rviz_plugin_zed_od/cmake/rviz_plugin_zed_odExport-noconfig.cmake
[16.591s] Invoked command in '/home/user/exchange/omnibase_ws/zed2_camera_ws/build/rviz_plugin_zed_od' returned '0': AMENT_PREFIX_PATH=/home/user/exchange/omnibase_ws/zed2_camera_ws/install/zed_msgs:${AMENT_PREFIX_PATH} CMAKE_PREFIX_PATH=/home/user/exchange/omnibase_ws/zed2_camera_ws/install/zed_msgs:/home/user/exchange/unimore_ws/install/sermas_test_pkg:/home/user/exchange/unimore_ws/install/goal_action_pkg:/home/user/exchange/unimore_ws/install/tts_msgs:/home/user/exchange/unimore_ws/install/cbf-stl-no-noise_pkg:/home/user/exchange/unimore_ws/install/my_interfaces_cbf_stl:/home/user/exchange/unimore_ws/install/move_arms_pkg:/home/user/exchange/zed2_camera_ws/install/zed_ros2:/home/user/exchange/zed2_camera_ws/install/zed_robot_integration:/home/user/exchange/zed2_camera_ws/install/zed_ipc:/home/user/exchange/zed2_camera_ws/install/zed_multi_camera:/home/user/exchange/zed2_camera_ws/install/zed_display_rviz2:/home/user/exchange/zed2_camera_ws/install/zed_depth_to_laserscan:/home/user/exchange/zed2_camera_ws/install/zed_wrapper:/home/user/exchange/zed2_camera_ws/install/zed_tutorial_video:/home/user/exchange/zed2_camera_ws/install/zed_tutorial_pos_tracking:/home/user/exchange/zed2_camera_ws/install/zed_tutorial_depth:/home/user/exchange/zed2_camera_ws/install/zed_topic_benchmark:/home/user/exchange/zed2_camera_ws/install/zed_topic_benchmark_component:/home/user/exchange/zed2_camera_ws/install/zed_topic_benchmark_interfaces:/home/user/exchange/zed2_camera_ws/install/zed_rgb_convert:/home/user/exchange/zed2_camera_ws/install/zed_aruco_localization:/home/user/exchange/zed2_camera_ws/install/zed_components:/home/user/exchange/zed2_camera_ws/install/zed-ros2-distance_pkg:/home/user/exchange/zed2_camera_ws/install/rviz_plugin_zed_od:/home/user/exchange/zed2_camera_ws/install/zed_msgs:/home/user/exchange/ros_proxy_ws/install/users_landmarks_msgs:/home/user/exchange/ros_proxy_ws/install/session_event_msgs:/opt/pal/alum/opt/rbdl_vendor:/home/user/exchange/unimore_ws/install/check_obstacles_pkg:/home/user/exchange/ros_proxy_ws/install/ros_proxy:/opt/pal/alum:/opt/ros/humble LD_LIBRARY_PATH=/home/user/exchange/omnibase_ws/zed2_camera_ws/install/zed_msgs/lib:${LD_LIBRARY_PATH} PYTHONPATH=/home/user/exchange/omnibase_ws/zed2_camera_ws/install/zed_msgs/local/lib/python3.10/dist-packages:${PYTHONPATH} /usr/bin/cmake --install /home/user/exchange/omnibase_ws/zed2_camera_ws/build/rviz_plugin_zed_od
