[0.019s] Invoking command in '/home/user/exchange/omnibase_ws/zed2_camera_ws/build/zed_aruco_localization': AMENT_PREFIX_PATH=/home/user/exchange/omnibase_ws/zed2_camera_ws/install/zed_components:/home/user/exchange/omnibase_ws/zed2_camera_ws/install/zed_msgs:${AMENT_PREFIX_PATH} CMAKE_PREFIX_PATH=/home/user/exchange/omnibase_ws/zed2_camera_ws/install/zed_components:/home/user/exchange/omnibase_ws/zed2_camera_ws/install/zed_msgs:/home/user/exchange/unimore_ws/install/sermas_test_pkg:/home/user/exchange/unimore_ws/install/goal_action_pkg:/home/user/exchange/unimore_ws/install/tts_msgs:/home/user/exchange/unimore_ws/install/cbf-stl-no-noise_pkg:/home/user/exchange/unimore_ws/install/my_interfaces_cbf_stl:/home/user/exchange/unimore_ws/install/move_arms_pkg:/home/user/exchange/zed2_camera_ws/install/zed_ros2:/home/user/exchange/zed2_camera_ws/install/zed_robot_integration:/home/user/exchange/zed2_camera_ws/install/zed_ipc:/home/user/exchange/zed2_camera_ws/install/zed_multi_camera:/home/user/exchange/zed2_camera_ws/install/zed_display_rviz2:/home/user/exchange/zed2_camera_ws/install/zed_depth_to_laserscan:/home/user/exchange/zed2_camera_ws/install/zed_wrapper:/home/user/exchange/zed2_camera_ws/install/zed_tutorial_video:/home/user/exchange/zed2_camera_ws/install/zed_tutorial_pos_tracking:/home/user/exchange/zed2_camera_ws/install/zed_tutorial_depth:/home/user/exchange/zed2_camera_ws/install/zed_topic_benchmark:/home/user/exchange/zed2_camera_ws/install/zed_topic_benchmark_component:/home/user/exchange/zed2_camera_ws/install/zed_topic_benchmark_interfaces:/home/user/exchange/zed2_camera_ws/install/zed_rgb_convert:/home/user/exchange/zed2_camera_ws/install/zed_aruco_localization:/home/user/exchange/zed2_camera_ws/install/zed_components:/home/user/exchange/zed2_camera_ws/install/zed-ros2-distance_pkg:/home/user/exchange/zed2_camera_ws/install/rviz_plugin_zed_od:/home/user/exchange/zed2_camera_ws/install/zed_msgs:/home/user/exchange/ros_proxy_ws/install/users_landmarks_msgs:/home/user/exchange/ros_proxy_ws/install/session_event_msgs:/opt/pal/alum/opt/rbdl_vendor:/home/user/exchange/unimore_ws/install/check_obstacles_pkg:/home/user/exchange/ros_proxy_ws/install/ros_proxy:/opt/pal/alum:/opt/ros/humble LD_LIBRARY_PATH=/home/user/exchange/omnibase_ws/zed2_camera_ws/install/zed_components/lib:/home/user/exchange/omnibase_ws/zed2_camera_ws/install/zed_msgs/lib:${LD_LIBRARY_PATH} PYTHONPATH=/home/user/exchange/omnibase_ws/zed2_camera_ws/install/zed_msgs/local/lib/python3.10/dist-packages:${PYTHONPATH} /usr/bin/cmake /home/user/exchange/omnibase_ws/zed2_camera_ws/src/zed-ros2-examples/examples/zed_aruco_localization -DAMENT_CMAKE_SYMLINK_INSTALL=1 -DCMAKE_INSTALL_PREFIX=/home/user/exchange/omnibase_ws/zed2_camera_ws/install/zed_aruco_localization
[0.073s] -- The C compiler identification is GNU 11.4.0
[0.122s] -- The CXX compiler identification is GNU 11.4.0
[0.130s] -- Detecting C compiler ABI info
[0.188s] -- Detecting C compiler ABI info - done
[0.192s] -- Check for working C compiler: /usr/bin/cc - skipped
[0.192s] -- Detecting C compile features
[0.193s] -- Detecting C compile features - done
[0.195s] -- Detecting CXX compiler ABI info
[0.273s] -- Detecting CXX compiler ABI info - done
[0.282s] -- Check for working CXX compiler: /usr/bin/c++ - skipped
[0.282s] -- Detecting CXX compile features
[0.283s] -- Detecting CXX compile features - done
[0.300s] -- Found OpenCV: /usr (found suitable version "4.5.4", minimum required is "4") 
[0.311s] -- Looking for sgemm_
[0.369s] -- Looking for sgemm_ - not found
[0.370s] -- Looking for pthread.h
[0.442s] -- Looking for pthread.h - found
[0.442s] -- Performing Test CMAKE_HAVE_LIBC_PTHREAD
[0.510s] -- Performing Test CMAKE_HAVE_LIBC_PTHREAD - Success
[0.511s] -- Found Threads: TRUE  
[0.542s] -- Looking for sgemm_
[0.645s] -- Looking for sgemm_ - found
[0.646s] -- Found BLAS: /usr/lib/x86_64-linux-gnu/libopenblas.so  
[0.678s] -- Found CUDA: /usr/local/cuda-12.1 (found suitable version "12.1", minimum required is "12") 
[0.719s] -- Found CUDA: /usr/local/cuda-12.1 (found version "12.1") 
[0.723s] -- Found ament_cmake_auto: 1.3.11 (/opt/ros/humble/share/ament_cmake_auto/cmake)
[0.906s] -- Found Python3: /usr/bin/python3 (found version "3.10.12") found components: Interpreter 
[0.999s] -- Override CMake install command with custom implementation using symlinks instead of copying resources
[1.255s] -- Found rosidl_generator_c: 3.1.6 (/opt/ros/humble/share/rosidl_generator_c/cmake)
[1.275s] -- Found rosidl_adapter: 3.1.6 (/opt/ros/humble/share/rosidl_adapter/cmake)
[1.296s] -- Found rosidl_generator_cpp: 3.1.6 (/opt/ros/humble/share/rosidl_generator_cpp/cmake)
[1.322s] -- Using all available rosidl_typesupport_c: rosidl_typesupport_fastrtps_c;rosidl_typesupport_introspection_c
[1.359s] -- Using all available rosidl_typesupport_cpp: rosidl_typesupport_fastrtps_cpp;rosidl_typesupport_introspection_cpp
[1.433s] -- Found rmw_implementation_cmake: 6.1.2 (/opt/ros/humble/share/rmw_implementation_cmake/cmake)
[1.441s] -- Found rmw_cyclonedds_cpp: 1.3.4 (/opt/ros/humble/share/rmw_cyclonedds_cpp/cmake)
[1.493s] -- Using RMW implementation 'rmw_cyclonedds_cpp' as default
[1.929s] -- Found eigen3_cmake_module: 0.1.1 (/opt/ros/humble/share/eigen3_cmake_module/cmake)
[1.930s] -- Found Eigen3: TRUE (found version "3.4.0") 
[1.930s] -- Ensuring Eigen3 include directory is part of orocos-kdl CMake target
[2.238s] -- Found ament_lint_auto: 0.12.11 (/opt/ros/humble/share/ament_lint_auto/cmake)
[2.328s] -- Added test 'copyright' to check source files copyright and LICENSE
[2.330s] -- Added test 'cppcheck' to perform static code analysis on C / C++ code
[2.330s] -- Configured cppcheck include dirs: /home/user/exchange/omnibase_ws/zed2_camera_ws/src/zed-ros2-examples/examples/zed_aruco_localization/src/include;/home/user/exchange/omnibase_ws/zed2_camera_ws/src/zed-ros2-examples/examples/zed_aruco_localization/src/component/include
[2.331s] -- Configured cppcheck exclude dirs and/or files: 
[2.333s] -- Added test 'cpplint' to check C / C++ code against the Google style
[2.333s] -- Configured cpplint exclude dirs and/or files: 
[2.334s] -- Added test 'flake8' to check Python code syntax and style conventions
[2.339s] -- Added test 'lint_cmake' to check CMake code style
[2.339s] -- Added test 'pep257' to check Python code against some of the docstring style conventions in PEP 257
[2.339s] -- Added test 'uncrustify' to check C / C++ code style
[2.339s] -- Configured uncrustify additional arguments: 
[2.339s] -- Added test 'xmllint' to check XML markup files
[2.341s] -- Added test 'clang_format' to check C / C++ code style
[2.345s] -- Configuring done
[2.370s] -- Generating done
[2.378s] -- Build files have been written to: /home/user/exchange/omnibase_ws/zed2_camera_ws/build/zed_aruco_localization
[2.401s] Invoked command in '/home/user/exchange/omnibase_ws/zed2_camera_ws/build/zed_aruco_localization' returned '0': AMENT_PREFIX_PATH=/home/user/exchange/omnibase_ws/zed2_camera_ws/install/zed_components:/home/user/exchange/omnibase_ws/zed2_camera_ws/install/zed_msgs:${AMENT_PREFIX_PATH} CMAKE_PREFIX_PATH=/home/user/exchange/omnibase_ws/zed2_camera_ws/install/zed_components:/home/user/exchange/omnibase_ws/zed2_camera_ws/install/zed_msgs:/home/user/exchange/unimore_ws/install/sermas_test_pkg:/home/user/exchange/unimore_ws/install/goal_action_pkg:/home/user/exchange/unimore_ws/install/tts_msgs:/home/user/exchange/unimore_ws/install/cbf-stl-no-noise_pkg:/home/user/exchange/unimore_ws/install/my_interfaces_cbf_stl:/home/user/exchange/unimore_ws/install/move_arms_pkg:/home/user/exchange/zed2_camera_ws/install/zed_ros2:/home/user/exchange/zed2_camera_ws/install/zed_robot_integration:/home/user/exchange/zed2_camera_ws/install/zed_ipc:/home/user/exchange/zed2_camera_ws/install/zed_multi_camera:/home/user/exchange/zed2_camera_ws/install/zed_display_rviz2:/home/user/exchange/zed2_camera_ws/install/zed_depth_to_laserscan:/home/user/exchange/zed2_camera_ws/install/zed_wrapper:/home/user/exchange/zed2_camera_ws/install/zed_tutorial_video:/home/user/exchange/zed2_camera_ws/install/zed_tutorial_pos_tracking:/home/user/exchange/zed2_camera_ws/install/zed_tutorial_depth:/home/user/exchange/zed2_camera_ws/install/zed_topic_benchmark:/home/user/exchange/zed2_camera_ws/install/zed_topic_benchmark_component:/home/user/exchange/zed2_camera_ws/install/zed_topic_benchmark_interfaces:/home/user/exchange/zed2_camera_ws/install/zed_rgb_convert:/home/user/exchange/zed2_camera_ws/install/zed_aruco_localization:/home/user/exchange/zed2_camera_ws/install/zed_components:/home/user/exchange/zed2_camera_ws/install/zed-ros2-distance_pkg:/home/user/exchange/zed2_camera_ws/install/rviz_plugin_zed_od:/home/user/exchange/zed2_camera_ws/install/zed_msgs:/home/user/exchange/ros_proxy_ws/install/users_landmarks_msgs:/home/user/exchange/ros_proxy_ws/install/session_event_msgs:/opt/pal/alum/opt/rbdl_vendor:/home/user/exchange/unimore_ws/install/check_obstacles_pkg:/home/user/exchange/ros_proxy_ws/install/ros_proxy:/opt/pal/alum:/opt/ros/humble LD_LIBRARY_PATH=/home/user/exchange/omnibase_ws/zed2_camera_ws/install/zed_components/lib:/home/user/exchange/omnibase_ws/zed2_camera_ws/install/zed_msgs/lib:${LD_LIBRARY_PATH} PYTHONPATH=/home/user/exchange/omnibase_ws/zed2_camera_ws/install/zed_msgs/local/lib/python3.10/dist-packages:${PYTHONPATH} /usr/bin/cmake /home/user/exchange/omnibase_ws/zed2_camera_ws/src/zed-ros2-examples/examples/zed_aruco_localization -DAMENT_CMAKE_SYMLINK_INSTALL=1 -DCMAKE_INSTALL_PREFIX=/home/user/exchange/omnibase_ws/zed2_camera_ws/install/zed_aruco_localization
[2.403s] Invoking command in '/home/user/exchange/omnibase_ws/zed2_camera_ws/build/zed_aruco_localization': AMENT_PREFIX_PATH=/home/user/exchange/omnibase_ws/zed2_camera_ws/install/zed_components:/home/user/exchange/omnibase_ws/zed2_camera_ws/install/zed_msgs:${AMENT_PREFIX_PATH} CMAKE_PREFIX_PATH=/home/user/exchange/omnibase_ws/zed2_camera_ws/install/zed_components:/home/user/exchange/omnibase_ws/zed2_camera_ws/install/zed_msgs:/home/user/exchange/unimore_ws/install/sermas_test_pkg:/home/user/exchange/unimore_ws/install/goal_action_pkg:/home/user/exchange/unimore_ws/install/tts_msgs:/home/user/exchange/unimore_ws/install/cbf-stl-no-noise_pkg:/home/user/exchange/unimore_ws/install/my_interfaces_cbf_stl:/home/user/exchange/unimore_ws/install/move_arms_pkg:/home/user/exchange/zed2_camera_ws/install/zed_ros2:/home/user/exchange/zed2_camera_ws/install/zed_robot_integration:/home/user/exchange/zed2_camera_ws/install/zed_ipc:/home/user/exchange/zed2_camera_ws/install/zed_multi_camera:/home/user/exchange/zed2_camera_ws/install/zed_display_rviz2:/home/user/exchange/zed2_camera_ws/install/zed_depth_to_laserscan:/home/user/exchange/zed2_camera_ws/install/zed_wrapper:/home/user/exchange/zed2_camera_ws/install/zed_tutorial_video:/home/user/exchange/zed2_camera_ws/install/zed_tutorial_pos_tracking:/home/user/exchange/zed2_camera_ws/install/zed_tutorial_depth:/home/user/exchange/zed2_camera_ws/install/zed_topic_benchmark:/home/user/exchange/zed2_camera_ws/install/zed_topic_benchmark_component:/home/user/exchange/zed2_camera_ws/install/zed_topic_benchmark_interfaces:/home/user/exchange/zed2_camera_ws/install/zed_rgb_convert:/home/user/exchange/zed2_camera_ws/install/zed_aruco_localization:/home/user/exchange/zed2_camera_ws/install/zed_components:/home/user/exchange/zed2_camera_ws/install/zed-ros2-distance_pkg:/home/user/exchange/zed2_camera_ws/install/rviz_plugin_zed_od:/home/user/exchange/zed2_camera_ws/install/zed_msgs:/home/user/exchange/ros_proxy_ws/install/users_landmarks_msgs:/home/user/exchange/ros_proxy_ws/install/session_event_msgs:/opt/pal/alum/opt/rbdl_vendor:/home/user/exchange/unimore_ws/install/check_obstacles_pkg:/home/user/exchange/ros_proxy_ws/install/ros_proxy:/opt/pal/alum:/opt/ros/humble LD_LIBRARY_PATH=/home/user/exchange/omnibase_ws/zed2_camera_ws/install/zed_components/lib:/home/user/exchange/omnibase_ws/zed2_camera_ws/install/zed_msgs/lib:${LD_LIBRARY_PATH} PYTHONPATH=/home/user/exchange/omnibase_ws/zed2_camera_ws/install/zed_msgs/local/lib/python3.10/dist-packages:${PYTHONPATH} /usr/bin/cmake --build /home/user/exchange/omnibase_ws/zed2_camera_ws/build/zed_aruco_localization -- -j22 -l22
[2.484s] [ 33%] [32mBuilding CXX object CMakeFiles/zed_aruco_localization_component.dir/src/component/src/zed_aruco_localization_component.cpp.o[0m
[2.485s] [ 66%] [32mBuilding CXX object CMakeFiles/zed_aruco_localization_component.dir/src/component/src/aruco.cpp.o[0m
[14.230s] [100%] [32m[1mLinking CXX shared library libzed_aruco_localization_component.so[0m
[14.392s] [100%] Built target zed_aruco_localization_component
[14.404s] Invoked command in '/home/user/exchange/omnibase_ws/zed2_camera_ws/build/zed_aruco_localization' returned '0': AMENT_PREFIX_PATH=/home/user/exchange/omnibase_ws/zed2_camera_ws/install/zed_components:/home/user/exchange/omnibase_ws/zed2_camera_ws/install/zed_msgs:${AMENT_PREFIX_PATH} CMAKE_PREFIX_PATH=/home/user/exchange/omnibase_ws/zed2_camera_ws/install/zed_components:/home/user/exchange/omnibase_ws/zed2_camera_ws/install/zed_msgs:/home/user/exchange/unimore_ws/install/sermas_test_pkg:/home/user/exchange/unimore_ws/install/goal_action_pkg:/home/user/exchange/unimore_ws/install/tts_msgs:/home/user/exchange/unimore_ws/install/cbf-stl-no-noise_pkg:/home/user/exchange/unimore_ws/install/my_interfaces_cbf_stl:/home/user/exchange/unimore_ws/install/move_arms_pkg:/home/user/exchange/zed2_camera_ws/install/zed_ros2:/home/user/exchange/zed2_camera_ws/install/zed_robot_integration:/home/user/exchange/zed2_camera_ws/install/zed_ipc:/home/user/exchange/zed2_camera_ws/install/zed_multi_camera:/home/user/exchange/zed2_camera_ws/install/zed_display_rviz2:/home/user/exchange/zed2_camera_ws/install/zed_depth_to_laserscan:/home/user/exchange/zed2_camera_ws/install/zed_wrapper:/home/user/exchange/zed2_camera_ws/install/zed_tutorial_video:/home/user/exchange/zed2_camera_ws/install/zed_tutorial_pos_tracking:/home/user/exchange/zed2_camera_ws/install/zed_tutorial_depth:/home/user/exchange/zed2_camera_ws/install/zed_topic_benchmark:/home/user/exchange/zed2_camera_ws/install/zed_topic_benchmark_component:/home/user/exchange/zed2_camera_ws/install/zed_topic_benchmark_interfaces:/home/user/exchange/zed2_camera_ws/install/zed_rgb_convert:/home/user/exchange/zed2_camera_ws/install/zed_aruco_localization:/home/user/exchange/zed2_camera_ws/install/zed_components:/home/user/exchange/zed2_camera_ws/install/zed-ros2-distance_pkg:/home/user/exchange/zed2_camera_ws/install/rviz_plugin_zed_od:/home/user/exchange/zed2_camera_ws/install/zed_msgs:/home/user/exchange/ros_proxy_ws/install/users_landmarks_msgs:/home/user/exchange/ros_proxy_ws/install/session_event_msgs:/opt/pal/alum/opt/rbdl_vendor:/home/user/exchange/unimore_ws/install/check_obstacles_pkg:/home/user/exchange/ros_proxy_ws/install/ros_proxy:/opt/pal/alum:/opt/ros/humble LD_LIBRARY_PATH=/home/user/exchange/omnibase_ws/zed2_camera_ws/install/zed_components/lib:/home/user/exchange/omnibase_ws/zed2_camera_ws/install/zed_msgs/lib:${LD_LIBRARY_PATH} PYTHONPATH=/home/user/exchange/omnibase_ws/zed2_camera_ws/install/zed_msgs/local/lib/python3.10/dist-packages:${PYTHONPATH} /usr/bin/cmake --build /home/user/exchange/omnibase_ws/zed2_camera_ws/build/zed_aruco_localization -- -j22 -l22
[14.406s] Invoking command in '/home/user/exchange/omnibase_ws/zed2_camera_ws/build/zed_aruco_localization': AMENT_PREFIX_PATH=/home/user/exchange/omnibase_ws/zed2_camera_ws/install/zed_components:/home/user/exchange/omnibase_ws/zed2_camera_ws/install/zed_msgs:${AMENT_PREFIX_PATH} CMAKE_PREFIX_PATH=/home/user/exchange/omnibase_ws/zed2_camera_ws/install/zed_components:/home/user/exchange/omnibase_ws/zed2_camera_ws/install/zed_msgs:/home/user/exchange/unimore_ws/install/sermas_test_pkg:/home/user/exchange/unimore_ws/install/goal_action_pkg:/home/user/exchange/unimore_ws/install/tts_msgs:/home/user/exchange/unimore_ws/install/cbf-stl-no-noise_pkg:/home/user/exchange/unimore_ws/install/my_interfaces_cbf_stl:/home/user/exchange/unimore_ws/install/move_arms_pkg:/home/user/exchange/zed2_camera_ws/install/zed_ros2:/home/user/exchange/zed2_camera_ws/install/zed_robot_integration:/home/user/exchange/zed2_camera_ws/install/zed_ipc:/home/user/exchange/zed2_camera_ws/install/zed_multi_camera:/home/user/exchange/zed2_camera_ws/install/zed_display_rviz2:/home/user/exchange/zed2_camera_ws/install/zed_depth_to_laserscan:/home/user/exchange/zed2_camera_ws/install/zed_wrapper:/home/user/exchange/zed2_camera_ws/install/zed_tutorial_video:/home/user/exchange/zed2_camera_ws/install/zed_tutorial_pos_tracking:/home/user/exchange/zed2_camera_ws/install/zed_tutorial_depth:/home/user/exchange/zed2_camera_ws/install/zed_topic_benchmark:/home/user/exchange/zed2_camera_ws/install/zed_topic_benchmark_component:/home/user/exchange/zed2_camera_ws/install/zed_topic_benchmark_interfaces:/home/user/exchange/zed2_camera_ws/install/zed_rgb_convert:/home/user/exchange/zed2_camera_ws/install/zed_aruco_localization:/home/user/exchange/zed2_camera_ws/install/zed_components:/home/user/exchange/zed2_camera_ws/install/zed-ros2-distance_pkg:/home/user/exchange/zed2_camera_ws/install/rviz_plugin_zed_od:/home/user/exchange/zed2_camera_ws/install/zed_msgs:/home/user/exchange/ros_proxy_ws/install/users_landmarks_msgs:/home/user/exchange/ros_proxy_ws/install/session_event_msgs:/opt/pal/alum/opt/rbdl_vendor:/home/user/exchange/unimore_ws/install/check_obstacles_pkg:/home/user/exchange/ros_proxy_ws/install/ros_proxy:/opt/pal/alum:/opt/ros/humble LD_LIBRARY_PATH=/home/user/exchange/omnibase_ws/zed2_camera_ws/install/zed_components/lib:/home/user/exchange/omnibase_ws/zed2_camera_ws/install/zed_msgs/lib:${LD_LIBRARY_PATH} PYTHONPATH=/home/user/exchange/omnibase_ws/zed2_camera_ws/install/zed_msgs/local/lib/python3.10/dist-packages:${PYTHONPATH} /usr/bin/cmake --install /home/user/exchange/omnibase_ws/zed2_camera_ws/build/zed_aruco_localization
[14.412s] -- Install configuration: "Release"
[14.412s] -- Execute custom install script
[14.412s] -- Symlinking: /home/user/exchange/omnibase_ws/zed2_camera_ws/install/zed_aruco_localization/lib/libzed_aruco_localization_component.so
[14.420s] -- Symlinking: /home/user/exchange/omnibase_ws/zed2_camera_ws/install/zed_aruco_localization/include/zed_aruco_localization//aruco_loc_visibility_control.hpp
[14.427s] -- Symlinking: /home/user/exchange/omnibase_ws/zed2_camera_ws/install/zed_aruco_localization/include/zed_aruco_localization//aruco.hpp
[14.433s] -- Symlinking: /home/user/exchange/omnibase_ws/zed2_camera_ws/install/zed_aruco_localization/include/zed_aruco_localization//zed_aruco_localization_component.hpp
[14.439s] -- Symlinking: /home/user/exchange/omnibase_ws/zed2_camera_ws/install/zed_aruco_localization/share/zed_aruco_localization/launch/zed_aruco_loc.launch.py
[14.445s] -- Symlinking: /home/user/exchange/omnibase_ws/zed2_camera_ws/install/zed_aruco_localization/share/zed_aruco_localization/config/aruco_loc.yaml
[14.452s] -- Symlinking: /home/user/exchange/omnibase_ws/zed2_camera_ws/install/zed_aruco_localization/share/zed_aruco_localization/rviz2/aruco.rviz
[14.460s] -- Symlinking: /home/user/exchange/omnibase_ws/zed2_camera_ws/install/zed_aruco_localization/share/zed_aruco_localization/environment/library_path.sh
[14.466s] -- Symlinking: /home/user/exchange/omnibase_ws/zed2_camera_ws/install/zed_aruco_localization/share/zed_aruco_localization/environment/library_path.dsv
[14.479s] -- Symlinking: /home/user/exchange/omnibase_ws/zed2_camera_ws/install/zed_aruco_localization/share/ament_index/resource_index/package_run_dependencies/zed_aruco_localization
[14.484s] -- Symlinking: /home/user/exchange/omnibase_ws/zed2_camera_ws/install/zed_aruco_localization/share/ament_index/resource_index/parent_prefix_path/zed_aruco_localization
[14.491s] -- Symlinking: /home/user/exchange/omnibase_ws/zed2_camera_ws/install/zed_aruco_localization/share/zed_aruco_localization/environment/ament_prefix_path.sh
[14.496s] -- Symlinking: /home/user/exchange/omnibase_ws/zed2_camera_ws/install/zed_aruco_localization/share/zed_aruco_localization/environment/ament_prefix_path.dsv
[14.504s] -- Symlinking: /home/user/exchange/omnibase_ws/zed2_camera_ws/install/zed_aruco_localization/share/zed_aruco_localization/environment/path.sh
[14.511s] -- Symlinking: /home/user/exchange/omnibase_ws/zed2_camera_ws/install/zed_aruco_localization/share/zed_aruco_localization/environment/path.dsv
[14.520s] -- Symlinking: /home/user/exchange/omnibase_ws/zed2_camera_ws/install/zed_aruco_localization/share/zed_aruco_localization/local_setup.bash
[14.526s] -- Symlinking: /home/user/exchange/omnibase_ws/zed2_camera_ws/install/zed_aruco_localization/share/zed_aruco_localization/local_setup.sh
[14.532s] -- Symlinking: /home/user/exchange/omnibase_ws/zed2_camera_ws/install/zed_aruco_localization/share/zed_aruco_localization/local_setup.zsh
[14.538s] -- Symlinking: /home/user/exchange/omnibase_ws/zed2_camera_ws/install/zed_aruco_localization/share/zed_aruco_localization/local_setup.dsv
[14.545s] -- Symlinking: /home/user/exchange/omnibase_ws/zed2_camera_ws/install/zed_aruco_localization/share/zed_aruco_localization/package.dsv
[14.552s] -- Symlinking: /home/user/exchange/omnibase_ws/zed2_camera_ws/install/zed_aruco_localization/share/ament_index/resource_index/packages/zed_aruco_localization
[14.569s] -- Symlinking: /home/user/exchange/omnibase_ws/zed2_camera_ws/install/zed_aruco_localization/share/ament_index/resource_index/rclcpp_components/zed_aruco_localization
[14.575s] -- Symlinking: /home/user/exchange/omnibase_ws/zed2_camera_ws/install/zed_aruco_localization/share/zed_aruco_localization/cmake/ament_cmake_export_include_directories-extras.cmake
[14.584s] -- Symlinking: /home/user/exchange/omnibase_ws/zed2_camera_ws/install/zed_aruco_localization/share/zed_aruco_localization/cmake/ament_cmake_export_libraries-extras.cmake
[14.591s] -- Symlinking: /home/user/exchange/omnibase_ws/zed2_camera_ws/install/zed_aruco_localization/share/zed_aruco_localization/cmake/ament_cmake_export_dependencies-extras.cmake
[14.599s] -- Symlinking: /home/user/exchange/omnibase_ws/zed2_camera_ws/install/zed_aruco_localization/share/zed_aruco_localization/cmake/zed_aruco_localizationConfig.cmake
[14.606s] -- Symlinking: /home/user/exchange/omnibase_ws/zed2_camera_ws/install/zed_aruco_localization/share/zed_aruco_localization/cmake/zed_aruco_localizationConfig-version.cmake
[14.613s] -- Symlinking: /home/user/exchange/omnibase_ws/zed2_camera_ws/install/zed_aruco_localization/share/zed_aruco_localization/package.xml
[14.621s] Invoked command in '/home/user/exchange/omnibase_ws/zed2_camera_ws/build/zed_aruco_localization' returned '0': AMENT_PREFIX_PATH=/home/user/exchange/omnibase_ws/zed2_camera_ws/install/zed_components:/home/user/exchange/omnibase_ws/zed2_camera_ws/install/zed_msgs:${AMENT_PREFIX_PATH} CMAKE_PREFIX_PATH=/home/user/exchange/omnibase_ws/zed2_camera_ws/install/zed_components:/home/user/exchange/omnibase_ws/zed2_camera_ws/install/zed_msgs:/home/user/exchange/unimore_ws/install/sermas_test_pkg:/home/user/exchange/unimore_ws/install/goal_action_pkg:/home/user/exchange/unimore_ws/install/tts_msgs:/home/user/exchange/unimore_ws/install/cbf-stl-no-noise_pkg:/home/user/exchange/unimore_ws/install/my_interfaces_cbf_stl:/home/user/exchange/unimore_ws/install/move_arms_pkg:/home/user/exchange/zed2_camera_ws/install/zed_ros2:/home/user/exchange/zed2_camera_ws/install/zed_robot_integration:/home/user/exchange/zed2_camera_ws/install/zed_ipc:/home/user/exchange/zed2_camera_ws/install/zed_multi_camera:/home/user/exchange/zed2_camera_ws/install/zed_display_rviz2:/home/user/exchange/zed2_camera_ws/install/zed_depth_to_laserscan:/home/user/exchange/zed2_camera_ws/install/zed_wrapper:/home/user/exchange/zed2_camera_ws/install/zed_tutorial_video:/home/user/exchange/zed2_camera_ws/install/zed_tutorial_pos_tracking:/home/user/exchange/zed2_camera_ws/install/zed_tutorial_depth:/home/user/exchange/zed2_camera_ws/install/zed_topic_benchmark:/home/user/exchange/zed2_camera_ws/install/zed_topic_benchmark_component:/home/user/exchange/zed2_camera_ws/install/zed_topic_benchmark_interfaces:/home/user/exchange/zed2_camera_ws/install/zed_rgb_convert:/home/user/exchange/zed2_camera_ws/install/zed_aruco_localization:/home/user/exchange/zed2_camera_ws/install/zed_components:/home/user/exchange/zed2_camera_ws/install/zed-ros2-distance_pkg:/home/user/exchange/zed2_camera_ws/install/rviz_plugin_zed_od:/home/user/exchange/zed2_camera_ws/install/zed_msgs:/home/user/exchange/ros_proxy_ws/install/users_landmarks_msgs:/home/user/exchange/ros_proxy_ws/install/session_event_msgs:/opt/pal/alum/opt/rbdl_vendor:/home/user/exchange/unimore_ws/install/check_obstacles_pkg:/home/user/exchange/ros_proxy_ws/install/ros_proxy:/opt/pal/alum:/opt/ros/humble LD_LIBRARY_PATH=/home/user/exchange/omnibase_ws/zed2_camera_ws/install/zed_components/lib:/home/user/exchange/omnibase_ws/zed2_camera_ws/install/zed_msgs/lib:${LD_LIBRARY_PATH} PYTHONPATH=/home/user/exchange/omnibase_ws/zed2_camera_ws/install/zed_msgs/local/lib/python3.10/dist-packages:${PYTHONPATH} /usr/bin/cmake --install /home/user/exchange/omnibase_ws/zed2_camera_ws/build/zed_aruco_localization
