[0.041s] Invoking command in '/home/user/exchange/omnibase_ws/cbf_stl_ws/build/my_interfaces': CMAKE_PREFIX_PATH=${CMAKE_PREFIX_PATH}:/home/user/exchange/unimore_ws/install/check_obstacles_pkg:/home/user/exchange/ros_proxy_ws/install/ros_proxy:/home/user/exchange/omnibase_ws/cbf_stl_ws/install/check_obstacle_pkg:/opt/pal/alum:/opt/ros/humble /usr/bin/cmake --build /home/user/exchange/omnibase_ws/cbf_stl_ws/build/my_interfaces -- -j22 -l22
[0.145s] [  1%] Built target my_interfaces__cpp
[0.151s] [ 12%] Built target my_interfaces__rosidl_generator_c
[0.159s] [ 12%] Built target ament_cmake_python_symlink_my_interfaces
[0.185s] [ 23%] Built target my_interfaces__rosidl_typesupport_cpp
[0.186s] [ 34%] Built target my_interfaces__rosidl_typesupport_fastrtps_cpp
[0.187s] [ 45%] Built target my_interfaces__rosidl_typesupport_c
[0.187s] [ 56%] Built target my_interfaces__rosidl_typesupport_introspection_cpp
[0.189s] [ 67%] Built target my_interfaces__rosidl_typesupport_introspection_c
[0.194s] [ 78%] Built target my_interfaces__rosidl_typesupport_fastrtps_c
[0.231s] [ 78%] Built target my_interfaces
[0.275s] [ 80%] Built target my_interfaces__py
[0.320s] [ 89%] Built target my_interfaces__rosidl_generator_py
[0.355s] [ 92%] Built target my_interfaces__rosidl_typesupport_introspection_c__pyext
[0.360s] [ 96%] Built target my_interfaces__rosidl_typesupport_c__pyext
[0.362s] [100%] Built target my_interfaces__rosidl_typesupport_fastrtps_c__pyext
[0.477s] running egg_info
[0.478s] writing my_interfaces.egg-info/PKG-INFO
[0.478s] writing dependency_links to my_interfaces.egg-info/dependency_links.txt
[0.478s] writing top-level names to my_interfaces.egg-info/top_level.txt
[0.481s] reading manifest file 'my_interfaces.egg-info/SOURCES.txt'
[0.481s] writing manifest file 'my_interfaces.egg-info/SOURCES.txt'
[0.515s] [100%] Built target ament_cmake_python_build_my_interfaces_egg
[0.555s] Invoked command in '/home/user/exchange/omnibase_ws/cbf_stl_ws/build/my_interfaces' returned '0': CMAKE_PREFIX_PATH=${CMAKE_PREFIX_PATH}:/home/user/exchange/unimore_ws/install/check_obstacles_pkg:/home/user/exchange/ros_proxy_ws/install/ros_proxy:/home/user/exchange/omnibase_ws/cbf_stl_ws/install/check_obstacle_pkg:/opt/pal/alum:/opt/ros/humble /usr/bin/cmake --build /home/user/exchange/omnibase_ws/cbf_stl_ws/build/my_interfaces -- -j22 -l22
[0.558s] Invoking command in '/home/user/exchange/omnibase_ws/cbf_stl_ws/build/my_interfaces': CMAKE_PREFIX_PATH=${CMAKE_PREFIX_PATH}:/home/user/exchange/unimore_ws/install/check_obstacles_pkg:/home/user/exchange/ros_proxy_ws/install/ros_proxy:/home/user/exchange/omnibase_ws/cbf_stl_ws/install/check_obstacle_pkg:/opt/pal/alum:/opt/ros/humble /usr/bin/cmake --install /home/user/exchange/omnibase_ws/cbf_stl_ws/build/my_interfaces
[0.571s] -- Install configuration: ""
[0.573s] -- Execute custom install script
[0.575s] -- Up-to-date symlink: /home/user/exchange/omnibase_ws/cbf_stl_ws/install/my_interfaces/share/ament_index/resource_index/rosidl_interfaces/my_interfaces
[0.575s] -- Up-to-date symlink: /home/user/exchange/omnibase_ws/cbf_stl_ws/install/my_interfaces/include/my_interfaces/my_interfaces/msg/alldata.h
[0.576s] -- Up-to-date symlink: /home/user/exchange/omnibase_ws/cbf_stl_ws/install/my_interfaces/include/my_interfaces/my_interfaces/msg/detail/alldata__functions.h
[0.576s] -- Up-to-date symlink: /home/user/exchange/omnibase_ws/cbf_stl_ws/install/my_interfaces/include/my_interfaces/my_interfaces/msg/detail/alldata__struct.h
[0.577s] -- Up-to-date symlink: /home/user/exchange/omnibase_ws/cbf_stl_ws/install/my_interfaces/include/my_interfaces/my_interfaces/msg/detail/alldata__type_support.h
[0.577s] -- Up-to-date symlink: /home/user/exchange/omnibase_ws/cbf_stl_ws/install/my_interfaces/include/my_interfaces/my_interfaces/msg/detail/input__functions.h
[0.577s] -- Up-to-date symlink: /home/user/exchange/omnibase_ws/cbf_stl_ws/install/my_interfaces/include/my_interfaces/my_interfaces/msg/detail/input__struct.h
[0.578s] -- Up-to-date symlink: /home/user/exchange/omnibase_ws/cbf_stl_ws/install/my_interfaces/include/my_interfaces/my_interfaces/msg/detail/input__type_support.h
[0.578s] -- Up-to-date symlink: /home/user/exchange/omnibase_ws/cbf_stl_ws/install/my_interfaces/include/my_interfaces/my_interfaces/msg/detail/obstacles__functions.h
[0.578s] -- Up-to-date symlink: /home/user/exchange/omnibase_ws/cbf_stl_ws/install/my_interfaces/include/my_interfaces/my_interfaces/msg/detail/obstacles__struct.h
[0.578s] -- Up-to-date symlink: /home/user/exchange/omnibase_ws/cbf_stl_ws/install/my_interfaces/include/my_interfaces/my_interfaces/msg/detail/obstacles__type_support.h
[0.578s] -- Up-to-date symlink: /home/user/exchange/omnibase_ws/cbf_stl_ws/install/my_interfaces/include/my_interfaces/my_interfaces/msg/input.h
[0.578s] -- Up-to-date symlink: /home/user/exchange/omnibase_ws/cbf_stl_ws/install/my_interfaces/include/my_interfaces/my_interfaces/msg/obstacles.h
[0.578s] -- Up-to-date symlink: /home/user/exchange/omnibase_ws/cbf_stl_ws/install/my_interfaces/include/my_interfaces/my_interfaces/msg/rosidl_generator_c__visibility_control.h
[0.579s] -- Up-to-date symlink: /home/user/exchange/omnibase_ws/cbf_stl_ws/install/my_interfaces/include/my_interfaces/my_interfaces/srv/detail/input_request__functions.h
[0.579s] -- Up-to-date symlink: /home/user/exchange/omnibase_ws/cbf_stl_ws/install/my_interfaces/include/my_interfaces/my_interfaces/srv/detail/input_request__struct.h
[0.580s] -- Up-to-date symlink: /home/user/exchange/omnibase_ws/cbf_stl_ws/install/my_interfaces/include/my_interfaces/my_interfaces/srv/detail/input_request__type_support.h
[0.580s] -- Up-to-date symlink: /home/user/exchange/omnibase_ws/cbf_stl_ws/install/my_interfaces/include/my_interfaces/my_interfaces/srv/input_request.h
[0.580s] -- Up-to-date symlink: /home/user/exchange/omnibase_ws/cbf_stl_ws/install/my_interfaces/share/my_interfaces/environment/library_path.sh
[0.580s] -- Up-to-date symlink: /home/user/exchange/omnibase_ws/cbf_stl_ws/install/my_interfaces/share/my_interfaces/environment/library_path.dsv
[0.580s] -- Up-to-date symlink: /home/user/exchange/omnibase_ws/cbf_stl_ws/install/my_interfaces/include/my_interfaces/my_interfaces/msg/detail/alldata__rosidl_typesupport_fastrtps_c.h
[0.580s] -- Up-to-date symlink: /home/user/exchange/omnibase_ws/cbf_stl_ws/install/my_interfaces/include/my_interfaces/my_interfaces/msg/detail/input__rosidl_typesupport_fastrtps_c.h
[0.580s] -- Up-to-date symlink: /home/user/exchange/omnibase_ws/cbf_stl_ws/install/my_interfaces/include/my_interfaces/my_interfaces/msg/detail/obstacles__rosidl_typesupport_fastrtps_c.h
[0.580s] -- Up-to-date symlink: /home/user/exchange/omnibase_ws/cbf_stl_ws/install/my_interfaces/include/my_interfaces/my_interfaces/msg/rosidl_typesupport_fastrtps_c__visibility_control.h
[0.580s] -- Up-to-date symlink: /home/user/exchange/omnibase_ws/cbf_stl_ws/install/my_interfaces/include/my_interfaces/my_interfaces/srv/detail/input_request__rosidl_typesupport_fastrtps_c.h
[0.580s] -- Up-to-date symlink: /home/user/exchange/omnibase_ws/cbf_stl_ws/install/my_interfaces/include/my_interfaces/my_interfaces/msg/detail/alldata__rosidl_typesupport_introspection_c.h
[0.580s] -- Up-to-date symlink: /home/user/exchange/omnibase_ws/cbf_stl_ws/install/my_interfaces/include/my_interfaces/my_interfaces/msg/detail/input__rosidl_typesupport_introspection_c.h
[0.581s] -- Up-to-date symlink: /home/user/exchange/omnibase_ws/cbf_stl_ws/install/my_interfaces/include/my_interfaces/my_interfaces/msg/detail/obstacles__rosidl_typesupport_introspection_c.h
[0.581s] -- Up-to-date symlink: /home/user/exchange/omnibase_ws/cbf_stl_ws/install/my_interfaces/include/my_interfaces/my_interfaces/msg/rosidl_typesupport_introspection_c__visibility_control.h
[0.581s] -- Up-to-date symlink: /home/user/exchange/omnibase_ws/cbf_stl_ws/install/my_interfaces/include/my_interfaces/my_interfaces/srv/detail/input_request__rosidl_typesupport_introspection_c.h
[0.581s] -- Up-to-date symlink: /home/user/exchange/omnibase_ws/cbf_stl_ws/install/my_interfaces/include/my_interfaces/my_interfaces/msg/alldata.hpp
[0.581s] -- Up-to-date symlink: /home/user/exchange/omnibase_ws/cbf_stl_ws/install/my_interfaces/include/my_interfaces/my_interfaces/msg/detail/alldata__builder.hpp
[0.581s] -- Up-to-date symlink: /home/user/exchange/omnibase_ws/cbf_stl_ws/install/my_interfaces/include/my_interfaces/my_interfaces/msg/detail/alldata__struct.hpp
[0.582s] -- Up-to-date symlink: /home/user/exchange/omnibase_ws/cbf_stl_ws/install/my_interfaces/include/my_interfaces/my_interfaces/msg/detail/alldata__traits.hpp
[0.582s] -- Up-to-date symlink: /home/user/exchange/omnibase_ws/cbf_stl_ws/install/my_interfaces/include/my_interfaces/my_interfaces/msg/detail/alldata__type_support.hpp
[0.582s] -- Up-to-date symlink: /home/user/exchange/omnibase_ws/cbf_stl_ws/install/my_interfaces/include/my_interfaces/my_interfaces/msg/detail/input__builder.hpp
[0.582s] -- Up-to-date symlink: /home/user/exchange/omnibase_ws/cbf_stl_ws/install/my_interfaces/include/my_interfaces/my_interfaces/msg/detail/input__struct.hpp
[0.582s] -- Up-to-date symlink: /home/user/exchange/omnibase_ws/cbf_stl_ws/install/my_interfaces/include/my_interfaces/my_interfaces/msg/detail/input__traits.hpp
[0.582s] -- Up-to-date symlink: /home/user/exchange/omnibase_ws/cbf_stl_ws/install/my_interfaces/include/my_interfaces/my_interfaces/msg/detail/input__type_support.hpp
[0.582s] -- Up-to-date symlink: /home/user/exchange/omnibase_ws/cbf_stl_ws/install/my_interfaces/include/my_interfaces/my_interfaces/msg/detail/obstacles__builder.hpp
[0.582s] -- Up-to-date symlink: /home/user/exchange/omnibase_ws/cbf_stl_ws/install/my_interfaces/include/my_interfaces/my_interfaces/msg/detail/obstacles__struct.hpp
[0.583s] -- Up-to-date symlink: /home/user/exchange/omnibase_ws/cbf_stl_ws/install/my_interfaces/include/my_interfaces/my_interfaces/msg/detail/obstacles__traits.hpp
[0.583s] -- Up-to-date symlink: /home/user/exchange/omnibase_ws/cbf_stl_ws/install/my_interfaces/include/my_interfaces/my_interfaces/msg/detail/obstacles__type_support.hpp
[0.583s] -- Up-to-date symlink: /home/user/exchange/omnibase_ws/cbf_stl_ws/install/my_interfaces/include/my_interfaces/my_interfaces/msg/input.hpp
[0.583s] -- Up-to-date symlink: /home/user/exchange/omnibase_ws/cbf_stl_ws/install/my_interfaces/include/my_interfaces/my_interfaces/msg/obstacles.hpp
[0.583s] -- Up-to-date symlink: /home/user/exchange/omnibase_ws/cbf_stl_ws/install/my_interfaces/include/my_interfaces/my_interfaces/msg/rosidl_generator_cpp__visibility_control.hpp
[0.583s] -- Up-to-date symlink: /home/user/exchange/omnibase_ws/cbf_stl_ws/install/my_interfaces/include/my_interfaces/my_interfaces/srv/detail/input_request__builder.hpp
[0.583s] -- Up-to-date symlink: /home/user/exchange/omnibase_ws/cbf_stl_ws/install/my_interfaces/include/my_interfaces/my_interfaces/srv/detail/input_request__struct.hpp
[0.583s] -- Up-to-date symlink: /home/user/exchange/omnibase_ws/cbf_stl_ws/install/my_interfaces/include/my_interfaces/my_interfaces/srv/detail/input_request__traits.hpp
[0.583s] -- Up-to-date symlink: /home/user/exchange/omnibase_ws/cbf_stl_ws/install/my_interfaces/include/my_interfaces/my_interfaces/srv/detail/input_request__type_support.hpp
[0.583s] -- Up-to-date symlink: /home/user/exchange/omnibase_ws/cbf_stl_ws/install/my_interfaces/include/my_interfaces/my_interfaces/srv/input_request.hpp
[0.584s] -- Up-to-date symlink: /home/user/exchange/omnibase_ws/cbf_stl_ws/install/my_interfaces/include/my_interfaces/my_interfaces/msg/detail/alldata__rosidl_typesupport_fastrtps_cpp.hpp
[0.584s] -- Up-to-date symlink: /home/user/exchange/omnibase_ws/cbf_stl_ws/install/my_interfaces/include/my_interfaces/my_interfaces/msg/detail/input__rosidl_typesupport_fastrtps_cpp.hpp
[0.584s] -- Up-to-date symlink: /home/user/exchange/omnibase_ws/cbf_stl_ws/install/my_interfaces/include/my_interfaces/my_interfaces/msg/detail/obstacles__rosidl_typesupport_fastrtps_cpp.hpp
[0.584s] -- Up-to-date symlink: /home/user/exchange/omnibase_ws/cbf_stl_ws/install/my_interfaces/include/my_interfaces/my_interfaces/msg/rosidl_typesupport_fastrtps_cpp__visibility_control.h
[0.584s] -- Up-to-date symlink: /home/user/exchange/omnibase_ws/cbf_stl_ws/install/my_interfaces/include/my_interfaces/my_interfaces/srv/detail/input_request__rosidl_typesupport_fastrtps_cpp.hpp
[0.584s] -- Up-to-date symlink: /home/user/exchange/omnibase_ws/cbf_stl_ws/install/my_interfaces/include/my_interfaces/my_interfaces/msg/detail/alldata__rosidl_typesupport_introspection_cpp.hpp
[0.584s] -- Up-to-date symlink: /home/user/exchange/omnibase_ws/cbf_stl_ws/install/my_interfaces/include/my_interfaces/my_interfaces/msg/detail/input__rosidl_typesupport_introspection_cpp.hpp
[0.584s] -- Up-to-date symlink: /home/user/exchange/omnibase_ws/cbf_stl_ws/install/my_interfaces/include/my_interfaces/my_interfaces/msg/detail/obstacles__rosidl_typesupport_introspection_cpp.hpp
[0.584s] -- Up-to-date symlink: /home/user/exchange/omnibase_ws/cbf_stl_ws/install/my_interfaces/include/my_interfaces/my_interfaces/srv/detail/input_request__rosidl_typesupport_introspection_cpp.hpp
[0.584s] -- Up-to-date symlink: /home/user/exchange/omnibase_ws/cbf_stl_ws/install/my_interfaces/share/my_interfaces/environment/pythonpath.sh
[0.585s] -- Up-to-date symlink: /home/user/exchange/omnibase_ws/cbf_stl_ws/install/my_interfaces/share/my_interfaces/environment/pythonpath.dsv
[0.585s] -- Up-to-date symlink: /home/user/exchange/omnibase_ws/cbf_stl_ws/install/my_interfaces/local/lib/python3.10/dist-packages/my_interfaces-0.0.0-py3.10.egg-info/PKG-INFO
[0.585s] -- Up-to-date symlink: /home/user/exchange/omnibase_ws/cbf_stl_ws/install/my_interfaces/local/lib/python3.10/dist-packages/my_interfaces-0.0.0-py3.10.egg-info/SOURCES.txt
[0.585s] -- Up-to-date symlink: /home/user/exchange/omnibase_ws/cbf_stl_ws/install/my_interfaces/local/lib/python3.10/dist-packages/my_interfaces-0.0.0-py3.10.egg-info/dependency_links.txt
[0.585s] -- Up-to-date symlink: /home/user/exchange/omnibase_ws/cbf_stl_ws/install/my_interfaces/local/lib/python3.10/dist-packages/my_interfaces-0.0.0-py3.10.egg-info/top_level.txt
[0.585s] -- Up-to-date symlink: /home/user/exchange/omnibase_ws/cbf_stl_ws/install/my_interfaces/local/lib/python3.10/dist-packages/my_interfaces/__init__.py
[0.585s] -- Up-to-date symlink: /home/user/exchange/omnibase_ws/cbf_stl_ws/install/my_interfaces/local/lib/python3.10/dist-packages/my_interfaces/_my_interfaces_s.ep.rosidl_typesupport_c.c
[0.585s] -- Up-to-date symlink: /home/user/exchange/omnibase_ws/cbf_stl_ws/install/my_interfaces/local/lib/python3.10/dist-packages/my_interfaces/_my_interfaces_s.ep.rosidl_typesupport_fastrtps_c.c
[0.585s] -- Up-to-date symlink: /home/user/exchange/omnibase_ws/cbf_stl_ws/install/my_interfaces/local/lib/python3.10/dist-packages/my_interfaces/_my_interfaces_s.ep.rosidl_typesupport_introspection_c.c
[0.585s] -- Up-to-date symlink: /home/user/exchange/omnibase_ws/cbf_stl_ws/install/my_interfaces/local/lib/python3.10/dist-packages/my_interfaces/libmy_interfaces__rosidl_generator_py.so
[0.586s] -- Up-to-date symlink: /home/user/exchange/omnibase_ws/cbf_stl_ws/install/my_interfaces/local/lib/python3.10/dist-packages/my_interfaces/msg/__init__.py
[0.586s] -- Up-to-date symlink: /home/user/exchange/omnibase_ws/cbf_stl_ws/install/my_interfaces/local/lib/python3.10/dist-packages/my_interfaces/msg/_alldata.py
[0.586s] -- Up-to-date symlink: /home/user/exchange/omnibase_ws/cbf_stl_ws/install/my_interfaces/local/lib/python3.10/dist-packages/my_interfaces/msg/_alldata_s.c
[0.586s] -- Up-to-date symlink: /home/user/exchange/omnibase_ws/cbf_stl_ws/install/my_interfaces/local/lib/python3.10/dist-packages/my_interfaces/msg/_input.py
[0.586s] -- Up-to-date symlink: /home/user/exchange/omnibase_ws/cbf_stl_ws/install/my_interfaces/local/lib/python3.10/dist-packages/my_interfaces/msg/_input_s.c
[0.587s] -- Up-to-date symlink: /home/user/exchange/omnibase_ws/cbf_stl_ws/install/my_interfaces/local/lib/python3.10/dist-packages/my_interfaces/msg/_obstacles.py
[0.587s] -- Up-to-date symlink: /home/user/exchange/omnibase_ws/cbf_stl_ws/install/my_interfaces/local/lib/python3.10/dist-packages/my_interfaces/msg/_obstacles_s.c
[0.587s] -- Up-to-date symlink: /home/user/exchange/omnibase_ws/cbf_stl_ws/install/my_interfaces/local/lib/python3.10/dist-packages/my_interfaces/my_interfaces_s__rosidl_typesupport_c.cpython-310-x86_64-linux-gnu.so
[0.587s] -- Up-to-date symlink: /home/user/exchange/omnibase_ws/cbf_stl_ws/install/my_interfaces/local/lib/python3.10/dist-packages/my_interfaces/my_interfaces_s__rosidl_typesupport_fastrtps_c.cpython-310-x86_64-linux-gnu.so
[0.587s] -- Up-to-date symlink: /home/user/exchange/omnibase_ws/cbf_stl_ws/install/my_interfaces/local/lib/python3.10/dist-packages/my_interfaces/my_interfaces_s__rosidl_typesupport_introspection_c.cpython-310-x86_64-linux-gnu.so
[0.587s] -- Up-to-date symlink: /home/user/exchange/omnibase_ws/cbf_stl_ws/install/my_interfaces/local/lib/python3.10/dist-packages/my_interfaces/srv/__init__.py
[0.587s] -- Up-to-date symlink: /home/user/exchange/omnibase_ws/cbf_stl_ws/install/my_interfaces/local/lib/python3.10/dist-packages/my_interfaces/srv/_input_request.py
[0.588s] -- Up-to-date symlink: /home/user/exchange/omnibase_ws/cbf_stl_ws/install/my_interfaces/local/lib/python3.10/dist-packages/my_interfaces/srv/_input_request_s.c
[0.588s] -- Up-to-date symlink: /home/user/exchange/omnibase_ws/cbf_stl_ws/install/my_interfaces/local/lib/python3.10/dist-packages/my_interfaces/my_interfaces_s__rosidl_typesupport_fastrtps_c.cpython-310-x86_64-linux-gnu.so
[0.588s] -- Up-to-date symlink: /home/user/exchange/omnibase_ws/cbf_stl_ws/install/my_interfaces/local/lib/python3.10/dist-packages/my_interfaces/my_interfaces_s__rosidl_typesupport_introspection_c.cpython-310-x86_64-linux-gnu.so
[0.588s] -- Up-to-date symlink: /home/user/exchange/omnibase_ws/cbf_stl_ws/install/my_interfaces/local/lib/python3.10/dist-packages/my_interfaces/my_interfaces_s__rosidl_typesupport_c.cpython-310-x86_64-linux-gnu.so
[0.588s] -- Up-to-date symlink: /home/user/exchange/omnibase_ws/cbf_stl_ws/install/my_interfaces/share/my_interfaces/srv/InputRequest.idl
[0.588s] -- Up-to-date symlink: /home/user/exchange/omnibase_ws/cbf_stl_ws/install/my_interfaces/share/my_interfaces/msg/Obstacles.idl
[0.588s] -- Up-to-date symlink: /home/user/exchange/omnibase_ws/cbf_stl_ws/install/my_interfaces/share/my_interfaces/msg/Input.idl
[0.588s] -- Up-to-date symlink: /home/user/exchange/omnibase_ws/cbf_stl_ws/install/my_interfaces/share/my_interfaces/msg/Alldata.idl
[0.589s] -- Up-to-date symlink: /home/user/exchange/omnibase_ws/cbf_stl_ws/install/my_interfaces/share/my_interfaces/srv/InputRequest.srv
[0.589s] -- Up-to-date symlink: /home/user/exchange/omnibase_ws/cbf_stl_ws/install/my_interfaces/share/my_interfaces/srv/InputRequest_Request.msg
[0.589s] -- Up-to-date symlink: /home/user/exchange/omnibase_ws/cbf_stl_ws/install/my_interfaces/share/my_interfaces/srv/InputRequest_Response.msg
[0.589s] -- Up-to-date symlink: /home/user/exchange/omnibase_ws/cbf_stl_ws/install/my_interfaces/share/my_interfaces/msg/Obstacles.msg
[0.589s] -- Up-to-date symlink: /home/user/exchange/omnibase_ws/cbf_stl_ws/install/my_interfaces/share/my_interfaces/msg/Input.msg
[0.589s] -- Up-to-date symlink: /home/user/exchange/omnibase_ws/cbf_stl_ws/install/my_interfaces/share/my_interfaces/msg/Alldata.msg
[0.589s] -- Up-to-date symlink: /home/user/exchange/omnibase_ws/cbf_stl_ws/install/my_interfaces/share/ament_index/resource_index/package_run_dependencies/my_interfaces
[0.589s] -- Up-to-date symlink: /home/user/exchange/omnibase_ws/cbf_stl_ws/install/my_interfaces/share/ament_index/resource_index/parent_prefix_path/my_interfaces
[0.589s] -- Up-to-date symlink: /home/user/exchange/omnibase_ws/cbf_stl_ws/install/my_interfaces/share/my_interfaces/environment/ament_prefix_path.sh
[0.590s] -- Up-to-date symlink: /home/user/exchange/omnibase_ws/cbf_stl_ws/install/my_interfaces/share/my_interfaces/environment/ament_prefix_path.dsv
[0.590s] -- Up-to-date symlink: /home/user/exchange/omnibase_ws/cbf_stl_ws/install/my_interfaces/share/my_interfaces/environment/path.sh
[0.590s] -- Up-to-date symlink: /home/user/exchange/omnibase_ws/cbf_stl_ws/install/my_interfaces/share/my_interfaces/environment/path.dsv
[0.590s] -- Up-to-date symlink: /home/user/exchange/omnibase_ws/cbf_stl_ws/install/my_interfaces/share/my_interfaces/local_setup.bash
[0.590s] -- Up-to-date symlink: /home/user/exchange/omnibase_ws/cbf_stl_ws/install/my_interfaces/share/my_interfaces/local_setup.sh
[0.590s] -- Up-to-date symlink: /home/user/exchange/omnibase_ws/cbf_stl_ws/install/my_interfaces/share/my_interfaces/local_setup.zsh
[0.590s] -- Up-to-date symlink: /home/user/exchange/omnibase_ws/cbf_stl_ws/install/my_interfaces/share/my_interfaces/local_setup.dsv
[0.590s] -- Symlinking: /home/user/exchange/omnibase_ws/cbf_stl_ws/install/my_interfaces/share/my_interfaces/package.dsv
[0.611s] -- Up-to-date symlink: /home/user/exchange/omnibase_ws/cbf_stl_ws/install/my_interfaces/share/ament_index/resource_index/packages/my_interfaces
[0.611s] -- Up-to-date symlink: /home/user/exchange/omnibase_ws/cbf_stl_ws/install/my_interfaces/share/my_interfaces/cmake/rosidl_cmake-extras.cmake
[0.611s] -- Up-to-date symlink: /home/user/exchange/omnibase_ws/cbf_stl_ws/install/my_interfaces/share/my_interfaces/cmake/ament_cmake_export_dependencies-extras.cmake
[0.611s] -- Up-to-date symlink: /home/user/exchange/omnibase_ws/cbf_stl_ws/install/my_interfaces/share/my_interfaces/cmake/ament_cmake_export_include_directories-extras.cmake
[0.612s] -- Up-to-date symlink: /home/user/exchange/omnibase_ws/cbf_stl_ws/install/my_interfaces/share/my_interfaces/cmake/ament_cmake_export_libraries-extras.cmake
[0.612s] -- Up-to-date symlink: /home/user/exchange/omnibase_ws/cbf_stl_ws/install/my_interfaces/share/my_interfaces/cmake/ament_cmake_export_targets-extras.cmake
[0.612s] -- Up-to-date symlink: /home/user/exchange/omnibase_ws/cbf_stl_ws/install/my_interfaces/share/my_interfaces/cmake/rosidl_cmake_export_typesupport_targets-extras.cmake
[0.612s] -- Up-to-date symlink: /home/user/exchange/omnibase_ws/cbf_stl_ws/install/my_interfaces/share/my_interfaces/cmake/rosidl_cmake_export_typesupport_libraries-extras.cmake
[0.612s] -- Up-to-date symlink: /home/user/exchange/omnibase_ws/cbf_stl_ws/install/my_interfaces/share/my_interfaces/cmake/my_interfacesConfig.cmake
[0.612s] -- Up-to-date symlink: /home/user/exchange/omnibase_ws/cbf_stl_ws/install/my_interfaces/share/my_interfaces/cmake/my_interfacesConfig-version.cmake
[0.613s] -- Up-to-date symlink: /home/user/exchange/omnibase_ws/cbf_stl_ws/install/my_interfaces/share/my_interfaces/package.xml
[0.613s] -- Up-to-date: /home/user/exchange/omnibase_ws/cbf_stl_ws/install/my_interfaces/lib/libmy_interfaces__rosidl_generator_c.so
[0.614s] -- Up-to-date: /home/user/exchange/omnibase_ws/cbf_stl_ws/install/my_interfaces/lib/libmy_interfaces__rosidl_typesupport_fastrtps_c.so
[0.614s] -- Up-to-date: /home/user/exchange/omnibase_ws/cbf_stl_ws/install/my_interfaces/lib/libmy_interfaces__rosidl_typesupport_introspection_c.so
[0.615s] -- Up-to-date: /home/user/exchange/omnibase_ws/cbf_stl_ws/install/my_interfaces/lib/libmy_interfaces__rosidl_typesupport_c.so
[0.615s] -- Up-to-date: /home/user/exchange/omnibase_ws/cbf_stl_ws/install/my_interfaces/lib/libmy_interfaces__rosidl_typesupport_fastrtps_cpp.so
[0.615s] -- Up-to-date: /home/user/exchange/omnibase_ws/cbf_stl_ws/install/my_interfaces/lib/libmy_interfaces__rosidl_typesupport_introspection_cpp.so
[0.615s] -- Up-to-date: /home/user/exchange/omnibase_ws/cbf_stl_ws/install/my_interfaces/lib/libmy_interfaces__rosidl_typesupport_cpp.so
[0.670s] Listing '/home/user/exchange/omnibase_ws/cbf_stl_ws/install/my_interfaces/local/lib/python3.10/dist-packages/my_interfaces'...
[0.670s] Listing '/home/user/exchange/omnibase_ws/cbf_stl_ws/install/my_interfaces/local/lib/python3.10/dist-packages/my_interfaces/msg'...
[0.670s] Listing '/home/user/exchange/omnibase_ws/cbf_stl_ws/install/my_interfaces/local/lib/python3.10/dist-packages/my_interfaces/srv'...
[0.677s] -- Up-to-date: /home/user/exchange/omnibase_ws/cbf_stl_ws/install/my_interfaces/lib/libmy_interfaces__rosidl_generator_py.so
[0.677s] -- Up-to-date: /home/user/exchange/omnibase_ws/cbf_stl_ws/install/my_interfaces/share/my_interfaces/cmake/export_my_interfaces__rosidl_generator_cExport.cmake
[0.677s] -- Up-to-date: /home/user/exchange/omnibase_ws/cbf_stl_ws/install/my_interfaces/share/my_interfaces/cmake/export_my_interfaces__rosidl_generator_cExport-noconfig.cmake
[0.677s] -- Up-to-date: /home/user/exchange/omnibase_ws/cbf_stl_ws/install/my_interfaces/share/my_interfaces/cmake/export_my_interfaces__rosidl_typesupport_fastrtps_cExport.cmake
[0.677s] -- Up-to-date: /home/user/exchange/omnibase_ws/cbf_stl_ws/install/my_interfaces/share/my_interfaces/cmake/export_my_interfaces__rosidl_typesupport_fastrtps_cExport-noconfig.cmake
[0.677s] -- Up-to-date: /home/user/exchange/omnibase_ws/cbf_stl_ws/install/my_interfaces/share/my_interfaces/cmake/my_interfaces__rosidl_typesupport_introspection_cExport.cmake
[0.677s] -- Up-to-date: /home/user/exchange/omnibase_ws/cbf_stl_ws/install/my_interfaces/share/my_interfaces/cmake/my_interfaces__rosidl_typesupport_introspection_cExport-noconfig.cmake
[0.677s] -- Up-to-date: /home/user/exchange/omnibase_ws/cbf_stl_ws/install/my_interfaces/share/my_interfaces/cmake/my_interfaces__rosidl_typesupport_cExport.cmake
[0.677s] -- Up-to-date: /home/user/exchange/omnibase_ws/cbf_stl_ws/install/my_interfaces/share/my_interfaces/cmake/my_interfaces__rosidl_typesupport_cExport-noconfig.cmake
[0.678s] -- Up-to-date: /home/user/exchange/omnibase_ws/cbf_stl_ws/install/my_interfaces/share/my_interfaces/cmake/export_my_interfaces__rosidl_generator_cppExport.cmake
[0.678s] -- Up-to-date: /home/user/exchange/omnibase_ws/cbf_stl_ws/install/my_interfaces/share/my_interfaces/cmake/export_my_interfaces__rosidl_typesupport_fastrtps_cppExport.cmake
[0.678s] -- Up-to-date: /home/user/exchange/omnibase_ws/cbf_stl_ws/install/my_interfaces/share/my_interfaces/cmake/export_my_interfaces__rosidl_typesupport_fastrtps_cppExport-noconfig.cmake
[0.678s] -- Up-to-date: /home/user/exchange/omnibase_ws/cbf_stl_ws/install/my_interfaces/share/my_interfaces/cmake/my_interfaces__rosidl_typesupport_introspection_cppExport.cmake
[0.678s] -- Up-to-date: /home/user/exchange/omnibase_ws/cbf_stl_ws/install/my_interfaces/share/my_interfaces/cmake/my_interfaces__rosidl_typesupport_introspection_cppExport-noconfig.cmake
[0.678s] -- Up-to-date: /home/user/exchange/omnibase_ws/cbf_stl_ws/install/my_interfaces/share/my_interfaces/cmake/my_interfaces__rosidl_typesupport_cppExport.cmake
[0.678s] -- Up-to-date: /home/user/exchange/omnibase_ws/cbf_stl_ws/install/my_interfaces/share/my_interfaces/cmake/my_interfaces__rosidl_typesupport_cppExport-noconfig.cmake
[0.678s] -- Up-to-date: /home/user/exchange/omnibase_ws/cbf_stl_ws/install/my_interfaces/share/my_interfaces/cmake/export_my_interfaces__rosidl_generator_pyExport.cmake
[0.678s] -- Up-to-date: /home/user/exchange/omnibase_ws/cbf_stl_ws/install/my_interfaces/share/my_interfaces/cmake/export_my_interfaces__rosidl_generator_pyExport-noconfig.cmake
[0.716s] Invoked command in '/home/user/exchange/omnibase_ws/cbf_stl_ws/build/my_interfaces' returned '0': CMAKE_PREFIX_PATH=${CMAKE_PREFIX_PATH}:/home/user/exchange/unimore_ws/install/check_obstacles_pkg:/home/user/exchange/ros_proxy_ws/install/ros_proxy:/home/user/exchange/omnibase_ws/cbf_stl_ws/install/check_obstacle_pkg:/opt/pal/alum:/opt/ros/humble /usr/bin/cmake --install /home/user/exchange/omnibase_ws/cbf_stl_ws/build/my_interfaces
