[0.015s] Invoking command in '/home/user/exchange/omnibase_ws/cbf_stl_ws/build/my_interfaces': CMAKE_PREFIX_PATH=${CMAKE_PREFIX_PATH}:/home/user/exchange/unimore_ws/install/check_obstacles_pkg:/home/user/exchange/ros_proxy_ws/install/ros_proxy:/home/user/exchange/omnibase_ws/cbf_stl_ws/install/check_obstacles_pkg:/opt/pal/alum:/opt/ros/humble /usr/bin/cmake /home/user/exchange/omnibase_ws/cbf_stl_ws/src/my_interfaces -DAMENT_CMAKE_SYMLINK_INSTALL=1 -DCMAKE_INSTALL_PREFIX=/home/user/exchange/omnibase_ws/cbf_stl_ws/install/my_interfaces
[0.105s] -- The C compiler identification is GNU 11.4.0
[0.149s] -- The CXX compiler identification is GNU 11.4.0
[0.156s] -- Detecting C compiler ABI info
[0.223s] -- Detecting C compiler ABI info - done
[0.229s] -- Check for working C compiler: /usr/bin/cc - skipped
[0.230s] -- Detecting C compile features
[0.230s] -- Detecting C compile features - done
[0.232s] -- Detecting CXX compiler ABI info
[0.310s] -- Detecting CXX compiler ABI info - done
[0.316s] -- Check for working CXX compiler: /usr/bin/c++ - skipped
[0.317s] -- Detecting CXX compile features
[0.317s] -- Detecting CXX compile features - done
[0.321s] -- Found ament_cmake: 1.3.11 (/opt/ros/humble/share/ament_cmake/cmake)
[0.452s] -- Found Python3: /usr/bin/python3 (found version "3.10.12") found components: Interpreter 
[0.507s] -- Override CMake install command with custom implementation using symlinks instead of copying resources
[0.581s] -- Found rosidl_default_generators: 1.2.0 (/opt/ros/humble/share/rosidl_default_generators/cmake)
[0.591s] -- Using all available rosidl_typesupport_c: rosidl_typesupport_fastrtps_c;rosidl_typesupport_introspection_c
[0.604s] -- Found rosidl_adapter: 3.1.6 (/opt/ros/humble/share/rosidl_adapter/cmake)
[0.662s] -- Using all available rosidl_typesupport_cpp: rosidl_typesupport_fastrtps_cpp;rosidl_typesupport_introspection_cpp
[0.707s] -- Found geometry_msgs: 4.2.4 (/opt/ros/humble/share/geometry_msgs/cmake)
[0.973s] -- Found ament_cmake_ros: 0.10.0 (/opt/ros/humble/share/ament_cmake_ros/cmake)
[1.174s] -- Using all available rosidl_typesupport_c: rosidl_typesupport_fastrtps_c;rosidl_typesupport_introspection_c
[1.417s] -- Using all available rosidl_typesupport_cpp: rosidl_typesupport_fastrtps_cpp;rosidl_typesupport_introspection_cpp
[1.435s] -- Found PythonInterp: /usr/bin/python3 (found suitable version "3.10.12", minimum required is "3.6") 
[1.440s] -- Found python_cmake_module: 0.10.0 (/opt/ros/humble/share/python_cmake_module/cmake)
[1.461s] -- Found PythonLibs: /usr/lib/x86_64-linux-gnu/libpython3.10.so (found suitable version "3.10.12", minimum required is "3.5") 
[1.461s] -- Using PYTHON_EXECUTABLE: /usr/bin/python3
[1.461s] -- Using PYTHON_INCLUDE_DIRS: /usr/include/python3.10
[1.461s] -- Using PYTHON_LIBRARIES: /usr/lib/x86_64-linux-gnu/libpython3.10.so
[1.477s] -- Found PythonExtra: .so  
[1.551s] -- Configuring done
[1.573s] -- Generating done
[1.580s] -- Build files have been written to: /home/user/exchange/omnibase_ws/cbf_stl_ws/build/my_interfaces
[1.586s] Invoked command in '/home/user/exchange/omnibase_ws/cbf_stl_ws/build/my_interfaces' returned '0': CMAKE_PREFIX_PATH=${CMAKE_PREFIX_PATH}:/home/user/exchange/unimore_ws/install/check_obstacles_pkg:/home/user/exchange/ros_proxy_ws/install/ros_proxy:/home/user/exchange/omnibase_ws/cbf_stl_ws/install/check_obstacles_pkg:/opt/pal/alum:/opt/ros/humble /usr/bin/cmake /home/user/exchange/omnibase_ws/cbf_stl_ws/src/my_interfaces -DAMENT_CMAKE_SYMLINK_INSTALL=1 -DCMAKE_INSTALL_PREFIX=/home/user/exchange/omnibase_ws/cbf_stl_ws/install/my_interfaces
[1.588s] Invoking command in '/home/user/exchange/omnibase_ws/cbf_stl_ws/build/my_interfaces': CMAKE_PREFIX_PATH=${CMAKE_PREFIX_PATH}:/home/user/exchange/unimore_ws/install/check_obstacles_pkg:/home/user/exchange/ros_proxy_ws/install/ros_proxy:/home/user/exchange/omnibase_ws/cbf_stl_ws/install/check_obstacles_pkg:/opt/pal/alum:/opt/ros/humble /usr/bin/cmake --build /home/user/exchange/omnibase_ws/cbf_stl_ws/build/my_interfaces -- -j22 -l22
[1.636s] [  1%] [34m[1mGenerating C code for ROS interfaces[0m
[1.649s] [  3%] [34m[1mGenerating C++ code for ROS interfaces[0m
[1.655s] [  3%] Built target ament_cmake_python_symlink_my_interfaces
[1.876s] running egg_info
[1.876s] creating my_interfaces.egg-info
[1.877s] writing my_interfaces.egg-info/PKG-INFO
[1.878s] writing dependency_links to my_interfaces.egg-info/dependency_links.txt
[1.878s] writing top-level names to my_interfaces.egg-info/top_level.txt
[1.878s] writing manifest file 'my_interfaces.egg-info/SOURCES.txt'
[1.879s] reading manifest file 'my_interfaces.egg-info/SOURCES.txt'
[1.880s] writing manifest file 'my_interfaces.egg-info/SOURCES.txt'
[1.902s] [  3%] Built target ament_cmake_python_build_my_interfaces_egg
[2.047s] [  3%] Built target my_interfaces__cpp
[2.061s] [  5%] [34m[1mGenerating C++ type support for eProsima Fast-RTPS[0m
[2.061s] [  9%] [34m[1mGenerating C++ introspection for ROS interfaces[0m
[2.061s] [  9%] [34m[1mGenerating C++ type support dispatch for ROS interfaces[0m
[2.140s] [ 16%] [32mBuilding C object CMakeFiles/my_interfaces__rosidl_generator_c.dir/rosidl_generator_c/my_interfaces/srv/detail/input_request__functions.c.o[0m
[2.141s] [ 16%] [32mBuilding C object CMakeFiles/my_interfaces__rosidl_generator_c.dir/rosidl_generator_c/my_interfaces/msg/detail/input__functions.c.o[0m
[2.141s] [ 16%] [32mBuilding C object CMakeFiles/my_interfaces__rosidl_generator_c.dir/rosidl_generator_c/my_interfaces/msg/detail/alldata__functions.c.o[0m
[2.141s] [ 16%] [32mBuilding C object CMakeFiles/my_interfaces__rosidl_generator_c.dir/rosidl_generator_c/my_interfaces/msg/detail/obstacles__functions.c.o[0m
[2.207s] [ 18%] [32m[1mLinking C shared library libmy_interfaces__rosidl_generator_c.so[0m
[2.257s] [ 18%] Built target my_interfaces__rosidl_generator_c
[2.273s] [ 23%] [34m[1mGenerating C type support dispatch for ROS interfaces[0m
[2.273s] [ 23%] [34m[1mGenerating C type support for eProsima Fast-RTPS[0m
[2.273s] [ 23%] [34m[1mGenerating C introspection for ROS interfaces[0m
[2.411s] [ 25%] [32mBuilding CXX object CMakeFiles/my_interfaces__rosidl_typesupport_cpp.dir/rosidl_typesupport_cpp/my_interfaces/msg/obstacles__type_support.cpp.o[0m
[2.413s] [ 27%] [32mBuilding CXX object CMakeFiles/my_interfaces__rosidl_typesupport_cpp.dir/rosidl_typesupport_cpp/my_interfaces/msg/alldata__type_support.cpp.o[0m
[2.414s] [ 29%] [32mBuilding CXX object CMakeFiles/my_interfaces__rosidl_typesupport_cpp.dir/rosidl_typesupport_cpp/my_interfaces/srv/input_request__type_support.cpp.o[0m
[2.415s] [ 30%] [32mBuilding CXX object CMakeFiles/my_interfaces__rosidl_typesupport_cpp.dir/rosidl_typesupport_cpp/my_interfaces/msg/input__type_support.cpp.o[0m
[2.568s] [ 32%] [32mBuilding CXX object CMakeFiles/my_interfaces__rosidl_typesupport_introspection_cpp.dir/rosidl_typesupport_introspection_cpp/my_interfaces/srv/detail/input_request__type_support.cpp.o[0m
[2.569s] [ 34%] [32mBuilding CXX object CMakeFiles/my_interfaces__rosidl_typesupport_introspection_cpp.dir/rosidl_typesupport_introspection_cpp/my_interfaces/msg/detail/obstacles__type_support.cpp.o[0m
[2.573s] [ 36%] [32mBuilding CXX object CMakeFiles/my_interfaces__rosidl_typesupport_introspection_cpp.dir/rosidl_typesupport_introspection_cpp/my_interfaces/msg/detail/input__type_support.cpp.o[0m
[2.576s] [ 38%] [32mBuilding CXX object CMakeFiles/my_interfaces__rosidl_typesupport_introspection_cpp.dir/rosidl_typesupport_introspection_cpp/my_interfaces/msg/detail/alldata__type_support.cpp.o[0m
[2.644s] [ 40%] [32mBuilding CXX object CMakeFiles/my_interfaces__rosidl_typesupport_fastrtps_cpp.dir/rosidl_typesupport_fastrtps_cpp/my_interfaces/msg/detail/dds_fastrtps/input__type_support.cpp.o[0m
[2.646s] [ 41%] [32mBuilding CXX object CMakeFiles/my_interfaces__rosidl_typesupport_fastrtps_cpp.dir/rosidl_typesupport_fastrtps_cpp/my_interfaces/msg/detail/dds_fastrtps/obstacles__type_support.cpp.o[0m
[2.649s] [ 43%] [32mBuilding CXX object CMakeFiles/my_interfaces__rosidl_typesupport_fastrtps_cpp.dir/rosidl_typesupport_fastrtps_cpp/my_interfaces/srv/detail/dds_fastrtps/input_request__type_support.cpp.o[0m
[2.651s] [ 45%] [32mBuilding CXX object CMakeFiles/my_interfaces__rosidl_typesupport_fastrtps_cpp.dir/rosidl_typesupport_fastrtps_cpp/my_interfaces/msg/detail/dds_fastrtps/alldata__type_support.cpp.o[0m
[2.738s] [ 47%] [32m[1mLinking CXX shared library libmy_interfaces__rosidl_typesupport_cpp.so[0m
[2.763s] [ 50%] [32mBuilding CXX object CMakeFiles/my_interfaces__rosidl_typesupport_c.dir/rosidl_typesupport_c/my_interfaces/srv/input_request__type_support.cpp.o[0m
[2.763s] [ 50%] [32mBuilding CXX object CMakeFiles/my_interfaces__rosidl_typesupport_c.dir/rosidl_typesupport_c/my_interfaces/msg/obstacles__type_support.cpp.o[0m
[2.764s] [ 52%] [32mBuilding CXX object CMakeFiles/my_interfaces__rosidl_typesupport_c.dir/rosidl_typesupport_c/my_interfaces/msg/input__type_support.cpp.o[0m
[2.764s] [ 54%] [32mBuilding CXX object CMakeFiles/my_interfaces__rosidl_typesupport_c.dir/rosidl_typesupport_c/my_interfaces/msg/alldata__type_support.cpp.o[0m
[2.805s] [ 54%] Built target my_interfaces__rosidl_typesupport_cpp
[2.810s] [ 56%] [32m[1mLinking CXX shared library libmy_interfaces__rosidl_typesupport_c.so[0m
[2.853s] [ 56%] Built target my_interfaces__rosidl_typesupport_c
[2.887s] [ 58%] [32mBuilding C object CMakeFiles/my_interfaces__rosidl_typesupport_introspection_c.dir/rosidl_typesupport_introspection_c/my_interfaces/msg/detail/input__type_support.c.o[0m
[2.888s] [ 60%] [32mBuilding C object CMakeFiles/my_interfaces__rosidl_typesupport_introspection_c.dir/rosidl_typesupport_introspection_c/my_interfaces/msg/detail/obstacles__type_support.c.o[0m
[2.888s] [ 61%] [32mBuilding C object CMakeFiles/my_interfaces__rosidl_typesupport_introspection_c.dir/rosidl_typesupport_introspection_c/my_interfaces/srv/detail/input_request__type_support.c.o[0m
[2.888s] [ 63%] [32mBuilding C object CMakeFiles/my_interfaces__rosidl_typesupport_introspection_c.dir/rosidl_typesupport_introspection_c/my_interfaces/msg/detail/alldata__type_support.c.o[0m
[2.904s] [ 69%] [32mBuilding CXX object CMakeFiles/my_interfaces__rosidl_typesupport_fastrtps_c.dir/rosidl_typesupport_fastrtps_c/my_interfaces/msg/detail/alldata__type_support_c.cpp.o[0m
[2.904s] [ 69%] [32mBuilding CXX object CMakeFiles/my_interfaces__rosidl_typesupport_fastrtps_c.dir/rosidl_typesupport_fastrtps_c/my_interfaces/msg/detail/obstacles__type_support_c.cpp.o[0m
[2.904s] [ 69%] [32mBuilding CXX object CMakeFiles/my_interfaces__rosidl_typesupport_fastrtps_c.dir/rosidl_typesupport_fastrtps_c/my_interfaces/srv/detail/input_request__type_support_c.cpp.o[0m
[2.906s] [ 70%] [32mBuilding CXX object CMakeFiles/my_interfaces__rosidl_typesupport_fastrtps_c.dir/rosidl_typesupport_fastrtps_c/my_interfaces/msg/detail/input__type_support_c.cpp.o[0m
[2.944s] [ 72%] [32m[1mLinking C shared library libmy_interfaces__rosidl_typesupport_introspection_c.so[0m
[2.982s] [ 72%] Built target my_interfaces__rosidl_typesupport_introspection_c
[3.164s] [ 74%] [32m[1mLinking CXX shared library libmy_interfaces__rosidl_typesupport_fastrtps_cpp.so[0m
[3.173s] [ 76%] [32m[1mLinking CXX shared library libmy_interfaces__rosidl_typesupport_introspection_cpp.so[0m
[3.225s] [ 78%] [32m[1mLinking CXX shared library libmy_interfaces__rosidl_typesupport_fastrtps_c.so[0m
[3.230s] [ 78%] Built target my_interfaces__rosidl_typesupport_introspection_cpp
[3.230s] [ 78%] Built target my_interfaces__rosidl_typesupport_fastrtps_cpp
[3.282s] [ 78%] Built target my_interfaces__rosidl_typesupport_fastrtps_c
[3.301s] [ 78%] Built target my_interfaces
[3.320s] [ 80%] [34m[1mGenerating Python code for ROS interfaces[0m
[3.971s] [ 80%] Built target my_interfaces__py
[3.990s] [ 81%] [32mBuilding C object CMakeFiles/my_interfaces__rosidl_generator_py.dir/rosidl_generator_py/my_interfaces/msg/_input_s.c.o[0m
[3.992s] [ 85%] [32mBuilding C object CMakeFiles/my_interfaces__rosidl_generator_py.dir/rosidl_generator_py/my_interfaces/srv/_input_request_s.c.o[0m
[3.992s] [ 85%] [32mBuilding C object CMakeFiles/my_interfaces__rosidl_generator_py.dir/rosidl_generator_py/my_interfaces/msg/_alldata_s.c.o[0m
[3.992s] [ 87%] [32mBuilding C object CMakeFiles/my_interfaces__rosidl_generator_py.dir/rosidl_generator_py/my_interfaces/msg/_obstacles_s.c.o[0m
[4.102s] [ 89%] [32m[1mLinking C shared library rosidl_generator_py/my_interfaces/libmy_interfaces__rosidl_generator_py.so[0m
[4.138s] [ 89%] Built target my_interfaces__rosidl_generator_py
[4.162s] [ 92%] [32mBuilding C object CMakeFiles/my_interfaces__rosidl_typesupport_c__pyext.dir/rosidl_generator_py/my_interfaces/_my_interfaces_s.ep.rosidl_typesupport_c.c.o[0m
[4.163s] [ 92%] [32mBuilding C object CMakeFiles/my_interfaces__rosidl_typesupport_introspection_c__pyext.dir/rosidl_generator_py/my_interfaces/_my_interfaces_s.ep.rosidl_typesupport_introspection_c.c.o[0m
[4.163s] [ 94%] [32mBuilding C object CMakeFiles/my_interfaces__rosidl_typesupport_fastrtps_c__pyext.dir/rosidl_generator_py/my_interfaces/_my_interfaces_s.ep.rosidl_typesupport_fastrtps_c.c.o[0m
[4.238s] [ 96%] [32m[1mLinking C shared library rosidl_generator_py/my_interfaces/my_interfaces_s__rosidl_typesupport_introspection_c.cpython-310-x86_64-linux-gnu.so[0m
[4.241s] [ 98%] [32m[1mLinking C shared library rosidl_generator_py/my_interfaces/my_interfaces_s__rosidl_typesupport_c.cpython-310-x86_64-linux-gnu.so[0m
[4.241s] [100%] [32m[1mLinking C shared library rosidl_generator_py/my_interfaces/my_interfaces_s__rosidl_typesupport_fastrtps_c.cpython-310-x86_64-linux-gnu.so[0m
[4.277s] [100%] Built target my_interfaces__rosidl_typesupport_c__pyext
[4.277s] [100%] Built target my_interfaces__rosidl_typesupport_introspection_c__pyext
[4.281s] [100%] Built target my_interfaces__rosidl_typesupport_fastrtps_c__pyext
[4.290s] Invoked command in '/home/user/exchange/omnibase_ws/cbf_stl_ws/build/my_interfaces' returned '0': CMAKE_PREFIX_PATH=${CMAKE_PREFIX_PATH}:/home/user/exchange/unimore_ws/install/check_obstacles_pkg:/home/user/exchange/ros_proxy_ws/install/ros_proxy:/home/user/exchange/omnibase_ws/cbf_stl_ws/install/check_obstacles_pkg:/opt/pal/alum:/opt/ros/humble /usr/bin/cmake --build /home/user/exchange/omnibase_ws/cbf_stl_ws/build/my_interfaces -- -j22 -l22
[4.292s] Invoking command in '/home/user/exchange/omnibase_ws/cbf_stl_ws/build/my_interfaces': CMAKE_PREFIX_PATH=${CMAKE_PREFIX_PATH}:/home/user/exchange/unimore_ws/install/check_obstacles_pkg:/home/user/exchange/ros_proxy_ws/install/ros_proxy:/home/user/exchange/omnibase_ws/cbf_stl_ws/install/check_obstacles_pkg:/opt/pal/alum:/opt/ros/humble /usr/bin/cmake --install /home/user/exchange/omnibase_ws/cbf_stl_ws/build/my_interfaces
[4.296s] -- Install configuration: ""
[4.296s] -- Execute custom install script
[4.296s] -- Symlinking: /home/user/exchange/omnibase_ws/cbf_stl_ws/install/my_interfaces/share/ament_index/resource_index/rosidl_interfaces/my_interfaces
[4.305s] -- Symlinking: /home/user/exchange/omnibase_ws/cbf_stl_ws/install/my_interfaces/include/my_interfaces/my_interfaces/msg/alldata.h
[4.311s] -- Symlinking: /home/user/exchange/omnibase_ws/cbf_stl_ws/install/my_interfaces/include/my_interfaces/my_interfaces/msg/detail/alldata__functions.h
[4.317s] -- Symlinking: /home/user/exchange/omnibase_ws/cbf_stl_ws/install/my_interfaces/include/my_interfaces/my_interfaces/msg/detail/alldata__struct.h
[4.324s] -- Symlinking: /home/user/exchange/omnibase_ws/cbf_stl_ws/install/my_interfaces/include/my_interfaces/my_interfaces/msg/detail/alldata__type_support.h
[4.332s] -- Symlinking: /home/user/exchange/omnibase_ws/cbf_stl_ws/install/my_interfaces/include/my_interfaces/my_interfaces/msg/detail/input__functions.h
[4.338s] -- Symlinking: /home/user/exchange/omnibase_ws/cbf_stl_ws/install/my_interfaces/include/my_interfaces/my_interfaces/msg/detail/input__struct.h
[4.343s] -- Symlinking: /home/user/exchange/omnibase_ws/cbf_stl_ws/install/my_interfaces/include/my_interfaces/my_interfaces/msg/detail/input__type_support.h
[4.349s] -- Symlinking: /home/user/exchange/omnibase_ws/cbf_stl_ws/install/my_interfaces/include/my_interfaces/my_interfaces/msg/detail/obstacles__functions.h
[4.354s] -- Symlinking: /home/user/exchange/omnibase_ws/cbf_stl_ws/install/my_interfaces/include/my_interfaces/my_interfaces/msg/detail/obstacles__struct.h
[4.362s] -- Symlinking: /home/user/exchange/omnibase_ws/cbf_stl_ws/install/my_interfaces/include/my_interfaces/my_interfaces/msg/detail/obstacles__type_support.h
[4.367s] -- Symlinking: /home/user/exchange/omnibase_ws/cbf_stl_ws/install/my_interfaces/include/my_interfaces/my_interfaces/msg/input.h
[4.373s] -- Symlinking: /home/user/exchange/omnibase_ws/cbf_stl_ws/install/my_interfaces/include/my_interfaces/my_interfaces/msg/obstacles.h
[4.378s] -- Symlinking: /home/user/exchange/omnibase_ws/cbf_stl_ws/install/my_interfaces/include/my_interfaces/my_interfaces/msg/rosidl_generator_c__visibility_control.h
[4.384s] -- Symlinking: /home/user/exchange/omnibase_ws/cbf_stl_ws/install/my_interfaces/include/my_interfaces/my_interfaces/srv/detail/input_request__functions.h
[4.392s] -- Symlinking: /home/user/exchange/omnibase_ws/cbf_stl_ws/install/my_interfaces/include/my_interfaces/my_interfaces/srv/detail/input_request__struct.h
[4.399s] -- Symlinking: /home/user/exchange/omnibase_ws/cbf_stl_ws/install/my_interfaces/include/my_interfaces/my_interfaces/srv/detail/input_request__type_support.h
[4.404s] -- Symlinking: /home/user/exchange/omnibase_ws/cbf_stl_ws/install/my_interfaces/include/my_interfaces/my_interfaces/srv/input_request.h
[4.410s] -- Symlinking: /home/user/exchange/omnibase_ws/cbf_stl_ws/install/my_interfaces/share/my_interfaces/environment/library_path.sh
[4.417s] -- Symlinking: /home/user/exchange/omnibase_ws/cbf_stl_ws/install/my_interfaces/share/my_interfaces/environment/library_path.dsv
[4.425s] -- Symlinking: /home/user/exchange/omnibase_ws/cbf_stl_ws/install/my_interfaces/include/my_interfaces/my_interfaces/msg/detail/alldata__rosidl_typesupport_fastrtps_c.h
[4.432s] -- Symlinking: /home/user/exchange/omnibase_ws/cbf_stl_ws/install/my_interfaces/include/my_interfaces/my_interfaces/msg/detail/input__rosidl_typesupport_fastrtps_c.h
[4.438s] -- Symlinking: /home/user/exchange/omnibase_ws/cbf_stl_ws/install/my_interfaces/include/my_interfaces/my_interfaces/msg/detail/obstacles__rosidl_typesupport_fastrtps_c.h
[4.444s] -- Symlinking: /home/user/exchange/omnibase_ws/cbf_stl_ws/install/my_interfaces/include/my_interfaces/my_interfaces/msg/rosidl_typesupport_fastrtps_c__visibility_control.h
[4.450s] -- Symlinking: /home/user/exchange/omnibase_ws/cbf_stl_ws/install/my_interfaces/include/my_interfaces/my_interfaces/srv/detail/input_request__rosidl_typesupport_fastrtps_c.h
[4.458s] -- Symlinking: /home/user/exchange/omnibase_ws/cbf_stl_ws/install/my_interfaces/include/my_interfaces/my_interfaces/msg/detail/alldata__rosidl_typesupport_introspection_c.h
[4.466s] -- Symlinking: /home/user/exchange/omnibase_ws/cbf_stl_ws/install/my_interfaces/include/my_interfaces/my_interfaces/msg/detail/input__rosidl_typesupport_introspection_c.h
[4.471s] -- Symlinking: /home/user/exchange/omnibase_ws/cbf_stl_ws/install/my_interfaces/include/my_interfaces/my_interfaces/msg/detail/obstacles__rosidl_typesupport_introspection_c.h
[4.478s] -- Symlinking: /home/user/exchange/omnibase_ws/cbf_stl_ws/install/my_interfaces/include/my_interfaces/my_interfaces/msg/rosidl_typesupport_introspection_c__visibility_control.h
[4.484s] -- Symlinking: /home/user/exchange/omnibase_ws/cbf_stl_ws/install/my_interfaces/include/my_interfaces/my_interfaces/srv/detail/input_request__rosidl_typesupport_introspection_c.h
[4.490s] -- Symlinking: /home/user/exchange/omnibase_ws/cbf_stl_ws/install/my_interfaces/include/my_interfaces/my_interfaces/msg/alldata.hpp
[4.497s] -- Symlinking: /home/user/exchange/omnibase_ws/cbf_stl_ws/install/my_interfaces/include/my_interfaces/my_interfaces/msg/detail/alldata__builder.hpp
[4.504s] -- Symlinking: /home/user/exchange/omnibase_ws/cbf_stl_ws/install/my_interfaces/include/my_interfaces/my_interfaces/msg/detail/alldata__struct.hpp
[4.511s] -- Symlinking: /home/user/exchange/omnibase_ws/cbf_stl_ws/install/my_interfaces/include/my_interfaces/my_interfaces/msg/detail/alldata__traits.hpp
[4.517s] -- Symlinking: /home/user/exchange/omnibase_ws/cbf_stl_ws/install/my_interfaces/include/my_interfaces/my_interfaces/msg/detail/alldata__type_support.hpp
[4.524s] -- Symlinking: /home/user/exchange/omnibase_ws/cbf_stl_ws/install/my_interfaces/include/my_interfaces/my_interfaces/msg/detail/input__builder.hpp
[4.530s] -- Symlinking: /home/user/exchange/omnibase_ws/cbf_stl_ws/install/my_interfaces/include/my_interfaces/my_interfaces/msg/detail/input__struct.hpp
[4.535s] -- Symlinking: /home/user/exchange/omnibase_ws/cbf_stl_ws/install/my_interfaces/include/my_interfaces/my_interfaces/msg/detail/input__traits.hpp
[4.540s] -- Symlinking: /home/user/exchange/omnibase_ws/cbf_stl_ws/install/my_interfaces/include/my_interfaces/my_interfaces/msg/detail/input__type_support.hpp
[4.546s] -- Symlinking: /home/user/exchange/omnibase_ws/cbf_stl_ws/install/my_interfaces/include/my_interfaces/my_interfaces/msg/detail/obstacles__builder.hpp
[4.552s] -- Symlinking: /home/user/exchange/omnibase_ws/cbf_stl_ws/install/my_interfaces/include/my_interfaces/my_interfaces/msg/detail/obstacles__struct.hpp
[4.559s] -- Symlinking: /home/user/exchange/omnibase_ws/cbf_stl_ws/install/my_interfaces/include/my_interfaces/my_interfaces/msg/detail/obstacles__traits.hpp
[4.567s] -- Symlinking: /home/user/exchange/omnibase_ws/cbf_stl_ws/install/my_interfaces/include/my_interfaces/my_interfaces/msg/detail/obstacles__type_support.hpp
[4.575s] -- Symlinking: /home/user/exchange/omnibase_ws/cbf_stl_ws/install/my_interfaces/include/my_interfaces/my_interfaces/msg/input.hpp
[4.580s] -- Symlinking: /home/user/exchange/omnibase_ws/cbf_stl_ws/install/my_interfaces/include/my_interfaces/my_interfaces/msg/obstacles.hpp
[4.588s] -- Symlinking: /home/user/exchange/omnibase_ws/cbf_stl_ws/install/my_interfaces/include/my_interfaces/my_interfaces/msg/rosidl_generator_cpp__visibility_control.hpp
[4.593s] -- Symlinking: /home/user/exchange/omnibase_ws/cbf_stl_ws/install/my_interfaces/include/my_interfaces/my_interfaces/srv/detail/input_request__builder.hpp
[4.600s] -- Symlinking: /home/user/exchange/omnibase_ws/cbf_stl_ws/install/my_interfaces/include/my_interfaces/my_interfaces/srv/detail/input_request__struct.hpp
[4.605s] -- Symlinking: /home/user/exchange/omnibase_ws/cbf_stl_ws/install/my_interfaces/include/my_interfaces/my_interfaces/srv/detail/input_request__traits.hpp
[4.610s] -- Symlinking: /home/user/exchange/omnibase_ws/cbf_stl_ws/install/my_interfaces/include/my_interfaces/my_interfaces/srv/detail/input_request__type_support.hpp
[4.617s] -- Symlinking: /home/user/exchange/omnibase_ws/cbf_stl_ws/install/my_interfaces/include/my_interfaces/my_interfaces/srv/input_request.hpp
[4.624s] -- Symlinking: /home/user/exchange/omnibase_ws/cbf_stl_ws/install/my_interfaces/include/my_interfaces/my_interfaces/msg/detail/alldata__rosidl_typesupport_fastrtps_cpp.hpp
[4.631s] -- Symlinking: /home/user/exchange/omnibase_ws/cbf_stl_ws/install/my_interfaces/include/my_interfaces/my_interfaces/msg/detail/input__rosidl_typesupport_fastrtps_cpp.hpp
[4.640s] -- Symlinking: /home/user/exchange/omnibase_ws/cbf_stl_ws/install/my_interfaces/include/my_interfaces/my_interfaces/msg/detail/obstacles__rosidl_typesupport_fastrtps_cpp.hpp
[4.647s] -- Symlinking: /home/user/exchange/omnibase_ws/cbf_stl_ws/install/my_interfaces/include/my_interfaces/my_interfaces/msg/rosidl_typesupport_fastrtps_cpp__visibility_control.h
[4.655s] -- Symlinking: /home/user/exchange/omnibase_ws/cbf_stl_ws/install/my_interfaces/include/my_interfaces/my_interfaces/srv/detail/input_request__rosidl_typesupport_fastrtps_cpp.hpp
[4.661s] -- Symlinking: /home/user/exchange/omnibase_ws/cbf_stl_ws/install/my_interfaces/include/my_interfaces/my_interfaces/msg/detail/alldata__rosidl_typesupport_introspection_cpp.hpp
[4.668s] -- Symlinking: /home/user/exchange/omnibase_ws/cbf_stl_ws/install/my_interfaces/include/my_interfaces/my_interfaces/msg/detail/input__rosidl_typesupport_introspection_cpp.hpp
[4.676s] -- Symlinking: /home/user/exchange/omnibase_ws/cbf_stl_ws/install/my_interfaces/include/my_interfaces/my_interfaces/msg/detail/obstacles__rosidl_typesupport_introspection_cpp.hpp
[4.681s] -- Symlinking: /home/user/exchange/omnibase_ws/cbf_stl_ws/install/my_interfaces/include/my_interfaces/my_interfaces/srv/detail/input_request__rosidl_typesupport_introspection_cpp.hpp
[4.687s] -- Symlinking: /home/user/exchange/omnibase_ws/cbf_stl_ws/install/my_interfaces/share/my_interfaces/environment/pythonpath.sh
[4.694s] -- Symlinking: /home/user/exchange/omnibase_ws/cbf_stl_ws/install/my_interfaces/share/my_interfaces/environment/pythonpath.dsv
[4.700s] -- Symlinking: /home/user/exchange/omnibase_ws/cbf_stl_ws/install/my_interfaces/local/lib/python3.10/dist-packages/my_interfaces-0.0.0-py3.10.egg-info/PKG-INFO
[4.707s] -- Symlinking: /home/user/exchange/omnibase_ws/cbf_stl_ws/install/my_interfaces/local/lib/python3.10/dist-packages/my_interfaces-0.0.0-py3.10.egg-info/SOURCES.txt
[4.712s] -- Symlinking: /home/user/exchange/omnibase_ws/cbf_stl_ws/install/my_interfaces/local/lib/python3.10/dist-packages/my_interfaces-0.0.0-py3.10.egg-info/dependency_links.txt
[4.720s] -- Symlinking: /home/user/exchange/omnibase_ws/cbf_stl_ws/install/my_interfaces/local/lib/python3.10/dist-packages/my_interfaces-0.0.0-py3.10.egg-info/top_level.txt
[4.728s] -- Symlinking: /home/user/exchange/omnibase_ws/cbf_stl_ws/install/my_interfaces/local/lib/python3.10/dist-packages/my_interfaces/__init__.py
[4.734s] -- Symlinking: /home/user/exchange/omnibase_ws/cbf_stl_ws/install/my_interfaces/local/lib/python3.10/dist-packages/my_interfaces/_my_interfaces_s.ep.rosidl_typesupport_c.c
[4.742s] -- Symlinking: /home/user/exchange/omnibase_ws/cbf_stl_ws/install/my_interfaces/local/lib/python3.10/dist-packages/my_interfaces/_my_interfaces_s.ep.rosidl_typesupport_fastrtps_c.c
[4.749s] -- Symlinking: /home/user/exchange/omnibase_ws/cbf_stl_ws/install/my_interfaces/local/lib/python3.10/dist-packages/my_interfaces/_my_interfaces_s.ep.rosidl_typesupport_introspection_c.c
[4.757s] -- Symlinking: /home/user/exchange/omnibase_ws/cbf_stl_ws/install/my_interfaces/local/lib/python3.10/dist-packages/my_interfaces/libmy_interfaces__rosidl_generator_py.so
[4.763s] -- Symlinking: /home/user/exchange/omnibase_ws/cbf_stl_ws/install/my_interfaces/local/lib/python3.10/dist-packages/my_interfaces/msg/__init__.py
[4.770s] -- Symlinking: /home/user/exchange/omnibase_ws/cbf_stl_ws/install/my_interfaces/local/lib/python3.10/dist-packages/my_interfaces/msg/_alldata.py
[4.779s] -- Symlinking: /home/user/exchange/omnibase_ws/cbf_stl_ws/install/my_interfaces/local/lib/python3.10/dist-packages/my_interfaces/msg/_alldata_s.c
[4.787s] -- Symlinking: /home/user/exchange/omnibase_ws/cbf_stl_ws/install/my_interfaces/local/lib/python3.10/dist-packages/my_interfaces/msg/_input.py
[4.794s] -- Symlinking: /home/user/exchange/omnibase_ws/cbf_stl_ws/install/my_interfaces/local/lib/python3.10/dist-packages/my_interfaces/msg/_input_s.c
[4.802s] -- Symlinking: /home/user/exchange/omnibase_ws/cbf_stl_ws/install/my_interfaces/local/lib/python3.10/dist-packages/my_interfaces/msg/_obstacles.py
[4.809s] -- Symlinking: /home/user/exchange/omnibase_ws/cbf_stl_ws/install/my_interfaces/local/lib/python3.10/dist-packages/my_interfaces/msg/_obstacles_s.c
[4.814s] -- Symlinking: /home/user/exchange/omnibase_ws/cbf_stl_ws/install/my_interfaces/local/lib/python3.10/dist-packages/my_interfaces/my_interfaces_s__rosidl_typesupport_c.cpython-310-x86_64-linux-gnu.so
[4.821s] -- Symlinking: /home/user/exchange/omnibase_ws/cbf_stl_ws/install/my_interfaces/local/lib/python3.10/dist-packages/my_interfaces/my_interfaces_s__rosidl_typesupport_fastrtps_c.cpython-310-x86_64-linux-gnu.so
[4.827s] -- Symlinking: /home/user/exchange/omnibase_ws/cbf_stl_ws/install/my_interfaces/local/lib/python3.10/dist-packages/my_interfaces/my_interfaces_s__rosidl_typesupport_introspection_c.cpython-310-x86_64-linux-gnu.so
[4.834s] -- Symlinking: /home/user/exchange/omnibase_ws/cbf_stl_ws/install/my_interfaces/local/lib/python3.10/dist-packages/my_interfaces/srv/__init__.py
[4.841s] -- Symlinking: /home/user/exchange/omnibase_ws/cbf_stl_ws/install/my_interfaces/local/lib/python3.10/dist-packages/my_interfaces/srv/_input_request.py
[4.846s] -- Symlinking: /home/user/exchange/omnibase_ws/cbf_stl_ws/install/my_interfaces/local/lib/python3.10/dist-packages/my_interfaces/srv/_input_request_s.c
[4.854s] -- Up-to-date symlink: /home/user/exchange/omnibase_ws/cbf_stl_ws/install/my_interfaces/local/lib/python3.10/dist-packages/my_interfaces/my_interfaces_s__rosidl_typesupport_fastrtps_c.cpython-310-x86_64-linux-gnu.so
[4.854s] -- Up-to-date symlink: /home/user/exchange/omnibase_ws/cbf_stl_ws/install/my_interfaces/local/lib/python3.10/dist-packages/my_interfaces/my_interfaces_s__rosidl_typesupport_introspection_c.cpython-310-x86_64-linux-gnu.so
[4.854s] -- Up-to-date symlink: /home/user/exchange/omnibase_ws/cbf_stl_ws/install/my_interfaces/local/lib/python3.10/dist-packages/my_interfaces/my_interfaces_s__rosidl_typesupport_c.cpython-310-x86_64-linux-gnu.so
[4.854s] -- Symlinking: /home/user/exchange/omnibase_ws/cbf_stl_ws/install/my_interfaces/share/my_interfaces/srv/InputRequest.idl
[4.861s] -- Symlinking: /home/user/exchange/omnibase_ws/cbf_stl_ws/install/my_interfaces/share/my_interfaces/msg/Obstacles.idl
[4.866s] -- Symlinking: /home/user/exchange/omnibase_ws/cbf_stl_ws/install/my_interfaces/share/my_interfaces/msg/Input.idl
[4.873s] -- Symlinking: /home/user/exchange/omnibase_ws/cbf_stl_ws/install/my_interfaces/share/my_interfaces/msg/Alldata.idl
[4.880s] -- Symlinking: /home/user/exchange/omnibase_ws/cbf_stl_ws/install/my_interfaces/share/my_interfaces/srv/InputRequest.srv
[4.888s] -- Symlinking: /home/user/exchange/omnibase_ws/cbf_stl_ws/install/my_interfaces/share/my_interfaces/srv/InputRequest_Request.msg
[4.895s] -- Symlinking: /home/user/exchange/omnibase_ws/cbf_stl_ws/install/my_interfaces/share/my_interfaces/srv/InputRequest_Response.msg
[4.901s] -- Symlinking: /home/user/exchange/omnibase_ws/cbf_stl_ws/install/my_interfaces/share/my_interfaces/msg/Obstacles.msg
[4.906s] -- Symlinking: /home/user/exchange/omnibase_ws/cbf_stl_ws/install/my_interfaces/share/my_interfaces/msg/Input.msg
[4.913s] -- Symlinking: /home/user/exchange/omnibase_ws/cbf_stl_ws/install/my_interfaces/share/my_interfaces/msg/Alldata.msg
[4.920s] -- Symlinking: /home/user/exchange/omnibase_ws/cbf_stl_ws/install/my_interfaces/share/ament_index/resource_index/package_run_dependencies/my_interfaces
[4.925s] -- Symlinking: /home/user/exchange/omnibase_ws/cbf_stl_ws/install/my_interfaces/share/ament_index/resource_index/parent_prefix_path/my_interfaces
[4.933s] -- Symlinking: /home/user/exchange/omnibase_ws/cbf_stl_ws/install/my_interfaces/share/my_interfaces/environment/ament_prefix_path.sh
[4.941s] -- Symlinking: /home/user/exchange/omnibase_ws/cbf_stl_ws/install/my_interfaces/share/my_interfaces/environment/ament_prefix_path.dsv
[4.947s] -- Symlinking: /home/user/exchange/omnibase_ws/cbf_stl_ws/install/my_interfaces/share/my_interfaces/environment/path.sh
[4.953s] -- Symlinking: /home/user/exchange/omnibase_ws/cbf_stl_ws/install/my_interfaces/share/my_interfaces/environment/path.dsv
[4.959s] -- Symlinking: /home/user/exchange/omnibase_ws/cbf_stl_ws/install/my_interfaces/share/my_interfaces/local_setup.bash
[4.966s] -- Symlinking: /home/user/exchange/omnibase_ws/cbf_stl_ws/install/my_interfaces/share/my_interfaces/local_setup.sh
[4.974s] -- Symlinking: /home/user/exchange/omnibase_ws/cbf_stl_ws/install/my_interfaces/share/my_interfaces/local_setup.zsh
[4.982s] -- Symlinking: /home/user/exchange/omnibase_ws/cbf_stl_ws/install/my_interfaces/share/my_interfaces/local_setup.dsv
[4.987s] -- Symlinking: /home/user/exchange/omnibase_ws/cbf_stl_ws/install/my_interfaces/share/my_interfaces/package.dsv
[4.992s] -- Symlinking: /home/user/exchange/omnibase_ws/cbf_stl_ws/install/my_interfaces/share/ament_index/resource_index/packages/my_interfaces
[4.999s] -- Symlinking: /home/user/exchange/omnibase_ws/cbf_stl_ws/install/my_interfaces/share/my_interfaces/cmake/rosidl_cmake-extras.cmake
[5.005s] -- Symlinking: /home/user/exchange/omnibase_ws/cbf_stl_ws/install/my_interfaces/share/my_interfaces/cmake/ament_cmake_export_dependencies-extras.cmake
[5.010s] -- Symlinking: /home/user/exchange/omnibase_ws/cbf_stl_ws/install/my_interfaces/share/my_interfaces/cmake/ament_cmake_export_include_directories-extras.cmake
[5.018s] -- Symlinking: /home/user/exchange/omnibase_ws/cbf_stl_ws/install/my_interfaces/share/my_interfaces/cmake/ament_cmake_export_libraries-extras.cmake
[5.023s] -- Symlinking: /home/user/exchange/omnibase_ws/cbf_stl_ws/install/my_interfaces/share/my_interfaces/cmake/ament_cmake_export_targets-extras.cmake
[5.028s] -- Symlinking: /home/user/exchange/omnibase_ws/cbf_stl_ws/install/my_interfaces/share/my_interfaces/cmake/rosidl_cmake_export_typesupport_targets-extras.cmake
[5.036s] -- Symlinking: /home/user/exchange/omnibase_ws/cbf_stl_ws/install/my_interfaces/share/my_interfaces/cmake/rosidl_cmake_export_typesupport_libraries-extras.cmake
[5.042s] -- Symlinking: /home/user/exchange/omnibase_ws/cbf_stl_ws/install/my_interfaces/share/my_interfaces/cmake/my_interfacesConfig.cmake
[5.048s] -- Symlinking: /home/user/exchange/omnibase_ws/cbf_stl_ws/install/my_interfaces/share/my_interfaces/cmake/my_interfacesConfig-version.cmake
[5.054s] -- Symlinking: /home/user/exchange/omnibase_ws/cbf_stl_ws/install/my_interfaces/share/my_interfaces/package.xml
[5.061s] -- Installing: /home/user/exchange/omnibase_ws/cbf_stl_ws/install/my_interfaces/lib/libmy_interfaces__rosidl_generator_c.so
[5.062s] -- Set runtime path of "/home/user/exchange/omnibase_ws/cbf_stl_ws/install/my_interfaces/lib/libmy_interfaces__rosidl_generator_c.so" to ""
[5.062s] -- Installing: /home/user/exchange/omnibase_ws/cbf_stl_ws/install/my_interfaces/lib/libmy_interfaces__rosidl_typesupport_fastrtps_c.so
[5.062s] -- Set runtime path of "/home/user/exchange/omnibase_ws/cbf_stl_ws/install/my_interfaces/lib/libmy_interfaces__rosidl_typesupport_fastrtps_c.so" to ""
[5.062s] -- Installing: /home/user/exchange/omnibase_ws/cbf_stl_ws/install/my_interfaces/lib/libmy_interfaces__rosidl_typesupport_introspection_c.so
[5.063s] -- Set runtime path of "/home/user/exchange/omnibase_ws/cbf_stl_ws/install/my_interfaces/lib/libmy_interfaces__rosidl_typesupport_introspection_c.so" to ""
[5.063s] -- Installing: /home/user/exchange/omnibase_ws/cbf_stl_ws/install/my_interfaces/lib/libmy_interfaces__rosidl_typesupport_c.so
[5.063s] -- Set runtime path of "/home/user/exchange/omnibase_ws/cbf_stl_ws/install/my_interfaces/lib/libmy_interfaces__rosidl_typesupport_c.so" to ""
[5.063s] -- Installing: /home/user/exchange/omnibase_ws/cbf_stl_ws/install/my_interfaces/lib/libmy_interfaces__rosidl_typesupport_fastrtps_cpp.so
[5.063s] -- Set runtime path of "/home/user/exchange/omnibase_ws/cbf_stl_ws/install/my_interfaces/lib/libmy_interfaces__rosidl_typesupport_fastrtps_cpp.so" to ""
[5.063s] -- Installing: /home/user/exchange/omnibase_ws/cbf_stl_ws/install/my_interfaces/lib/libmy_interfaces__rosidl_typesupport_introspection_cpp.so
[5.064s] -- Set runtime path of "/home/user/exchange/omnibase_ws/cbf_stl_ws/install/my_interfaces/lib/libmy_interfaces__rosidl_typesupport_introspection_cpp.so" to ""
[5.064s] -- Installing: /home/user/exchange/omnibase_ws/cbf_stl_ws/install/my_interfaces/lib/libmy_interfaces__rosidl_typesupport_cpp.so
[5.064s] -- Set runtime path of "/home/user/exchange/omnibase_ws/cbf_stl_ws/install/my_interfaces/lib/libmy_interfaces__rosidl_typesupport_cpp.so" to ""
[5.093s] Listing '/home/user/exchange/omnibase_ws/cbf_stl_ws/install/my_interfaces/local/lib/python3.10/dist-packages/my_interfaces'...
[5.093s] Compiling '/home/user/exchange/omnibase_ws/cbf_stl_ws/install/my_interfaces/local/lib/python3.10/dist-packages/my_interfaces/__init__.py'...
[5.094s] Listing '/home/user/exchange/omnibase_ws/cbf_stl_ws/install/my_interfaces/local/lib/python3.10/dist-packages/my_interfaces/msg'...
[5.094s] Compiling '/home/user/exchange/omnibase_ws/cbf_stl_ws/install/my_interfaces/local/lib/python3.10/dist-packages/my_interfaces/msg/__init__.py'...
[5.094s] Compiling '/home/user/exchange/omnibase_ws/cbf_stl_ws/install/my_interfaces/local/lib/python3.10/dist-packages/my_interfaces/msg/_alldata.py'...
[5.094s] Compiling '/home/user/exchange/omnibase_ws/cbf_stl_ws/install/my_interfaces/local/lib/python3.10/dist-packages/my_interfaces/msg/_input.py'...
[5.094s] Compiling '/home/user/exchange/omnibase_ws/cbf_stl_ws/install/my_interfaces/local/lib/python3.10/dist-packages/my_interfaces/msg/_obstacles.py'...
[5.094s] Listing '/home/user/exchange/omnibase_ws/cbf_stl_ws/install/my_interfaces/local/lib/python3.10/dist-packages/my_interfaces/srv'...
[5.094s] Compiling '/home/user/exchange/omnibase_ws/cbf_stl_ws/install/my_interfaces/local/lib/python3.10/dist-packages/my_interfaces/srv/__init__.py'...
[5.094s] Compiling '/home/user/exchange/omnibase_ws/cbf_stl_ws/install/my_interfaces/local/lib/python3.10/dist-packages/my_interfaces/srv/_input_request.py'...
[5.096s] -- Installing: /home/user/exchange/omnibase_ws/cbf_stl_ws/install/my_interfaces/lib/libmy_interfaces__rosidl_generator_py.so
[5.096s] -- Set runtime path of "/home/user/exchange/omnibase_ws/cbf_stl_ws/install/my_interfaces/lib/libmy_interfaces__rosidl_generator_py.so" to ""
[5.096s] -- Installing: /home/user/exchange/omnibase_ws/cbf_stl_ws/install/my_interfaces/share/my_interfaces/cmake/export_my_interfaces__rosidl_generator_cExport.cmake
[5.097s] -- Installing: /home/user/exchange/omnibase_ws/cbf_stl_ws/install/my_interfaces/share/my_interfaces/cmake/export_my_interfaces__rosidl_generator_cExport-noconfig.cmake
[5.097s] -- Installing: /home/user/exchange/omnibase_ws/cbf_stl_ws/install/my_interfaces/share/my_interfaces/cmake/export_my_interfaces__rosidl_typesupport_fastrtps_cExport.cmake
[5.097s] -- Installing: /home/user/exchange/omnibase_ws/cbf_stl_ws/install/my_interfaces/share/my_interfaces/cmake/export_my_interfaces__rosidl_typesupport_fastrtps_cExport-noconfig.cmake
[5.097s] -- Installing: /home/user/exchange/omnibase_ws/cbf_stl_ws/install/my_interfaces/share/my_interfaces/cmake/my_interfaces__rosidl_typesupport_introspection_cExport.cmake
[5.097s] -- Installing: /home/user/exchange/omnibase_ws/cbf_stl_ws/install/my_interfaces/share/my_interfaces/cmake/my_interfaces__rosidl_typesupport_introspection_cExport-noconfig.cmake
[5.097s] -- Installing: /home/user/exchange/omnibase_ws/cbf_stl_ws/install/my_interfaces/share/my_interfaces/cmake/my_interfaces__rosidl_typesupport_cExport.cmake
[5.097s] -- Installing: /home/user/exchange/omnibase_ws/cbf_stl_ws/install/my_interfaces/share/my_interfaces/cmake/my_interfaces__rosidl_typesupport_cExport-noconfig.cmake
[5.097s] -- Installing: /home/user/exchange/omnibase_ws/cbf_stl_ws/install/my_interfaces/share/my_interfaces/cmake/export_my_interfaces__rosidl_generator_cppExport.cmake
[5.097s] -- Installing: /home/user/exchange/omnibase_ws/cbf_stl_ws/install/my_interfaces/share/my_interfaces/cmake/export_my_interfaces__rosidl_typesupport_fastrtps_cppExport.cmake
[5.097s] -- Installing: /home/user/exchange/omnibase_ws/cbf_stl_ws/install/my_interfaces/share/my_interfaces/cmake/export_my_interfaces__rosidl_typesupport_fastrtps_cppExport-noconfig.cmake
[5.098s] -- Installing: /home/user/exchange/omnibase_ws/cbf_stl_ws/install/my_interfaces/share/my_interfaces/cmake/my_interfaces__rosidl_typesupport_introspection_cppExport.cmake
[5.098s] -- Installing: /home/user/exchange/omnibase_ws/cbf_stl_ws/install/my_interfaces/share/my_interfaces/cmake/my_interfaces__rosidl_typesupport_introspection_cppExport-noconfig.cmake
[5.098s] -- Installing: /home/user/exchange/omnibase_ws/cbf_stl_ws/install/my_interfaces/share/my_interfaces/cmake/my_interfaces__rosidl_typesupport_cppExport.cmake
[5.098s] -- Installing: /home/user/exchange/omnibase_ws/cbf_stl_ws/install/my_interfaces/share/my_interfaces/cmake/my_interfaces__rosidl_typesupport_cppExport-noconfig.cmake
[5.098s] -- Installing: /home/user/exchange/omnibase_ws/cbf_stl_ws/install/my_interfaces/share/my_interfaces/cmake/export_my_interfaces__rosidl_generator_pyExport.cmake
[5.098s] -- Installing: /home/user/exchange/omnibase_ws/cbf_stl_ws/install/my_interfaces/share/my_interfaces/cmake/export_my_interfaces__rosidl_generator_pyExport-noconfig.cmake
[5.101s] Invoked command in '/home/user/exchange/omnibase_ws/cbf_stl_ws/build/my_interfaces' returned '0': CMAKE_PREFIX_PATH=${CMAKE_PREFIX_PATH}:/home/user/exchange/unimore_ws/install/check_obstacles_pkg:/home/user/exchange/ros_proxy_ws/install/ros_proxy:/home/user/exchange/omnibase_ws/cbf_stl_ws/install/check_obstacles_pkg:/opt/pal/alum:/opt/ros/humble /usr/bin/cmake --install /home/user/exchange/omnibase_ws/cbf_stl_ws/build/my_interfaces
