[0.023s] Invoking command in '/home/user/exchange/omnibase_ws/zed2_camera_ws/build/zed_tutorial_pos_tracking': CMAKE_PREFIX_PATH=${CMAKE_PREFIX_PATH}:/home/user/exchange/unimore_ws/install/check_obstacles_pkg:/home/user/exchange/ros_proxy_ws/install/ros_proxy:/home/user/exchange/omnibase_ws/cbf_stl_ws/install/check_obstacle_pkg:/opt/pal/alum:/opt/ros/humble /usr/bin/cmake --build /home/user/exchange/omnibase_ws/zed2_camera_ws/build/zed_tutorial_pos_tracking -- -j22 -l22
[0.078s] [100%] Built target zed_tutorial_pos_tracking
[0.100s] Invoked command in '/home/user/exchange/omnibase_ws/zed2_camera_ws/build/zed_tutorial_pos_tracking' returned '0': CMAKE_PREFIX_PATH=${CMAKE_PREFIX_PATH}:/home/user/exchange/unimore_ws/install/check_obstacles_pkg:/home/user/exchange/ros_proxy_ws/install/ros_proxy:/home/user/exchange/omnibase_ws/cbf_stl_ws/install/check_obstacle_pkg:/opt/pal/alum:/opt/ros/humble /usr/bin/cmake --build /home/user/exchange/omnibase_ws/zed2_camera_ws/build/zed_tutorial_pos_tracking -- -j22 -l22
[0.102s] Invoking command in '/home/user/exchange/omnibase_ws/zed2_camera_ws/build/zed_tutorial_pos_tracking': CMAKE_PREFIX_PATH=${CMAKE_PREFIX_PATH}:/home/user/exchange/unimore_ws/install/check_obstacles_pkg:/home/user/exchange/ros_proxy_ws/install/ros_proxy:/home/user/exchange/omnibase_ws/cbf_stl_ws/install/check_obstacle_pkg:/opt/pal/alum:/opt/ros/humble /usr/bin/cmake --install /home/user/exchange/omnibase_ws/zed2_camera_ws/build/zed_tutorial_pos_tracking
[0.107s] -- Install configuration: "Release"
[0.108s] -- Execute custom install script
[0.108s] -- Up-to-date symlink: /home/user/exchange/omnibase_ws/zed2_camera_ws/install/zed_tutorial_pos_tracking/lib/zed_tutorial_pos_tracking/zed_tutorial_pos_tracking
[0.109s] -- Up-to-date symlink: /home/user/exchange/omnibase_ws/zed2_camera_ws/install/zed_tutorial_pos_tracking/share/ament_index/resource_index/package_run_dependencies/zed_tutorial_pos_tracking
[0.109s] -- Up-to-date symlink: /home/user/exchange/omnibase_ws/zed2_camera_ws/install/zed_tutorial_pos_tracking/share/ament_index/resource_index/parent_prefix_path/zed_tutorial_pos_tracking
[0.109s] -- Up-to-date symlink: /home/user/exchange/omnibase_ws/zed2_camera_ws/install/zed_tutorial_pos_tracking/share/zed_tutorial_pos_tracking/environment/ament_prefix_path.sh
[0.109s] -- Up-to-date symlink: /home/user/exchange/omnibase_ws/zed2_camera_ws/install/zed_tutorial_pos_tracking/share/zed_tutorial_pos_tracking/environment/ament_prefix_path.dsv
[0.110s] -- Up-to-date symlink: /home/user/exchange/omnibase_ws/zed2_camera_ws/install/zed_tutorial_pos_tracking/share/zed_tutorial_pos_tracking/environment/path.sh
[0.110s] -- Up-to-date symlink: /home/user/exchange/omnibase_ws/zed2_camera_ws/install/zed_tutorial_pos_tracking/share/zed_tutorial_pos_tracking/environment/path.dsv
[0.110s] -- Up-to-date symlink: /home/user/exchange/omnibase_ws/zed2_camera_ws/install/zed_tutorial_pos_tracking/share/zed_tutorial_pos_tracking/local_setup.bash
[0.110s] -- Up-to-date symlink: /home/user/exchange/omnibase_ws/zed2_camera_ws/install/zed_tutorial_pos_tracking/share/zed_tutorial_pos_tracking/local_setup.sh
[0.110s] -- Up-to-date symlink: /home/user/exchange/omnibase_ws/zed2_camera_ws/install/zed_tutorial_pos_tracking/share/zed_tutorial_pos_tracking/local_setup.zsh
[0.110s] -- Up-to-date symlink: /home/user/exchange/omnibase_ws/zed2_camera_ws/install/zed_tutorial_pos_tracking/share/zed_tutorial_pos_tracking/local_setup.dsv
[0.111s] -- Symlinking: /home/user/exchange/omnibase_ws/zed2_camera_ws/install/zed_tutorial_pos_tracking/share/zed_tutorial_pos_tracking/package.dsv
[0.121s] -- Up-to-date symlink: /home/user/exchange/omnibase_ws/zed2_camera_ws/install/zed_tutorial_pos_tracking/share/ament_index/resource_index/packages/zed_tutorial_pos_tracking
[0.122s] -- Up-to-date symlink: /home/user/exchange/omnibase_ws/zed2_camera_ws/install/zed_tutorial_pos_tracking/share/zed_tutorial_pos_tracking/cmake/zed_tutorial_pos_trackingConfig.cmake
[0.122s] -- Up-to-date symlink: /home/user/exchange/omnibase_ws/zed2_camera_ws/install/zed_tutorial_pos_tracking/share/zed_tutorial_pos_tracking/cmake/zed_tutorial_pos_trackingConfig-version.cmake
[0.122s] -- Up-to-date symlink: /home/user/exchange/omnibase_ws/zed2_camera_ws/install/zed_tutorial_pos_tracking/share/zed_tutorial_pos_tracking/package.xml
[0.142s] Invoked command in '/home/user/exchange/omnibase_ws/zed2_camera_ws/build/zed_tutorial_pos_tracking' returned '0': CMAKE_PREFIX_PATH=${CMAKE_PREFIX_PATH}:/home/user/exchange/unimore_ws/install/check_obstacles_pkg:/home/user/exchange/ros_proxy_ws/install/ros_proxy:/home/user/exchange/omnibase_ws/cbf_stl_ws/install/check_obstacle_pkg:/opt/pal/alum:/opt/ros/humble /usr/bin/cmake --install /home/user/exchange/omnibase_ws/zed2_camera_ws/build/zed_tutorial_pos_tracking
