-- The C compiler identification is GNU 11.4.0
-- The CXX compiler identification is GNU 11.4.0
-- Detecting C compiler ABI info
-- Detecting C compiler ABI info - done
-- Check for working C compiler: /usr/bin/cc - skipped
-- Detecting C compile features
-- Detecting C compile features - done
-- Detecting CXX compiler ABI info
-- Detecting CXX compiler ABI info - done
-- Check for working CXX compiler: /usr/bin/c++ - skipped
-- Detecting CXX compile features
-- Detecting CXX compile features - done
-- Found ament_cmake: 1.3.11 (/opt/ros/humble/share/ament_cmake/cmake)
-- Found Python3: /usr/bin/python3 (found version "3.10.12") found components: Interpreter 
-- Override CMake install command with custom implementation using symlinks instead of copying resources
-- Found rclcpp: 16.0.11 (/opt/ros/humble/share/rclcpp/cmake)
-- Found rosidl_generator_c: 3.1.6 (/opt/ros/humble/share/rosidl_generator_c/cmake)
-- Found rosidl_adapter: 3.1.6 (/opt/ros/humble/share/rosidl_adapter/cmake)
-- Found rosidl_generator_cpp: 3.1.6 (/opt/ros/humble/share/rosidl_generator_cpp/cmake)
-- Using all available rosidl_typesupport_c: rosidl_typesupport_fastrtps_c;rosidl_typesupport_introspection_c
-- Using all available rosidl_typesupport_cpp: rosidl_typesupport_fastrtps_cpp;rosidl_typesupport_introspection_cpp
-- Found rmw_implementation_cmake: 6.1.2 (/opt/ros/humble/share/rmw_implementation_cmake/cmake)
-- Found rmw_cyclonedds_cpp: 1.3.4 (/opt/ros/humble/share/rmw_cyclonedds_cpp/cmake)
-- Using RMW implementation 'rmw_cyclonedds_cpp' as default
-- Looking for pthread.h
-- Looking for pthread.h - found
-- Performing Test CMAKE_HAVE_LIBC_PTHREAD
-- Performing Test CMAKE_HAVE_LIBC_PTHREAD - Success
-- Found Threads: TRUE  
-- Found rclcpp_action: 16.0.11 (/opt/ros/humble/share/rclcpp_action/cmake)
-- Found rclcpp_components: 16.0.11 (/opt/ros/humble/share/rclcpp_components/cmake)
-- Found nav_msgs: 4.2.4 (/opt/ros/humble/share/nav_msgs/cmake)
-- Found my_interfaces: 0.0.0 (/home/user/exchange/omnibase_ws/cbf_stl_ws/install/my_interfaces/share/my_interfaces/cmake)
-- Found eigen3_cmake_module: 0.1.1 (/opt/ros/humble/share/eigen3_cmake_module/cmake)
-- Found Eigen3: TRUE (found version "3.4.0") 
-- Configuring done
-- Generating done
-- Build files have been written to: /home/user/exchange/omnibase_ws/cbf_stl_ws/build/cbf_stl_pkg
[ 10%] [32mBuilding CXX object CMakeFiles/alglib.dir/src/alglib/kernels_sse2.cpp.o[0m
[ 10%] [32mBuilding CXX object CMakeFiles/alglib.dir/src/alglib/diffequations.cpp.o[0m
[ 15%] [32mBuilding CXX object CMakeFiles/alglib.dir/src/alglib/kernels_fma.cpp.o[0m
[ 21%] [32mBuilding CXX object CMakeFiles/alglib.dir/src/alglib/interpolation.cpp.o[0m
[ 47%] [32mBuilding CXX object CMakeFiles/alglib.dir/src/alglib/dataanalysis.cpp.o[0m
[ 47%] [32mBuilding CXX object CMakeFiles/alglib.dir/src/alglib/fasttransforms.cpp.o[0m
[ 47%] [32mBuilding CXX object CMakeFiles/alglib.dir/src/alglib/alglibmisc.cpp.o[0m
[ 47%] [32mBuilding CXX object CMakeFiles/alglib.dir/src/alglib/alglibinternal.cpp.o[0m
[ 47%] [32mBuilding CXX object CMakeFiles/alglib.dir/src/alglib/kernels_avx2.cpp.o[0m
[ 57%] [32mBuilding CXX object CMakeFiles/alglib.dir/src/alglib/ap.cpp.o[0m
[ 57%] [32mBuilding CXX object CMakeFiles/alglib.dir/src/alglib/integration.cpp.o[0m
[ 63%] [32mBuilding CXX object CMakeFiles/alglib.dir/src/alglib/optimization.cpp.o[0m
[ 68%] [32mBuilding CXX object CMakeFiles/alglib.dir/src/alglib/specialfunctions.cpp.o[0m
[ 73%] [32mBuilding CXX object CMakeFiles/alglib.dir/src/alglib/statistics.cpp.o[0m
[ 78%] [32mBuilding CXX object CMakeFiles/alglib.dir/src/alglib/linalg.cpp.o[0m
[ 84%] [32mBuilding CXX object CMakeFiles/alglib.dir/src/alglib/solvers.cpp.o[0m
[ 89%] [32m[1mLinking CXX static library libalglib.a[0m
[ 89%] Built target alglib
[ 94%] [32mBuilding CXX object CMakeFiles/cbf_stl_node.dir/src/cbf_stl_node.cpp.o[0m
[100%] [32m[1mLinking CXX executable cbf_stl_node[0m
[100%] Built target cbf_stl_node
-- Install configuration: ""
-- Execute custom install script
-- Symlinking: /home/user/exchange/omnibase_ws/cbf_stl_ws/install/cbf_stl_pkg/lib/cbf_stl_pkg/cbf_stl_node
-- Symlinking: /home/user/exchange/omnibase_ws/cbf_stl_ws/install/cbf_stl_pkg/share/cbf_stl_pkg//launch/__pycache__/cbf_stl_basic_launch.cpython-310.pyc
-- Symlinking: /home/user/exchange/omnibase_ws/cbf_stl_ws/install/cbf_stl_pkg/share/cbf_stl_pkg//launch/__pycache__/cbf_stl_launch.cpython-310.pyc
-- Symlinking: /home/user/exchange/omnibase_ws/cbf_stl_ws/install/cbf_stl_pkg/share/cbf_stl_pkg//launch/__pycache__/input_launch.cpython-310.pyc
-- Symlinking: /home/user/exchange/omnibase_ws/cbf_stl_ws/install/cbf_stl_pkg/share/cbf_stl_pkg//launch/cbfstl.launch.py
-- Symlinking: /home/user/exchange/omnibase_ws/cbf_stl_ws/install/cbf_stl_pkg/share/ament_index/resource_index/package_run_dependencies/cbf_stl_pkg
-- Symlinking: /home/user/exchange/omnibase_ws/cbf_stl_ws/install/cbf_stl_pkg/share/ament_index/resource_index/parent_prefix_path/cbf_stl_pkg
-- Symlinking: /home/user/exchange/omnibase_ws/cbf_stl_ws/install/cbf_stl_pkg/share/cbf_stl_pkg/environment/ament_prefix_path.sh
-- Symlinking: /home/user/exchange/omnibase_ws/cbf_stl_ws/install/cbf_stl_pkg/share/cbf_stl_pkg/environment/ament_prefix_path.dsv
-- Symlinking: /home/user/exchange/omnibase_ws/cbf_stl_ws/install/cbf_stl_pkg/share/cbf_stl_pkg/environment/path.sh
-- Symlinking: /home/user/exchange/omnibase_ws/cbf_stl_ws/install/cbf_stl_pkg/share/cbf_stl_pkg/environment/path.dsv
-- Symlinking: /home/user/exchange/omnibase_ws/cbf_stl_ws/install/cbf_stl_pkg/share/cbf_stl_pkg/local_setup.bash
-- Symlinking: /home/user/exchange/omnibase_ws/cbf_stl_ws/install/cbf_stl_pkg/share/cbf_stl_pkg/local_setup.sh
-- Symlinking: /home/user/exchange/omnibase_ws/cbf_stl_ws/install/cbf_stl_pkg/share/cbf_stl_pkg/local_setup.zsh
-- Symlinking: /home/user/exchange/omnibase_ws/cbf_stl_ws/install/cbf_stl_pkg/share/cbf_stl_pkg/local_setup.dsv
-- Symlinking: /home/user/exchange/omnibase_ws/cbf_stl_ws/install/cbf_stl_pkg/share/cbf_stl_pkg/package.dsv
-- Symlinking: /home/user/exchange/omnibase_ws/cbf_stl_ws/install/cbf_stl_pkg/share/ament_index/resource_index/packages/cbf_stl_pkg
-- Symlinking: /home/user/exchange/omnibase_ws/cbf_stl_ws/install/cbf_stl_pkg/share/cbf_stl_pkg/cmake/ament_cmake_export_dependencies-extras.cmake
-- Symlinking: /home/user/exchange/omnibase_ws/cbf_stl_ws/install/cbf_stl_pkg/share/cbf_stl_pkg/cmake/cbf_stl_pkgConfig.cmake
-- Symlinking: /home/user/exchange/omnibase_ws/cbf_stl_ws/install/cbf_stl_pkg/share/cbf_stl_pkg/cmake/cbf_stl_pkgConfig-version.cmake
-- Symlinking: /home/user/exchange/omnibase_ws/cbf_stl_ws/install/cbf_stl_pkg/share/cbf_stl_pkg/package.xml
