[0.034s] Invoking command in '/home/user/exchange/omnibase_ws/zed2_camera_ws/build/zed_msgs': CMAKE_PREFIX_PATH=${CMAKE_PREFIX_PATH}:/home/user/exchange/unimore_ws/install/check_obstacles_pkg:/home/user/exchange/ros_proxy_ws/install/ros_proxy:/home/user/exchange/omnibase_ws/cbf_stl_ws/install/check_obstacle_pkg:/opt/pal/alum:/opt/ros/humble /usr/bin/cmake --build /home/user/exchange/omnibase_ws/zed2_camera_ws/build/zed_msgs -- -j22 -l22
[0.105s] [  0%] Built target zed_msgs__cpp
[0.111s] [  0%] Built target ament_cmake_python_symlink_zed_msgs
[0.116s] [ 12%] Built target zed_msgs__rosidl_generator_c
[0.133s] [ 24%] Built target zed_msgs__rosidl_typesupport_cpp
[0.140s] [ 36%] Built target zed_msgs__rosidl_typesupport_fastrtps_cpp
[0.142s] [ 48%] Built target zed_msgs__rosidl_typesupport_c
[0.145s] [ 61%] Built target zed_msgs__rosidl_typesupport_introspection_cpp
[0.147s] [ 73%] Built target zed_msgs__rosidl_typesupport_fastrtps_c
[0.148s] [ 85%] Built target zed_msgs__rosidl_typesupport_introspection_c
[0.168s] [ 85%] Built target zed_msgs
[0.190s] [ 86%] Built target zed_msgs__py
[0.223s] [ 97%] Built target zed_msgs__rosidl_generator_py
[0.251s] [ 98%] Built target zed_msgs__rosidl_typesupport_fastrtps_c__pyext
[0.252s] [ 99%] Built target zed_msgs__rosidl_typesupport_introspection_c__pyext
[0.253s] [100%] Built target zed_msgs__rosidl_typesupport_c__pyext
[0.301s] running egg_info
[0.302s] writing zed_msgs.egg-info/PKG-INFO
[0.302s] writing dependency_links to zed_msgs.egg-info/dependency_links.txt
[0.302s] writing top-level names to zed_msgs.egg-info/top_level.txt
[0.304s] reading manifest file 'zed_msgs.egg-info/SOURCES.txt'
[0.305s] writing manifest file 'zed_msgs.egg-info/SOURCES.txt'
[0.325s] [100%] Built target ament_cmake_python_build_zed_msgs_egg
[0.336s] Invoked command in '/home/user/exchange/omnibase_ws/zed2_camera_ws/build/zed_msgs' returned '0': CMAKE_PREFIX_PATH=${CMAKE_PREFIX_PATH}:/home/user/exchange/unimore_ws/install/check_obstacles_pkg:/home/user/exchange/ros_proxy_ws/install/ros_proxy:/home/user/exchange/omnibase_ws/cbf_stl_ws/install/check_obstacle_pkg:/opt/pal/alum:/opt/ros/humble /usr/bin/cmake --build /home/user/exchange/omnibase_ws/zed2_camera_ws/build/zed_msgs -- -j22 -l22
[0.338s] Invoking command in '/home/user/exchange/omnibase_ws/zed2_camera_ws/build/zed_msgs': CMAKE_PREFIX_PATH=${CMAKE_PREFIX_PATH}:/home/user/exchange/unimore_ws/install/check_obstacles_pkg:/home/user/exchange/ros_proxy_ws/install/ros_proxy:/home/user/exchange/omnibase_ws/cbf_stl_ws/install/check_obstacle_pkg:/opt/pal/alum:/opt/ros/humble /usr/bin/cmake --install /home/user/exchange/omnibase_ws/zed2_camera_ws/build/zed_msgs
[0.344s] -- Install configuration: ""
[0.345s] -- Execute custom install script
[0.345s] -- Up-to-date symlink: /home/user/exchange/omnibase_ws/zed2_camera_ws/install/zed_msgs/share/ament_index/resource_index/rosidl_interfaces/zed_msgs
[0.346s] -- Up-to-date symlink: /home/user/exchange/omnibase_ws/zed2_camera_ws/install/zed_msgs/include/zed_msgs/zed_msgs/msg/bounding_box2_df.h
[0.346s] -- Up-to-date symlink: /home/user/exchange/omnibase_ws/zed2_camera_ws/install/zed_msgs/include/zed_msgs/zed_msgs/msg/bounding_box2_di.h
[0.347s] -- Up-to-date symlink: /home/user/exchange/omnibase_ws/zed2_camera_ws/install/zed_msgs/include/zed_msgs/zed_msgs/msg/bounding_box3_d.h
[0.347s] -- Up-to-date symlink: /home/user/exchange/omnibase_ws/zed2_camera_ws/install/zed_msgs/include/zed_msgs/zed_msgs/msg/depth_info_stamped.h
[0.347s] -- Up-to-date symlink: /home/user/exchange/omnibase_ws/zed2_camera_ws/install/zed_msgs/include/zed_msgs/zed_msgs/msg/detail/bounding_box2_df__functions.h
[0.347s] -- Up-to-date symlink: /home/user/exchange/omnibase_ws/zed2_camera_ws/install/zed_msgs/include/zed_msgs/zed_msgs/msg/detail/bounding_box2_df__struct.h
[0.347s] -- Up-to-date symlink: /home/user/exchange/omnibase_ws/zed2_camera_ws/install/zed_msgs/include/zed_msgs/zed_msgs/msg/detail/bounding_box2_df__type_support.h
[0.348s] -- Up-to-date symlink: /home/user/exchange/omnibase_ws/zed2_camera_ws/install/zed_msgs/include/zed_msgs/zed_msgs/msg/detail/bounding_box2_di__functions.h
[0.348s] -- Up-to-date symlink: /home/user/exchange/omnibase_ws/zed2_camera_ws/install/zed_msgs/include/zed_msgs/zed_msgs/msg/detail/bounding_box2_di__struct.h
[0.348s] -- Up-to-date symlink: /home/user/exchange/omnibase_ws/zed2_camera_ws/install/zed_msgs/include/zed_msgs/zed_msgs/msg/detail/bounding_box2_di__type_support.h
[0.348s] -- Up-to-date symlink: /home/user/exchange/omnibase_ws/zed2_camera_ws/install/zed_msgs/include/zed_msgs/zed_msgs/msg/detail/bounding_box3_d__functions.h
[0.348s] -- Up-to-date symlink: /home/user/exchange/omnibase_ws/zed2_camera_ws/install/zed_msgs/include/zed_msgs/zed_msgs/msg/detail/bounding_box3_d__struct.h
[0.348s] -- Up-to-date symlink: /home/user/exchange/omnibase_ws/zed2_camera_ws/install/zed_msgs/include/zed_msgs/zed_msgs/msg/detail/bounding_box3_d__type_support.h
[0.348s] -- Up-to-date symlink: /home/user/exchange/omnibase_ws/zed2_camera_ws/install/zed_msgs/include/zed_msgs/zed_msgs/msg/detail/depth_info_stamped__functions.h
[0.349s] -- Up-to-date symlink: /home/user/exchange/omnibase_ws/zed2_camera_ws/install/zed_msgs/include/zed_msgs/zed_msgs/msg/detail/depth_info_stamped__struct.h
[0.349s] -- Up-to-date symlink: /home/user/exchange/omnibase_ws/zed2_camera_ws/install/zed_msgs/include/zed_msgs/zed_msgs/msg/detail/depth_info_stamped__type_support.h
[0.349s] -- Up-to-date symlink: /home/user/exchange/omnibase_ws/zed2_camera_ws/install/zed_msgs/include/zed_msgs/zed_msgs/msg/detail/gnss_fusion_status__functions.h
[0.349s] -- Up-to-date symlink: /home/user/exchange/omnibase_ws/zed2_camera_ws/install/zed_msgs/include/zed_msgs/zed_msgs/msg/detail/gnss_fusion_status__struct.h
[0.349s] -- Up-to-date symlink: /home/user/exchange/omnibase_ws/zed2_camera_ws/install/zed_msgs/include/zed_msgs/zed_msgs/msg/detail/gnss_fusion_status__type_support.h
[0.349s] -- Up-to-date symlink: /home/user/exchange/omnibase_ws/zed2_camera_ws/install/zed_msgs/include/zed_msgs/zed_msgs/msg/detail/health_status_stamped__functions.h
[0.349s] -- Up-to-date symlink: /home/user/exchange/omnibase_ws/zed2_camera_ws/install/zed_msgs/include/zed_msgs/zed_msgs/msg/detail/health_status_stamped__struct.h
[0.349s] -- Up-to-date symlink: /home/user/exchange/omnibase_ws/zed2_camera_ws/install/zed_msgs/include/zed_msgs/zed_msgs/msg/detail/health_status_stamped__type_support.h
[0.350s] -- Up-to-date symlink: /home/user/exchange/omnibase_ws/zed2_camera_ws/install/zed_msgs/include/zed_msgs/zed_msgs/msg/detail/heartbeat__functions.h
[0.350s] -- Up-to-date symlink: /home/user/exchange/omnibase_ws/zed2_camera_ws/install/zed_msgs/include/zed_msgs/zed_msgs/msg/detail/heartbeat__struct.h
[0.350s] -- Up-to-date symlink: /home/user/exchange/omnibase_ws/zed2_camera_ws/install/zed_msgs/include/zed_msgs/zed_msgs/msg/detail/heartbeat__type_support.h
[0.350s] -- Up-to-date symlink: /home/user/exchange/omnibase_ws/zed2_camera_ws/install/zed_msgs/include/zed_msgs/zed_msgs/msg/detail/keypoint2_df__functions.h
[0.350s] -- Up-to-date symlink: /home/user/exchange/omnibase_ws/zed2_camera_ws/install/zed_msgs/include/zed_msgs/zed_msgs/msg/detail/keypoint2_df__struct.h
[0.350s] -- Up-to-date symlink: /home/user/exchange/omnibase_ws/zed2_camera_ws/install/zed_msgs/include/zed_msgs/zed_msgs/msg/detail/keypoint2_df__type_support.h
[0.350s] -- Up-to-date symlink: /home/user/exchange/omnibase_ws/zed2_camera_ws/install/zed_msgs/include/zed_msgs/zed_msgs/msg/detail/keypoint2_di__functions.h
[0.350s] -- Up-to-date symlink: /home/user/exchange/omnibase_ws/zed2_camera_ws/install/zed_msgs/include/zed_msgs/zed_msgs/msg/detail/keypoint2_di__struct.h
[0.351s] -- Up-to-date symlink: /home/user/exchange/omnibase_ws/zed2_camera_ws/install/zed_msgs/include/zed_msgs/zed_msgs/msg/detail/keypoint2_di__type_support.h
[0.351s] -- Up-to-date symlink: /home/user/exchange/omnibase_ws/zed2_camera_ws/install/zed_msgs/include/zed_msgs/zed_msgs/msg/detail/keypoint3_d__functions.h
[0.351s] -- Up-to-date symlink: /home/user/exchange/omnibase_ws/zed2_camera_ws/install/zed_msgs/include/zed_msgs/zed_msgs/msg/detail/keypoint3_d__struct.h
[0.351s] -- Up-to-date symlink: /home/user/exchange/omnibase_ws/zed2_camera_ws/install/zed_msgs/include/zed_msgs/zed_msgs/msg/detail/keypoint3_d__type_support.h
[0.351s] -- Up-to-date symlink: /home/user/exchange/omnibase_ws/zed2_camera_ws/install/zed_msgs/include/zed_msgs/zed_msgs/msg/detail/mag_heading_status__functions.h
[0.351s] -- Up-to-date symlink: /home/user/exchange/omnibase_ws/zed2_camera_ws/install/zed_msgs/include/zed_msgs/zed_msgs/msg/detail/mag_heading_status__struct.h
[0.351s] -- Up-to-date symlink: /home/user/exchange/omnibase_ws/zed2_camera_ws/install/zed_msgs/include/zed_msgs/zed_msgs/msg/detail/mag_heading_status__type_support.h
[0.352s] -- Up-to-date symlink: /home/user/exchange/omnibase_ws/zed2_camera_ws/install/zed_msgs/include/zed_msgs/zed_msgs/msg/detail/object__functions.h
[0.352s] -- Up-to-date symlink: /home/user/exchange/omnibase_ws/zed2_camera_ws/install/zed_msgs/include/zed_msgs/zed_msgs/msg/detail/object__struct.h
[0.352s] -- Up-to-date symlink: /home/user/exchange/omnibase_ws/zed2_camera_ws/install/zed_msgs/include/zed_msgs/zed_msgs/msg/detail/object__type_support.h
[0.352s] -- Up-to-date symlink: /home/user/exchange/omnibase_ws/zed2_camera_ws/install/zed_msgs/include/zed_msgs/zed_msgs/msg/detail/objects_stamped__functions.h
[0.352s] -- Up-to-date symlink: /home/user/exchange/omnibase_ws/zed2_camera_ws/install/zed_msgs/include/zed_msgs/zed_msgs/msg/detail/objects_stamped__struct.h
[0.352s] -- Up-to-date symlink: /home/user/exchange/omnibase_ws/zed2_camera_ws/install/zed_msgs/include/zed_msgs/zed_msgs/msg/detail/objects_stamped__type_support.h
[0.352s] -- Up-to-date symlink: /home/user/exchange/omnibase_ws/zed2_camera_ws/install/zed_msgs/include/zed_msgs/zed_msgs/msg/detail/plane_stamped__functions.h
[0.352s] -- Up-to-date symlink: /home/user/exchange/omnibase_ws/zed2_camera_ws/install/zed_msgs/include/zed_msgs/zed_msgs/msg/detail/plane_stamped__struct.h
[0.353s] -- Up-to-date symlink: /home/user/exchange/omnibase_ws/zed2_camera_ws/install/zed_msgs/include/zed_msgs/zed_msgs/msg/detail/plane_stamped__type_support.h
[0.353s] -- Up-to-date symlink: /home/user/exchange/omnibase_ws/zed2_camera_ws/install/zed_msgs/include/zed_msgs/zed_msgs/msg/detail/pos_track_status__functions.h
[0.353s] -- Up-to-date symlink: /home/user/exchange/omnibase_ws/zed2_camera_ws/install/zed_msgs/include/zed_msgs/zed_msgs/msg/detail/pos_track_status__struct.h
[0.353s] -- Up-to-date symlink: /home/user/exchange/omnibase_ws/zed2_camera_ws/install/zed_msgs/include/zed_msgs/zed_msgs/msg/detail/pos_track_status__type_support.h
[0.353s] -- Up-to-date symlink: /home/user/exchange/omnibase_ws/zed2_camera_ws/install/zed_msgs/include/zed_msgs/zed_msgs/msg/detail/skeleton2_d__functions.h
[0.353s] -- Up-to-date symlink: /home/user/exchange/omnibase_ws/zed2_camera_ws/install/zed_msgs/include/zed_msgs/zed_msgs/msg/detail/skeleton2_d__struct.h
[0.353s] -- Up-to-date symlink: /home/user/exchange/omnibase_ws/zed2_camera_ws/install/zed_msgs/include/zed_msgs/zed_msgs/msg/detail/skeleton2_d__type_support.h
[0.353s] -- Up-to-date symlink: /home/user/exchange/omnibase_ws/zed2_camera_ws/install/zed_msgs/include/zed_msgs/zed_msgs/msg/detail/skeleton3_d__functions.h
[0.354s] -- Up-to-date symlink: /home/user/exchange/omnibase_ws/zed2_camera_ws/install/zed_msgs/include/zed_msgs/zed_msgs/msg/detail/skeleton3_d__struct.h
[0.354s] -- Up-to-date symlink: /home/user/exchange/omnibase_ws/zed2_camera_ws/install/zed_msgs/include/zed_msgs/zed_msgs/msg/detail/skeleton3_d__type_support.h
[0.354s] -- Up-to-date symlink: /home/user/exchange/omnibase_ws/zed2_camera_ws/install/zed_msgs/include/zed_msgs/zed_msgs/msg/detail/svo_status__functions.h
[0.354s] -- Up-to-date symlink: /home/user/exchange/omnibase_ws/zed2_camera_ws/install/zed_msgs/include/zed_msgs/zed_msgs/msg/detail/svo_status__struct.h
[0.354s] -- Up-to-date symlink: /home/user/exchange/omnibase_ws/zed2_camera_ws/install/zed_msgs/include/zed_msgs/zed_msgs/msg/detail/svo_status__type_support.h
[0.354s] -- Up-to-date symlink: /home/user/exchange/omnibase_ws/zed2_camera_ws/install/zed_msgs/include/zed_msgs/zed_msgs/msg/gnss_fusion_status.h
[0.354s] -- Up-to-date symlink: /home/user/exchange/omnibase_ws/zed2_camera_ws/install/zed_msgs/include/zed_msgs/zed_msgs/msg/health_status_stamped.h
[0.355s] -- Up-to-date symlink: /home/user/exchange/omnibase_ws/zed2_camera_ws/install/zed_msgs/include/zed_msgs/zed_msgs/msg/heartbeat.h
[0.355s] -- Up-to-date symlink: /home/user/exchange/omnibase_ws/zed2_camera_ws/install/zed_msgs/include/zed_msgs/zed_msgs/msg/keypoint2_df.h
[0.355s] -- Up-to-date symlink: /home/user/exchange/omnibase_ws/zed2_camera_ws/install/zed_msgs/include/zed_msgs/zed_msgs/msg/keypoint2_di.h
[0.355s] -- Up-to-date symlink: /home/user/exchange/omnibase_ws/zed2_camera_ws/install/zed_msgs/include/zed_msgs/zed_msgs/msg/keypoint3_d.h
[0.355s] -- Up-to-date symlink: /home/user/exchange/omnibase_ws/zed2_camera_ws/install/zed_msgs/include/zed_msgs/zed_msgs/msg/mag_heading_status.h
[0.355s] -- Up-to-date symlink: /home/user/exchange/omnibase_ws/zed2_camera_ws/install/zed_msgs/include/zed_msgs/zed_msgs/msg/object.h
[0.355s] -- Up-to-date symlink: /home/user/exchange/omnibase_ws/zed2_camera_ws/install/zed_msgs/include/zed_msgs/zed_msgs/msg/objects_stamped.h
[0.356s] -- Up-to-date symlink: /home/user/exchange/omnibase_ws/zed2_camera_ws/install/zed_msgs/include/zed_msgs/zed_msgs/msg/plane_stamped.h
[0.356s] -- Up-to-date symlink: /home/user/exchange/omnibase_ws/zed2_camera_ws/install/zed_msgs/include/zed_msgs/zed_msgs/msg/pos_track_status.h
[0.356s] -- Up-to-date symlink: /home/user/exchange/omnibase_ws/zed2_camera_ws/install/zed_msgs/include/zed_msgs/zed_msgs/msg/rosidl_generator_c__visibility_control.h
[0.356s] -- Up-to-date symlink: /home/user/exchange/omnibase_ws/zed2_camera_ws/install/zed_msgs/include/zed_msgs/zed_msgs/msg/skeleton2_d.h
[0.356s] -- Up-to-date symlink: /home/user/exchange/omnibase_ws/zed2_camera_ws/install/zed_msgs/include/zed_msgs/zed_msgs/msg/skeleton3_d.h
[0.356s] -- Up-to-date symlink: /home/user/exchange/omnibase_ws/zed2_camera_ws/install/zed_msgs/include/zed_msgs/zed_msgs/msg/svo_status.h
[0.356s] -- Up-to-date symlink: /home/user/exchange/omnibase_ws/zed2_camera_ws/install/zed_msgs/include/zed_msgs/zed_msgs/srv/detail/set_pose__functions.h
[0.357s] -- Up-to-date symlink: /home/user/exchange/omnibase_ws/zed2_camera_ws/install/zed_msgs/include/zed_msgs/zed_msgs/srv/detail/set_pose__struct.h
[0.357s] -- Up-to-date symlink: /home/user/exchange/omnibase_ws/zed2_camera_ws/install/zed_msgs/include/zed_msgs/zed_msgs/srv/detail/set_pose__type_support.h
[0.357s] -- Up-to-date symlink: /home/user/exchange/omnibase_ws/zed2_camera_ws/install/zed_msgs/include/zed_msgs/zed_msgs/srv/detail/set_roi__functions.h
[0.357s] -- Up-to-date symlink: /home/user/exchange/omnibase_ws/zed2_camera_ws/install/zed_msgs/include/zed_msgs/zed_msgs/srv/detail/set_roi__struct.h
[0.357s] -- Up-to-date symlink: /home/user/exchange/omnibase_ws/zed2_camera_ws/install/zed_msgs/include/zed_msgs/zed_msgs/srv/detail/set_roi__type_support.h
[0.357s] -- Up-to-date symlink: /home/user/exchange/omnibase_ws/zed2_camera_ws/install/zed_msgs/include/zed_msgs/zed_msgs/srv/detail/set_svo_frame__functions.h
[0.357s] -- Up-to-date symlink: /home/user/exchange/omnibase_ws/zed2_camera_ws/install/zed_msgs/include/zed_msgs/zed_msgs/srv/detail/set_svo_frame__struct.h
[0.358s] -- Up-to-date symlink: /home/user/exchange/omnibase_ws/zed2_camera_ws/install/zed_msgs/include/zed_msgs/zed_msgs/srv/detail/set_svo_frame__type_support.h
[0.358s] -- Up-to-date symlink: /home/user/exchange/omnibase_ws/zed2_camera_ws/install/zed_msgs/include/zed_msgs/zed_msgs/srv/detail/start_svo_rec__functions.h
[0.358s] -- Up-to-date symlink: /home/user/exchange/omnibase_ws/zed2_camera_ws/install/zed_msgs/include/zed_msgs/zed_msgs/srv/detail/start_svo_rec__struct.h
[0.358s] -- Up-to-date symlink: /home/user/exchange/omnibase_ws/zed2_camera_ws/install/zed_msgs/include/zed_msgs/zed_msgs/srv/detail/start_svo_rec__type_support.h
[0.358s] -- Up-to-date symlink: /home/user/exchange/omnibase_ws/zed2_camera_ws/install/zed_msgs/include/zed_msgs/zed_msgs/srv/set_pose.h
[0.358s] -- Up-to-date symlink: /home/user/exchange/omnibase_ws/zed2_camera_ws/install/zed_msgs/include/zed_msgs/zed_msgs/srv/set_roi.h
[0.358s] -- Up-to-date symlink: /home/user/exchange/omnibase_ws/zed2_camera_ws/install/zed_msgs/include/zed_msgs/zed_msgs/srv/set_svo_frame.h
[0.358s] -- Up-to-date symlink: /home/user/exchange/omnibase_ws/zed2_camera_ws/install/zed_msgs/include/zed_msgs/zed_msgs/srv/start_svo_rec.h
[0.359s] -- Up-to-date symlink: /home/user/exchange/omnibase_ws/zed2_camera_ws/install/zed_msgs/share/zed_msgs/environment/library_path.sh
[0.359s] -- Up-to-date symlink: /home/user/exchange/omnibase_ws/zed2_camera_ws/install/zed_msgs/share/zed_msgs/environment/library_path.dsv
[0.359s] -- Up-to-date symlink: /home/user/exchange/omnibase_ws/zed2_camera_ws/install/zed_msgs/include/zed_msgs/zed_msgs/msg/detail/bounding_box2_df__rosidl_typesupport_fastrtps_c.h
[0.359s] -- Up-to-date symlink: /home/user/exchange/omnibase_ws/zed2_camera_ws/install/zed_msgs/include/zed_msgs/zed_msgs/msg/detail/bounding_box2_di__rosidl_typesupport_fastrtps_c.h
[0.360s] -- Up-to-date symlink: /home/user/exchange/omnibase_ws/zed2_camera_ws/install/zed_msgs/include/zed_msgs/zed_msgs/msg/detail/bounding_box3_d__rosidl_typesupport_fastrtps_c.h
[0.360s] -- Up-to-date symlink: /home/user/exchange/omnibase_ws/zed2_camera_ws/install/zed_msgs/include/zed_msgs/zed_msgs/msg/detail/depth_info_stamped__rosidl_typesupport_fastrtps_c.h
[0.360s] -- Up-to-date symlink: /home/user/exchange/omnibase_ws/zed2_camera_ws/install/zed_msgs/include/zed_msgs/zed_msgs/msg/detail/gnss_fusion_status__rosidl_typesupport_fastrtps_c.h
[0.360s] -- Up-to-date symlink: /home/user/exchange/omnibase_ws/zed2_camera_ws/install/zed_msgs/include/zed_msgs/zed_msgs/msg/detail/health_status_stamped__rosidl_typesupport_fastrtps_c.h
[0.360s] -- Up-to-date symlink: /home/user/exchange/omnibase_ws/zed2_camera_ws/install/zed_msgs/include/zed_msgs/zed_msgs/msg/detail/heartbeat__rosidl_typesupport_fastrtps_c.h
[0.360s] -- Up-to-date symlink: /home/user/exchange/omnibase_ws/zed2_camera_ws/install/zed_msgs/include/zed_msgs/zed_msgs/msg/detail/keypoint2_df__rosidl_typesupport_fastrtps_c.h
[0.360s] -- Up-to-date symlink: /home/user/exchange/omnibase_ws/zed2_camera_ws/install/zed_msgs/include/zed_msgs/zed_msgs/msg/detail/keypoint2_di__rosidl_typesupport_fastrtps_c.h
[0.361s] -- Up-to-date symlink: /home/user/exchange/omnibase_ws/zed2_camera_ws/install/zed_msgs/include/zed_msgs/zed_msgs/msg/detail/keypoint3_d__rosidl_typesupport_fastrtps_c.h
[0.361s] -- Up-to-date symlink: /home/user/exchange/omnibase_ws/zed2_camera_ws/install/zed_msgs/include/zed_msgs/zed_msgs/msg/detail/mag_heading_status__rosidl_typesupport_fastrtps_c.h
[0.361s] -- Up-to-date symlink: /home/user/exchange/omnibase_ws/zed2_camera_ws/install/zed_msgs/include/zed_msgs/zed_msgs/msg/detail/object__rosidl_typesupport_fastrtps_c.h
[0.361s] -- Up-to-date symlink: /home/user/exchange/omnibase_ws/zed2_camera_ws/install/zed_msgs/include/zed_msgs/zed_msgs/msg/detail/objects_stamped__rosidl_typesupport_fastrtps_c.h
[0.361s] -- Up-to-date symlink: /home/user/exchange/omnibase_ws/zed2_camera_ws/install/zed_msgs/include/zed_msgs/zed_msgs/msg/detail/plane_stamped__rosidl_typesupport_fastrtps_c.h
[0.361s] -- Up-to-date symlink: /home/user/exchange/omnibase_ws/zed2_camera_ws/install/zed_msgs/include/zed_msgs/zed_msgs/msg/detail/pos_track_status__rosidl_typesupport_fastrtps_c.h
[0.361s] -- Up-to-date symlink: /home/user/exchange/omnibase_ws/zed2_camera_ws/install/zed_msgs/include/zed_msgs/zed_msgs/msg/detail/skeleton2_d__rosidl_typesupport_fastrtps_c.h
[0.361s] -- Up-to-date symlink: /home/user/exchange/omnibase_ws/zed2_camera_ws/install/zed_msgs/include/zed_msgs/zed_msgs/msg/detail/skeleton3_d__rosidl_typesupport_fastrtps_c.h
[0.362s] -- Up-to-date symlink: /home/user/exchange/omnibase_ws/zed2_camera_ws/install/zed_msgs/include/zed_msgs/zed_msgs/msg/detail/svo_status__rosidl_typesupport_fastrtps_c.h
[0.362s] -- Up-to-date symlink: /home/user/exchange/omnibase_ws/zed2_camera_ws/install/zed_msgs/include/zed_msgs/zed_msgs/msg/rosidl_typesupport_fastrtps_c__visibility_control.h
[0.362s] -- Up-to-date symlink: /home/user/exchange/omnibase_ws/zed2_camera_ws/install/zed_msgs/include/zed_msgs/zed_msgs/srv/detail/set_pose__rosidl_typesupport_fastrtps_c.h
[0.362s] -- Up-to-date symlink: /home/user/exchange/omnibase_ws/zed2_camera_ws/install/zed_msgs/include/zed_msgs/zed_msgs/srv/detail/set_roi__rosidl_typesupport_fastrtps_c.h
[0.362s] -- Up-to-date symlink: /home/user/exchange/omnibase_ws/zed2_camera_ws/install/zed_msgs/include/zed_msgs/zed_msgs/srv/detail/set_svo_frame__rosidl_typesupport_fastrtps_c.h
[0.362s] -- Up-to-date symlink: /home/user/exchange/omnibase_ws/zed2_camera_ws/install/zed_msgs/include/zed_msgs/zed_msgs/srv/detail/start_svo_rec__rosidl_typesupport_fastrtps_c.h
[0.363s] -- Up-to-date symlink: /home/user/exchange/omnibase_ws/zed2_camera_ws/install/zed_msgs/include/zed_msgs/zed_msgs/msg/bounding_box2_df.hpp
[0.363s] -- Up-to-date symlink: /home/user/exchange/omnibase_ws/zed2_camera_ws/install/zed_msgs/include/zed_msgs/zed_msgs/msg/bounding_box2_di.hpp
[0.363s] -- Up-to-date symlink: /home/user/exchange/omnibase_ws/zed2_camera_ws/install/zed_msgs/include/zed_msgs/zed_msgs/msg/bounding_box3_d.hpp
[0.363s] -- Up-to-date symlink: /home/user/exchange/omnibase_ws/zed2_camera_ws/install/zed_msgs/include/zed_msgs/zed_msgs/msg/depth_info_stamped.hpp
[0.363s] -- Up-to-date symlink: /home/user/exchange/omnibase_ws/zed2_camera_ws/install/zed_msgs/include/zed_msgs/zed_msgs/msg/detail/bounding_box2_df__builder.hpp
[0.364s] -- Up-to-date symlink: /home/user/exchange/omnibase_ws/zed2_camera_ws/install/zed_msgs/include/zed_msgs/zed_msgs/msg/detail/bounding_box2_df__struct.hpp
[0.364s] -- Up-to-date symlink: /home/user/exchange/omnibase_ws/zed2_camera_ws/install/zed_msgs/include/zed_msgs/zed_msgs/msg/detail/bounding_box2_df__traits.hpp
[0.364s] -- Up-to-date symlink: /home/user/exchange/omnibase_ws/zed2_camera_ws/install/zed_msgs/include/zed_msgs/zed_msgs/msg/detail/bounding_box2_df__type_support.hpp
[0.364s] -- Up-to-date symlink: /home/user/exchange/omnibase_ws/zed2_camera_ws/install/zed_msgs/include/zed_msgs/zed_msgs/msg/detail/bounding_box2_di__builder.hpp
[0.364s] -- Up-to-date symlink: /home/user/exchange/omnibase_ws/zed2_camera_ws/install/zed_msgs/include/zed_msgs/zed_msgs/msg/detail/bounding_box2_di__struct.hpp
[0.364s] -- Up-to-date symlink: /home/user/exchange/omnibase_ws/zed2_camera_ws/install/zed_msgs/include/zed_msgs/zed_msgs/msg/detail/bounding_box2_di__traits.hpp
[0.364s] -- Up-to-date symlink: /home/user/exchange/omnibase_ws/zed2_camera_ws/install/zed_msgs/include/zed_msgs/zed_msgs/msg/detail/bounding_box2_di__type_support.hpp
[0.364s] -- Up-to-date symlink: /home/user/exchange/omnibase_ws/zed2_camera_ws/install/zed_msgs/include/zed_msgs/zed_msgs/msg/detail/bounding_box3_d__builder.hpp
[0.365s] -- Up-to-date symlink: /home/user/exchange/omnibase_ws/zed2_camera_ws/install/zed_msgs/include/zed_msgs/zed_msgs/msg/detail/bounding_box3_d__struct.hpp
[0.365s] -- Up-to-date symlink: /home/user/exchange/omnibase_ws/zed2_camera_ws/install/zed_msgs/include/zed_msgs/zed_msgs/msg/detail/bounding_box3_d__traits.hpp
[0.365s] -- Up-to-date symlink: /home/user/exchange/omnibase_ws/zed2_camera_ws/install/zed_msgs/include/zed_msgs/zed_msgs/msg/detail/bounding_box3_d__type_support.hpp
[0.365s] -- Up-to-date symlink: /home/user/exchange/omnibase_ws/zed2_camera_ws/install/zed_msgs/include/zed_msgs/zed_msgs/msg/detail/depth_info_stamped__builder.hpp
[0.365s] -- Up-to-date symlink: /home/user/exchange/omnibase_ws/zed2_camera_ws/install/zed_msgs/include/zed_msgs/zed_msgs/msg/detail/depth_info_stamped__struct.hpp
[0.365s] -- Up-to-date symlink: /home/user/exchange/omnibase_ws/zed2_camera_ws/install/zed_msgs/include/zed_msgs/zed_msgs/msg/detail/depth_info_stamped__traits.hpp
[0.365s] -- Up-to-date symlink: /home/user/exchange/omnibase_ws/zed2_camera_ws/install/zed_msgs/include/zed_msgs/zed_msgs/msg/detail/depth_info_stamped__type_support.hpp
[0.365s] -- Up-to-date symlink: /home/user/exchange/omnibase_ws/zed2_camera_ws/install/zed_msgs/include/zed_msgs/zed_msgs/msg/detail/gnss_fusion_status__builder.hpp
[0.366s] -- Up-to-date symlink: /home/user/exchange/omnibase_ws/zed2_camera_ws/install/zed_msgs/include/zed_msgs/zed_msgs/msg/detail/gnss_fusion_status__struct.hpp
[0.366s] -- Up-to-date symlink: /home/user/exchange/omnibase_ws/zed2_camera_ws/install/zed_msgs/include/zed_msgs/zed_msgs/msg/detail/gnss_fusion_status__traits.hpp
[0.366s] -- Up-to-date symlink: /home/user/exchange/omnibase_ws/zed2_camera_ws/install/zed_msgs/include/zed_msgs/zed_msgs/msg/detail/gnss_fusion_status__type_support.hpp
[0.366s] -- Up-to-date symlink: /home/user/exchange/omnibase_ws/zed2_camera_ws/install/zed_msgs/include/zed_msgs/zed_msgs/msg/detail/health_status_stamped__builder.hpp
[0.366s] -- Up-to-date symlink: /home/user/exchange/omnibase_ws/zed2_camera_ws/install/zed_msgs/include/zed_msgs/zed_msgs/msg/detail/health_status_stamped__struct.hpp
[0.366s] -- Up-to-date symlink: /home/user/exchange/omnibase_ws/zed2_camera_ws/install/zed_msgs/include/zed_msgs/zed_msgs/msg/detail/health_status_stamped__traits.hpp
[0.366s] -- Up-to-date symlink: /home/user/exchange/omnibase_ws/zed2_camera_ws/install/zed_msgs/include/zed_msgs/zed_msgs/msg/detail/health_status_stamped__type_support.hpp
[0.366s] -- Up-to-date symlink: /home/user/exchange/omnibase_ws/zed2_camera_ws/install/zed_msgs/include/zed_msgs/zed_msgs/msg/detail/heartbeat__builder.hpp
[0.367s] -- Up-to-date symlink: /home/user/exchange/omnibase_ws/zed2_camera_ws/install/zed_msgs/include/zed_msgs/zed_msgs/msg/detail/heartbeat__struct.hpp
[0.367s] -- Up-to-date symlink: /home/user/exchange/omnibase_ws/zed2_camera_ws/install/zed_msgs/include/zed_msgs/zed_msgs/msg/detail/heartbeat__traits.hpp
[0.367s] -- Up-to-date symlink: /home/user/exchange/omnibase_ws/zed2_camera_ws/install/zed_msgs/include/zed_msgs/zed_msgs/msg/detail/heartbeat__type_support.hpp
[0.367s] -- Up-to-date symlink: /home/user/exchange/omnibase_ws/zed2_camera_ws/install/zed_msgs/include/zed_msgs/zed_msgs/msg/detail/keypoint2_df__builder.hpp
[0.367s] -- Up-to-date symlink: /home/user/exchange/omnibase_ws/zed2_camera_ws/install/zed_msgs/include/zed_msgs/zed_msgs/msg/detail/keypoint2_df__struct.hpp
[0.367s] -- Up-to-date symlink: /home/user/exchange/omnibase_ws/zed2_camera_ws/install/zed_msgs/include/zed_msgs/zed_msgs/msg/detail/keypoint2_df__traits.hpp
[0.367s] -- Up-to-date symlink: /home/user/exchange/omnibase_ws/zed2_camera_ws/install/zed_msgs/include/zed_msgs/zed_msgs/msg/detail/keypoint2_df__type_support.hpp
[0.367s] -- Up-to-date symlink: /home/user/exchange/omnibase_ws/zed2_camera_ws/install/zed_msgs/include/zed_msgs/zed_msgs/msg/detail/keypoint2_di__builder.hpp
[0.368s] -- Up-to-date symlink: /home/user/exchange/omnibase_ws/zed2_camera_ws/install/zed_msgs/include/zed_msgs/zed_msgs/msg/detail/keypoint2_di__struct.hpp
[0.368s] -- Up-to-date symlink: /home/user/exchange/omnibase_ws/zed2_camera_ws/install/zed_msgs/include/zed_msgs/zed_msgs/msg/detail/keypoint2_di__traits.hpp
[0.368s] -- Up-to-date symlink: /home/user/exchange/omnibase_ws/zed2_camera_ws/install/zed_msgs/include/zed_msgs/zed_msgs/msg/detail/keypoint2_di__type_support.hpp
[0.368s] -- Up-to-date symlink: /home/user/exchange/omnibase_ws/zed2_camera_ws/install/zed_msgs/include/zed_msgs/zed_msgs/msg/detail/keypoint3_d__builder.hpp
[0.368s] -- Up-to-date symlink: /home/user/exchange/omnibase_ws/zed2_camera_ws/install/zed_msgs/include/zed_msgs/zed_msgs/msg/detail/keypoint3_d__struct.hpp
[0.368s] -- Up-to-date symlink: /home/user/exchange/omnibase_ws/zed2_camera_ws/install/zed_msgs/include/zed_msgs/zed_msgs/msg/detail/keypoint3_d__traits.hpp
[0.368s] -- Up-to-date symlink: /home/user/exchange/omnibase_ws/zed2_camera_ws/install/zed_msgs/include/zed_msgs/zed_msgs/msg/detail/keypoint3_d__type_support.hpp
[0.368s] -- Up-to-date symlink: /home/user/exchange/omnibase_ws/zed2_camera_ws/install/zed_msgs/include/zed_msgs/zed_msgs/msg/detail/mag_heading_status__builder.hpp
[0.369s] -- Up-to-date symlink: /home/user/exchange/omnibase_ws/zed2_camera_ws/install/zed_msgs/include/zed_msgs/zed_msgs/msg/detail/mag_heading_status__struct.hpp
[0.369s] -- Up-to-date symlink: /home/user/exchange/omnibase_ws/zed2_camera_ws/install/zed_msgs/include/zed_msgs/zed_msgs/msg/detail/mag_heading_status__traits.hpp
[0.369s] -- Up-to-date symlink: /home/user/exchange/omnibase_ws/zed2_camera_ws/install/zed_msgs/include/zed_msgs/zed_msgs/msg/detail/mag_heading_status__type_support.hpp
[0.369s] -- Up-to-date symlink: /home/user/exchange/omnibase_ws/zed2_camera_ws/install/zed_msgs/include/zed_msgs/zed_msgs/msg/detail/object__builder.hpp
[0.369s] -- Up-to-date symlink: /home/user/exchange/omnibase_ws/zed2_camera_ws/install/zed_msgs/include/zed_msgs/zed_msgs/msg/detail/object__struct.hpp
[0.369s] -- Up-to-date symlink: /home/user/exchange/omnibase_ws/zed2_camera_ws/install/zed_msgs/include/zed_msgs/zed_msgs/msg/detail/object__traits.hpp
[0.369s] -- Up-to-date symlink: /home/user/exchange/omnibase_ws/zed2_camera_ws/install/zed_msgs/include/zed_msgs/zed_msgs/msg/detail/object__type_support.hpp
[0.369s] -- Up-to-date symlink: /home/user/exchange/omnibase_ws/zed2_camera_ws/install/zed_msgs/include/zed_msgs/zed_msgs/msg/detail/objects_stamped__builder.hpp
[0.370s] -- Up-to-date symlink: /home/user/exchange/omnibase_ws/zed2_camera_ws/install/zed_msgs/include/zed_msgs/zed_msgs/msg/detail/objects_stamped__struct.hpp
[0.370s] -- Up-to-date symlink: /home/user/exchange/omnibase_ws/zed2_camera_ws/install/zed_msgs/include/zed_msgs/zed_msgs/msg/detail/objects_stamped__traits.hpp
[0.370s] -- Up-to-date symlink: /home/user/exchange/omnibase_ws/zed2_camera_ws/install/zed_msgs/include/zed_msgs/zed_msgs/msg/detail/objects_stamped__type_support.hpp
[0.370s] -- Up-to-date symlink: /home/user/exchange/omnibase_ws/zed2_camera_ws/install/zed_msgs/include/zed_msgs/zed_msgs/msg/detail/plane_stamped__builder.hpp
[0.370s] -- Up-to-date symlink: /home/user/exchange/omnibase_ws/zed2_camera_ws/install/zed_msgs/include/zed_msgs/zed_msgs/msg/detail/plane_stamped__struct.hpp
[0.370s] -- Up-to-date symlink: /home/user/exchange/omnibase_ws/zed2_camera_ws/install/zed_msgs/include/zed_msgs/zed_msgs/msg/detail/plane_stamped__traits.hpp
[0.370s] -- Up-to-date symlink: /home/user/exchange/omnibase_ws/zed2_camera_ws/install/zed_msgs/include/zed_msgs/zed_msgs/msg/detail/plane_stamped__type_support.hpp
[0.371s] -- Up-to-date symlink: /home/user/exchange/omnibase_ws/zed2_camera_ws/install/zed_msgs/include/zed_msgs/zed_msgs/msg/detail/pos_track_status__builder.hpp
[0.371s] -- Up-to-date symlink: /home/user/exchange/omnibase_ws/zed2_camera_ws/install/zed_msgs/include/zed_msgs/zed_msgs/msg/detail/pos_track_status__struct.hpp
[0.371s] -- Up-to-date symlink: /home/user/exchange/omnibase_ws/zed2_camera_ws/install/zed_msgs/include/zed_msgs/zed_msgs/msg/detail/pos_track_status__traits.hpp
[0.371s] -- Up-to-date symlink: /home/user/exchange/omnibase_ws/zed2_camera_ws/install/zed_msgs/include/zed_msgs/zed_msgs/msg/detail/pos_track_status__type_support.hpp
[0.371s] -- Up-to-date symlink: /home/user/exchange/omnibase_ws/zed2_camera_ws/install/zed_msgs/include/zed_msgs/zed_msgs/msg/detail/skeleton2_d__builder.hpp
[0.371s] -- Up-to-date symlink: /home/user/exchange/omnibase_ws/zed2_camera_ws/install/zed_msgs/include/zed_msgs/zed_msgs/msg/detail/skeleton2_d__struct.hpp
[0.371s] -- Up-to-date symlink: /home/user/exchange/omnibase_ws/zed2_camera_ws/install/zed_msgs/include/zed_msgs/zed_msgs/msg/detail/skeleton2_d__traits.hpp
[0.371s] -- Up-to-date symlink: /home/user/exchange/omnibase_ws/zed2_camera_ws/install/zed_msgs/include/zed_msgs/zed_msgs/msg/detail/skeleton2_d__type_support.hpp
[0.372s] -- Up-to-date symlink: /home/user/exchange/omnibase_ws/zed2_camera_ws/install/zed_msgs/include/zed_msgs/zed_msgs/msg/detail/skeleton3_d__builder.hpp
[0.372s] -- Up-to-date symlink: /home/user/exchange/omnibase_ws/zed2_camera_ws/install/zed_msgs/include/zed_msgs/zed_msgs/msg/detail/skeleton3_d__struct.hpp
[0.372s] -- Up-to-date symlink: /home/user/exchange/omnibase_ws/zed2_camera_ws/install/zed_msgs/include/zed_msgs/zed_msgs/msg/detail/skeleton3_d__traits.hpp
[0.372s] -- Up-to-date symlink: /home/user/exchange/omnibase_ws/zed2_camera_ws/install/zed_msgs/include/zed_msgs/zed_msgs/msg/detail/skeleton3_d__type_support.hpp
[0.372s] -- Up-to-date symlink: /home/user/exchange/omnibase_ws/zed2_camera_ws/install/zed_msgs/include/zed_msgs/zed_msgs/msg/detail/svo_status__builder.hpp
[0.372s] -- Up-to-date symlink: /home/user/exchange/omnibase_ws/zed2_camera_ws/install/zed_msgs/include/zed_msgs/zed_msgs/msg/detail/svo_status__struct.hpp
[0.372s] -- Up-to-date symlink: /home/user/exchange/omnibase_ws/zed2_camera_ws/install/zed_msgs/include/zed_msgs/zed_msgs/msg/detail/svo_status__traits.hpp
[0.372s] -- Up-to-date symlink: /home/user/exchange/omnibase_ws/zed2_camera_ws/install/zed_msgs/include/zed_msgs/zed_msgs/msg/detail/svo_status__type_support.hpp
[0.373s] -- Up-to-date symlink: /home/user/exchange/omnibase_ws/zed2_camera_ws/install/zed_msgs/include/zed_msgs/zed_msgs/msg/gnss_fusion_status.hpp
[0.373s] -- Up-to-date symlink: /home/user/exchange/omnibase_ws/zed2_camera_ws/install/zed_msgs/include/zed_msgs/zed_msgs/msg/health_status_stamped.hpp
[0.373s] -- Up-to-date symlink: /home/user/exchange/omnibase_ws/zed2_camera_ws/install/zed_msgs/include/zed_msgs/zed_msgs/msg/heartbeat.hpp
[0.373s] -- Up-to-date symlink: /home/user/exchange/omnibase_ws/zed2_camera_ws/install/zed_msgs/include/zed_msgs/zed_msgs/msg/keypoint2_df.hpp
[0.373s] -- Up-to-date symlink: /home/user/exchange/omnibase_ws/zed2_camera_ws/install/zed_msgs/include/zed_msgs/zed_msgs/msg/keypoint2_di.hpp
[0.373s] -- Up-to-date symlink: /home/user/exchange/omnibase_ws/zed2_camera_ws/install/zed_msgs/include/zed_msgs/zed_msgs/msg/keypoint3_d.hpp
[0.373s] -- Up-to-date symlink: /home/user/exchange/omnibase_ws/zed2_camera_ws/install/zed_msgs/include/zed_msgs/zed_msgs/msg/mag_heading_status.hpp
[0.374s] -- Up-to-date symlink: /home/user/exchange/omnibase_ws/zed2_camera_ws/install/zed_msgs/include/zed_msgs/zed_msgs/msg/object.hpp
[0.374s] -- Up-to-date symlink: /home/user/exchange/omnibase_ws/zed2_camera_ws/install/zed_msgs/include/zed_msgs/zed_msgs/msg/objects_stamped.hpp
[0.374s] -- Up-to-date symlink: /home/user/exchange/omnibase_ws/zed2_camera_ws/install/zed_msgs/include/zed_msgs/zed_msgs/msg/plane_stamped.hpp
[0.374s] -- Up-to-date symlink: /home/user/exchange/omnibase_ws/zed2_camera_ws/install/zed_msgs/include/zed_msgs/zed_msgs/msg/pos_track_status.hpp
[0.374s] -- Up-to-date symlink: /home/user/exchange/omnibase_ws/zed2_camera_ws/install/zed_msgs/include/zed_msgs/zed_msgs/msg/rosidl_generator_cpp__visibility_control.hpp
[0.374s] -- Up-to-date symlink: /home/user/exchange/omnibase_ws/zed2_camera_ws/install/zed_msgs/include/zed_msgs/zed_msgs/msg/skeleton2_d.hpp
[0.374s] -- Up-to-date symlink: /home/user/exchange/omnibase_ws/zed2_camera_ws/install/zed_msgs/include/zed_msgs/zed_msgs/msg/skeleton3_d.hpp
[0.374s] -- Up-to-date symlink: /home/user/exchange/omnibase_ws/zed2_camera_ws/install/zed_msgs/include/zed_msgs/zed_msgs/msg/svo_status.hpp
[0.375s] -- Up-to-date symlink: /home/user/exchange/omnibase_ws/zed2_camera_ws/install/zed_msgs/include/zed_msgs/zed_msgs/srv/detail/set_pose__builder.hpp
[0.375s] -- Up-to-date symlink: /home/user/exchange/omnibase_ws/zed2_camera_ws/install/zed_msgs/include/zed_msgs/zed_msgs/srv/detail/set_pose__struct.hpp
[0.375s] -- Up-to-date symlink: /home/user/exchange/omnibase_ws/zed2_camera_ws/install/zed_msgs/include/zed_msgs/zed_msgs/srv/detail/set_pose__traits.hpp
[0.375s] -- Up-to-date symlink: /home/user/exchange/omnibase_ws/zed2_camera_ws/install/zed_msgs/include/zed_msgs/zed_msgs/srv/detail/set_pose__type_support.hpp
[0.375s] -- Up-to-date symlink: /home/user/exchange/omnibase_ws/zed2_camera_ws/install/zed_msgs/include/zed_msgs/zed_msgs/srv/detail/set_roi__builder.hpp
[0.375s] -- Up-to-date symlink: /home/user/exchange/omnibase_ws/zed2_camera_ws/install/zed_msgs/include/zed_msgs/zed_msgs/srv/detail/set_roi__struct.hpp
[0.375s] -- Up-to-date symlink: /home/user/exchange/omnibase_ws/zed2_camera_ws/install/zed_msgs/include/zed_msgs/zed_msgs/srv/detail/set_roi__traits.hpp
[0.376s] -- Up-to-date symlink: /home/user/exchange/omnibase_ws/zed2_camera_ws/install/zed_msgs/include/zed_msgs/zed_msgs/srv/detail/set_roi__type_support.hpp
[0.376s] -- Up-to-date symlink: /home/user/exchange/omnibase_ws/zed2_camera_ws/install/zed_msgs/include/zed_msgs/zed_msgs/srv/detail/set_svo_frame__builder.hpp
[0.376s] -- Up-to-date symlink: /home/user/exchange/omnibase_ws/zed2_camera_ws/install/zed_msgs/include/zed_msgs/zed_msgs/srv/detail/set_svo_frame__struct.hpp
[0.376s] -- Up-to-date symlink: /home/user/exchange/omnibase_ws/zed2_camera_ws/install/zed_msgs/include/zed_msgs/zed_msgs/srv/detail/set_svo_frame__traits.hpp
[0.376s] -- Up-to-date symlink: /home/user/exchange/omnibase_ws/zed2_camera_ws/install/zed_msgs/include/zed_msgs/zed_msgs/srv/detail/set_svo_frame__type_support.hpp
[0.376s] -- Up-to-date symlink: /home/user/exchange/omnibase_ws/zed2_camera_ws/install/zed_msgs/include/zed_msgs/zed_msgs/srv/detail/start_svo_rec__builder.hpp
[0.376s] -- Up-to-date symlink: /home/user/exchange/omnibase_ws/zed2_camera_ws/install/zed_msgs/include/zed_msgs/zed_msgs/srv/detail/start_svo_rec__struct.hpp
[0.376s] -- Up-to-date symlink: /home/user/exchange/omnibase_ws/zed2_camera_ws/install/zed_msgs/include/zed_msgs/zed_msgs/srv/detail/start_svo_rec__traits.hpp
[0.377s] -- Up-to-date symlink: /home/user/exchange/omnibase_ws/zed2_camera_ws/install/zed_msgs/include/zed_msgs/zed_msgs/srv/detail/start_svo_rec__type_support.hpp
[0.377s] -- Up-to-date symlink: /home/user/exchange/omnibase_ws/zed2_camera_ws/install/zed_msgs/include/zed_msgs/zed_msgs/srv/set_pose.hpp
[0.377s] -- Up-to-date symlink: /home/user/exchange/omnibase_ws/zed2_camera_ws/install/zed_msgs/include/zed_msgs/zed_msgs/srv/set_roi.hpp
[0.377s] -- Up-to-date symlink: /home/user/exchange/omnibase_ws/zed2_camera_ws/install/zed_msgs/include/zed_msgs/zed_msgs/srv/set_svo_frame.hpp
[0.377s] -- Up-to-date symlink: /home/user/exchange/omnibase_ws/zed2_camera_ws/install/zed_msgs/include/zed_msgs/zed_msgs/srv/start_svo_rec.hpp
[0.378s] -- Up-to-date symlink: /home/user/exchange/omnibase_ws/zed2_camera_ws/install/zed_msgs/include/zed_msgs/zed_msgs/msg/detail/bounding_box2_df__rosidl_typesupport_fastrtps_cpp.hpp
[0.378s] -- Up-to-date symlink: /home/user/exchange/omnibase_ws/zed2_camera_ws/install/zed_msgs/include/zed_msgs/zed_msgs/msg/detail/bounding_box2_di__rosidl_typesupport_fastrtps_cpp.hpp
[0.378s] -- Up-to-date symlink: /home/user/exchange/omnibase_ws/zed2_camera_ws/install/zed_msgs/include/zed_msgs/zed_msgs/msg/detail/bounding_box3_d__rosidl_typesupport_fastrtps_cpp.hpp
[0.378s] -- Up-to-date symlink: /home/user/exchange/omnibase_ws/zed2_camera_ws/install/zed_msgs/include/zed_msgs/zed_msgs/msg/detail/depth_info_stamped__rosidl_typesupport_fastrtps_cpp.hpp
[0.378s] -- Up-to-date symlink: /home/user/exchange/omnibase_ws/zed2_camera_ws/install/zed_msgs/include/zed_msgs/zed_msgs/msg/detail/gnss_fusion_status__rosidl_typesupport_fastrtps_cpp.hpp
[0.378s] -- Up-to-date symlink: /home/user/exchange/omnibase_ws/zed2_camera_ws/install/zed_msgs/include/zed_msgs/zed_msgs/msg/detail/health_status_stamped__rosidl_typesupport_fastrtps_cpp.hpp
[0.379s] -- Up-to-date symlink: /home/user/exchange/omnibase_ws/zed2_camera_ws/install/zed_msgs/include/zed_msgs/zed_msgs/msg/detail/heartbeat__rosidl_typesupport_fastrtps_cpp.hpp
[0.379s] -- Up-to-date symlink: /home/user/exchange/omnibase_ws/zed2_camera_ws/install/zed_msgs/include/zed_msgs/zed_msgs/msg/detail/keypoint2_df__rosidl_typesupport_fastrtps_cpp.hpp
[0.379s] -- Up-to-date symlink: /home/user/exchange/omnibase_ws/zed2_camera_ws/install/zed_msgs/include/zed_msgs/zed_msgs/msg/detail/keypoint2_di__rosidl_typesupport_fastrtps_cpp.hpp
[0.379s] -- Up-to-date symlink: /home/user/exchange/omnibase_ws/zed2_camera_ws/install/zed_msgs/include/zed_msgs/zed_msgs/msg/detail/keypoint3_d__rosidl_typesupport_fastrtps_cpp.hpp
[0.379s] -- Up-to-date symlink: /home/user/exchange/omnibase_ws/zed2_camera_ws/install/zed_msgs/include/zed_msgs/zed_msgs/msg/detail/mag_heading_status__rosidl_typesupport_fastrtps_cpp.hpp
[0.379s] -- Up-to-date symlink: /home/user/exchange/omnibase_ws/zed2_camera_ws/install/zed_msgs/include/zed_msgs/zed_msgs/msg/detail/object__rosidl_typesupport_fastrtps_cpp.hpp
[0.379s] -- Up-to-date symlink: /home/user/exchange/omnibase_ws/zed2_camera_ws/install/zed_msgs/include/zed_msgs/zed_msgs/msg/detail/objects_stamped__rosidl_typesupport_fastrtps_cpp.hpp
[0.379s] -- Up-to-date symlink: /home/user/exchange/omnibase_ws/zed2_camera_ws/install/zed_msgs/include/zed_msgs/zed_msgs/msg/detail/plane_stamped__rosidl_typesupport_fastrtps_cpp.hpp
[0.380s] -- Up-to-date symlink: /home/user/exchange/omnibase_ws/zed2_camera_ws/install/zed_msgs/include/zed_msgs/zed_msgs/msg/detail/pos_track_status__rosidl_typesupport_fastrtps_cpp.hpp
[0.380s] -- Up-to-date symlink: /home/user/exchange/omnibase_ws/zed2_camera_ws/install/zed_msgs/include/zed_msgs/zed_msgs/msg/detail/skeleton2_d__rosidl_typesupport_fastrtps_cpp.hpp
[0.380s] -- Up-to-date symlink: /home/user/exchange/omnibase_ws/zed2_camera_ws/install/zed_msgs/include/zed_msgs/zed_msgs/msg/detail/skeleton3_d__rosidl_typesupport_fastrtps_cpp.hpp
[0.380s] -- Up-to-date symlink: /home/user/exchange/omnibase_ws/zed2_camera_ws/install/zed_msgs/include/zed_msgs/zed_msgs/msg/detail/svo_status__rosidl_typesupport_fastrtps_cpp.hpp
[0.380s] -- Up-to-date symlink: /home/user/exchange/omnibase_ws/zed2_camera_ws/install/zed_msgs/include/zed_msgs/zed_msgs/msg/rosidl_typesupport_fastrtps_cpp__visibility_control.h
[0.380s] -- Up-to-date symlink: /home/user/exchange/omnibase_ws/zed2_camera_ws/install/zed_msgs/include/zed_msgs/zed_msgs/srv/detail/set_pose__rosidl_typesupport_fastrtps_cpp.hpp
[0.380s] -- Up-to-date symlink: /home/user/exchange/omnibase_ws/zed2_camera_ws/install/zed_msgs/include/zed_msgs/zed_msgs/srv/detail/set_roi__rosidl_typesupport_fastrtps_cpp.hpp
[0.381s] -- Up-to-date symlink: /home/user/exchange/omnibase_ws/zed2_camera_ws/install/zed_msgs/include/zed_msgs/zed_msgs/srv/detail/set_svo_frame__rosidl_typesupport_fastrtps_cpp.hpp
[0.381s] -- Up-to-date symlink: /home/user/exchange/omnibase_ws/zed2_camera_ws/install/zed_msgs/include/zed_msgs/zed_msgs/srv/detail/start_svo_rec__rosidl_typesupport_fastrtps_cpp.hpp
[0.381s] -- Up-to-date symlink: /home/user/exchange/omnibase_ws/zed2_camera_ws/install/zed_msgs/include/zed_msgs/zed_msgs/msg/detail/bounding_box2_df__rosidl_typesupport_introspection_c.h
[0.381s] -- Up-to-date symlink: /home/user/exchange/omnibase_ws/zed2_camera_ws/install/zed_msgs/include/zed_msgs/zed_msgs/msg/detail/bounding_box2_di__rosidl_typesupport_introspection_c.h
[0.381s] -- Up-to-date symlink: /home/user/exchange/omnibase_ws/zed2_camera_ws/install/zed_msgs/include/zed_msgs/zed_msgs/msg/detail/bounding_box3_d__rosidl_typesupport_introspection_c.h
[0.381s] -- Up-to-date symlink: /home/user/exchange/omnibase_ws/zed2_camera_ws/install/zed_msgs/include/zed_msgs/zed_msgs/msg/detail/depth_info_stamped__rosidl_typesupport_introspection_c.h
[0.382s] -- Up-to-date symlink: /home/user/exchange/omnibase_ws/zed2_camera_ws/install/zed_msgs/include/zed_msgs/zed_msgs/msg/detail/gnss_fusion_status__rosidl_typesupport_introspection_c.h
[0.382s] -- Up-to-date symlink: /home/user/exchange/omnibase_ws/zed2_camera_ws/install/zed_msgs/include/zed_msgs/zed_msgs/msg/detail/health_status_stamped__rosidl_typesupport_introspection_c.h
[0.382s] -- Up-to-date symlink: /home/user/exchange/omnibase_ws/zed2_camera_ws/install/zed_msgs/include/zed_msgs/zed_msgs/msg/detail/heartbeat__rosidl_typesupport_introspection_c.h
[0.382s] -- Up-to-date symlink: /home/user/exchange/omnibase_ws/zed2_camera_ws/install/zed_msgs/include/zed_msgs/zed_msgs/msg/detail/keypoint2_df__rosidl_typesupport_introspection_c.h
[0.383s] -- Up-to-date symlink: /home/user/exchange/omnibase_ws/zed2_camera_ws/install/zed_msgs/include/zed_msgs/zed_msgs/msg/detail/keypoint2_di__rosidl_typesupport_introspection_c.h
[0.383s] -- Up-to-date symlink: /home/user/exchange/omnibase_ws/zed2_camera_ws/install/zed_msgs/include/zed_msgs/zed_msgs/msg/detail/keypoint3_d__rosidl_typesupport_introspection_c.h
[0.383s] -- Up-to-date symlink: /home/user/exchange/omnibase_ws/zed2_camera_ws/install/zed_msgs/include/zed_msgs/zed_msgs/msg/detail/mag_heading_status__rosidl_typesupport_introspection_c.h
[0.383s] -- Up-to-date symlink: /home/user/exchange/omnibase_ws/zed2_camera_ws/install/zed_msgs/include/zed_msgs/zed_msgs/msg/detail/object__rosidl_typesupport_introspection_c.h
[0.384s] -- Up-to-date symlink: /home/user/exchange/omnibase_ws/zed2_camera_ws/install/zed_msgs/include/zed_msgs/zed_msgs/msg/detail/objects_stamped__rosidl_typesupport_introspection_c.h
[0.384s] -- Up-to-date symlink: /home/user/exchange/omnibase_ws/zed2_camera_ws/install/zed_msgs/include/zed_msgs/zed_msgs/msg/detail/plane_stamped__rosidl_typesupport_introspection_c.h
[0.384s] -- Up-to-date symlink: /home/user/exchange/omnibase_ws/zed2_camera_ws/install/zed_msgs/include/zed_msgs/zed_msgs/msg/detail/pos_track_status__rosidl_typesupport_introspection_c.h
[0.384s] -- Up-to-date symlink: /home/user/exchange/omnibase_ws/zed2_camera_ws/install/zed_msgs/include/zed_msgs/zed_msgs/msg/detail/skeleton2_d__rosidl_typesupport_introspection_c.h
[0.385s] -- Up-to-date symlink: /home/user/exchange/omnibase_ws/zed2_camera_ws/install/zed_msgs/include/zed_msgs/zed_msgs/msg/detail/skeleton3_d__rosidl_typesupport_introspection_c.h
[0.385s] -- Up-to-date symlink: /home/user/exchange/omnibase_ws/zed2_camera_ws/install/zed_msgs/include/zed_msgs/zed_msgs/msg/detail/svo_status__rosidl_typesupport_introspection_c.h
[0.385s] -- Up-to-date symlink: /home/user/exchange/omnibase_ws/zed2_camera_ws/install/zed_msgs/include/zed_msgs/zed_msgs/msg/rosidl_typesupport_introspection_c__visibility_control.h
[0.385s] -- Up-to-date symlink: /home/user/exchange/omnibase_ws/zed2_camera_ws/install/zed_msgs/include/zed_msgs/zed_msgs/srv/detail/set_pose__rosidl_typesupport_introspection_c.h
[0.385s] -- Up-to-date symlink: /home/user/exchange/omnibase_ws/zed2_camera_ws/install/zed_msgs/include/zed_msgs/zed_msgs/srv/detail/set_roi__rosidl_typesupport_introspection_c.h
[0.386s] -- Up-to-date symlink: /home/user/exchange/omnibase_ws/zed2_camera_ws/install/zed_msgs/include/zed_msgs/zed_msgs/srv/detail/set_svo_frame__rosidl_typesupport_introspection_c.h
[0.386s] -- Up-to-date symlink: /home/user/exchange/omnibase_ws/zed2_camera_ws/install/zed_msgs/include/zed_msgs/zed_msgs/srv/detail/start_svo_rec__rosidl_typesupport_introspection_c.h
[0.387s] -- Up-to-date symlink: /home/user/exchange/omnibase_ws/zed2_camera_ws/install/zed_msgs/include/zed_msgs/zed_msgs/msg/detail/bounding_box2_df__rosidl_typesupport_introspection_cpp.hpp
[0.387s] -- Up-to-date symlink: /home/user/exchange/omnibase_ws/zed2_camera_ws/install/zed_msgs/include/zed_msgs/zed_msgs/msg/detail/bounding_box2_di__rosidl_typesupport_introspection_cpp.hpp
[0.388s] -- Up-to-date symlink: /home/user/exchange/omnibase_ws/zed2_camera_ws/install/zed_msgs/include/zed_msgs/zed_msgs/msg/detail/bounding_box3_d__rosidl_typesupport_introspection_cpp.hpp
[0.388s] -- Up-to-date symlink: /home/user/exchange/omnibase_ws/zed2_camera_ws/install/zed_msgs/include/zed_msgs/zed_msgs/msg/detail/depth_info_stamped__rosidl_typesupport_introspection_cpp.hpp
[0.388s] -- Up-to-date symlink: /home/user/exchange/omnibase_ws/zed2_camera_ws/install/zed_msgs/include/zed_msgs/zed_msgs/msg/detail/gnss_fusion_status__rosidl_typesupport_introspection_cpp.hpp
[0.388s] -- Up-to-date symlink: /home/user/exchange/omnibase_ws/zed2_camera_ws/install/zed_msgs/include/zed_msgs/zed_msgs/msg/detail/health_status_stamped__rosidl_typesupport_introspection_cpp.hpp
[0.388s] -- Up-to-date symlink: /home/user/exchange/omnibase_ws/zed2_camera_ws/install/zed_msgs/include/zed_msgs/zed_msgs/msg/detail/heartbeat__rosidl_typesupport_introspection_cpp.hpp
[0.389s] -- Up-to-date symlink: /home/user/exchange/omnibase_ws/zed2_camera_ws/install/zed_msgs/include/zed_msgs/zed_msgs/msg/detail/keypoint2_df__rosidl_typesupport_introspection_cpp.hpp
[0.389s] -- Up-to-date symlink: /home/user/exchange/omnibase_ws/zed2_camera_ws/install/zed_msgs/include/zed_msgs/zed_msgs/msg/detail/keypoint2_di__rosidl_typesupport_introspection_cpp.hpp
[0.390s] -- Up-to-date symlink: /home/user/exchange/omnibase_ws/zed2_camera_ws/install/zed_msgs/include/zed_msgs/zed_msgs/msg/detail/keypoint3_d__rosidl_typesupport_introspection_cpp.hpp
[0.390s] -- Up-to-date symlink: /home/user/exchange/omnibase_ws/zed2_camera_ws/install/zed_msgs/include/zed_msgs/zed_msgs/msg/detail/mag_heading_status__rosidl_typesupport_introspection_cpp.hpp
[0.390s] -- Up-to-date symlink: /home/user/exchange/omnibase_ws/zed2_camera_ws/install/zed_msgs/include/zed_msgs/zed_msgs/msg/detail/object__rosidl_typesupport_introspection_cpp.hpp
[0.390s] -- Up-to-date symlink: /home/user/exchange/omnibase_ws/zed2_camera_ws/install/zed_msgs/include/zed_msgs/zed_msgs/msg/detail/objects_stamped__rosidl_typesupport_introspection_cpp.hpp
[0.390s] -- Up-to-date symlink: /home/user/exchange/omnibase_ws/zed2_camera_ws/install/zed_msgs/include/zed_msgs/zed_msgs/msg/detail/plane_stamped__rosidl_typesupport_introspection_cpp.hpp
[0.390s] -- Up-to-date symlink: /home/user/exchange/omnibase_ws/zed2_camera_ws/install/zed_msgs/include/zed_msgs/zed_msgs/msg/detail/pos_track_status__rosidl_typesupport_introspection_cpp.hpp
[0.391s] -- Up-to-date symlink: /home/user/exchange/omnibase_ws/zed2_camera_ws/install/zed_msgs/include/zed_msgs/zed_msgs/msg/detail/skeleton2_d__rosidl_typesupport_introspection_cpp.hpp
[0.391s] -- Up-to-date symlink: /home/user/exchange/omnibase_ws/zed2_camera_ws/install/zed_msgs/include/zed_msgs/zed_msgs/msg/detail/skeleton3_d__rosidl_typesupport_introspection_cpp.hpp
[0.391s] -- Up-to-date symlink: /home/user/exchange/omnibase_ws/zed2_camera_ws/install/zed_msgs/include/zed_msgs/zed_msgs/msg/detail/svo_status__rosidl_typesupport_introspection_cpp.hpp
[0.391s] -- Up-to-date symlink: /home/user/exchange/omnibase_ws/zed2_camera_ws/install/zed_msgs/include/zed_msgs/zed_msgs/srv/detail/set_pose__rosidl_typesupport_introspection_cpp.hpp
[0.392s] -- Up-to-date symlink: /home/user/exchange/omnibase_ws/zed2_camera_ws/install/zed_msgs/include/zed_msgs/zed_msgs/srv/detail/set_roi__rosidl_typesupport_introspection_cpp.hpp
[0.392s] -- Up-to-date symlink: /home/user/exchange/omnibase_ws/zed2_camera_ws/install/zed_msgs/include/zed_msgs/zed_msgs/srv/detail/set_svo_frame__rosidl_typesupport_introspection_cpp.hpp
[0.392s] -- Up-to-date symlink: /home/user/exchange/omnibase_ws/zed2_camera_ws/install/zed_msgs/include/zed_msgs/zed_msgs/srv/detail/start_svo_rec__rosidl_typesupport_introspection_cpp.hpp
[0.392s] -- Up-to-date symlink: /home/user/exchange/omnibase_ws/zed2_camera_ws/install/zed_msgs/share/zed_msgs/environment/pythonpath.sh
[0.392s] -- Up-to-date symlink: /home/user/exchange/omnibase_ws/zed2_camera_ws/install/zed_msgs/share/zed_msgs/environment/pythonpath.dsv
[0.392s] -- Up-to-date symlink: /home/user/exchange/omnibase_ws/zed2_camera_ws/install/zed_msgs/local/lib/python3.10/dist-packages/zed_msgs-5.0.0-py3.10.egg-info/PKG-INFO
[0.393s] -- Up-to-date symlink: /home/user/exchange/omnibase_ws/zed2_camera_ws/install/zed_msgs/local/lib/python3.10/dist-packages/zed_msgs-5.0.0-py3.10.egg-info/SOURCES.txt
[0.393s] -- Up-to-date symlink: /home/user/exchange/omnibase_ws/zed2_camera_ws/install/zed_msgs/local/lib/python3.10/dist-packages/zed_msgs-5.0.0-py3.10.egg-info/dependency_links.txt
[0.393s] -- Up-to-date symlink: /home/user/exchange/omnibase_ws/zed2_camera_ws/install/zed_msgs/local/lib/python3.10/dist-packages/zed_msgs-5.0.0-py3.10.egg-info/top_level.txt
[0.394s] -- Up-to-date symlink: /home/user/exchange/omnibase_ws/zed2_camera_ws/install/zed_msgs/local/lib/python3.10/dist-packages/zed_msgs/__init__.py
[0.394s] -- Up-to-date symlink: /home/user/exchange/omnibase_ws/zed2_camera_ws/install/zed_msgs/local/lib/python3.10/dist-packages/zed_msgs/_zed_msgs_s.ep.rosidl_typesupport_c.c
[0.394s] -- Up-to-date symlink: /home/user/exchange/omnibase_ws/zed2_camera_ws/install/zed_msgs/local/lib/python3.10/dist-packages/zed_msgs/_zed_msgs_s.ep.rosidl_typesupport_fastrtps_c.c
[0.394s] -- Up-to-date symlink: /home/user/exchange/omnibase_ws/zed2_camera_ws/install/zed_msgs/local/lib/python3.10/dist-packages/zed_msgs/_zed_msgs_s.ep.rosidl_typesupport_introspection_c.c
[0.394s] -- Up-to-date symlink: /home/user/exchange/omnibase_ws/zed2_camera_ws/install/zed_msgs/local/lib/python3.10/dist-packages/zed_msgs/libzed_msgs__rosidl_generator_py.so
[0.395s] -- Up-to-date symlink: /home/user/exchange/omnibase_ws/zed2_camera_ws/install/zed_msgs/local/lib/python3.10/dist-packages/zed_msgs/msg/__init__.py
[0.395s] -- Up-to-date symlink: /home/user/exchange/omnibase_ws/zed2_camera_ws/install/zed_msgs/local/lib/python3.10/dist-packages/zed_msgs/msg/_bounding_box2_df.py
[0.395s] -- Up-to-date symlink: /home/user/exchange/omnibase_ws/zed2_camera_ws/install/zed_msgs/local/lib/python3.10/dist-packages/zed_msgs/msg/_bounding_box2_df_s.c
[0.395s] -- Up-to-date symlink: /home/user/exchange/omnibase_ws/zed2_camera_ws/install/zed_msgs/local/lib/python3.10/dist-packages/zed_msgs/msg/_bounding_box2_di.py
[0.395s] -- Up-to-date symlink: /home/user/exchange/omnibase_ws/zed2_camera_ws/install/zed_msgs/local/lib/python3.10/dist-packages/zed_msgs/msg/_bounding_box2_di_s.c
[0.395s] -- Up-to-date symlink: /home/user/exchange/omnibase_ws/zed2_camera_ws/install/zed_msgs/local/lib/python3.10/dist-packages/zed_msgs/msg/_bounding_box3_d.py
[0.395s] -- Up-to-date symlink: /home/user/exchange/omnibase_ws/zed2_camera_ws/install/zed_msgs/local/lib/python3.10/dist-packages/zed_msgs/msg/_bounding_box3_d_s.c
[0.395s] -- Up-to-date symlink: /home/user/exchange/omnibase_ws/zed2_camera_ws/install/zed_msgs/local/lib/python3.10/dist-packages/zed_msgs/msg/_depth_info_stamped.py
[0.396s] -- Up-to-date symlink: /home/user/exchange/omnibase_ws/zed2_camera_ws/install/zed_msgs/local/lib/python3.10/dist-packages/zed_msgs/msg/_depth_info_stamped_s.c
[0.396s] -- Up-to-date symlink: /home/user/exchange/omnibase_ws/zed2_camera_ws/install/zed_msgs/local/lib/python3.10/dist-packages/zed_msgs/msg/_gnss_fusion_status.py
[0.396s] -- Up-to-date symlink: /home/user/exchange/omnibase_ws/zed2_camera_ws/install/zed_msgs/local/lib/python3.10/dist-packages/zed_msgs/msg/_gnss_fusion_status_s.c
[0.396s] -- Up-to-date symlink: /home/user/exchange/omnibase_ws/zed2_camera_ws/install/zed_msgs/local/lib/python3.10/dist-packages/zed_msgs/msg/_health_status_stamped.py
[0.396s] -- Up-to-date symlink: /home/user/exchange/omnibase_ws/zed2_camera_ws/install/zed_msgs/local/lib/python3.10/dist-packages/zed_msgs/msg/_health_status_stamped_s.c
[0.396s] -- Up-to-date symlink: /home/user/exchange/omnibase_ws/zed2_camera_ws/install/zed_msgs/local/lib/python3.10/dist-packages/zed_msgs/msg/_heartbeat.py
[0.396s] -- Up-to-date symlink: /home/user/exchange/omnibase_ws/zed2_camera_ws/install/zed_msgs/local/lib/python3.10/dist-packages/zed_msgs/msg/_heartbeat_s.c
[0.396s] -- Up-to-date symlink: /home/user/exchange/omnibase_ws/zed2_camera_ws/install/zed_msgs/local/lib/python3.10/dist-packages/zed_msgs/msg/_keypoint2_df.py
[0.397s] -- Up-to-date symlink: /home/user/exchange/omnibase_ws/zed2_camera_ws/install/zed_msgs/local/lib/python3.10/dist-packages/zed_msgs/msg/_keypoint2_df_s.c
[0.397s] -- Up-to-date symlink: /home/user/exchange/omnibase_ws/zed2_camera_ws/install/zed_msgs/local/lib/python3.10/dist-packages/zed_msgs/msg/_keypoint2_di.py
[0.397s] -- Up-to-date symlink: /home/user/exchange/omnibase_ws/zed2_camera_ws/install/zed_msgs/local/lib/python3.10/dist-packages/zed_msgs/msg/_keypoint2_di_s.c
[0.397s] -- Up-to-date symlink: /home/user/exchange/omnibase_ws/zed2_camera_ws/install/zed_msgs/local/lib/python3.10/dist-packages/zed_msgs/msg/_keypoint3_d.py
[0.397s] -- Up-to-date symlink: /home/user/exchange/omnibase_ws/zed2_camera_ws/install/zed_msgs/local/lib/python3.10/dist-packages/zed_msgs/msg/_keypoint3_d_s.c
[0.397s] -- Up-to-date symlink: /home/user/exchange/omnibase_ws/zed2_camera_ws/install/zed_msgs/local/lib/python3.10/dist-packages/zed_msgs/msg/_mag_heading_status.py
[0.397s] -- Up-to-date symlink: /home/user/exchange/omnibase_ws/zed2_camera_ws/install/zed_msgs/local/lib/python3.10/dist-packages/zed_msgs/msg/_mag_heading_status_s.c
[0.398s] -- Up-to-date symlink: /home/user/exchange/omnibase_ws/zed2_camera_ws/install/zed_msgs/local/lib/python3.10/dist-packages/zed_msgs/msg/_object.py
[0.398s] -- Up-to-date symlink: /home/user/exchange/omnibase_ws/zed2_camera_ws/install/zed_msgs/local/lib/python3.10/dist-packages/zed_msgs/msg/_object_s.c
[0.398s] -- Up-to-date symlink: /home/user/exchange/omnibase_ws/zed2_camera_ws/install/zed_msgs/local/lib/python3.10/dist-packages/zed_msgs/msg/_objects_stamped.py
[0.398s] -- Up-to-date symlink: /home/user/exchange/omnibase_ws/zed2_camera_ws/install/zed_msgs/local/lib/python3.10/dist-packages/zed_msgs/msg/_objects_stamped_s.c
[0.398s] -- Up-to-date symlink: /home/user/exchange/omnibase_ws/zed2_camera_ws/install/zed_msgs/local/lib/python3.10/dist-packages/zed_msgs/msg/_plane_stamped.py
[0.398s] -- Up-to-date symlink: /home/user/exchange/omnibase_ws/zed2_camera_ws/install/zed_msgs/local/lib/python3.10/dist-packages/zed_msgs/msg/_plane_stamped_s.c
[0.399s] -- Up-to-date symlink: /home/user/exchange/omnibase_ws/zed2_camera_ws/install/zed_msgs/local/lib/python3.10/dist-packages/zed_msgs/msg/_pos_track_status.py
[0.399s] -- Up-to-date symlink: /home/user/exchange/omnibase_ws/zed2_camera_ws/install/zed_msgs/local/lib/python3.10/dist-packages/zed_msgs/msg/_pos_track_status_s.c
[0.399s] -- Up-to-date symlink: /home/user/exchange/omnibase_ws/zed2_camera_ws/install/zed_msgs/local/lib/python3.10/dist-packages/zed_msgs/msg/_skeleton2_d.py
[0.399s] -- Up-to-date symlink: /home/user/exchange/omnibase_ws/zed2_camera_ws/install/zed_msgs/local/lib/python3.10/dist-packages/zed_msgs/msg/_skeleton2_d_s.c
[0.399s] -- Up-to-date symlink: /home/user/exchange/omnibase_ws/zed2_camera_ws/install/zed_msgs/local/lib/python3.10/dist-packages/zed_msgs/msg/_skeleton3_d.py
[0.399s] -- Up-to-date symlink: /home/user/exchange/omnibase_ws/zed2_camera_ws/install/zed_msgs/local/lib/python3.10/dist-packages/zed_msgs/msg/_skeleton3_d_s.c
[0.399s] -- Up-to-date symlink: /home/user/exchange/omnibase_ws/zed2_camera_ws/install/zed_msgs/local/lib/python3.10/dist-packages/zed_msgs/msg/_svo_status.py
[0.399s] -- Up-to-date symlink: /home/user/exchange/omnibase_ws/zed2_camera_ws/install/zed_msgs/local/lib/python3.10/dist-packages/zed_msgs/msg/_svo_status_s.c
[0.400s] -- Up-to-date symlink: /home/user/exchange/omnibase_ws/zed2_camera_ws/install/zed_msgs/local/lib/python3.10/dist-packages/zed_msgs/srv/__init__.py
[0.400s] -- Up-to-date symlink: /home/user/exchange/omnibase_ws/zed2_camera_ws/install/zed_msgs/local/lib/python3.10/dist-packages/zed_msgs/srv/_set_pose.py
[0.400s] -- Up-to-date symlink: /home/user/exchange/omnibase_ws/zed2_camera_ws/install/zed_msgs/local/lib/python3.10/dist-packages/zed_msgs/srv/_set_pose_s.c
[0.400s] -- Up-to-date symlink: /home/user/exchange/omnibase_ws/zed2_camera_ws/install/zed_msgs/local/lib/python3.10/dist-packages/zed_msgs/srv/_set_roi.py
[0.400s] -- Up-to-date symlink: /home/user/exchange/omnibase_ws/zed2_camera_ws/install/zed_msgs/local/lib/python3.10/dist-packages/zed_msgs/srv/_set_roi_s.c
[0.400s] -- Up-to-date symlink: /home/user/exchange/omnibase_ws/zed2_camera_ws/install/zed_msgs/local/lib/python3.10/dist-packages/zed_msgs/srv/_set_svo_frame.py
[0.400s] -- Up-to-date symlink: /home/user/exchange/omnibase_ws/zed2_camera_ws/install/zed_msgs/local/lib/python3.10/dist-packages/zed_msgs/srv/_set_svo_frame_s.c
[0.401s] -- Up-to-date symlink: /home/user/exchange/omnibase_ws/zed2_camera_ws/install/zed_msgs/local/lib/python3.10/dist-packages/zed_msgs/srv/_start_svo_rec.py
[0.401s] -- Up-to-date symlink: /home/user/exchange/omnibase_ws/zed2_camera_ws/install/zed_msgs/local/lib/python3.10/dist-packages/zed_msgs/srv/_start_svo_rec_s.c
[0.401s] -- Up-to-date symlink: /home/user/exchange/omnibase_ws/zed2_camera_ws/install/zed_msgs/local/lib/python3.10/dist-packages/zed_msgs/zed_msgs_s__rosidl_typesupport_c.cpython-310-x86_64-linux-gnu.so
[0.402s] -- Up-to-date symlink: /home/user/exchange/omnibase_ws/zed2_camera_ws/install/zed_msgs/local/lib/python3.10/dist-packages/zed_msgs/zed_msgs_s__rosidl_typesupport_fastrtps_c.cpython-310-x86_64-linux-gnu.so
[0.402s] -- Up-to-date symlink: /home/user/exchange/omnibase_ws/zed2_camera_ws/install/zed_msgs/local/lib/python3.10/dist-packages/zed_msgs/zed_msgs_s__rosidl_typesupport_introspection_c.cpython-310-x86_64-linux-gnu.so
[0.402s] -- Up-to-date symlink: /home/user/exchange/omnibase_ws/zed2_camera_ws/install/zed_msgs/local/lib/python3.10/dist-packages/zed_msgs/zed_msgs_s__rosidl_typesupport_fastrtps_c.cpython-310-x86_64-linux-gnu.so
[0.402s] -- Up-to-date symlink: /home/user/exchange/omnibase_ws/zed2_camera_ws/install/zed_msgs/local/lib/python3.10/dist-packages/zed_msgs/zed_msgs_s__rosidl_typesupport_introspection_c.cpython-310-x86_64-linux-gnu.so
[0.402s] -- Up-to-date symlink: /home/user/exchange/omnibase_ws/zed2_camera_ws/install/zed_msgs/local/lib/python3.10/dist-packages/zed_msgs/zed_msgs_s__rosidl_typesupport_c.cpython-310-x86_64-linux-gnu.so
[0.402s] -- Up-to-date symlink: /home/user/exchange/omnibase_ws/zed2_camera_ws/install/zed_msgs/share/zed_msgs/msg/Object.idl
[0.402s] -- Up-to-date symlink: /home/user/exchange/omnibase_ws/zed2_camera_ws/install/zed_msgs/share/zed_msgs/msg/ObjectsStamped.idl
[0.403s] -- Up-to-date symlink: /home/user/exchange/omnibase_ws/zed2_camera_ws/install/zed_msgs/share/zed_msgs/msg/Keypoint2Di.idl
[0.403s] -- Up-to-date symlink: /home/user/exchange/omnibase_ws/zed2_camera_ws/install/zed_msgs/share/zed_msgs/msg/Keypoint2Df.idl
[0.403s] -- Up-to-date symlink: /home/user/exchange/omnibase_ws/zed2_camera_ws/install/zed_msgs/share/zed_msgs/msg/Keypoint3D.idl
[0.403s] -- Up-to-date symlink: /home/user/exchange/omnibase_ws/zed2_camera_ws/install/zed_msgs/share/zed_msgs/msg/BoundingBox2Di.idl
[0.403s] -- Up-to-date symlink: /home/user/exchange/omnibase_ws/zed2_camera_ws/install/zed_msgs/share/zed_msgs/msg/BoundingBox2Df.idl
[0.403s] -- Up-to-date symlink: /home/user/exchange/omnibase_ws/zed2_camera_ws/install/zed_msgs/share/zed_msgs/msg/BoundingBox3D.idl
[0.404s] -- Up-to-date symlink: /home/user/exchange/omnibase_ws/zed2_camera_ws/install/zed_msgs/share/zed_msgs/msg/Skeleton2D.idl
[0.404s] -- Up-to-date symlink: /home/user/exchange/omnibase_ws/zed2_camera_ws/install/zed_msgs/share/zed_msgs/msg/Skeleton3D.idl
[0.404s] -- Up-to-date symlink: /home/user/exchange/omnibase_ws/zed2_camera_ws/install/zed_msgs/share/zed_msgs/msg/DepthInfoStamped.idl
[0.404s] -- Up-to-date symlink: /home/user/exchange/omnibase_ws/zed2_camera_ws/install/zed_msgs/share/zed_msgs/msg/PlaneStamped.idl
[0.404s] -- Up-to-date symlink: /home/user/exchange/omnibase_ws/zed2_camera_ws/install/zed_msgs/share/zed_msgs/msg/PosTrackStatus.idl
[0.404s] -- Up-to-date symlink: /home/user/exchange/omnibase_ws/zed2_camera_ws/install/zed_msgs/share/zed_msgs/msg/GnssFusionStatus.idl
[0.404s] -- Up-to-date symlink: /home/user/exchange/omnibase_ws/zed2_camera_ws/install/zed_msgs/share/zed_msgs/msg/Heartbeat.idl
[0.405s] -- Up-to-date symlink: /home/user/exchange/omnibase_ws/zed2_camera_ws/install/zed_msgs/share/zed_msgs/msg/MagHeadingStatus.idl
[0.405s] -- Up-to-date symlink: /home/user/exchange/omnibase_ws/zed2_camera_ws/install/zed_msgs/share/zed_msgs/msg/SvoStatus.idl
[0.405s] -- Up-to-date symlink: /home/user/exchange/omnibase_ws/zed2_camera_ws/install/zed_msgs/share/zed_msgs/msg/HealthStatusStamped.idl
[0.405s] -- Up-to-date symlink: /home/user/exchange/omnibase_ws/zed2_camera_ws/install/zed_msgs/share/zed_msgs/srv/SetPose.idl
[0.405s] -- Up-to-date symlink: /home/user/exchange/omnibase_ws/zed2_camera_ws/install/zed_msgs/share/zed_msgs/srv/StartSvoRec.idl
[0.405s] -- Up-to-date symlink: /home/user/exchange/omnibase_ws/zed2_camera_ws/install/zed_msgs/share/zed_msgs/srv/SetROI.idl
[0.406s] -- Up-to-date symlink: /home/user/exchange/omnibase_ws/zed2_camera_ws/install/zed_msgs/share/zed_msgs/srv/SetSvoFrame.idl
[0.406s] -- Up-to-date symlink: /home/user/exchange/omnibase_ws/zed2_camera_ws/install/zed_msgs/share/zed_msgs/msg/Object.msg
[0.406s] -- Up-to-date symlink: /home/user/exchange/omnibase_ws/zed2_camera_ws/install/zed_msgs/share/zed_msgs/msg/ObjectsStamped.msg
[0.406s] -- Up-to-date symlink: /home/user/exchange/omnibase_ws/zed2_camera_ws/install/zed_msgs/share/zed_msgs/msg/Keypoint2Di.msg
[0.407s] -- Up-to-date symlink: /home/user/exchange/omnibase_ws/zed2_camera_ws/install/zed_msgs/share/zed_msgs/msg/Keypoint2Df.msg
[0.407s] -- Up-to-date symlink: /home/user/exchange/omnibase_ws/zed2_camera_ws/install/zed_msgs/share/zed_msgs/msg/Keypoint3D.msg
[0.407s] -- Up-to-date symlink: /home/user/exchange/omnibase_ws/zed2_camera_ws/install/zed_msgs/share/zed_msgs/msg/BoundingBox2Di.msg
[0.407s] -- Up-to-date symlink: /home/user/exchange/omnibase_ws/zed2_camera_ws/install/zed_msgs/share/zed_msgs/msg/BoundingBox2Df.msg
[0.408s] -- Up-to-date symlink: /home/user/exchange/omnibase_ws/zed2_camera_ws/install/zed_msgs/share/zed_msgs/msg/BoundingBox3D.msg
[0.408s] -- Up-to-date symlink: /home/user/exchange/omnibase_ws/zed2_camera_ws/install/zed_msgs/share/zed_msgs/msg/Skeleton2D.msg
[0.408s] -- Up-to-date symlink: /home/user/exchange/omnibase_ws/zed2_camera_ws/install/zed_msgs/share/zed_msgs/msg/Skeleton3D.msg
[0.408s] -- Up-to-date symlink: /home/user/exchange/omnibase_ws/zed2_camera_ws/install/zed_msgs/share/zed_msgs/msg/DepthInfoStamped.msg
[0.408s] -- Up-to-date symlink: /home/user/exchange/omnibase_ws/zed2_camera_ws/install/zed_msgs/share/zed_msgs/msg/PlaneStamped.msg
[0.409s] -- Up-to-date symlink: /home/user/exchange/omnibase_ws/zed2_camera_ws/install/zed_msgs/share/zed_msgs/msg/PosTrackStatus.msg
[0.409s] -- Up-to-date symlink: /home/user/exchange/omnibase_ws/zed2_camera_ws/install/zed_msgs/share/zed_msgs/msg/GnssFusionStatus.msg
[0.409s] -- Up-to-date symlink: /home/user/exchange/omnibase_ws/zed2_camera_ws/install/zed_msgs/share/zed_msgs/msg/Heartbeat.msg
[0.409s] -- Up-to-date symlink: /home/user/exchange/omnibase_ws/zed2_camera_ws/install/zed_msgs/share/zed_msgs/msg/MagHeadingStatus.msg
[0.409s] -- Up-to-date symlink: /home/user/exchange/omnibase_ws/zed2_camera_ws/install/zed_msgs/share/zed_msgs/msg/SvoStatus.msg
[0.410s] -- Up-to-date symlink: /home/user/exchange/omnibase_ws/zed2_camera_ws/install/zed_msgs/share/zed_msgs/msg/HealthStatusStamped.msg
[0.410s] -- Up-to-date symlink: /home/user/exchange/omnibase_ws/zed2_camera_ws/install/zed_msgs/share/zed_msgs/srv/SetPose.srv
[0.410s] -- Up-to-date symlink: /home/user/exchange/omnibase_ws/zed2_camera_ws/install/zed_msgs/share/zed_msgs/srv/SetPose_Request.msg
[0.410s] -- Up-to-date symlink: /home/user/exchange/omnibase_ws/zed2_camera_ws/install/zed_msgs/share/zed_msgs/srv/SetPose_Response.msg
[0.410s] -- Up-to-date symlink: /home/user/exchange/omnibase_ws/zed2_camera_ws/install/zed_msgs/share/zed_msgs/srv/StartSvoRec.srv
[0.411s] -- Up-to-date symlink: /home/user/exchange/omnibase_ws/zed2_camera_ws/install/zed_msgs/share/zed_msgs/srv/StartSvoRec_Request.msg
[0.411s] -- Up-to-date symlink: /home/user/exchange/omnibase_ws/zed2_camera_ws/install/zed_msgs/share/zed_msgs/srv/StartSvoRec_Response.msg
[0.411s] -- Up-to-date symlink: /home/user/exchange/omnibase_ws/zed2_camera_ws/install/zed_msgs/share/zed_msgs/srv/SetROI.srv
[0.411s] -- Up-to-date symlink: /home/user/exchange/omnibase_ws/zed2_camera_ws/install/zed_msgs/share/zed_msgs/srv/SetROI_Request.msg
[0.411s] -- Up-to-date symlink: /home/user/exchange/omnibase_ws/zed2_camera_ws/install/zed_msgs/share/zed_msgs/srv/SetROI_Response.msg
[0.411s] -- Up-to-date symlink: /home/user/exchange/omnibase_ws/zed2_camera_ws/install/zed_msgs/share/zed_msgs/srv/SetSvoFrame.srv
[0.411s] -- Up-to-date symlink: /home/user/exchange/omnibase_ws/zed2_camera_ws/install/zed_msgs/share/zed_msgs/srv/SetSvoFrame_Request.msg
[0.412s] -- Up-to-date symlink: /home/user/exchange/omnibase_ws/zed2_camera_ws/install/zed_msgs/share/zed_msgs/srv/SetSvoFrame_Response.msg
[0.413s] -- Up-to-date symlink: /home/user/exchange/omnibase_ws/zed2_camera_ws/install/zed_msgs/share/zed_msgs/meshes/virtual.stl
[0.413s] -- Up-to-date symlink: /home/user/exchange/omnibase_ws/zed2_camera_ws/install/zed_msgs/share/zed_msgs/meshes/zed.stl
[0.413s] -- Up-to-date symlink: /home/user/exchange/omnibase_ws/zed2_camera_ws/install/zed_msgs/share/zed_msgs/meshes/zed2.stl
[0.413s] -- Up-to-date symlink: /home/user/exchange/omnibase_ws/zed2_camera_ws/install/zed_msgs/share/zed_msgs/meshes/zed2i.stl
[0.413s] -- Up-to-date symlink: /home/user/exchange/omnibase_ws/zed2_camera_ws/install/zed_msgs/share/zed_msgs/meshes/zedm.stl
[0.413s] -- Up-to-date symlink: /home/user/exchange/omnibase_ws/zed2_camera_ws/install/zed_msgs/share/zed_msgs/meshes/zedx.stl
[0.413s] -- Up-to-date symlink: /home/user/exchange/omnibase_ws/zed2_camera_ws/install/zed_msgs/share/zed_msgs/meshes/zedxm.stl
[0.413s] -- Up-to-date symlink: /home/user/exchange/omnibase_ws/zed2_camera_ws/install/zed_msgs/share/zed_msgs/meshes/zedxone4k.stl
[0.413s] -- Up-to-date symlink: /home/user/exchange/omnibase_ws/zed2_camera_ws/install/zed_msgs/share/zed_msgs/meshes/zedxonegs.stl
[0.413s] -- Up-to-date symlink: /home/user/exchange/omnibase_ws/zed2_camera_ws/install/zed_msgs/share/ament_index/resource_index/package_run_dependencies/zed_msgs
[0.414s] -- Up-to-date symlink: /home/user/exchange/omnibase_ws/zed2_camera_ws/install/zed_msgs/share/ament_index/resource_index/parent_prefix_path/zed_msgs
[0.414s] -- Up-to-date symlink: /home/user/exchange/omnibase_ws/zed2_camera_ws/install/zed_msgs/share/zed_msgs/environment/ament_prefix_path.sh
[0.414s] -- Up-to-date symlink: /home/user/exchange/omnibase_ws/zed2_camera_ws/install/zed_msgs/share/zed_msgs/environment/ament_prefix_path.dsv
[0.414s] -- Up-to-date symlink: /home/user/exchange/omnibase_ws/zed2_camera_ws/install/zed_msgs/share/zed_msgs/environment/path.sh
[0.414s] -- Up-to-date symlink: /home/user/exchange/omnibase_ws/zed2_camera_ws/install/zed_msgs/share/zed_msgs/environment/path.dsv
[0.414s] -- Up-to-date symlink: /home/user/exchange/omnibase_ws/zed2_camera_ws/install/zed_msgs/share/zed_msgs/local_setup.bash
[0.414s] -- Up-to-date symlink: /home/user/exchange/omnibase_ws/zed2_camera_ws/install/zed_msgs/share/zed_msgs/local_setup.sh
[0.414s] -- Up-to-date symlink: /home/user/exchange/omnibase_ws/zed2_camera_ws/install/zed_msgs/share/zed_msgs/local_setup.zsh
[0.414s] -- Up-to-date symlink: /home/user/exchange/omnibase_ws/zed2_camera_ws/install/zed_msgs/share/zed_msgs/local_setup.dsv
[0.415s] -- Symlinking: /home/user/exchange/omnibase_ws/zed2_camera_ws/install/zed_msgs/share/zed_msgs/package.dsv
[0.423s] -- Up-to-date symlink: /home/user/exchange/omnibase_ws/zed2_camera_ws/install/zed_msgs/share/ament_index/resource_index/packages/zed_msgs
[0.423s] -- Up-to-date symlink: /home/user/exchange/omnibase_ws/zed2_camera_ws/install/zed_msgs/share/zed_msgs/cmake/rosidl_cmake-extras.cmake
[0.423s] -- Up-to-date symlink: /home/user/exchange/omnibase_ws/zed2_camera_ws/install/zed_msgs/share/zed_msgs/cmake/ament_cmake_export_dependencies-extras.cmake
[0.423s] -- Up-to-date symlink: /home/user/exchange/omnibase_ws/zed2_camera_ws/install/zed_msgs/share/zed_msgs/cmake/ament_cmake_export_include_directories-extras.cmake
[0.423s] -- Up-to-date symlink: /home/user/exchange/omnibase_ws/zed2_camera_ws/install/zed_msgs/share/zed_msgs/cmake/ament_cmake_export_libraries-extras.cmake
[0.423s] -- Up-to-date symlink: /home/user/exchange/omnibase_ws/zed2_camera_ws/install/zed_msgs/share/zed_msgs/cmake/ament_cmake_export_targets-extras.cmake
[0.423s] -- Up-to-date symlink: /home/user/exchange/omnibase_ws/zed2_camera_ws/install/zed_msgs/share/zed_msgs/cmake/rosidl_cmake_export_typesupport_targets-extras.cmake
[0.423s] -- Up-to-date symlink: /home/user/exchange/omnibase_ws/zed2_camera_ws/install/zed_msgs/share/zed_msgs/cmake/rosidl_cmake_export_typesupport_libraries-extras.cmake
[0.424s] -- Up-to-date symlink: /home/user/exchange/omnibase_ws/zed2_camera_ws/install/zed_msgs/share/zed_msgs/cmake/zed_msgsConfig.cmake
[0.424s] -- Up-to-date symlink: /home/user/exchange/omnibase_ws/zed2_camera_ws/install/zed_msgs/share/zed_msgs/cmake/zed_msgsConfig-version.cmake
[0.424s] -- Up-to-date symlink: /home/user/exchange/omnibase_ws/zed2_camera_ws/install/zed_msgs/share/zed_msgs/package.xml
[0.425s] -- Up-to-date: /home/user/exchange/omnibase_ws/zed2_camera_ws/install/zed_msgs/lib/libzed_msgs__rosidl_generator_c.so
[0.425s] -- Up-to-date: /home/user/exchange/omnibase_ws/zed2_camera_ws/install/zed_msgs/lib/libzed_msgs__rosidl_typesupport_fastrtps_c.so
[0.426s] -- Up-to-date: /home/user/exchange/omnibase_ws/zed2_camera_ws/install/zed_msgs/lib/libzed_msgs__rosidl_typesupport_fastrtps_cpp.so
[0.427s] -- Up-to-date: /home/user/exchange/omnibase_ws/zed2_camera_ws/install/zed_msgs/lib/libzed_msgs__rosidl_typesupport_introspection_c.so
[0.427s] -- Up-to-date: /home/user/exchange/omnibase_ws/zed2_camera_ws/install/zed_msgs/lib/libzed_msgs__rosidl_typesupport_c.so
[0.428s] -- Up-to-date: /home/user/exchange/omnibase_ws/zed2_camera_ws/install/zed_msgs/lib/libzed_msgs__rosidl_typesupport_introspection_cpp.so
[0.428s] -- Up-to-date: /home/user/exchange/omnibase_ws/zed2_camera_ws/install/zed_msgs/lib/libzed_msgs__rosidl_typesupport_cpp.so
[0.459s] Listing '/home/user/exchange/omnibase_ws/zed2_camera_ws/install/zed_msgs/local/lib/python3.10/dist-packages/zed_msgs'...
[0.459s] Listing '/home/user/exchange/omnibase_ws/zed2_camera_ws/install/zed_msgs/local/lib/python3.10/dist-packages/zed_msgs/msg'...
[0.459s] Listing '/home/user/exchange/omnibase_ws/zed2_camera_ws/install/zed_msgs/local/lib/python3.10/dist-packages/zed_msgs/srv'...
[0.462s] -- Up-to-date: /home/user/exchange/omnibase_ws/zed2_camera_ws/install/zed_msgs/lib/libzed_msgs__rosidl_generator_py.so
[0.463s] -- Up-to-date: /home/user/exchange/omnibase_ws/zed2_camera_ws/install/zed_msgs/share/zed_msgs/cmake/export_zed_msgs__rosidl_generator_cExport.cmake
[0.463s] -- Up-to-date: /home/user/exchange/omnibase_ws/zed2_camera_ws/install/zed_msgs/share/zed_msgs/cmake/export_zed_msgs__rosidl_generator_cExport-noconfig.cmake
[0.463s] -- Up-to-date: /home/user/exchange/omnibase_ws/zed2_camera_ws/install/zed_msgs/share/zed_msgs/cmake/export_zed_msgs__rosidl_typesupport_fastrtps_cExport.cmake
[0.463s] -- Up-to-date: /home/user/exchange/omnibase_ws/zed2_camera_ws/install/zed_msgs/share/zed_msgs/cmake/export_zed_msgs__rosidl_typesupport_fastrtps_cExport-noconfig.cmake
[0.464s] -- Up-to-date: /home/user/exchange/omnibase_ws/zed2_camera_ws/install/zed_msgs/share/zed_msgs/cmake/export_zed_msgs__rosidl_generator_cppExport.cmake
[0.464s] -- Up-to-date: /home/user/exchange/omnibase_ws/zed2_camera_ws/install/zed_msgs/share/zed_msgs/cmake/export_zed_msgs__rosidl_typesupport_fastrtps_cppExport.cmake
[0.464s] -- Up-to-date: /home/user/exchange/omnibase_ws/zed2_camera_ws/install/zed_msgs/share/zed_msgs/cmake/export_zed_msgs__rosidl_typesupport_fastrtps_cppExport-noconfig.cmake
[0.464s] -- Up-to-date: /home/user/exchange/omnibase_ws/zed2_camera_ws/install/zed_msgs/share/zed_msgs/cmake/zed_msgs__rosidl_typesupport_introspection_cExport.cmake
[0.464s] -- Up-to-date: /home/user/exchange/omnibase_ws/zed2_camera_ws/install/zed_msgs/share/zed_msgs/cmake/zed_msgs__rosidl_typesupport_introspection_cExport-noconfig.cmake
[0.465s] -- Up-to-date: /home/user/exchange/omnibase_ws/zed2_camera_ws/install/zed_msgs/share/zed_msgs/cmake/zed_msgs__rosidl_typesupport_cExport.cmake
[0.465s] -- Up-to-date: /home/user/exchange/omnibase_ws/zed2_camera_ws/install/zed_msgs/share/zed_msgs/cmake/zed_msgs__rosidl_typesupport_cExport-noconfig.cmake
[0.465s] -- Up-to-date: /home/user/exchange/omnibase_ws/zed2_camera_ws/install/zed_msgs/share/zed_msgs/cmake/zed_msgs__rosidl_typesupport_introspection_cppExport.cmake
[0.465s] -- Up-to-date: /home/user/exchange/omnibase_ws/zed2_camera_ws/install/zed_msgs/share/zed_msgs/cmake/zed_msgs__rosidl_typesupport_introspection_cppExport-noconfig.cmake
[0.466s] -- Up-to-date: /home/user/exchange/omnibase_ws/zed2_camera_ws/install/zed_msgs/share/zed_msgs/cmake/zed_msgs__rosidl_typesupport_cppExport.cmake
[0.466s] -- Up-to-date: /home/user/exchange/omnibase_ws/zed2_camera_ws/install/zed_msgs/share/zed_msgs/cmake/zed_msgs__rosidl_typesupport_cppExport-noconfig.cmake
[0.466s] -- Up-to-date: /home/user/exchange/omnibase_ws/zed2_camera_ws/install/zed_msgs/share/zed_msgs/cmake/export_zed_msgs__rosidl_generator_pyExport.cmake
[0.466s] -- Up-to-date: /home/user/exchange/omnibase_ws/zed2_camera_ws/install/zed_msgs/share/zed_msgs/cmake/export_zed_msgs__rosidl_generator_pyExport-noconfig.cmake
[0.469s] Invoked command in '/home/user/exchange/omnibase_ws/zed2_camera_ws/build/zed_msgs' returned '0': CMAKE_PREFIX_PATH=${CMAKE_PREFIX_PATH}:/home/user/exchange/unimore_ws/install/check_obstacles_pkg:/home/user/exchange/ros_proxy_ws/install/ros_proxy:/home/user/exchange/omnibase_ws/cbf_stl_ws/install/check_obstacle_pkg:/opt/pal/alum:/opt/ros/humble /usr/bin/cmake --install /home/user/exchange/omnibase_ws/zed2_camera_ws/build/zed_msgs
